ERROR - 2021-05-24 08:41:09 --> Could not find the language line "admin dashboard jsi18n-sample"
ERROR - 2021-05-24 08:41:12 --> Could not find the language line "admin dashboard jsi18n-sample"
ERROR - 2021-05-24 08:57:13 --> Could not find the language line "admin dashboard jsi18n-sample"
ERROR - 2021-05-24 09:08:37 --> Could not find the language line "core error session_language"
ERROR - 2021-05-24 09:08:37 --> Could not find the language line "admin dashboard jsi18n-sample"
ERROR - 2021-05-24 09:44:37 --> Could not find the language line "admin dashboard jsi18n-sample"
ERROR - 2021-05-24 09:58:27 --> Could not find the language line "admin dashboard jsi18n-sample"
ERROR - 2021-05-24 11:16:06 --> Could not find the language line "admin dashboard jsi18n-sample"
ERROR - 2021-05-24 11:16:23 --> Could not find the language line "admin dashboard jsi18n-sample"
ERROR - 2021-05-24 11:16:23 --> Could not find the language line "admin dashboard jsi18n-sample"
ERROR - 2021-05-24 11:22:45 --> Could not find the language line "admin dashboard jsi18n-sample"
ERROR - 2021-05-24 11:23:01 --> Could not find the language line "admin dashboard jsi18n-sample"
ERROR - 2021-05-24 11:25:31 --> Could not find the language line "admin dashboard jsi18n-sample"
ERROR - 2021-05-24 13:29:00 --> Could not find the language line "admin dashboard jsi18n-sample"
ERROR - 2021-05-24 13:32:54 --> Could not find the language line "admin dashboard jsi18n-sample"
ERROR - 2021-05-24 13:32:56 --> Could not find the language line "admin dashboard jsi18n-sample"
ERROR - 2021-05-24 13:32:58 --> Could not find the language line "admin dashboard jsi18n-sample"
ERROR - 2021-05-24 13:33:05 --> Could not find the language line "admin dashboard jsi18n-sample"
ERROR - 2021-05-24 15:20:25 --> Could not find the language line "admin dashboard jsi18n-sample"
ERROR - 2021-05-24 15:21:12 --> Could not find the language line "admin dashboard jsi18n-sample"
ERROR - 2021-05-24 15:30:59 --> Could not find the language line "admin dashboard jsi18n-sample"
ERROR - 2021-05-24 16:38:54 --> Could not find the language line "admin dashboard jsi18n-sample"
ERROR - 2021-05-24 16:39:11 --> Could not find the language line "admin dashboard jsi18n-sample"
ERROR - 2021-05-24 16:39:28 --> Could not find the language line "admin dashboard jsi18n-sample"
ERROR - 2021-05-24 16:39:58 --> Could not find the language line "admin dashboard jsi18n-sample"
ERROR - 2021-05-24 16:40:24 --> Could not find the language line "admin dashboard jsi18n-sample"
ERROR - 2021-05-24 16:40:36 --> Could not find the language line "admin dashboard jsi18n-sample"
ERROR - 2021-05-24 17:05:42 --> Could not find the language line "admin dashboard jsi18n-sample"
ERROR - 2021-05-24 17:07:25 --> Could not find the language line "admin dashboard jsi18n-sample"
ERROR - 2021-05-24 18:26:57 --> Severity: Warning --> pg_query() [<a href='function.pg-query'>function.pg-query</a>]: Query failed: ERROR:  invalid input syntax for integer: &quot;&quot;
LINE 9:      '',
             ^ /home/miracle/public_html/ci3_cgi/system/database/drivers/postgre/postgre_driver.php 242
ERROR - 2021-05-24 18:26:57 --> Query error: ERROR:  invalid input syntax for integer: ""
LINE 9:      '',
             ^ - Invalid query: INSERT INTO frontmed.neural_appointment (id, appointment_date, appointment_time, user_id, comment, component_id, visit_id, patient_id, created_by, select_option)
					SELECT (id + 1) AS last_id,
					'2021-05-31',
					'10:00',
					'661',
					'พบแพทย์ ฟังผลการตรวจทางจิตวิทยา',
					'10',
					'2054740',
					'',
					'570',
					NULL
					FROM frontmed.neural_appointment ORDER BY id DESC LIMIT 1 RETURNING id AS last_id
ERROR - 2021-05-24 18:26:57 --> Severity: Warning --> pg_query() [<a href='function.pg-query'>function.pg-query</a>]: Query failed: ERROR:  invalid input syntax for integer: &quot;&quot;
LINE 9:      '',
             ^ /home/miracle/public_html/ci3_cgi/system/database/drivers/postgre/postgre_driver.php 242
ERROR - 2021-05-24 18:26:57 --> Query error: ERROR:  invalid input syntax for integer: ""
LINE 9:      '',
             ^ - Invalid query: INSERT INTO frontmed.neural_appointment (id, appointment_date, appointment_time, user_id, comment, component_id, visit_id, patient_id, created_by, select_option)
					SELECT (id + 1) AS last_id,
					'2021-05-31',
					'10:00',
					'661',
					'พบแพทย์ ฟังผลการตรวจทางจิตวิทยา',
					'10',
					'2054740',
					'',
					'570',
					NULL
					FROM frontmed.neural_appointment ORDER BY id DESC LIMIT 1 RETURNING id AS last_id
ERROR - 2021-05-24 18:27:02 --> Severity: Warning --> pg_query() [<a href='function.pg-query'>function.pg-query</a>]: Query failed: ERROR:  invalid input syntax for integer: &quot;&quot;
LINE 9:      '',
             ^ /home/miracle/public_html/ci3_cgi/system/database/drivers/postgre/postgre_driver.php 242
ERROR - 2021-05-24 18:27:02 --> Query error: ERROR:  invalid input syntax for integer: ""
LINE 9:      '',
             ^ - Invalid query: INSERT INTO frontmed.neural_appointment (id, appointment_date, appointment_time, user_id, comment, component_id, visit_id, patient_id, created_by, select_option)
					SELECT (id + 1) AS last_id,
					'2021-05-31',
					'09:00',
					'661',
					'พบแพทย์ ฟังผลการตรวจทางจิตวิทยา',
					'10',
					'2054740',
					'',
					'570',
					NULL
					FROM frontmed.neural_appointment ORDER BY id DESC LIMIT 1 RETURNING id AS last_id
ERROR - 2021-05-24 18:27:03 --> Severity: Warning --> pg_query() [<a href='function.pg-query'>function.pg-query</a>]: Query failed: ERROR:  invalid input syntax for integer: &quot;&quot;
LINE 9:      '',
             ^ /home/miracle/public_html/ci3_cgi/system/database/drivers/postgre/postgre_driver.php 242
ERROR - 2021-05-24 18:27:03 --> Query error: ERROR:  invalid input syntax for integer: ""
LINE 9:      '',
             ^ - Invalid query: INSERT INTO frontmed.neural_appointment (id, appointment_date, appointment_time, user_id, comment, component_id, visit_id, patient_id, created_by, select_option)
					SELECT (id + 1) AS last_id,
					'2021-05-31',
					'09:00',
					'661',
					'พบแพทย์ ฟังผลการตรวจทางจิตวิทยา',
					'10',
					'2054740',
					'',
					'570',
					NULL
					FROM frontmed.neural_appointment ORDER BY id DESC LIMIT 1 RETURNING id AS last_id
ERROR - 2021-05-24 18:27:04 --> Severity: Warning --> pg_query() [<a href='function.pg-query'>function.pg-query</a>]: Query failed: ERROR:  invalid input syntax for integer: &quot;&quot;
LINE 9:      '',
             ^ /home/miracle/public_html/ci3_cgi/system/database/drivers/postgre/postgre_driver.php 242
ERROR - 2021-05-24 18:27:04 --> Query error: ERROR:  invalid input syntax for integer: ""
LINE 9:      '',
             ^ - Invalid query: INSERT INTO frontmed.neural_appointment (id, appointment_date, appointment_time, user_id, comment, component_id, visit_id, patient_id, created_by, select_option)
					SELECT (id + 1) AS last_id,
					'2021-05-31',
					'09:00',
					'661',
					'พบแพทย์ ฟังผลการตรวจทางจิตวิทยา',
					'10',
					'2054740',
					'',
					'570',
					NULL
					FROM frontmed.neural_appointment ORDER BY id DESC LIMIT 1 RETURNING id AS last_id
ERROR - 2021-05-24 18:27:09 --> Severity: Warning --> pg_query() [<a href='function.pg-query'>function.pg-query</a>]: Query failed: ERROR:  invalid input syntax for integer: &quot;&quot;
LINE 9:      '',
             ^ /home/miracle/public_html/ci3_cgi/system/database/drivers/postgre/postgre_driver.php 242
ERROR - 2021-05-24 18:27:09 --> Query error: ERROR:  invalid input syntax for integer: ""
LINE 9:      '',
             ^ - Invalid query: INSERT INTO frontmed.neural_appointment (id, appointment_date, appointment_time, user_id, comment, component_id, visit_id, patient_id, created_by, select_option)
					SELECT (id + 1) AS last_id,
					'2021-05-31',
					'10:30',
					'661',
					'พบแพทย์ ฟังผลการตรวจทางจิตวิทยา',
					'10',
					'2054740',
					'',
					'570',
					NULL
					FROM frontmed.neural_appointment ORDER BY id DESC LIMIT 1 RETURNING id AS last_id
ERROR - 2021-05-24 18:27:10 --> Severity: Warning --> pg_query() [<a href='function.pg-query'>function.pg-query</a>]: Query failed: ERROR:  invalid input syntax for integer: &quot;&quot;
LINE 9:      '',
             ^ /home/miracle/public_html/ci3_cgi/system/database/drivers/postgre/postgre_driver.php 242
ERROR - 2021-05-24 18:27:10 --> Query error: ERROR:  invalid input syntax for integer: ""
LINE 9:      '',
             ^ - Invalid query: INSERT INTO frontmed.neural_appointment (id, appointment_date, appointment_time, user_id, comment, component_id, visit_id, patient_id, created_by, select_option)
					SELECT (id + 1) AS last_id,
					'2021-05-31',
					'10:30',
					'661',
					'พบแพทย์ ฟังผลการตรวจทางจิตวิทยา',
					'10',
					'2054740',
					'',
					'570',
					NULL
					FROM frontmed.neural_appointment ORDER BY id DESC LIMIT 1 RETURNING id AS last_id
ERROR - 2021-05-24 18:27:11 --> Severity: Warning --> pg_query() [<a href='function.pg-query'>function.pg-query</a>]: Query failed: ERROR:  invalid input syntax for integer: &quot;&quot;
LINE 9:      '',
             ^ /home/miracle/public_html/ci3_cgi/system/database/drivers/postgre/postgre_driver.php 242
ERROR - 2021-05-24 18:27:11 --> Query error: ERROR:  invalid input syntax for integer: ""
LINE 9:      '',
             ^ - Invalid query: INSERT INTO frontmed.neural_appointment (id, appointment_date, appointment_time, user_id, comment, component_id, visit_id, patient_id, created_by, select_option)
					SELECT (id + 1) AS last_id,
					'2021-05-31',
					'10:30',
					'661',
					'พบแพทย์ ฟังผลการตรวจทางจิตวิทยา',
					'10',
					'2054740',
					'',
					'570',
					NULL
					FROM frontmed.neural_appointment ORDER BY id DESC LIMIT 1 RETURNING id AS last_id
ERROR - 2021-05-24 18:27:15 --> Severity: Warning --> pg_query() [<a href='function.pg-query'>function.pg-query</a>]: Query failed: ERROR:  invalid input syntax for integer: &quot;&quot;
LINE 9:      '',
             ^ /home/miracle/public_html/ci3_cgi/system/database/drivers/postgre/postgre_driver.php 242
ERROR - 2021-05-24 18:27:15 --> Query error: ERROR:  invalid input syntax for integer: ""
LINE 9:      '',
             ^ - Invalid query: INSERT INTO frontmed.neural_appointment (id, appointment_date, appointment_time, user_id, comment, component_id, visit_id, patient_id, created_by, select_option)
					SELECT (id + 1) AS last_id,
					'2021-05-31',
					'10:30',
					'661',
					'พบแพทย์ ฟังผลการตรวจทางจิตวิทยา',
					'10',
					'2054740',
					'',
					'570',
					NULL
					FROM frontmed.neural_appointment ORDER BY id DESC LIMIT 1 RETURNING id AS last_id
ERROR - 2021-05-24 18:27:19 --> Severity: Warning --> pg_query() [<a href='function.pg-query'>function.pg-query</a>]: Query failed: ERROR:  invalid input syntax for integer: &quot;&quot;
LINE 9:      '',
             ^ /home/miracle/public_html/ci3_cgi/system/database/drivers/postgre/postgre_driver.php 242
ERROR - 2021-05-24 18:27:19 --> Query error: ERROR:  invalid input syntax for integer: ""
LINE 9:      '',
             ^ - Invalid query: INSERT INTO frontmed.neural_appointment (id, appointment_date, appointment_time, user_id, comment, component_id, visit_id, patient_id, created_by, select_option)
					SELECT (id + 1) AS last_id,
					'2021-05-31',
					'08:00',
					'661',
					'พบแพทย์ ฟังผลการตรวจทางจิตวิทยา',
					'10',
					'2054740',
					'',
					'570',
					NULL
					FROM frontmed.neural_appointment ORDER BY id DESC LIMIT 1 RETURNING id AS last_id
ERROR - 2021-05-24 18:27:24 --> Severity: Warning --> pg_query() [<a href='function.pg-query'>function.pg-query</a>]: Query failed: ERROR:  invalid input syntax for integer: &quot;&quot;
LINE 9:      '',
             ^ /home/miracle/public_html/ci3_cgi/system/database/drivers/postgre/postgre_driver.php 242
ERROR - 2021-05-24 18:27:24 --> Query error: ERROR:  invalid input syntax for integer: ""
LINE 9:      '',
             ^ - Invalid query: INSERT INTO frontmed.neural_appointment (id, appointment_date, appointment_time, user_id, comment, component_id, visit_id, patient_id, created_by, select_option)
					SELECT (id + 1) AS last_id,
					'2021-05-31',
					'09:00',
					'661',
					'พบแพทย์ ฟังผลการตรวจทางจิตวิทยา',
					'10',
					'2054740',
					'',
					'570',
					NULL
					FROM frontmed.neural_appointment ORDER BY id DESC LIMIT 1 RETURNING id AS last_id
ERROR - 2021-05-24 18:28:33 --> Severity: Warning --> pg_query() [<a href='function.pg-query'>function.pg-query</a>]: Query failed: ERROR:  invalid input syntax for integer: &quot;&quot;
LINE 9:      '',
             ^ /home/miracle/public_html/ci3_cgi/system/database/drivers/postgre/postgre_driver.php 242
ERROR - 2021-05-24 18:28:33 --> Query error: ERROR:  invalid input syntax for integer: ""
LINE 9:      '',
             ^ - Invalid query: INSERT INTO frontmed.neural_appointment (id, appointment_date, appointment_time, user_id, comment, component_id, visit_id, patient_id, created_by, select_option)
					SELECT (id + 1) AS last_id,
					'2021-05-31',
					'10:00',
					'661',
					'พบแพทย์ม ฟังผลการตรวจทางจิตวิทยา',
					'10',
					'2054740',
					'',
					'570',
					NULL
					FROM frontmed.neural_appointment ORDER BY id DESC LIMIT 1 RETURNING id AS last_id
ERROR - 2021-05-24 18:28:35 --> Severity: Warning --> pg_query() [<a href='function.pg-query'>function.pg-query</a>]: Query failed: ERROR:  invalid input syntax for integer: &quot;&quot;
LINE 9:      '',
             ^ /home/miracle/public_html/ci3_cgi/system/database/drivers/postgre/postgre_driver.php 242
ERROR - 2021-05-24 18:28:35 --> Query error: ERROR:  invalid input syntax for integer: ""
LINE 9:      '',
             ^ - Invalid query: INSERT INTO frontmed.neural_appointment (id, appointment_date, appointment_time, user_id, comment, component_id, visit_id, patient_id, created_by, select_option)
					SELECT (id + 1) AS last_id,
					'2021-05-31',
					'10:00',
					'661',
					'พบแพทย์ม ฟังผลการตรวจทางจิตวิทยา',
					'10',
					'2054740',
					'',
					'570',
					NULL
					FROM frontmed.neural_appointment ORDER BY id DESC LIMIT 1 RETURNING id AS last_id
ERROR - 2021-05-24 18:28:35 --> Severity: Warning --> pg_query() [<a href='function.pg-query'>function.pg-query</a>]: Query failed: ERROR:  invalid input syntax for integer: &quot;&quot;
LINE 9:      '',
             ^ /home/miracle/public_html/ci3_cgi/system/database/drivers/postgre/postgre_driver.php 242
ERROR - 2021-05-24 18:28:35 --> Query error: ERROR:  invalid input syntax for integer: ""
LINE 9:      '',
             ^ - Invalid query: INSERT INTO frontmed.neural_appointment (id, appointment_date, appointment_time, user_id, comment, component_id, visit_id, patient_id, created_by, select_option)
					SELECT (id + 1) AS last_id,
					'2021-05-31',
					'10:00',
					'661',
					'พบแพทย์ม ฟังผลการตรวจทางจิตวิทยา',
					'10',
					'2054740',
					'',
					'570',
					NULL
					FROM frontmed.neural_appointment ORDER BY id DESC LIMIT 1 RETURNING id AS last_id
ERROR - 2021-05-24 18:28:57 --> Severity: Warning --> pg_query() [<a href='function.pg-query'>function.pg-query</a>]: Query failed: ERROR:  invalid input syntax for integer: &quot;&quot;
LINE 9:      '',
             ^ /home/miracle/public_html/ci3_cgi/system/database/drivers/postgre/postgre_driver.php 242
ERROR - 2021-05-24 18:28:57 --> Query error: ERROR:  invalid input syntax for integer: ""
LINE 9:      '',
             ^ - Invalid query: INSERT INTO frontmed.neural_appointment (id, appointment_date, appointment_time, user_id, comment, component_id, visit_id, patient_id, created_by, select_option)
					SELECT (id + 1) AS last_id,
					'2021-05-31',
					'09:00',
					'661',
					'พบแพทย์ม ฟังผลการตรวจทางจิตวิทยา',
					'10',
					'2054740',
					'',
					'570',
					NULL
					FROM frontmed.neural_appointment ORDER BY id DESC LIMIT 1 RETURNING id AS last_id
ERROR - 2021-05-24 18:28:57 --> Severity: Warning --> pg_query() [<a href='function.pg-query'>function.pg-query</a>]: Query failed: ERROR:  invalid input syntax for integer: &quot;&quot;
LINE 9:      '',
             ^ /home/miracle/public_html/ci3_cgi/system/database/drivers/postgre/postgre_driver.php 242
ERROR - 2021-05-24 18:28:57 --> Query error: ERROR:  invalid input syntax for integer: ""
LINE 9:      '',
             ^ - Invalid query: INSERT INTO frontmed.neural_appointment (id, appointment_date, appointment_time, user_id, comment, component_id, visit_id, patient_id, created_by, select_option)
					SELECT (id + 1) AS last_id,
					'2021-05-31',
					'09:00',
					'661',
					'พบแพทย์ม ฟังผลการตรวจทางจิตวิทยา',
					'10',
					'2054740',
					'',
					'570',
					NULL
					FROM frontmed.neural_appointment ORDER BY id DESC LIMIT 1 RETURNING id AS last_id
ERROR - 2021-05-24 18:28:57 --> Severity: Warning --> pg_query() [<a href='function.pg-query'>function.pg-query</a>]: Query failed: ERROR:  invalid input syntax for integer: &quot;&quot;
LINE 9:      '',
             ^ /home/miracle/public_html/ci3_cgi/system/database/drivers/postgre/postgre_driver.php 242
ERROR - 2021-05-24 18:28:57 --> Query error: ERROR:  invalid input syntax for integer: ""
LINE 9:      '',
             ^ - Invalid query: INSERT INTO frontmed.neural_appointment (id, appointment_date, appointment_time, user_id, comment, component_id, visit_id, patient_id, created_by, select_option)
					SELECT (id + 1) AS last_id,
					'2021-05-31',
					'09:00',
					'661',
					'พบแพทย์ม ฟังผลการตรวจทางจิตวิทยา',
					'10',
					'2054740',
					'',
					'570',
					NULL
					FROM frontmed.neural_appointment ORDER BY id DESC LIMIT 1 RETURNING id AS last_id
ERROR - 2021-05-24 18:28:57 --> Severity: Warning --> pg_query() [<a href='function.pg-query'>function.pg-query</a>]: Query failed: ERROR:  invalid input syntax for integer: &quot;&quot;
LINE 9:      '',
             ^ /home/miracle/public_html/ci3_cgi/system/database/drivers/postgre/postgre_driver.php 242
ERROR - 2021-05-24 18:28:57 --> Query error: ERROR:  invalid input syntax for integer: ""
LINE 9:      '',
             ^ - Invalid query: INSERT INTO frontmed.neural_appointment (id, appointment_date, appointment_time, user_id, comment, component_id, visit_id, patient_id, created_by, select_option)
					SELECT (id + 1) AS last_id,
					'2021-05-31',
					'09:00',
					'661',
					'พบแพทย์ม ฟังผลการตรวจทางจิตวิทยา',
					'10',
					'2054740',
					'',
					'570',
					NULL
					FROM frontmed.neural_appointment ORDER BY id DESC LIMIT 1 RETURNING id AS last_id
ERROR - 2021-05-24 18:28:57 --> Severity: Warning --> pg_query() [<a href='function.pg-query'>function.pg-query</a>]: Query failed: ERROR:  invalid input syntax for integer: &quot;&quot;
LINE 9:      '',
             ^ /home/miracle/public_html/ci3_cgi/system/database/drivers/postgre/postgre_driver.php 242
ERROR - 2021-05-24 18:28:57 --> Query error: ERROR:  invalid input syntax for integer: ""
LINE 9:      '',
             ^ - Invalid query: INSERT INTO frontmed.neural_appointment (id, appointment_date, appointment_time, user_id, comment, component_id, visit_id, patient_id, created_by, select_option)
					SELECT (id + 1) AS last_id,
					'2021-05-31',
					'09:00',
					'661',
					'พบแพทย์ม ฟังผลการตรวจทางจิตวิทยา',
					'10',
					'2054740',
					'',
					'570',
					NULL
					FROM frontmed.neural_appointment ORDER BY id DESC LIMIT 1 RETURNING id AS last_id
ERROR - 2021-05-24 18:29:01 --> Severity: Warning --> pg_query() [<a href='function.pg-query'>function.pg-query</a>]: Query failed: ERROR:  invalid input syntax for integer: &quot;&quot;
LINE 9:      '',
             ^ /home/miracle/public_html/ci3_cgi/system/database/drivers/postgre/postgre_driver.php 242
ERROR - 2021-05-24 18:29:01 --> Query error: ERROR:  invalid input syntax for integer: ""
LINE 9:      '',
             ^ - Invalid query: INSERT INTO frontmed.neural_appointment (id, appointment_date, appointment_time, user_id, comment, component_id, visit_id, patient_id, created_by, select_option)
					SELECT (id + 1) AS last_id,
					'2021-05-31',
					'10:00',
					'661',
					'พบแพทย์ม ฟังผลการตรวจทางจิตวิทยา',
					'10',
					'2054740',
					'',
					'570',
					NULL
					FROM frontmed.neural_appointment ORDER BY id DESC LIMIT 1 RETURNING id AS last_id
ERROR - 2021-05-24 18:29:57 --> Severity: Warning --> pg_query() [<a href='function.pg-query'>function.pg-query</a>]: Query failed: ERROR:  invalid input syntax for integer: &quot;&quot;
LINE 9:      '',
             ^ /home/miracle/public_html/ci3_cgi/system/database/drivers/postgre/postgre_driver.php 242
ERROR - 2021-05-24 18:29:57 --> Query error: ERROR:  invalid input syntax for integer: ""
LINE 9:      '',
             ^ - Invalid query: INSERT INTO frontmed.neural_appointment (id, appointment_date, appointment_time, user_id, comment, component_id, visit_id, patient_id, created_by, select_option)
					SELECT (id + 1) AS last_id,
					'2021-05-31',
					'10:00',
					'661',
					'',
					'10',
					'2054740',
					'',
					'570',
					NULL
					FROM frontmed.neural_appointment ORDER BY id DESC LIMIT 1 RETURNING id AS last_id
ERROR - 2021-05-24 18:30:03 --> Severity: Warning --> pg_query() [<a href='function.pg-query'>function.pg-query</a>]: Query failed: ERROR:  invalid input syntax for integer: &quot;&quot;
LINE 9:      '',
             ^ /home/miracle/public_html/ci3_cgi/system/database/drivers/postgre/postgre_driver.php 242
ERROR - 2021-05-24 18:30:03 --> Query error: ERROR:  invalid input syntax for integer: ""
LINE 9:      '',
             ^ - Invalid query: INSERT INTO frontmed.neural_appointment (id, appointment_date, appointment_time, user_id, comment, component_id, visit_id, patient_id, created_by, select_option)
					SELECT (id + 1) AS last_id,
					'2021-05-31',
					'10:00',
					'661',
					'',
					'10',
					'2054740',
					'',
					'570',
					NULL
					FROM frontmed.neural_appointment ORDER BY id DESC LIMIT 1 RETURNING id AS last_id
ERROR - 2021-05-24 19:46:04 --> Could not find the language line "admin dashboard jsi18n-sample"
ERROR - 2021-05-24 19:46:24 --> Could not find the language line "admin dashboard jsi18n-sample"
