ERROR - 2021-03-24 07:56:29 --> Could not find the language line "admin dashboard jsi18n-sample"
ERROR - 2021-03-24 07:56:32 --> Could not find the language line "admin dashboard jsi18n-sample"
ERROR - 2021-03-24 08:56:35 --> Could not find the language line "admin dashboard jsi18n-sample"
ERROR - 2021-03-24 09:36:21 --> Could not find the language line "admin dashboard jsi18n-sample"
ERROR - 2021-03-24 09:36:28 --> Could not find the language line "admin dashboard jsi18n-sample"
ERROR - 2021-03-24 09:38:24 --> Severity: Warning --> pg_query() [<a href='function.pg-query'>function.pg-query</a>]: Query failed: FATAL:  terminating connection due to administrator command
server closed the connection unexpectedly
	This probably means the server terminated abnormally
	before or while processing the request. /home/miracle/public_html/ci3_cgi/system/database/drivers/postgre/postgre_driver.php 242
ERROR - 2021-03-24 09:38:24 --> Severity: Warning --> pg_query() [<a href='function.pg-query'>function.pg-query</a>]: Query failed: FATAL:  terminating connection due to administrator command
server closed the connection unexpectedly
	This probably means the server terminated abnormally
	before or while processing the request. /home/miracle/public_html/ci3_cgi/system/database/drivers/postgre/postgre_driver.php 242
ERROR - 2021-03-24 09:38:24 --> Severity: Warning --> pg_query() [<a href='function.pg-query'>function.pg-query</a>]: Query failed: FATAL:  terminating connection due to administrator command
server closed the connection unexpectedly
	This probably means the server terminated abnormally
	before or while processing the request. /home/miracle/public_html/ci3_cgi/system/database/drivers/postgre/postgre_driver.php 242
ERROR - 2021-03-24 09:38:24 --> Severity: Warning --> pg_query() [<a href='function.pg-query'>function.pg-query</a>]: Query failed: FATAL:  terminating connection due to administrator command
server closed the connection unexpectedly
	This probably means the server terminated abnormally
	before or while processing the request. /home/miracle/public_html/ci3_cgi/system/database/drivers/postgre/postgre_driver.php 242
ERROR - 2021-03-24 09:38:24 --> Query error: FATAL:  terminating connection due to administrator command
server closed the connection unexpectedly
	This probably means the server terminated abnormally
	before or while processing the request. - Invalid query: SELECT log.vn_id, log.vn, to_char(log.date_add, 'HH24:MI') AS time_th, patient.hn, patient.pa_pre_name || patient.pa_name || ' ' || patient.pa_lastname AS patient_name, log.station_id, appointment.id AS appointment_id, log.nano_queue_id AS queue_id
				FROM jvkk.nano_queue_log AS log
				INNER JOIN medrec.nano_visit AS visit ON visit.vn = log.vn
				INNER JOIN medrec.nano_patient AS patient ON patient.id = visit.id_patient
				INNER JOIN (SELECT vn, MAX(id) AS max_id FROM jvkk.nano_queue_log WHERE to_char(date_add, 'YYYY-MM-DD') = '2021-03-24' AND station_id IS NOT NULL GROUP BY vn) AS queue_max ON (queue_max.max_id=log.id)
				LEFT JOIN frontmed.neural_appointment AS appointment ON appointment.visit_id = visit.id
				WHERE log.com_id1 = '10' AND log.com_id2 = '27' AND log.station_id = '5'
				GROUP BY log.vn_id, log.vn, log.date_add, patient.hn, patient.pa_pre_name, patient.pa_name, patient.pa_lastname, log.station_id, appointment.id, log.nano_queue_id
				ORDER BY time_th ASC
ERROR - 2021-03-24 09:38:24 --> Severity: Warning --> pg_query() [<a href='function.pg-query'>function.pg-query</a>]: Query failed: FATAL:  terminating connection due to administrator command
server closed the connection unexpectedly
	This probably means the server terminated abnormally
	before or while processing the request. /home/miracle/public_html/ci3_cgi/system/database/drivers/postgre/postgre_driver.php 242
ERROR - 2021-03-24 09:38:24 --> Severity: Warning --> pg_query() [<a href='function.pg-query'>function.pg-query</a>]: Query failed: FATAL:  terminating connection due to administrator command
server closed the connection unexpectedly
	This probably means the server terminated abnormally
	before or while processing the request. /home/miracle/public_html/ci3_cgi/system/database/drivers/postgre/postgre_driver.php 242
ERROR - 2021-03-24 09:38:24 --> Query error: FATAL:  terminating connection due to administrator command
server closed the connection unexpectedly
	This probably means the server terminated abnormally
	before or while processing the request. - Invalid query: SELECT * FROM public.settings ORDER BY sort_order ASC
ERROR - 2021-03-24 09:38:24 --> Query error: FATAL:  terminating connection due to administrator command
server closed the connection unexpectedly
	This probably means the server terminated abnormally
	before or while processing the request. - Invalid query: SELECT * FROM public.settings ORDER BY sort_order ASC
ERROR - 2021-03-24 09:38:24 --> Query error: FATAL:  terminating connection due to administrator command
server closed the connection unexpectedly
	This probably means the server terminated abnormally
	before or while processing the request. - Invalid query: SELECT * FROM public.settings ORDER BY sort_order ASC
ERROR - 2021-03-24 09:38:24 --> Query error: FATAL:  terminating connection due to administrator command
server closed the connection unexpectedly
	This probably means the server terminated abnormally
	before or while processing the request. - Invalid query: SELECT * FROM public.settings ORDER BY sort_order ASC
ERROR - 2021-03-24 09:38:24 --> Query error: FATAL:  terminating connection due to administrator command
server closed the connection unexpectedly
	This probably means the server terminated abnormally
	before or while processing the request. - Invalid query: SELECT * FROM public.settings ORDER BY sort_order ASC
ERROR - 2021-03-24 09:38:24 --> Severity: Warning --> Unknown: Failed to write session data (user). Please verify that the current setting of session.save_path is correct () Unknown 0
ERROR - 2021-03-24 09:38:24 --> Severity: Warning --> Unknown: Failed to write session data (user). Please verify that the current setting of session.save_path is correct () Unknown 0
ERROR - 2021-03-24 09:38:24 --> Severity: Warning --> Unknown: Failed to write session data (user). Please verify that the current setting of session.save_path is correct () Unknown 0
ERROR - 2021-03-24 09:38:24 --> Severity: Warning --> Unknown: Failed to write session data (user). Please verify that the current setting of session.save_path is correct () Unknown 0
ERROR - 2021-03-24 09:38:24 --> Severity: Warning --> Unknown: Failed to write session data (user). Please verify that the current setting of session.save_path is correct () Unknown 0
ERROR - 2021-03-24 09:38:24 --> Query error: FATAL:  terminating connection due to administrator command
server closed the connection unexpectedly
	This probably means the server terminated abnormally
	before or while processing the request. - Invalid query: UPDATE "frontmed"."ci_sessions" SET "timestamp" = 1616553504
WHERE "id" = '4p2fcaht7r3vnfkcjug5b84i0jmrc9v6'
AND "ip_address" = '192.168.10.52'
ERROR - 2021-03-24 09:38:24 --> Severity: Warning --> pg_connect() [<a href='function.pg-connect'>function.pg-connect</a>]: Unable to connect to PostgreSQL server: FATAL:  the database system is shutting down /home/miracle/public_html/ci3_cgi/system/database/drivers/postgre/postgre_driver.php 154
ERROR - 2021-03-24 09:38:24 --> Unable to connect to the database
ERROR - 2021-03-24 09:38:24 --> Severity: Warning --> pg_connect() [<a href='function.pg-connect'>function.pg-connect</a>]: Unable to connect to PostgreSQL server: FATAL:  the database system is shutting down /home/miracle/public_html/ci3_cgi/system/database/drivers/postgre/postgre_driver.php 154
ERROR - 2021-03-24 09:38:24 --> Unable to connect to the database
ERROR - 2021-03-24 09:38:25 --> Severity: Warning --> pg_connect() [<a href='function.pg-connect'>function.pg-connect</a>]: Unable to connect to PostgreSQL server: FATAL:  the database system is shutting down /home/miracle/public_html/ci3_cgi/system/database/drivers/postgre/postgre_driver.php 154
ERROR - 2021-03-24 09:38:25 --> Unable to connect to the database
ERROR - 2021-03-24 09:38:28 --> Severity: Warning --> pg_connect() [<a href='function.pg-connect'>function.pg-connect</a>]: Unable to connect to PostgreSQL server: could not connect to server: Connection refused
	Is the server running on host &quot;localhost&quot; (127.0.0.1) and accepting
	TCP/IP connections on port 5432? /home/miracle/public_html/ci3_cgi/system/database/drivers/postgre/postgre_driver.php 154
ERROR - 2021-03-24 09:38:28 --> Unable to connect to the database
ERROR - 2021-03-24 09:38:28 --> Severity: Warning --> pg_connect() [<a href='function.pg-connect'>function.pg-connect</a>]: Unable to connect to PostgreSQL server: could not connect to server: Connection refused
	Is the server running on host &quot;localhost&quot; (127.0.0.1) and accepting
	TCP/IP connections on port 5432? /home/miracle/public_html/ci3_cgi/system/database/drivers/postgre/postgre_driver.php 154
ERROR - 2021-03-24 09:38:28 --> Unable to connect to the database
ERROR - 2021-03-24 09:38:28 --> Severity: Warning --> pg_connect() [<a href='function.pg-connect'>function.pg-connect</a>]: Unable to connect to PostgreSQL server: could not connect to server: Connection refused
	Is the server running on host &quot;localhost&quot; (127.0.0.1) and accepting
	TCP/IP connections on port 5432? /home/miracle/public_html/ci3_cgi/system/database/drivers/postgre/postgre_driver.php 154
ERROR - 2021-03-24 09:38:28 --> Unable to connect to the database
ERROR - 2021-03-24 09:38:28 --> Severity: Warning --> pg_connect() [<a href='function.pg-connect'>function.pg-connect</a>]: Unable to connect to PostgreSQL server: could not connect to server: Connection refused
	Is the server running on host &quot;localhost&quot; (127.0.0.1) and accepting
	TCP/IP connections on port 5432? /home/miracle/public_html/ci3_cgi/system/database/drivers/postgre/postgre_driver.php 154
ERROR - 2021-03-24 09:38:28 --> Unable to connect to the database
ERROR - 2021-03-24 09:38:29 --> Severity: Warning --> pg_connect() [<a href='function.pg-connect'>function.pg-connect</a>]: Unable to connect to PostgreSQL server: FATAL:  the database system is starting up /home/miracle/public_html/ci3_cgi/system/database/drivers/postgre/postgre_driver.php 154
ERROR - 2021-03-24 09:38:29 --> Unable to connect to the database
ERROR - 2021-03-24 09:38:29 --> Severity: Warning --> pg_connect() [<a href='function.pg-connect'>function.pg-connect</a>]: Unable to connect to PostgreSQL server: FATAL:  the database system is starting up /home/miracle/public_html/ci3_cgi/system/database/drivers/postgre/postgre_driver.php 154
ERROR - 2021-03-24 09:38:29 --> Unable to connect to the database
ERROR - 2021-03-24 09:38:29 --> Severity: Warning --> pg_connect() [<a href='function.pg-connect'>function.pg-connect</a>]: Unable to connect to PostgreSQL server: FATAL:  the database system is starting up /home/miracle/public_html/ci3_cgi/system/database/drivers/postgre/postgre_driver.php 154
ERROR - 2021-03-24 09:38:29 --> Severity: Warning --> pg_connect() [<a href='function.pg-connect'>function.pg-connect</a>]: Unable to connect to PostgreSQL server: FATAL:  the database system is starting up /home/miracle/public_html/ci3_cgi/system/database/drivers/postgre/postgre_driver.php 154
ERROR - 2021-03-24 09:38:29 --> Unable to connect to the database
ERROR - 2021-03-24 09:38:29 --> Unable to connect to the database
ERROR - 2021-03-24 09:39:46 --> Could not find the language line "admin dashboard jsi18n-sample"
ERROR - 2021-03-24 10:05:28 --> Could not find the language line "admin dashboard jsi18n-sample"
ERROR - 2021-03-24 10:07:45 --> Could not find the language line "admin dashboard jsi18n-sample"
ERROR - 2021-03-24 10:30:16 --> Could not find the language line "admin dashboard jsi18n-sample"
ERROR - 2021-03-24 10:30:40 --> Could not find the language line "admin dashboard jsi18n-sample"
ERROR - 2021-03-24 10:43:09 --> Could not find the language line "admin dashboard jsi18n-sample"
ERROR - 2021-03-24 10:43:55 --> Could not find the language line "admin dashboard jsi18n-sample"
ERROR - 2021-03-24 10:54:59 --> Could not find the language line "admin dashboard jsi18n-sample"
ERROR - 2021-03-24 11:40:55 --> Could not find the language line "admin dashboard jsi18n-sample"
ERROR - 2021-03-24 12:32:14 --> Could not find the language line "admin dashboard jsi18n-sample"
ERROR - 2021-03-24 13:27:03 --> Could not find the language line "admin dashboard jsi18n-sample"
ERROR - 2021-03-24 13:27:10 --> Could not find the language line "admin dashboard jsi18n-sample"
ERROR - 2021-03-24 13:27:12 --> Could not find the language line "admin dashboard jsi18n-sample"
ERROR - 2021-03-24 13:27:15 --> Could not find the language line "admin dashboard jsi18n-sample"
ERROR - 2021-03-24 13:27:23 --> Could not find the language line "admin dashboard jsi18n-sample"
ERROR - 2021-03-24 13:27:27 --> Could not find the language line "admin dashboard jsi18n-sample"
ERROR - 2021-03-24 13:58:23 --> Could not find the language line "admin dashboard jsi18n-sample"
ERROR - 2021-03-24 14:48:14 --> Could not find the language line "admin dashboard jsi18n-sample"
ERROR - 2021-03-24 16:09:43 --> Could not find the language line "admin dashboard jsi18n-sample"
ERROR - 2021-03-24 18:14:01 --> Could not find the language line "admin dashboard jsi18n-sample"
ERROR - 2021-03-24 18:14:33 --> Could not find the language line "admin dashboard jsi18n-sample"
ERROR - 2021-03-24 18:14:37 --> Could not find the language line "admin dashboard jsi18n-sample"
