ERROR - 2020-08-22 08:33:44 --> Could not find the language line "admin dashboard jsi18n-sample"
ERROR - 2020-08-22 08:33:49 --> Could not find the language line "admin dashboard jsi18n-sample"
ERROR - 2020-08-22 08:34:02 --> Could not find the language line "admin dashboard jsi18n-sample"
ERROR - 2020-08-22 08:34:08 --> Could not find the language line "admin dashboard jsi18n-sample"
ERROR - 2020-08-22 08:35:07 --> Could not find the language line "admin dashboard jsi18n-sample"
ERROR - 2020-08-22 10:06:07 --> Could not find the language line "admin dashboard jsi18n-sample"
ERROR - 2020-08-22 11:33:08 --> Severity: Warning --> pg_query() [<a href='function.pg-query'>function.pg-query</a>]: Query failed: ERROR:  invalid input syntax for integer: &quot;&quot;
LINE 9:      '',
             ^ /home/miracle/public_html/ci3_cgi/system/database/drivers/postgre/postgre_driver.php 242
ERROR - 2020-08-22 11:33:08 --> Query error: ERROR:  invalid input syntax for integer: ""
LINE 9:      '',
             ^ - Invalid query: INSERT INTO frontmed.neural_appointment (id, appointment_date, appointment_time, user_id, comment, component_id, visit_id, patient_id, created_by, select_option)
					SELECT (id + 1) AS last_id,
					'2020-08-29',
					'09:00',
					'736',
					'คลินิก SMC',
					'10',
					'1982667',
					'',
					'93',
					NULL
					FROM frontmed.neural_appointment ORDER BY id DESC LIMIT 1 RETURNING id AS last_id
ERROR - 2020-08-22 11:33:10 --> Severity: Warning --> pg_query() [<a href='function.pg-query'>function.pg-query</a>]: Query failed: ERROR:  invalid input syntax for integer: &quot;&quot;
LINE 9:      '',
             ^ /home/miracle/public_html/ci3_cgi/system/database/drivers/postgre/postgre_driver.php 242
ERROR - 2020-08-22 11:33:10 --> Query error: ERROR:  invalid input syntax for integer: ""
LINE 9:      '',
             ^ - Invalid query: INSERT INTO frontmed.neural_appointment (id, appointment_date, appointment_time, user_id, comment, component_id, visit_id, patient_id, created_by, select_option)
					SELECT (id + 1) AS last_id,
					'2020-08-29',
					'09:00',
					'736',
					'คลินิก SMC',
					'10',
					'1982667',
					'',
					'93',
					NULL
					FROM frontmed.neural_appointment ORDER BY id DESC LIMIT 1 RETURNING id AS last_id
ERROR - 2020-08-22 11:33:11 --> Severity: Warning --> pg_query() [<a href='function.pg-query'>function.pg-query</a>]: Query failed: ERROR:  invalid input syntax for integer: &quot;&quot;
LINE 9:      '',
             ^ /home/miracle/public_html/ci3_cgi/system/database/drivers/postgre/postgre_driver.php 242
ERROR - 2020-08-22 11:33:11 --> Query error: ERROR:  invalid input syntax for integer: ""
LINE 9:      '',
             ^ - Invalid query: INSERT INTO frontmed.neural_appointment (id, appointment_date, appointment_time, user_id, comment, component_id, visit_id, patient_id, created_by, select_option)
					SELECT (id + 1) AS last_id,
					'2020-08-29',
					'09:00',
					'736',
					'คลินิก SMC',
					'10',
					'1982667',
					'',
					'93',
					NULL
					FROM frontmed.neural_appointment ORDER BY id DESC LIMIT 1 RETURNING id AS last_id
ERROR - 2020-08-22 11:33:12 --> Severity: Warning --> pg_query() [<a href='function.pg-query'>function.pg-query</a>]: Query failed: ERROR:  invalid input syntax for integer: &quot;&quot;
LINE 9:      '',
             ^ /home/miracle/public_html/ci3_cgi/system/database/drivers/postgre/postgre_driver.php 242
ERROR - 2020-08-22 11:33:12 --> Query error: ERROR:  invalid input syntax for integer: ""
LINE 9:      '',
             ^ - Invalid query: INSERT INTO frontmed.neural_appointment (id, appointment_date, appointment_time, user_id, comment, component_id, visit_id, patient_id, created_by, select_option)
					SELECT (id + 1) AS last_id,
					'2020-08-29',
					'09:00',
					'736',
					'คลินิก SMC',
					'10',
					'1982667',
					'',
					'93',
					NULL
					FROM frontmed.neural_appointment ORDER BY id DESC LIMIT 1 RETURNING id AS last_id
ERROR - 2020-08-22 11:33:15 --> Severity: Warning --> pg_query() [<a href='function.pg-query'>function.pg-query</a>]: Query failed: ERROR:  invalid input syntax for integer: &quot;&quot;
LINE 9:      '',
             ^ /home/miracle/public_html/ci3_cgi/system/database/drivers/postgre/postgre_driver.php 242
ERROR - 2020-08-22 11:33:15 --> Query error: ERROR:  invalid input syntax for integer: ""
LINE 9:      '',
             ^ - Invalid query: INSERT INTO frontmed.neural_appointment (id, appointment_date, appointment_time, user_id, comment, component_id, visit_id, patient_id, created_by, select_option)
					SELECT (id + 1) AS last_id,
					'2020-08-29',
					'09:00',
					'736',
					'คลินิก SMC',
					'10',
					'1982667',
					'',
					'93',
					NULL
					FROM frontmed.neural_appointment ORDER BY id DESC LIMIT 1 RETURNING id AS last_id
ERROR - 2020-08-22 11:33:16 --> Severity: Warning --> pg_query() [<a href='function.pg-query'>function.pg-query</a>]: Query failed: ERROR:  invalid input syntax for integer: &quot;&quot;
LINE 9:      '',
             ^ /home/miracle/public_html/ci3_cgi/system/database/drivers/postgre/postgre_driver.php 242
ERROR - 2020-08-22 11:33:16 --> Query error: ERROR:  invalid input syntax for integer: ""
LINE 9:      '',
             ^ - Invalid query: INSERT INTO frontmed.neural_appointment (id, appointment_date, appointment_time, user_id, comment, component_id, visit_id, patient_id, created_by, select_option)
					SELECT (id + 1) AS last_id,
					'2020-08-29',
					'09:00',
					'736',
					'คลินิก SMC',
					'10',
					'1982667',
					'',
					'93',
					NULL
					FROM frontmed.neural_appointment ORDER BY id DESC LIMIT 1 RETURNING id AS last_id
