ERROR - 2020-06-16 08:06:50 --> Could not find the language line "admin dashboard jsi18n-sample"
ERROR - 2020-06-16 08:06:53 --> Could not find the language line "admin dashboard jsi18n-sample"
ERROR - 2020-06-16 08:32:04 --> Could not find the language line "admin dashboard jsi18n-sample"
ERROR - 2020-06-16 08:54:40 --> Could not find the language line "admin dashboard jsi18n-sample"
ERROR - 2020-06-16 09:19:31 --> Severity: Warning --> pg_query() [<a href='function.pg-query'>function.pg-query</a>]: Query failed: ERROR:  duplicate key value violates unique constraint &quot;neural_appointment_pkey&quot;
DETAIL:  Key (id)=(812127) already exists. /home/miracle/public_html/ci3_cgi/system/database/drivers/postgre/postgre_driver.php 242
ERROR - 2020-06-16 09:19:31 --> Query error: ERROR:  duplicate key value violates unique constraint "neural_appointment_pkey"
DETAIL:  Key (id)=(812127) already exists. - Invalid query: INSERT INTO frontmed.neural_appointment (id, appointment_date, appointment_time, user_id, comment, component_id, visit_id, patient_id, created_by, select_option)
					SELECT (id + 1) AS last_id,
					'2020-07-14',
					'08:30',
					'536',
					'',
					'10',
					'1964115',
					'193935',
					'527',
					NULL
					FROM frontmed.neural_appointment ORDER BY id DESC LIMIT 1 RETURNING id AS last_id
ERROR - 2020-06-16 09:41:08 --> Could not find the language line "admin dashboard jsi18n-sample"
ERROR - 2020-06-16 09:59:09 --> Could not find the language line "admin dashboard jsi18n-sample"
ERROR - 2020-06-16 11:07:38 --> Could not find the language line "admin dashboard jsi18n-sample"
ERROR - 2020-06-16 11:56:25 --> Could not find the language line "admin dashboard jsi18n-sample"
ERROR - 2020-06-16 12:57:42 --> Could not find the language line "admin dashboard jsi18n-sample"
ERROR - 2020-06-16 12:57:55 --> Could not find the language line "admin dashboard jsi18n-sample"
ERROR - 2020-06-16 12:57:57 --> Could not find the language line "admin dashboard jsi18n-sample"
ERROR - 2020-06-16 12:58:05 --> Could not find the language line "admin dashboard jsi18n-sample"
ERROR - 2020-06-16 12:58:07 --> Could not find the language line "admin dashboard jsi18n-sample"
ERROR - 2020-06-16 13:37:03 --> Could not find the language line "admin dashboard jsi18n-sample"
ERROR - 2020-06-16 13:37:08 --> Could not find the language line "admin dashboard jsi18n-sample"
ERROR - 2020-06-16 13:43:42 --> Could not find the language line "admin dashboard jsi18n-sample"
ERROR - 2020-06-16 13:43:58 --> Could not find the language line "admin dashboard jsi18n-sample"
ERROR - 2020-06-16 13:44:16 --> Could not find the language line "admin dashboard jsi18n-sample"
ERROR - 2020-06-16 13:44:19 --> Could not find the language line "admin dashboard jsi18n-sample"
ERROR - 2020-06-16 13:59:40 --> Could not find the language line "admin dashboard jsi18n-sample"
ERROR - 2020-06-16 14:24:21 --> Could not find the language line "admin dashboard jsi18n-sample"
ERROR - 2020-06-16 14:24:34 --> Could not find the language line "admin dashboard jsi18n-sample"
ERROR - 2020-06-16 14:24:34 --> Could not find the language line "admin dashboard jsi18n-sample"
ERROR - 2020-06-16 15:06:15 --> Could not find the language line "admin dashboard jsi18n-sample"
ERROR - 2020-06-16 15:10:31 --> Could not find the language line "admin dashboard jsi18n-sample"
ERROR - 2020-06-16 17:51:55 --> Could not find the language line "admin dashboard jsi18n-sample"
ERROR - 2020-06-16 17:52:28 --> Could not find the language line "admin dashboard jsi18n-sample"
ERROR - 2020-06-16 17:53:03 --> Could not find the language line "admin dashboard jsi18n-sample"
ERROR - 2020-06-16 17:53:19 --> Could not find the language line "admin dashboard jsi18n-sample"
