ERROR - 2020-11-04 08:43:00 --> Could not find the language line "admin dashboard jsi18n-sample"
ERROR - 2020-11-04 08:44:09 --> Could not find the language line "admin dashboard jsi18n-sample"
ERROR - 2020-11-04 08:47:34 --> Could not find the language line "admin dashboard jsi18n-sample"
ERROR - 2020-11-04 08:49:54 --> Could not find the language line "admin dashboard jsi18n-sample"
ERROR - 2020-11-04 09:16:42 --> Could not find the language line "admin dashboard jsi18n-sample"
ERROR - 2020-11-04 10:24:23 --> Could not find the language line "admin dashboard jsi18n-sample"
ERROR - 2020-11-04 10:43:10 --> Could not find the language line "admin dashboard jsi18n-sample"
ERROR - 2020-11-04 10:45:34 --> Could not find the language line "admin dashboard jsi18n-sample"
ERROR - 2020-11-04 11:04:50 --> Could not find the language line "admin dashboard jsi18n-sample"
ERROR - 2020-11-04 12:32:00 --> Could not find the language line "admin dashboard jsi18n-sample"
ERROR - 2020-11-04 13:07:06 --> Could not find the language line "admin dashboard jsi18n-sample"
ERROR - 2020-11-04 13:07:10 --> Could not find the language line "admin dashboard jsi18n-sample"
ERROR - 2020-11-04 13:07:11 --> Could not find the language line "admin dashboard jsi18n-sample"
ERROR - 2020-11-04 13:07:13 --> Could not find the language line "admin dashboard jsi18n-sample"
ERROR - 2020-11-04 13:07:16 --> Could not find the language line "admin dashboard jsi18n-sample"
ERROR - 2020-11-04 13:07:19 --> Could not find the language line "admin dashboard jsi18n-sample"
ERROR - 2020-11-04 13:47:48 --> Could not find the language line "admin dashboard jsi18n-sample"
ERROR - 2020-11-04 13:48:44 --> Could not find the language line "admin dashboard jsi18n-sample"
ERROR - 2020-11-04 14:02:23 --> Could not find the language line "admin dashboard jsi18n-sample"
ERROR - 2020-11-04 14:04:17 --> Could not find the language line "admin dashboard jsi18n-sample"
ERROR - 2020-11-04 14:05:30 --> Severity: Warning --> pg_query() [<a href='function.pg-query'>function.pg-query</a>]: Query failed: ERROR:  invalid input syntax for integer: &quot;&quot;
LINE 9:      '',
             ^ /home/miracle/public_html/ci3_cgi/system/database/drivers/postgre/postgre_driver.php 242
ERROR - 2020-11-04 14:05:30 --> Query error: ERROR:  invalid input syntax for integer: ""
LINE 9:      '',
             ^ - Invalid query: INSERT INTO frontmed.neural_appointment (id, appointment_date, appointment_time, user_id, comment, component_id, visit_id, patient_id, created_by, select_option)
					SELECT (id + 1) AS last_id,
					'2020-11-12',
					'09:30',
					'330',
					'',
					'10',
					'2002689',
					'',
					'150',
					NULL
					FROM frontmed.neural_appointment ORDER BY id DESC LIMIT 1 RETURNING id AS last_id
ERROR - 2020-11-04 14:05:31 --> Severity: Warning --> pg_query() [<a href='function.pg-query'>function.pg-query</a>]: Query failed: ERROR:  invalid input syntax for integer: &quot;&quot;
LINE 9:      '',
             ^ /home/miracle/public_html/ci3_cgi/system/database/drivers/postgre/postgre_driver.php 242
ERROR - 2020-11-04 14:05:31 --> Query error: ERROR:  invalid input syntax for integer: ""
LINE 9:      '',
             ^ - Invalid query: INSERT INTO frontmed.neural_appointment (id, appointment_date, appointment_time, user_id, comment, component_id, visit_id, patient_id, created_by, select_option)
					SELECT (id + 1) AS last_id,
					'2020-11-12',
					'09:30',
					'330',
					'',
					'10',
					'2002689',
					'',
					'150',
					NULL
					FROM frontmed.neural_appointment ORDER BY id DESC LIMIT 1 RETURNING id AS last_id
ERROR - 2020-11-04 14:05:31 --> Severity: Warning --> pg_query() [<a href='function.pg-query'>function.pg-query</a>]: Query failed: ERROR:  invalid input syntax for integer: &quot;&quot;
LINE 9:      '',
             ^ /home/miracle/public_html/ci3_cgi/system/database/drivers/postgre/postgre_driver.php 242
ERROR - 2020-11-04 14:05:31 --> Query error: ERROR:  invalid input syntax for integer: ""
LINE 9:      '',
             ^ - Invalid query: INSERT INTO frontmed.neural_appointment (id, appointment_date, appointment_time, user_id, comment, component_id, visit_id, patient_id, created_by, select_option)
					SELECT (id + 1) AS last_id,
					'2020-11-12',
					'09:30',
					'330',
					'',
					'10',
					'2002689',
					'',
					'150',
					NULL
					FROM frontmed.neural_appointment ORDER BY id DESC LIMIT 1 RETURNING id AS last_id
ERROR - 2020-11-04 14:09:31 --> Could not find the language line "admin dashboard jsi18n-sample"
ERROR - 2020-11-04 14:34:42 --> Severity: Warning --> pg_query() [<a href='function.pg-query'>function.pg-query</a>]: Query failed: FATAL:  terminating connection due to administrator command
server closed the connection unexpectedly
	This probably means the server terminated abnormally
	before or while processing the request. /home/miracle/public_html/ci3_cgi/system/database/drivers/postgre/postgre_driver.php 242
ERROR - 2020-11-04 14:34:42 --> Query error: FATAL:  terminating connection due to administrator command
server closed the connection unexpectedly
	This probably means the server terminated abnormally
	before or while processing the request. - Invalid query: SELECT "session"."id"
FROM "jvkk"."nano_session" AS "session"
WHERE "session"."session_user_id" IS NULL
ERROR - 2020-11-04 14:34:42 --> Severity: Warning --> Unknown: Failed to write session data (user). Please verify that the current setting of session.save_path is correct () Unknown 0
ERROR - 2020-11-04 14:34:42 --> Severity: Warning --> pg_query() [<a href='function.pg-query'>function.pg-query</a>]: Query failed: FATAL:  terminating connection due to administrator command
server closed the connection unexpectedly
	This probably means the server terminated abnormally
	before or while processing the request. /home/miracle/public_html/ci3_cgi/system/database/drivers/postgre/postgre_driver.php 242
ERROR - 2020-11-04 14:34:42 --> Query error: FATAL:  terminating connection due to administrator command
server closed the connection unexpectedly
	This probably means the server terminated abnormally
	before or while processing the request. - Invalid query: SELECT log.vn_id, log.vn, to_char(log.date_add, 'HH24:MI') AS time_th, patient.hn, patient.pa_pre_name || patient.pa_name || ' ' || patient.pa_lastname AS patient_name, log.station_id, appointment.id AS appointment_id, log.nano_queue_id AS queue_id
				FROM jvkk.nano_queue_log AS log
				INNER JOIN medrec.nano_visit AS visit ON visit.vn = log.vn
				INNER JOIN medrec.nano_patient AS patient ON patient.id = visit.id_patient
				INNER JOIN (SELECT vn, MAX(id) AS max_id FROM jvkk.nano_queue_log WHERE to_char(date_add, 'YYYY-MM-DD') = '2020-11-04' GROUP BY vn) AS queue_max ON (queue_max.max_id=log.id)
				LEFT JOIN frontmed.neural_appointment AS appointment ON appointment.visit_id = visit.id
				WHERE log.com_id2 IN ('27', '19') AND log.com_id1 IN (2, 11, 14, 19, 27, 46, 48, 49, 58) GROUP BY log.vn_id, log.vn, log.date_add, patient.hn, patient.pa_pre_name, patient.pa_name, patient.pa_lastname, log.station_id, appointment.id, log.nano_queue_id
				 ORDER BY time_th ASC
ERROR - 2020-11-04 14:34:42 --> Query error: FATAL:  terminating connection due to administrator command
server closed the connection unexpectedly
	This probably means the server terminated abnormally
	before or while processing the request. - Invalid query: UPDATE "frontmed"."ci_sessions" SET "timestamp" = 1604475282
WHERE "id" = 'rvkkjncl4jbnmq8fbfksutl20s1m57qv'
AND "ip_address" = '192.168.20.155'
ERROR - 2020-11-04 14:34:45 --> Severity: Warning --> pg_connect() [<a href='function.pg-connect'>function.pg-connect</a>]: Unable to connect to PostgreSQL server: could not connect to server: Connection refused
	Is the server running on host &quot;localhost&quot; (127.0.0.1) and accepting
	TCP/IP connections on port 5432? /home/miracle/public_html/ci3_cgi/system/database/drivers/postgre/postgre_driver.php 154
ERROR - 2020-11-04 14:34:45 --> Unable to connect to the database
ERROR - 2020-11-04 14:34:45 --> Severity: Warning --> pg_connect() [<a href='function.pg-connect'>function.pg-connect</a>]: Unable to connect to PostgreSQL server: could not connect to server: Connection refused
	Is the server running on host &quot;localhost&quot; (127.0.0.1) and accepting
	TCP/IP connections on port 5432? /home/miracle/public_html/ci3_cgi/system/database/drivers/postgre/postgre_driver.php 154
ERROR - 2020-11-04 14:34:45 --> Unable to connect to the database
ERROR - 2020-11-04 14:34:45 --> Severity: Warning --> pg_connect() [<a href='function.pg-connect'>function.pg-connect</a>]: Unable to connect to PostgreSQL server: could not connect to server: Connection refused
	Is the server running on host &quot;localhost&quot; (127.0.0.1) and accepting
	TCP/IP connections on port 5432? /home/miracle/public_html/ci3_cgi/system/database/drivers/postgre/postgre_driver.php 154
ERROR - 2020-11-04 14:34:45 --> Unable to connect to the database
ERROR - 2020-11-04 14:34:45 --> Severity: Warning --> pg_connect() [<a href='function.pg-connect'>function.pg-connect</a>]: Unable to connect to PostgreSQL server: could not connect to server: Connection refused
	Is the server running on host &quot;localhost&quot; (127.0.0.1) and accepting
	TCP/IP connections on port 5432? /home/miracle/public_html/ci3_cgi/system/database/drivers/postgre/postgre_driver.php 154
ERROR - 2020-11-04 14:34:45 --> Unable to connect to the database
ERROR - 2020-11-04 14:34:46 --> Severity: Warning --> pg_connect() [<a href='function.pg-connect'>function.pg-connect</a>]: Unable to connect to PostgreSQL server: FATAL:  the database system is starting up /home/miracle/public_html/ci3_cgi/system/database/drivers/postgre/postgre_driver.php 154
ERROR - 2020-11-04 14:34:46 --> Unable to connect to the database
ERROR - 2020-11-04 14:56:34 --> Could not find the language line "admin dashboard jsi18n-sample"
ERROR - 2020-11-04 15:38:49 --> Could not find the language line "admin dashboard jsi18n-sample"
ERROR - 2020-11-04 21:17:27 --> Could not find the language line "admin dashboard jsi18n-sample"
