ERROR - 2021-04-21 08:20:40 --> Could not find the language line "admin dashboard jsi18n-sample"
ERROR - 2021-04-21 08:20:44 --> Could not find the language line "admin dashboard jsi18n-sample"
ERROR - 2021-04-21 08:21:31 --> Severity: Warning --> pg_query() [<a href='function.pg-query'>function.pg-query</a>]: Query failed: ERROR:  invalid input syntax for integer: &quot;&quot;
LINE 5:      '',
             ^ /home/miracle/public_html/ci3_cgi/system/database/drivers/postgre/postgre_driver.php 242
ERROR - 2021-04-21 08:21:31 --> Query error: ERROR:  invalid input syntax for integer: ""
LINE 5:      '',
             ^ - Invalid query: INSERT INTO frontmed.neural_appointment (id, appointment_date, appointment_time, user_id, comment, component_id, visit_id, patient_id, created_by, select_option)
					SELECT (id + 1) AS last_id,
					'2021-05-19',
					'10:00',
					'',
					'',
					'10',
					'2046449',
					'167879',
					'460',
					NULL
					FROM frontmed.neural_appointment ORDER BY id DESC LIMIT 1 RETURNING id AS last_id
ERROR - 2021-04-21 08:23:13 --> Severity: Warning --> pg_query() [<a href='function.pg-query'>function.pg-query</a>]: Query failed: ERROR:  invalid input syntax for integer: &quot;&quot;
LINE 5:      '',
             ^ /home/miracle/public_html/ci3_cgi/system/database/drivers/postgre/postgre_driver.php 242
ERROR - 2021-04-21 08:23:13 --> Query error: ERROR:  invalid input syntax for integer: ""
LINE 5:      '',
             ^ - Invalid query: INSERT INTO frontmed.neural_appointment (id, appointment_date, appointment_time, user_id, comment, component_id, visit_id, patient_id, created_by, select_option)
					SELECT (id + 1) AS last_id,
					'2021-05-18',
					'10:00',
					'',
					'',
					'10',
					'2046449',
					'167879',
					'460',
					NULL
					FROM frontmed.neural_appointment ORDER BY id DESC LIMIT 1 RETURNING id AS last_id
ERROR - 2021-04-21 08:23:16 --> Could not find the language line "admin dashboard jsi18n-sample"
ERROR - 2021-04-21 08:23:46 --> Could not find the language line "admin dashboard jsi18n-sample"
ERROR - 2021-04-21 08:24:31 --> Could not find the language line "admin dashboard jsi18n-sample"
ERROR - 2021-04-21 08:24:43 --> Could not find the language line "admin dashboard jsi18n-sample"
ERROR - 2021-04-21 08:24:45 --> Could not find the language line "admin dashboard jsi18n-sample"
ERROR - 2021-04-21 08:25:04 --> Could not find the language line "admin dashboard jsi18n-sample"
ERROR - 2021-04-21 08:25:10 --> Could not find the language line "admin dashboard jsi18n-sample"
ERROR - 2021-04-21 08:35:34 --> Could not find the language line "admin dashboard jsi18n-sample"
ERROR - 2021-04-21 08:58:30 --> Could not find the language line "admin dashboard jsi18n-sample"
ERROR - 2021-04-21 09:01:04 --> Could not find the language line "admin dashboard jsi18n-sample"
ERROR - 2021-04-21 09:05:38 --> Could not find the language line "admin dashboard jsi18n-sample"
ERROR - 2021-04-21 09:06:12 --> Could not find the language line "admin dashboard jsi18n-sample"
ERROR - 2021-04-21 09:06:43 --> Could not find the language line "admin dashboard jsi18n-sample"
ERROR - 2021-04-21 09:16:43 --> Could not find the language line "admin dashboard jsi18n-sample"
ERROR - 2021-04-21 09:25:48 --> Severity: Warning --> pg_query() [<a href='function.pg-query'>function.pg-query</a>]: Query failed: FATAL:  terminating connection due to administrator command
server closed the connection unexpectedly
	This probably means the server terminated abnormally
	before or while processing the request. /home/miracle/public_html/ci3_cgi/system/database/drivers/postgre/postgre_driver.php 242
ERROR - 2021-04-21 09:25:48 --> Severity: Warning --> pg_query() [<a href='function.pg-query'>function.pg-query</a>]: Query failed: FATAL:  terminating connection due to administrator command
server closed the connection unexpectedly
	This probably means the server terminated abnormally
	before or while processing the request. /home/miracle/public_html/ci3_cgi/system/database/drivers/postgre/postgre_driver.php 242
ERROR - 2021-04-21 09:25:48 --> Severity: Warning --> pg_query() [<a href='function.pg-query'>function.pg-query</a>]: Query failed: FATAL:  terminating connection due to administrator command
server closed the connection unexpectedly
	This probably means the server terminated abnormally
	before or while processing the request. /home/miracle/public_html/ci3_cgi/system/database/drivers/postgre/postgre_driver.php 242
ERROR - 2021-04-21 09:25:48 --> Severity: Warning --> pg_query() [<a href='function.pg-query'>function.pg-query</a>]: Query failed: FATAL:  terminating connection due to administrator command
server closed the connection unexpectedly
	This probably means the server terminated abnormally
	before or while processing the request. /home/miracle/public_html/ci3_cgi/system/database/drivers/postgre/postgre_driver.php 242
ERROR - 2021-04-21 09:25:48 --> Query error: FATAL:  terminating connection due to administrator command
server closed the connection unexpectedly
	This probably means the server terminated abnormally
	before or while processing the request. - Invalid query: SELECT log.vn_id, log.vn, to_char(log.date_add, 'HH24:MI') AS time_th, patient.hn, patient.pa_pre_name || patient.pa_name || ' ' || patient.pa_lastname AS patient_name, log.station_id, appointment.id AS appointment_id, log.nano_queue_id AS queue_id
				FROM jvkk.nano_queue_log AS log
				INNER JOIN medrec.nano_visit AS visit ON visit.vn = log.vn
				INNER JOIN medrec.nano_patient AS patient ON patient.id = visit.id_patient
				INNER JOIN (SELECT vn, MAX(id) AS max_id FROM jvkk.nano_queue_log WHERE to_char(date_add, 'YYYY-MM-DD') = '2021-04-21' GROUP BY vn) AS queue_max ON (queue_max.max_id=log.id)
				LEFT JOIN frontmed.neural_appointment AS appointment ON appointment.visit_id = visit.id
				WHERE log.com_id2 IN ('27', '19') AND log.com_id1 = '25' GROUP BY log.vn_id, log.vn, log.date_add, patient.hn, patient.pa_pre_name, patient.pa_name, patient.pa_lastname, log.station_id, appointment.id, log.nano_queue_id
				 ORDER BY time_th ASC
ERROR - 2021-04-21 09:25:48 --> Severity: Notice --> pg_query() [<a href='function.pg-query'>function.pg-query</a>]: Cannot set connection to blocking mode /home/miracle/public_html/ci3_cgi/system/database/drivers/postgre/postgre_driver.php 242
ERROR - 2021-04-21 09:25:48 --> Query error: FATAL:  terminating connection due to administrator command
server closed the connection unexpectedly
	This probably means the server terminated abnormally
	before or while processing the request. - Invalid query: SELECT "session"."id"
FROM "jvkk"."nano_session" AS "session"
WHERE "session"."session_user_id" IS NULL
ERROR - 2021-04-21 09:25:48 --> Severity: Notice --> pg_query() [<a href='function.pg-query'>function.pg-query</a>]: Cannot set connection to blocking mode /home/miracle/public_html/ci3_cgi/system/database/drivers/postgre/postgre_driver.php 242
ERROR - 2021-04-21 09:25:48 --> Query error: FATAL:  terminating connection due to administrator command
server closed the connection unexpectedly
	This probably means the server terminated abnormally
	before or while processing the request. - Invalid query: UPDATE "frontmed"."ci_sessions" SET "timestamp" = 1618971948
WHERE "id" = 'ndv3nvitpu77i7030uk92f4rkl3f0l1t'
AND "ip_address" = '192.168.10.192'
ERROR - 2021-04-21 09:25:48 --> Severity: Notice --> pg_query() [<a href='function.pg-query'>function.pg-query</a>]: Cannot set connection to blocking mode /home/miracle/public_html/ci3_cgi/system/database/drivers/postgre/postgre_driver.php 242
ERROR - 2021-04-21 09:25:48 --> Severity: Warning --> Unknown: Failed to write session data (user). Please verify that the current setting of session.save_path is correct () Unknown 0
ERROR - 2021-04-21 09:25:48 --> Severity: Notice --> pg_query() [<a href='function.pg-query'>function.pg-query</a>]: Cannot set connection to blocking mode /home/miracle/public_html/ci3_cgi/system/database/drivers/postgre/postgre_driver.php 242
ERROR - 2021-04-21 09:25:48 --> Severity: Notice --> pg_query() [<a href='function.pg-query'>function.pg-query</a>]: Cannot set connection to blocking mode /home/miracle/public_html/ci3_cgi/system/database/drivers/postgre/postgre_driver.php 242
ERROR - 2021-04-21 09:25:48 --> Query error: FATAL:  terminating connection due to administrator command
server closed the connection unexpectedly
	This probably means the server terminated abnormally
	before or while processing the request. - Invalid query: SELECT * FROM public.settings ORDER BY sort_order ASC
ERROR - 2021-04-21 09:25:48 --> Query error: FATAL:  terminating connection due to administrator command
server closed the connection unexpectedly
	This probably means the server terminated abnormally
	before or while processing the request. - Invalid query: SELECT * FROM public.settings ORDER BY sort_order ASC
ERROR - 2021-04-21 09:25:48 --> Severity: Warning --> Unknown: Failed to write session data (user). Please verify that the current setting of session.save_path is correct () Unknown 0
ERROR - 2021-04-21 09:25:48 --> Severity: Warning --> Unknown: Failed to write session data (user). Please verify that the current setting of session.save_path is correct () Unknown 0
ERROR - 2021-04-21 09:25:48 --> Severity: Warning --> pg_query() [<a href='function.pg-query'>function.pg-query</a>]: Query failed: FATAL:  terminating connection due to administrator command
server closed the connection unexpectedly
	This probably means the server terminated abnormally
	before or while processing the request. /home/miracle/public_html/ci3_cgi/system/database/drivers/postgre/postgre_driver.php 242
ERROR - 2021-04-21 09:25:48 --> Query error: FATAL:  terminating connection due to administrator command
server closed the connection unexpectedly
	This probably means the server terminated abnormally
	before or while processing the request. - Invalid query: SELECT log.vn_id, log.vn, to_char(log.date_add, 'HH24:MI') AS time_th, patient.hn, patient.pa_pre_name || patient.pa_name || ' ' || patient.pa_lastname AS patient_name, log.station_id, appointment.id AS appointment_id, log.nano_queue_id AS queue_id
				FROM jvkk.nano_queue_log AS log
				INNER JOIN medrec.nano_visit AS visit ON visit.vn = log.vn
				INNER JOIN medrec.nano_patient AS patient ON patient.id = visit.id_patient
				INNER JOIN (SELECT vn, MAX(id) AS max_id FROM jvkk.nano_queue_log WHERE to_char(date_add, 'YYYY-MM-DD') = '2021-04-21' GROUP BY vn) AS queue_max ON (queue_max.max_id=log.id)
				LEFT JOIN frontmed.neural_appointment AS appointment ON appointment.visit_id = visit.id
				WHERE log.com_id2 IN ('27', '19') AND log.com_id1 IN (2, 11, 14, 19, 27, 46, 48, 49, 58) GROUP BY log.vn_id, log.vn, log.date_add, patient.hn, patient.pa_pre_name, patient.pa_name, patient.pa_lastname, log.station_id, appointment.id, log.nano_queue_id
				 ORDER BY time_th ASC
ERROR - 2021-04-21 09:25:48 --> Severity: Notice --> pg_query() [<a href='function.pg-query'>function.pg-query</a>]: Cannot set connection to blocking mode /home/miracle/public_html/ci3_cgi/system/database/drivers/postgre/postgre_driver.php 242
ERROR - 2021-04-21 09:25:48 --> Query error: FATAL:  terminating connection due to administrator command
server closed the connection unexpectedly
	This probably means the server terminated abnormally
	before or while processing the request. - Invalid query: UPDATE "frontmed"."ci_sessions" SET "timestamp" = 1618971948
WHERE "id" = 'geo87bh3lio6up95cc1bsbr4lrhfh16p'
AND "ip_address" = '192.168.10.52'
ERROR - 2021-04-21 09:25:48 --> Severity: Notice --> pg_query() [<a href='function.pg-query'>function.pg-query</a>]: Cannot set connection to blocking mode /home/miracle/public_html/ci3_cgi/system/database/drivers/postgre/postgre_driver.php 242
ERROR - 2021-04-21 09:25:48 --> Severity: Warning --> pg_connect() [<a href='function.pg-connect'>function.pg-connect</a>]: Unable to connect to PostgreSQL server: FATAL:  the database system is shutting down /home/miracle/public_html/ci3_cgi/system/database/drivers/postgre/postgre_driver.php 154
ERROR - 2021-04-21 09:25:48 --> Unable to connect to the database
ERROR - 2021-04-21 09:25:48 --> Severity: Warning --> pg_connect() [<a href='function.pg-connect'>function.pg-connect</a>]: Unable to connect to PostgreSQL server: FATAL:  the database system is shutting down /home/miracle/public_html/ci3_cgi/system/database/drivers/postgre/postgre_driver.php 154
ERROR - 2021-04-21 09:25:48 --> Unable to connect to the database
ERROR - 2021-04-21 09:25:48 --> Severity: Warning --> pg_connect() [<a href='function.pg-connect'>function.pg-connect</a>]: Unable to connect to PostgreSQL server: FATAL:  the database system is shutting down /home/miracle/public_html/ci3_cgi/system/database/drivers/postgre/postgre_driver.php 154
ERROR - 2021-04-21 09:25:48 --> Unable to connect to the database
ERROR - 2021-04-21 09:25:48 --> Severity: Warning --> pg_connect() [<a href='function.pg-connect'>function.pg-connect</a>]: Unable to connect to PostgreSQL server: FATAL:  the database system is shutting down /home/miracle/public_html/ci3_cgi/system/database/drivers/postgre/postgre_driver.php 154
ERROR - 2021-04-21 09:25:48 --> Unable to connect to the database
ERROR - 2021-04-21 09:25:48 --> Severity: Warning --> pg_connect() [<a href='function.pg-connect'>function.pg-connect</a>]: Unable to connect to PostgreSQL server: FATAL:  the database system is shutting down /home/miracle/public_html/ci3_cgi/system/database/drivers/postgre/postgre_driver.php 154
ERROR - 2021-04-21 09:25:48 --> Unable to connect to the database
ERROR - 2021-04-21 09:25:48 --> Severity: Warning --> pg_connect() [<a href='function.pg-connect'>function.pg-connect</a>]: Unable to connect to PostgreSQL server: FATAL:  the database system is shutting down /home/miracle/public_html/ci3_cgi/system/database/drivers/postgre/postgre_driver.php 154
ERROR - 2021-04-21 09:25:48 --> Unable to connect to the database
ERROR - 2021-04-21 09:25:48 --> Severity: Warning --> pg_connect() [<a href='function.pg-connect'>function.pg-connect</a>]: Unable to connect to PostgreSQL server: FATAL:  the database system is shutting down /home/miracle/public_html/ci3_cgi/system/database/drivers/postgre/postgre_driver.php 154
ERROR - 2021-04-21 09:25:48 --> Unable to connect to the database
ERROR - 2021-04-21 09:25:48 --> Severity: Warning --> pg_connect() [<a href='function.pg-connect'>function.pg-connect</a>]: Unable to connect to PostgreSQL server: FATAL:  the database system is shutting down /home/miracle/public_html/ci3_cgi/system/database/drivers/postgre/postgre_driver.php 154
ERROR - 2021-04-21 09:25:48 --> Unable to connect to the database
ERROR - 2021-04-21 09:25:49 --> Severity: Warning --> pg_connect() [<a href='function.pg-connect'>function.pg-connect</a>]: Unable to connect to PostgreSQL server: FATAL:  the database system is shutting down /home/miracle/public_html/ci3_cgi/system/database/drivers/postgre/postgre_driver.php 154
ERROR - 2021-04-21 09:25:49 --> Unable to connect to the database
ERROR - 2021-04-21 09:25:49 --> Severity: Warning --> pg_connect() [<a href='function.pg-connect'>function.pg-connect</a>]: Unable to connect to PostgreSQL server: FATAL:  the database system is shutting down /home/miracle/public_html/ci3_cgi/system/database/drivers/postgre/postgre_driver.php 154
ERROR - 2021-04-21 09:25:49 --> Unable to connect to the database
ERROR - 2021-04-21 09:25:49 --> Severity: Warning --> pg_connect() [<a href='function.pg-connect'>function.pg-connect</a>]: Unable to connect to PostgreSQL server: FATAL:  the database system is shutting down /home/miracle/public_html/ci3_cgi/system/database/drivers/postgre/postgre_driver.php 154
ERROR - 2021-04-21 09:25:49 --> Unable to connect to the database
ERROR - 2021-04-21 09:25:49 --> Severity: Warning --> pg_connect() [<a href='function.pg-connect'>function.pg-connect</a>]: Unable to connect to PostgreSQL server: FATAL:  the database system is shutting down /home/miracle/public_html/ci3_cgi/system/database/drivers/postgre/postgre_driver.php 154
ERROR - 2021-04-21 09:25:49 --> Unable to connect to the database
ERROR - 2021-04-21 09:25:49 --> Severity: Warning --> pg_connect() [<a href='function.pg-connect'>function.pg-connect</a>]: Unable to connect to PostgreSQL server: FATAL:  the database system is shutting down /home/miracle/public_html/ci3_cgi/system/database/drivers/postgre/postgre_driver.php 154
ERROR - 2021-04-21 09:25:49 --> Unable to connect to the database
ERROR - 2021-04-21 09:25:49 --> Severity: Warning --> pg_connect() [<a href='function.pg-connect'>function.pg-connect</a>]: Unable to connect to PostgreSQL server: FATAL:  the database system is shutting down /home/miracle/public_html/ci3_cgi/system/database/drivers/postgre/postgre_driver.php 154
ERROR - 2021-04-21 09:25:49 --> Unable to connect to the database
ERROR - 2021-04-21 09:25:53 --> Severity: Warning --> pg_connect() [<a href='function.pg-connect'>function.pg-connect</a>]: Unable to connect to PostgreSQL server: could not connect to server: Connection refused
	Is the server running on host &quot;localhost&quot; (127.0.0.1) and accepting
	TCP/IP connections on port 5432? /home/miracle/public_html/ci3_cgi/system/database/drivers/postgre/postgre_driver.php 154
ERROR - 2021-04-21 09:25:53 --> Unable to connect to the database
ERROR - 2021-04-21 09:25:53 --> Severity: Warning --> pg_connect() [<a href='function.pg-connect'>function.pg-connect</a>]: Unable to connect to PostgreSQL server: could not connect to server: Connection refused
	Is the server running on host &quot;localhost&quot; (127.0.0.1) and accepting
	TCP/IP connections on port 5432? /home/miracle/public_html/ci3_cgi/system/database/drivers/postgre/postgre_driver.php 154
ERROR - 2021-04-21 09:25:53 --> Severity: Warning --> pg_connect() [<a href='function.pg-connect'>function.pg-connect</a>]: Unable to connect to PostgreSQL server: could not connect to server: Connection refused
	Is the server running on host &quot;localhost&quot; (127.0.0.1) and accepting
	TCP/IP connections on port 5432? /home/miracle/public_html/ci3_cgi/system/database/drivers/postgre/postgre_driver.php 154
ERROR - 2021-04-21 09:25:53 --> Unable to connect to the database
ERROR - 2021-04-21 09:25:53 --> Unable to connect to the database
ERROR - 2021-04-21 09:25:53 --> Severity: Warning --> pg_connect() [<a href='function.pg-connect'>function.pg-connect</a>]: Unable to connect to PostgreSQL server: could not connect to server: Connection refused
	Is the server running on host &quot;localhost&quot; (127.0.0.1) and accepting
	TCP/IP connections on port 5432? /home/miracle/public_html/ci3_cgi/system/database/drivers/postgre/postgre_driver.php 154
ERROR - 2021-04-21 09:25:53 --> Unable to connect to the database
ERROR - 2021-04-21 09:25:53 --> Severity: Warning --> pg_connect() [<a href='function.pg-connect'>function.pg-connect</a>]: Unable to connect to PostgreSQL server: could not connect to server: Connection refused
	Is the server running on host &quot;localhost&quot; (127.0.0.1) and accepting
	TCP/IP connections on port 5432? /home/miracle/public_html/ci3_cgi/system/database/drivers/postgre/postgre_driver.php 154
ERROR - 2021-04-21 09:25:53 --> Unable to connect to the database
ERROR - 2021-04-21 09:25:53 --> Severity: Warning --> pg_connect() [<a href='function.pg-connect'>function.pg-connect</a>]: Unable to connect to PostgreSQL server: could not connect to server: Connection refused
	Is the server running on host &quot;localhost&quot; (127.0.0.1) and accepting
	TCP/IP connections on port 5432? /home/miracle/public_html/ci3_cgi/system/database/drivers/postgre/postgre_driver.php 154
ERROR - 2021-04-21 09:25:53 --> Unable to connect to the database
ERROR - 2021-04-21 09:25:53 --> Severity: Warning --> pg_connect() [<a href='function.pg-connect'>function.pg-connect</a>]: Unable to connect to PostgreSQL server: could not connect to server: Connection refused
	Is the server running on host &quot;localhost&quot; (127.0.0.1) and accepting
	TCP/IP connections on port 5432? /home/miracle/public_html/ci3_cgi/system/database/drivers/postgre/postgre_driver.php 154
ERROR - 2021-04-21 09:25:53 --> Unable to connect to the database
ERROR - 2021-04-21 09:26:52 --> Could not find the language line "admin dashboard jsi18n-sample"
ERROR - 2021-04-21 09:30:33 --> Could not find the language line "admin dashboard jsi18n-sample"
ERROR - 2021-04-21 09:49:05 --> Could not find the language line "admin dashboard jsi18n-sample"
ERROR - 2021-04-21 09:49:54 --> Could not find the language line "admin dashboard jsi18n-sample"
ERROR - 2021-04-21 09:50:09 --> Could not find the language line "admin dashboard jsi18n-sample"
ERROR - 2021-04-21 09:59:57 --> Could not find the language line "admin dashboard jsi18n-sample"
ERROR - 2021-04-21 10:06:01 --> Could not find the language line "admin dashboard jsi18n-sample"
ERROR - 2021-04-21 10:08:52 --> Could not find the language line "admin dashboard jsi18n-sample"
ERROR - 2021-04-21 10:24:13 --> Could not find the language line "admin dashboard jsi18n-sample"
ERROR - 2021-04-21 10:35:20 --> Could not find the language line "admin dashboard jsi18n-sample"
ERROR - 2021-04-21 10:43:16 --> Could not find the language line "admin dashboard jsi18n-sample"
ERROR - 2021-04-21 11:15:54 --> Could not find the language line "admin dashboard jsi18n-sample"
ERROR - 2021-04-21 11:17:41 --> Could not find the language line "admin dashboard jsi18n-sample"
ERROR - 2021-04-21 11:18:03 --> Could not find the language line "admin dashboard jsi18n-sample"
ERROR - 2021-04-21 11:18:10 --> Could not find the language line "admin dashboard jsi18n-sample"
ERROR - 2021-04-21 11:18:37 --> Could not find the language line "admin dashboard jsi18n-sample"
ERROR - 2021-04-21 11:20:42 --> Could not find the language line "admin dashboard jsi18n-sample"
ERROR - 2021-04-21 11:21:17 --> Could not find the language line "admin dashboard jsi18n-sample"
ERROR - 2021-04-21 11:21:34 --> Could not find the language line "admin dashboard jsi18n-sample"
ERROR - 2021-04-21 11:21:44 --> Could not find the language line "admin dashboard jsi18n-sample"
ERROR - 2021-04-21 12:44:44 --> Could not find the language line "admin dashboard jsi18n-sample"
ERROR - 2021-04-21 13:14:13 --> Could not find the language line "admin dashboard jsi18n-sample"
ERROR - 2021-04-21 13:14:17 --> Could not find the language line "admin dashboard jsi18n-sample"
ERROR - 2021-04-21 13:14:19 --> Could not find the language line "admin dashboard jsi18n-sample"
ERROR - 2021-04-21 13:14:25 --> Could not find the language line "admin dashboard jsi18n-sample"
ERROR - 2021-04-21 13:14:49 --> Could not find the language line "admin dashboard jsi18n-sample"
ERROR - 2021-04-21 13:38:42 --> Could not find the language line "admin dashboard jsi18n-sample"
ERROR - 2021-04-21 13:41:23 --> Could not find the language line "admin dashboard jsi18n-sample"
ERROR - 2021-04-21 13:42:26 --> Severity: Notice --> Trying to get property of non-object /home/miracle/public_html/ci3_cgi/application/modules/Pressure/controllers/Pressure.php 53
ERROR - 2021-04-21 13:42:26 --> Severity: Notice --> Trying to get property of non-object /home/miracle/public_html/ci3_cgi/application/modules/Pressure/controllers/Pressure.php 53
ERROR - 2021-04-21 13:42:26 --> Severity: Notice --> Trying to get property of non-object /home/miracle/public_html/ci3_cgi/application/modules/Pressure/controllers/Pressure.php 61
ERROR - 2021-04-21 13:42:26 --> Severity: Notice --> Trying to get property of non-object /home/miracle/public_html/ci3_cgi/application/modules/Pressure/controllers/Pressure.php 62
ERROR - 2021-04-21 13:42:26 --> Severity: Notice --> Trying to get property of non-object /home/miracle/public_html/ci3_cgi/application/modules/Pressure/controllers/Pressure.php 69
ERROR - 2021-04-21 13:42:26 --> Severity: Notice --> Trying to get property of non-object /home/miracle/public_html/ci3_cgi/application/modules/Pressure/controllers/Pressure.php 70
ERROR - 2021-04-21 13:43:44 --> Could not find the language line "admin dashboard jsi18n-sample"
ERROR - 2021-04-21 13:49:30 --> Could not find the language line "admin dashboard jsi18n-sample"
ERROR - 2021-04-21 14:00:01 --> Severity: Warning --> pg_query() [<a href='function.pg-query'>function.pg-query</a>]: Query failed: FATAL:  terminating connection due to administrator command
server closed the connection unexpectedly
	This probably means the server terminated abnormally
	before or while processing the request. /home/miracle/public_html/ci3_cgi/system/database/drivers/postgre/postgre_driver.php 242
ERROR - 2021-04-21 14:00:01 --> Severity: Warning --> pg_query() [<a href='function.pg-query'>function.pg-query</a>]: Query failed: FATAL:  terminating connection due to administrator command
server closed the connection unexpectedly
	This probably means the server terminated abnormally
	before or while processing the request. /home/miracle/public_html/ci3_cgi/system/database/drivers/postgre/postgre_driver.php 242
ERROR - 2021-04-21 14:00:01 --> Severity: Notice --> pg_query() [<a href='function.pg-query'>function.pg-query</a>]: Cannot set connection to blocking mode /home/miracle/public_html/ci3_cgi/system/database/drivers/postgre/postgre_driver.php 242
ERROR - 2021-04-21 14:00:01 --> Query error: FATAL:  terminating connection due to administrator command
server closed the connection unexpectedly
	This probably means the server terminated abnormally
	before or while processing the request. - Invalid query: SELECT "session"."id"
FROM "jvkk"."nano_session" AS "session"
WHERE "session"."session_user_id" IS NULL
ERROR - 2021-04-21 14:00:01 --> Severity: Warning --> Unknown: Failed to write session data (user). Please verify that the current setting of session.save_path is correct () Unknown 0
ERROR - 2021-04-21 14:00:01 --> Severity: Notice --> pg_query() [<a href='function.pg-query'>function.pg-query</a>]: Cannot set connection to blocking mode /home/miracle/public_html/ci3_cgi/system/database/drivers/postgre/postgre_driver.php 242
ERROR - 2021-04-21 14:00:01 --> Query error: FATAL:  terminating connection due to administrator command
server closed the connection unexpectedly
	This probably means the server terminated abnormally
	before or while processing the request. - Invalid query: SELECT * FROM public.settings ORDER BY sort_order ASC
ERROR - 2021-04-21 14:00:01 --> Severity: Warning --> Unknown: Failed to write session data (user). Please verify that the current setting of session.save_path is correct () Unknown 0
ERROR - 2021-04-21 14:00:01 --> Severity: Warning --> pg_query() [<a href='function.pg-query'>function.pg-query</a>]: Query failed: FATAL:  terminating connection due to administrator command
server closed the connection unexpectedly
	This probably means the server terminated abnormally
	before or while processing the request. /home/miracle/public_html/ci3_cgi/system/database/drivers/postgre/postgre_driver.php 242
ERROR - 2021-04-21 14:00:01 --> Query error: FATAL:  terminating connection due to administrator command
server closed the connection unexpectedly
	This probably means the server terminated abnormally
	before or while processing the request. - Invalid query: SELECT log.vn_id, log.vn, to_char(log.date_add, 'HH24:MI') AS time_th, patient.hn, patient.pa_pre_name || patient.pa_name || ' ' || patient.pa_lastname AS patient_name, log.station_id, appointment.id AS appointment_id, log.nano_queue_id AS queue_id
				FROM jvkk.nano_queue_log AS log
				INNER JOIN medrec.nano_visit AS visit ON visit.vn = log.vn
				INNER JOIN medrec.nano_patient AS patient ON patient.id = visit.id_patient
				INNER JOIN (SELECT vn, MAX(id) AS max_id FROM jvkk.nano_queue_log WHERE to_char(date_add, 'YYYY-MM-DD') = '2021-04-21' GROUP BY vn) AS queue_max ON (queue_max.max_id=log.id)
				LEFT JOIN frontmed.neural_appointment AS appointment ON appointment.visit_id = visit.id
				WHERE log.com_id2 IN ('27', '19') AND log.com_id1 = '25' GROUP BY log.vn_id, log.vn, log.date_add, patient.hn, patient.pa_pre_name, patient.pa_name, patient.pa_lastname, log.station_id, appointment.id, log.nano_queue_id
				 ORDER BY time_th ASC
ERROR - 2021-04-21 14:00:01 --> Severity: Notice --> pg_query() [<a href='function.pg-query'>function.pg-query</a>]: Cannot set connection to blocking mode /home/miracle/public_html/ci3_cgi/system/database/drivers/postgre/postgre_driver.php 242
ERROR - 2021-04-21 14:00:01 --> Query error: FATAL:  terminating connection due to administrator command
server closed the connection unexpectedly
	This probably means the server terminated abnormally
	before or while processing the request. - Invalid query: UPDATE "frontmed"."ci_sessions" SET "timestamp" = 1618988401
WHERE "id" = '5ui3gr834iptdbic0oree54oikpke3v9'
AND "ip_address" = '192.168.10.192'
ERROR - 2021-04-21 14:00:01 --> Severity: Notice --> pg_query() [<a href='function.pg-query'>function.pg-query</a>]: Cannot set connection to blocking mode /home/miracle/public_html/ci3_cgi/system/database/drivers/postgre/postgre_driver.php 242
ERROR - 2021-04-21 14:00:03 --> Severity: Warning --> pg_connect() [<a href='function.pg-connect'>function.pg-connect</a>]: Unable to connect to PostgreSQL server: FATAL:  the database system is shutting down /home/miracle/public_html/ci3_cgi/system/database/drivers/postgre/postgre_driver.php 154
ERROR - 2021-04-21 14:00:03 --> Unable to connect to the database
ERROR - 2021-04-21 14:00:03 --> Severity: Warning --> pg_connect() [<a href='function.pg-connect'>function.pg-connect</a>]: Unable to connect to PostgreSQL server: FATAL:  the database system is shutting down /home/miracle/public_html/ci3_cgi/system/database/drivers/postgre/postgre_driver.php 154
ERROR - 2021-04-21 14:00:03 --> Unable to connect to the database
ERROR - 2021-04-21 14:00:03 --> Severity: Warning --> pg_connect() [<a href='function.pg-connect'>function.pg-connect</a>]: Unable to connect to PostgreSQL server: FATAL:  the database system is shutting down /home/miracle/public_html/ci3_cgi/system/database/drivers/postgre/postgre_driver.php 154
ERROR - 2021-04-21 14:00:03 --> Unable to connect to the database
ERROR - 2021-04-21 14:00:03 --> Severity: Warning --> pg_connect() [<a href='function.pg-connect'>function.pg-connect</a>]: Unable to connect to PostgreSQL server: FATAL:  the database system is shutting down /home/miracle/public_html/ci3_cgi/system/database/drivers/postgre/postgre_driver.php 154
ERROR - 2021-04-21 14:00:03 --> Severity: Warning --> pg_connect() [<a href='function.pg-connect'>function.pg-connect</a>]: Unable to connect to PostgreSQL server: FATAL:  the database system is shutting down /home/miracle/public_html/ci3_cgi/system/database/drivers/postgre/postgre_driver.php 154
ERROR - 2021-04-21 14:00:03 --> Unable to connect to the database
ERROR - 2021-04-21 14:00:03 --> Unable to connect to the database
ERROR - 2021-04-21 14:00:03 --> Severity: Warning --> pg_connect() [<a href='function.pg-connect'>function.pg-connect</a>]: Unable to connect to PostgreSQL server: FATAL:  the database system is shutting down /home/miracle/public_html/ci3_cgi/system/database/drivers/postgre/postgre_driver.php 154
ERROR - 2021-04-21 14:00:03 --> Unable to connect to the database
ERROR - 2021-04-21 14:00:05 --> Severity: Warning --> pg_connect() [<a href='function.pg-connect'>function.pg-connect</a>]: Unable to connect to PostgreSQL server: server closed the connection unexpectedly
	This probably means the server terminated abnormally
	before or while processing the request. /home/miracle/public_html/ci3_cgi/system/database/drivers/postgre/postgre_driver.php 154
ERROR - 2021-04-21 14:00:05 --> Unable to connect to the database
ERROR - 2021-04-21 14:15:12 --> Could not find the language line "admin dashboard jsi18n-sample"
ERROR - 2021-04-21 14:36:59 --> Could not find the language line "admin dashboard jsi18n-sample"
ERROR - 2021-04-21 14:45:27 --> Severity: Warning --> pg_query() [<a href='function.pg-query'>function.pg-query</a>]: Query failed: ERROR:  invalid input syntax for integer: &quot;&quot;
LINE 5:      '',
             ^ /home/miracle/public_html/ci3_cgi/system/database/drivers/postgre/postgre_driver.php 242
ERROR - 2021-04-21 14:45:27 --> Query error: ERROR:  invalid input syntax for integer: ""
LINE 5:      '',
             ^ - Invalid query: INSERT INTO frontmed.neural_appointment (id, appointment_date, appointment_time, user_id, comment, component_id, visit_id, patient_id, created_by, select_option)
					SELECT (id + 1) AS last_id,
					'2021-05-12',
					'08:30',
					'',
					'ตรวจจิตวิทยาเพื่อประกอบทำงานบ้านเเคนทอง (ทำแล้วกลับบ้าน)',
					'19',
					'2046756',
					'199499',
					'73',
					NULL
					FROM frontmed.neural_appointment ORDER BY id DESC LIMIT 1 RETURNING id AS last_id
ERROR - 2021-04-21 14:45:29 --> Severity: Warning --> pg_query() [<a href='function.pg-query'>function.pg-query</a>]: Query failed: ERROR:  invalid input syntax for integer: &quot;&quot;
LINE 5:      '',
             ^ /home/miracle/public_html/ci3_cgi/system/database/drivers/postgre/postgre_driver.php 242
ERROR - 2021-04-21 14:45:29 --> Query error: ERROR:  invalid input syntax for integer: ""
LINE 5:      '',
             ^ - Invalid query: INSERT INTO frontmed.neural_appointment (id, appointment_date, appointment_time, user_id, comment, component_id, visit_id, patient_id, created_by, select_option)
					SELECT (id + 1) AS last_id,
					'2021-05-12',
					'08:30',
					'',
					'ตรวจจิตวิทยาเพื่อประกอบทำงานบ้านเเคนทอง (ทำแล้วกลับบ้าน)',
					'19',
					'2046756',
					'199499',
					'73',
					NULL
					FROM frontmed.neural_appointment ORDER BY id DESC LIMIT 1 RETURNING id AS last_id
ERROR - 2021-04-21 14:45:30 --> Severity: Warning --> pg_query() [<a href='function.pg-query'>function.pg-query</a>]: Query failed: ERROR:  invalid input syntax for integer: &quot;&quot;
LINE 5:      '',
             ^ /home/miracle/public_html/ci3_cgi/system/database/drivers/postgre/postgre_driver.php 242
ERROR - 2021-04-21 14:45:30 --> Query error: ERROR:  invalid input syntax for integer: ""
LINE 5:      '',
             ^ - Invalid query: INSERT INTO frontmed.neural_appointment (id, appointment_date, appointment_time, user_id, comment, component_id, visit_id, patient_id, created_by, select_option)
					SELECT (id + 1) AS last_id,
					'2021-05-12',
					'08:30',
					'',
					'ตรวจจิตวิทยาเพื่อประกอบทำงานบ้านเเคนทอง (ทำแล้วกลับบ้าน)',
					'19',
					'2046756',
					'199499',
					'73',
					NULL
					FROM frontmed.neural_appointment ORDER BY id DESC LIMIT 1 RETURNING id AS last_id
ERROR - 2021-04-21 14:45:31 --> Severity: Warning --> pg_query() [<a href='function.pg-query'>function.pg-query</a>]: Query failed: ERROR:  invalid input syntax for integer: &quot;&quot;
LINE 5:      '',
             ^ /home/miracle/public_html/ci3_cgi/system/database/drivers/postgre/postgre_driver.php 242
ERROR - 2021-04-21 14:45:31 --> Query error: ERROR:  invalid input syntax for integer: ""
LINE 5:      '',
             ^ - Invalid query: INSERT INTO frontmed.neural_appointment (id, appointment_date, appointment_time, user_id, comment, component_id, visit_id, patient_id, created_by, select_option)
					SELECT (id + 1) AS last_id,
					'2021-05-12',
					'08:30',
					'',
					'ตรวจจิตวิทยาเพื่อประกอบทำงานบ้านเเคนทอง (ทำแล้วกลับบ้าน)',
					'19',
					'2046756',
					'199499',
					'73',
					NULL
					FROM frontmed.neural_appointment ORDER BY id DESC LIMIT 1 RETURNING id AS last_id
ERROR - 2021-04-21 14:45:32 --> Severity: Warning --> pg_query() [<a href='function.pg-query'>function.pg-query</a>]: Query failed: ERROR:  invalid input syntax for integer: &quot;&quot;
LINE 5:      '',
             ^ /home/miracle/public_html/ci3_cgi/system/database/drivers/postgre/postgre_driver.php 242
ERROR - 2021-04-21 14:45:32 --> Query error: ERROR:  invalid input syntax for integer: ""
LINE 5:      '',
             ^ - Invalid query: INSERT INTO frontmed.neural_appointment (id, appointment_date, appointment_time, user_id, comment, component_id, visit_id, patient_id, created_by, select_option)
					SELECT (id + 1) AS last_id,
					'2021-05-12',
					'08:30',
					'',
					'ตรวจจิตวิทยาเพื่อประกอบทำงานบ้านเเคนทอง (ทำแล้วกลับบ้าน)',
					'19',
					'2046756',
					'199499',
					'73',
					NULL
					FROM frontmed.neural_appointment ORDER BY id DESC LIMIT 1 RETURNING id AS last_id
ERROR - 2021-04-21 14:45:36 --> Severity: Warning --> pg_query() [<a href='function.pg-query'>function.pg-query</a>]: Query failed: ERROR:  invalid input syntax for integer: &quot;&quot;
LINE 5:      '',
             ^ /home/miracle/public_html/ci3_cgi/system/database/drivers/postgre/postgre_driver.php 242
ERROR - 2021-04-21 14:45:36 --> Query error: ERROR:  invalid input syntax for integer: ""
LINE 5:      '',
             ^ - Invalid query: INSERT INTO frontmed.neural_appointment (id, appointment_date, appointment_time, user_id, comment, component_id, visit_id, patient_id, created_by, select_option)
					SELECT (id + 1) AS last_id,
					'2021-05-12',
					'08:30',
					'',
					'ตรวจจิตวิทยาเพื่อประกอบทำงานบ้านเเคนทอง (ทำแล้วกลับบ้าน)',
					'19',
					'2046756',
					'199499',
					'73',
					NULL
					FROM frontmed.neural_appointment ORDER BY id DESC LIMIT 1 RETURNING id AS last_id
ERROR - 2021-04-21 14:45:43 --> Severity: Warning --> pg_query() [<a href='function.pg-query'>function.pg-query</a>]: Query failed: ERROR:  invalid input syntax for integer: &quot;&quot;
LINE 5:      '',
             ^ /home/miracle/public_html/ci3_cgi/system/database/drivers/postgre/postgre_driver.php 242
ERROR - 2021-04-21 14:45:43 --> Query error: ERROR:  invalid input syntax for integer: ""
LINE 5:      '',
             ^ - Invalid query: INSERT INTO frontmed.neural_appointment (id, appointment_date, appointment_time, user_id, comment, component_id, visit_id, patient_id, created_by, select_option)
					SELECT (id + 1) AS last_id,
					'2021-05-12',
					'08:30',
					'',
					'ตรวจจิตวิทยาเพื่อประกอบทำงานบ้านเเคนทอง (ทำแล้วกลับบ้าน)',
					'19',
					'2046756',
					'199499',
					'73',
					NULL
					FROM frontmed.neural_appointment ORDER BY id DESC LIMIT 1 RETURNING id AS last_id
ERROR - 2021-04-21 14:46:14 --> Severity: Warning --> pg_query() [<a href='function.pg-query'>function.pg-query</a>]: Query failed: ERROR:  invalid input syntax for integer: &quot;&quot;
LINE 5:      '',
             ^ /home/miracle/public_html/ci3_cgi/system/database/drivers/postgre/postgre_driver.php 242
ERROR - 2021-04-21 14:46:14 --> Query error: ERROR:  invalid input syntax for integer: ""
LINE 5:      '',
             ^ - Invalid query: INSERT INTO frontmed.neural_appointment (id, appointment_date, appointment_time, user_id, comment, component_id, visit_id, patient_id, created_by, select_option)
					SELECT (id + 1) AS last_id,
					'2021-05-12',
					'08:30',
					'',
					'ตรวจจิตวิทยาเพื่อประกอบทำงานบ้านเเคนทอง (ทำแล้วกลับบ้าน)',
					'19',
					'2046756',
					'199499',
					'73',
					NULL
					FROM frontmed.neural_appointment ORDER BY id DESC LIMIT 1 RETURNING id AS last_id
ERROR - 2021-04-21 14:46:14 --> Severity: Warning --> pg_query() [<a href='function.pg-query'>function.pg-query</a>]: Query failed: ERROR:  invalid input syntax for integer: &quot;&quot;
LINE 5:      '',
             ^ /home/miracle/public_html/ci3_cgi/system/database/drivers/postgre/postgre_driver.php 242
ERROR - 2021-04-21 14:46:14 --> Query error: ERROR:  invalid input syntax for integer: ""
LINE 5:      '',
             ^ - Invalid query: INSERT INTO frontmed.neural_appointment (id, appointment_date, appointment_time, user_id, comment, component_id, visit_id, patient_id, created_by, select_option)
					SELECT (id + 1) AS last_id,
					'2021-05-12',
					'08:30',
					'',
					'ตรวจจิตวิทยาเพื่อประกอบทำงานบ้านเเคนทอง (ทำแล้วกลับบ้าน)',
					'19',
					'2046756',
					'199499',
					'73',
					NULL
					FROM frontmed.neural_appointment ORDER BY id DESC LIMIT 1 RETURNING id AS last_id
ERROR - 2021-04-21 14:46:14 --> Severity: Warning --> pg_query() [<a href='function.pg-query'>function.pg-query</a>]: Query failed: ERROR:  invalid input syntax for integer: &quot;&quot;
LINE 5:      '',
             ^ /home/miracle/public_html/ci3_cgi/system/database/drivers/postgre/postgre_driver.php 242
ERROR - 2021-04-21 14:46:14 --> Query error: ERROR:  invalid input syntax for integer: ""
LINE 5:      '',
             ^ - Invalid query: INSERT INTO frontmed.neural_appointment (id, appointment_date, appointment_time, user_id, comment, component_id, visit_id, patient_id, created_by, select_option)
					SELECT (id + 1) AS last_id,
					'2021-05-12',
					'08:30',
					'',
					'ตรวจจิตวิทยาเพื่อประกอบทำงานบ้านเเคนทอง (ทำแล้วกลับบ้าน)',
					'19',
					'2046756',
					'199499',
					'73',
					NULL
					FROM frontmed.neural_appointment ORDER BY id DESC LIMIT 1 RETURNING id AS last_id
ERROR - 2021-04-21 14:46:14 --> Severity: Warning --> pg_query() [<a href='function.pg-query'>function.pg-query</a>]: Query failed: ERROR:  invalid input syntax for integer: &quot;&quot;
LINE 5:      '',
             ^ /home/miracle/public_html/ci3_cgi/system/database/drivers/postgre/postgre_driver.php 242
ERROR - 2021-04-21 14:46:14 --> Query error: ERROR:  invalid input syntax for integer: ""
LINE 5:      '',
             ^ - Invalid query: INSERT INTO frontmed.neural_appointment (id, appointment_date, appointment_time, user_id, comment, component_id, visit_id, patient_id, created_by, select_option)
					SELECT (id + 1) AS last_id,
					'2021-05-12',
					'08:30',
					'',
					'ตรวจจิตวิทยาเพื่อประกอบทำงานบ้านเเคนทอง (ทำแล้วกลับบ้าน)',
					'19',
					'2046756',
					'199499',
					'73',
					NULL
					FROM frontmed.neural_appointment ORDER BY id DESC LIMIT 1 RETURNING id AS last_id
ERROR - 2021-04-21 14:46:14 --> Severity: Warning --> pg_query() [<a href='function.pg-query'>function.pg-query</a>]: Query failed: ERROR:  invalid input syntax for integer: &quot;&quot;
LINE 5:      '',
             ^ /home/miracle/public_html/ci3_cgi/system/database/drivers/postgre/postgre_driver.php 242
ERROR - 2021-04-21 14:46:14 --> Query error: ERROR:  invalid input syntax for integer: ""
LINE 5:      '',
             ^ - Invalid query: INSERT INTO frontmed.neural_appointment (id, appointment_date, appointment_time, user_id, comment, component_id, visit_id, patient_id, created_by, select_option)
					SELECT (id + 1) AS last_id,
					'2021-05-12',
					'08:30',
					'',
					'ตรวจจิตวิทยาเพื่อประกอบทำงานบ้านเเคนทอง (ทำแล้วกลับบ้าน)',
					'19',
					'2046756',
					'199499',
					'73',
					NULL
					FROM frontmed.neural_appointment ORDER BY id DESC LIMIT 1 RETURNING id AS last_id
ERROR - 2021-04-21 14:46:14 --> Severity: Warning --> pg_query() [<a href='function.pg-query'>function.pg-query</a>]: Query failed: ERROR:  invalid input syntax for integer: &quot;&quot;
LINE 5:      '',
             ^ /home/miracle/public_html/ci3_cgi/system/database/drivers/postgre/postgre_driver.php 242
ERROR - 2021-04-21 14:46:14 --> Query error: ERROR:  invalid input syntax for integer: ""
LINE 5:      '',
             ^ - Invalid query: INSERT INTO frontmed.neural_appointment (id, appointment_date, appointment_time, user_id, comment, component_id, visit_id, patient_id, created_by, select_option)
					SELECT (id + 1) AS last_id,
					'2021-05-12',
					'08:30',
					'',
					'ตรวจจิตวิทยาเพื่อประกอบทำงานบ้านเเคนทอง (ทำแล้วกลับบ้าน)',
					'19',
					'2046756',
					'199499',
					'73',
					NULL
					FROM frontmed.neural_appointment ORDER BY id DESC LIMIT 1 RETURNING id AS last_id
ERROR - 2021-04-21 14:46:14 --> Severity: Warning --> pg_query() [<a href='function.pg-query'>function.pg-query</a>]: Query failed: ERROR:  invalid input syntax for integer: &quot;&quot;
LINE 5:      '',
             ^ /home/miracle/public_html/ci3_cgi/system/database/drivers/postgre/postgre_driver.php 242
ERROR - 2021-04-21 14:46:14 --> Query error: ERROR:  invalid input syntax for integer: ""
LINE 5:      '',
             ^ - Invalid query: INSERT INTO frontmed.neural_appointment (id, appointment_date, appointment_time, user_id, comment, component_id, visit_id, patient_id, created_by, select_option)
					SELECT (id + 1) AS last_id,
					'2021-05-12',
					'08:30',
					'',
					'ตรวจจิตวิทยาเพื่อประกอบทำงานบ้านเเคนทอง (ทำแล้วกลับบ้าน)',
					'19',
					'2046756',
					'199499',
					'73',
					NULL
					FROM frontmed.neural_appointment ORDER BY id DESC LIMIT 1 RETURNING id AS last_id
ERROR - 2021-04-21 14:46:14 --> Severity: Warning --> pg_query() [<a href='function.pg-query'>function.pg-query</a>]: Query failed: ERROR:  invalid input syntax for integer: &quot;&quot;
LINE 5:      '',
             ^ /home/miracle/public_html/ci3_cgi/system/database/drivers/postgre/postgre_driver.php 242
ERROR - 2021-04-21 14:46:14 --> Query error: ERROR:  invalid input syntax for integer: ""
LINE 5:      '',
             ^ - Invalid query: INSERT INTO frontmed.neural_appointment (id, appointment_date, appointment_time, user_id, comment, component_id, visit_id, patient_id, created_by, select_option)
					SELECT (id + 1) AS last_id,
					'2021-05-12',
					'08:30',
					'',
					'ตรวจจิตวิทยาเพื่อประกอบทำงานบ้านเเคนทอง (ทำแล้วกลับบ้าน)',
					'19',
					'2046756',
					'199499',
					'73',
					NULL
					FROM frontmed.neural_appointment ORDER BY id DESC LIMIT 1 RETURNING id AS last_id
ERROR - 2021-04-21 14:46:14 --> Severity: Warning --> pg_query() [<a href='function.pg-query'>function.pg-query</a>]: Query failed: ERROR:  invalid input syntax for integer: &quot;&quot;
LINE 5:      '',
             ^ /home/miracle/public_html/ci3_cgi/system/database/drivers/postgre/postgre_driver.php 242
ERROR - 2021-04-21 14:46:14 --> Query error: ERROR:  invalid input syntax for integer: ""
LINE 5:      '',
             ^ - Invalid query: INSERT INTO frontmed.neural_appointment (id, appointment_date, appointment_time, user_id, comment, component_id, visit_id, patient_id, created_by, select_option)
					SELECT (id + 1) AS last_id,
					'2021-05-12',
					'08:30',
					'',
					'ตรวจจิตวิทยาเพื่อประกอบทำงานบ้านเเคนทอง (ทำแล้วกลับบ้าน)',
					'19',
					'2046756',
					'199499',
					'73',
					NULL
					FROM frontmed.neural_appointment ORDER BY id DESC LIMIT 1 RETURNING id AS last_id
ERROR - 2021-04-21 14:46:14 --> Severity: Warning --> pg_query() [<a href='function.pg-query'>function.pg-query</a>]: Query failed: ERROR:  invalid input syntax for integer: &quot;&quot;
LINE 5:      '',
             ^ /home/miracle/public_html/ci3_cgi/system/database/drivers/postgre/postgre_driver.php 242
ERROR - 2021-04-21 14:46:14 --> Query error: ERROR:  invalid input syntax for integer: ""
LINE 5:      '',
             ^ - Invalid query: INSERT INTO frontmed.neural_appointment (id, appointment_date, appointment_time, user_id, comment, component_id, visit_id, patient_id, created_by, select_option)
					SELECT (id + 1) AS last_id,
					'2021-05-12',
					'08:30',
					'',
					'ตรวจจิตวิทยาเพื่อประกอบทำงานบ้านเเคนทอง (ทำแล้วกลับบ้าน)',
					'19',
					'2046756',
					'199499',
					'73',
					NULL
					FROM frontmed.neural_appointment ORDER BY id DESC LIMIT 1 RETURNING id AS last_id
ERROR - 2021-04-21 14:46:14 --> Severity: Warning --> pg_query() [<a href='function.pg-query'>function.pg-query</a>]: Query failed: ERROR:  invalid input syntax for integer: &quot;&quot;
LINE 5:      '',
             ^ /home/miracle/public_html/ci3_cgi/system/database/drivers/postgre/postgre_driver.php 242
ERROR - 2021-04-21 14:46:14 --> Query error: ERROR:  invalid input syntax for integer: ""
LINE 5:      '',
             ^ - Invalid query: INSERT INTO frontmed.neural_appointment (id, appointment_date, appointment_time, user_id, comment, component_id, visit_id, patient_id, created_by, select_option)
					SELECT (id + 1) AS last_id,
					'2021-05-12',
					'08:30',
					'',
					'ตรวจจิตวิทยาเพื่อประกอบทำงานบ้านเเคนทอง (ทำแล้วกลับบ้าน)',
					'19',
					'2046756',
					'199499',
					'73',
					NULL
					FROM frontmed.neural_appointment ORDER BY id DESC LIMIT 1 RETURNING id AS last_id
ERROR - 2021-04-21 14:46:14 --> Severity: Warning --> pg_query() [<a href='function.pg-query'>function.pg-query</a>]: Query failed: ERROR:  invalid input syntax for integer: &quot;&quot;
LINE 5:      '',
             ^ /home/miracle/public_html/ci3_cgi/system/database/drivers/postgre/postgre_driver.php 242
ERROR - 2021-04-21 14:46:14 --> Query error: ERROR:  invalid input syntax for integer: ""
LINE 5:      '',
             ^ - Invalid query: INSERT INTO frontmed.neural_appointment (id, appointment_date, appointment_time, user_id, comment, component_id, visit_id, patient_id, created_by, select_option)
					SELECT (id + 1) AS last_id,
					'2021-05-12',
					'08:30',
					'',
					'ตรวจจิตวิทยาเพื่อประกอบทำงานบ้านเเคนทอง (ทำแล้วกลับบ้าน)',
					'19',
					'2046756',
					'199499',
					'73',
					NULL
					FROM frontmed.neural_appointment ORDER BY id DESC LIMIT 1 RETURNING id AS last_id
ERROR - 2021-04-21 14:46:14 --> Severity: Warning --> pg_query() [<a href='function.pg-query'>function.pg-query</a>]: Query failed: ERROR:  invalid input syntax for integer: &quot;&quot;
LINE 5:      '',
             ^ /home/miracle/public_html/ci3_cgi/system/database/drivers/postgre/postgre_driver.php 242
ERROR - 2021-04-21 14:46:14 --> Query error: ERROR:  invalid input syntax for integer: ""
LINE 5:      '',
             ^ - Invalid query: INSERT INTO frontmed.neural_appointment (id, appointment_date, appointment_time, user_id, comment, component_id, visit_id, patient_id, created_by, select_option)
					SELECT (id + 1) AS last_id,
					'2021-05-12',
					'08:30',
					'',
					'ตรวจจิตวิทยาเพื่อประกอบทำงานบ้านเเคนทอง (ทำแล้วกลับบ้าน)',
					'19',
					'2046756',
					'199499',
					'73',
					NULL
					FROM frontmed.neural_appointment ORDER BY id DESC LIMIT 1 RETURNING id AS last_id
