ERROR - 2021-01-05 08:20:54 --> Could not find the language line "admin dashboard jsi18n-sample"
ERROR - 2021-01-05 08:20:58 --> Could not find the language line "admin dashboard jsi18n-sample"
ERROR - 2021-01-05 08:22:30 --> Could not find the language line "admin dashboard jsi18n-sample"
ERROR - 2021-01-05 08:51:12 --> Could not find the language line "admin dashboard jsi18n-sample"
ERROR - 2021-01-05 09:49:05 --> Could not find the language line "admin dashboard jsi18n-sample"
ERROR - 2021-01-05 09:56:46 --> Could not find the language line "admin dashboard jsi18n-sample"
ERROR - 2021-01-05 10:25:19 --> Could not find the language line "admin dashboard jsi18n-sample"
ERROR - 2021-01-05 12:57:44 --> Could not find the language line "admin dashboard jsi18n-sample"
ERROR - 2021-01-05 12:57:48 --> Could not find the language line "admin dashboard jsi18n-sample"
ERROR - 2021-01-05 12:57:51 --> Could not find the language line "admin dashboard jsi18n-sample"
ERROR - 2021-01-05 12:57:53 --> Could not find the language line "admin dashboard jsi18n-sample"
ERROR - 2021-01-05 12:58:02 --> Could not find the language line "admin dashboard jsi18n-sample"
ERROR - 2021-01-05 12:58:05 --> Could not find the language line "admin dashboard jsi18n-sample"
ERROR - 2021-01-05 13:11:57 --> Could not find the language line "admin dashboard jsi18n-sample"
ERROR - 2021-01-05 13:40:28 --> Could not find the language line "admin dashboard jsi18n-sample"
ERROR - 2021-01-05 13:54:05 --> Could not find the language line "admin dashboard jsi18n-sample"
ERROR - 2021-01-05 13:57:56 --> Could not find the language line "admin dashboard jsi18n-sample"
ERROR - 2021-01-05 14:32:45 --> Could not find the language line "core error session_language"
ERROR - 2021-01-05 14:32:45 --> Could not find the language line "admin dashboard jsi18n-sample"
ERROR - 2021-01-05 14:32:53 --> Could not find the language line "core error session_language"
ERROR - 2021-01-05 14:32:53 --> Could not find the language line "admin dashboard jsi18n-sample"
ERROR - 2021-01-05 14:32:55 --> Could not find the language line "core error session_language"
ERROR - 2021-01-05 14:32:55 --> Could not find the language line "admin dashboard jsi18n-sample"
ERROR - 2021-01-05 14:32:58 --> Could not find the language line "core error session_language"
ERROR - 2021-01-05 14:32:58 --> Could not find the language line "score"
ERROR - 2021-01-05 14:32:58 --> Could not find the language line "score"
ERROR - 2021-01-05 14:32:58 --> Could not find the language line "clinic"
ERROR - 2021-01-05 14:32:58 --> Could not find the language line "clinic"
ERROR - 2021-01-05 14:33:18 --> Could not find the language line "core error session_language"
ERROR - 2021-01-05 14:33:18 --> Could not find the language line "admin dashboard jsi18n-sample"
ERROR - 2021-01-05 14:33:41 --> Could not find the language line "admin dashboard jsi18n-sample"
ERROR - 2021-01-05 15:14:46 --> Could not find the language line "admin dashboard jsi18n-sample"
ERROR - 2021-01-05 15:45:59 --> Could not find the language line "admin dashboard jsi18n-sample"
ERROR - 2021-01-05 15:49:19 --> Severity: Warning --> pg_query() [<a href='function.pg-query'>function.pg-query</a>]: Query failed: ERROR:  invalid input syntax for integer: &quot;&quot;
LINE 9:      '',
             ^ /home/miracle/public_html/ci3_cgi/system/database/drivers/postgre/postgre_driver.php 242
ERROR - 2021-01-05 15:49:19 --> Query error: ERROR:  invalid input syntax for integer: ""
LINE 9:      '',
             ^ - Invalid query: INSERT INTO frontmed.neural_appointment (id, appointment_date, appointment_time, user_id, comment, component_id, visit_id, patient_id, created_by, select_option)
					SELECT (id + 1) AS last_id,
					'2021-01-11',
					'09:00',
					'661',
					'',
					'10',
					'2018664',
					'',
					'689',
					NULL
					FROM frontmed.neural_appointment ORDER BY id DESC LIMIT 1 RETURNING id AS last_id
ERROR - 2021-01-05 15:49:39 --> Severity: Warning --> pg_query() [<a href='function.pg-query'>function.pg-query</a>]: Query failed: ERROR:  invalid input syntax for integer: &quot;&quot;
LINE 9:      '',
             ^ /home/miracle/public_html/ci3_cgi/system/database/drivers/postgre/postgre_driver.php 242
ERROR - 2021-01-05 15:49:39 --> Query error: ERROR:  invalid input syntax for integer: ""
LINE 9:      '',
             ^ - Invalid query: INSERT INTO frontmed.neural_appointment (id, appointment_date, appointment_time, user_id, comment, component_id, visit_id, patient_id, created_by, select_option)
					SELECT (id + 1) AS last_id,
					'2021-01-11',
					'09:00',
					'661',
					'',
					'10',
					'2018664',
					'',
					'689',
					NULL
					FROM frontmed.neural_appointment ORDER BY id DESC LIMIT 1 RETURNING id AS last_id
ERROR - 2021-01-05 15:49:42 --> Severity: Warning --> pg_query() [<a href='function.pg-query'>function.pg-query</a>]: Query failed: ERROR:  invalid input syntax for integer: &quot;&quot;
LINE 9:      '',
             ^ /home/miracle/public_html/ci3_cgi/system/database/drivers/postgre/postgre_driver.php 242
ERROR - 2021-01-05 15:49:42 --> Query error: ERROR:  invalid input syntax for integer: ""
LINE 9:      '',
             ^ - Invalid query: INSERT INTO frontmed.neural_appointment (id, appointment_date, appointment_time, user_id, comment, component_id, visit_id, patient_id, created_by, select_option)
					SELECT (id + 1) AS last_id,
					'2021-01-11',
					'09:00',
					'661',
					'',
					'10',
					'2018664',
					'',
					'689',
					NULL
					FROM frontmed.neural_appointment ORDER BY id DESC LIMIT 1 RETURNING id AS last_id
