ERROR - 2020-10-02 08:17:34 --> Could not find the language line "admin dashboard jsi18n-sample"
ERROR - 2020-10-02 08:17:41 --> Could not find the language line "admin dashboard jsi18n-sample"
ERROR - 2020-10-02 08:28:08 --> Could not find the language line "admin dashboard jsi18n-sample"
ERROR - 2020-10-02 08:39:16 --> Could not find the language line "admin dashboard jsi18n-sample"
ERROR - 2020-10-02 09:19:30 --> Severity: Warning --> pg_query() [<a href='function.pg-query'>function.pg-query</a>]: Query failed: ERROR:  syntax error at or near &quot;',
					'&quot;
LINE 6:      'Lab E'lyte',
                        ^ /home/miracle/public_html/ci3_cgi/system/database/drivers/postgre/postgre_driver.php 242
ERROR - 2020-10-02 09:19:30 --> Query error: ERROR:  syntax error at or near "',
					'"
LINE 6:      'Lab E'lyte',
                        ^ - Invalid query: INSERT INTO frontmed.neural_appointment (id, appointment_date, appointment_time, user_id, comment, component_id, visit_id, patient_id, created_by, select_option)
					SELECT (id + 1) AS last_id,
					'2020-11-27',
					'08:00',
					'85',
					'Lab E'lyte',
					'10',
					'1993958',
					'2583',
					'245',
					'{2}'
					FROM frontmed.neural_appointment ORDER BY id DESC LIMIT 1 RETURNING id AS last_id
ERROR - 2020-10-02 09:19:30 --> Severity: Warning --> pg_query() [<a href='function.pg-query'>function.pg-query</a>]: Query failed: ERROR:  syntax error at or near &quot;',
					'&quot;
LINE 6:      'Lab E'lyte',
                        ^ /home/miracle/public_html/ci3_cgi/system/database/drivers/postgre/postgre_driver.php 242
ERROR - 2020-10-02 09:19:30 --> Query error: ERROR:  syntax error at or near "',
					'"
LINE 6:      'Lab E'lyte',
                        ^ - Invalid query: INSERT INTO frontmed.neural_appointment (id, appointment_date, appointment_time, user_id, comment, component_id, visit_id, patient_id, created_by, select_option)
					SELECT (id + 1) AS last_id,
					'2020-11-27',
					'08:00',
					'85',
					'Lab E'lyte',
					'10',
					'1993958',
					'2583',
					'245',
					'{2}'
					FROM frontmed.neural_appointment ORDER BY id DESC LIMIT 1 RETURNING id AS last_id
ERROR - 2020-10-02 09:19:34 --> Severity: Warning --> pg_query() [<a href='function.pg-query'>function.pg-query</a>]: Query failed: ERROR:  syntax error at or near &quot;',
					'&quot;
LINE 6:      'Lab E'lyte',
                        ^ /home/miracle/public_html/ci3_cgi/system/database/drivers/postgre/postgre_driver.php 242
ERROR - 2020-10-02 09:19:34 --> Query error: ERROR:  syntax error at or near "',
					'"
LINE 6:      'Lab E'lyte',
                        ^ - Invalid query: INSERT INTO frontmed.neural_appointment (id, appointment_date, appointment_time, user_id, comment, component_id, visit_id, patient_id, created_by, select_option)
					SELECT (id + 1) AS last_id,
					'2020-11-27',
					'08:00',
					'85',
					'Lab E'lyte',
					'10',
					'1993958',
					'2583',
					'245',
					'{2}'
					FROM frontmed.neural_appointment ORDER BY id DESC LIMIT 1 RETURNING id AS last_id
ERROR - 2020-10-02 09:19:39 --> Severity: Warning --> pg_query() [<a href='function.pg-query'>function.pg-query</a>]: Query failed: ERROR:  syntax error at or near &quot;',
					'&quot;
LINE 6:      'Lab E'lyte',
                        ^ /home/miracle/public_html/ci3_cgi/system/database/drivers/postgre/postgre_driver.php 242
ERROR - 2020-10-02 09:19:39 --> Query error: ERROR:  syntax error at or near "',
					'"
LINE 6:      'Lab E'lyte',
                        ^ - Invalid query: INSERT INTO frontmed.neural_appointment (id, appointment_date, appointment_time, user_id, comment, component_id, visit_id, patient_id, created_by, select_option)
					SELECT (id + 1) AS last_id,
					'2020-11-27',
					'08:00',
					'85',
					'Lab E'lyte',
					'10',
					'1993958',
					'2583',
					'245',
					'{2}'
					FROM frontmed.neural_appointment ORDER BY id DESC LIMIT 1 RETURNING id AS last_id
ERROR - 2020-10-02 09:19:46 --> Severity: Warning --> pg_query() [<a href='function.pg-query'>function.pg-query</a>]: Query failed: ERROR:  syntax error at or near &quot;',
					'&quot;
LINE 6:      'Lab E'lyte',
                        ^ /home/miracle/public_html/ci3_cgi/system/database/drivers/postgre/postgre_driver.php 242
ERROR - 2020-10-02 09:19:46 --> Query error: ERROR:  syntax error at or near "',
					'"
LINE 6:      'Lab E'lyte',
                        ^ - Invalid query: INSERT INTO frontmed.neural_appointment (id, appointment_date, appointment_time, user_id, comment, component_id, visit_id, patient_id, created_by, select_option)
					SELECT (id + 1) AS last_id,
					'2020-11-27',
					'08:00',
					'85',
					'Lab E'lyte',
					'10',
					'1993958',
					'2583',
					'245',
					'{2}'
					FROM frontmed.neural_appointment ORDER BY id DESC LIMIT 1 RETURNING id AS last_id
ERROR - 2020-10-02 09:20:30 --> Severity: Warning --> pg_query() [<a href='function.pg-query'>function.pg-query</a>]: Query failed: ERROR:  syntax error at or near &quot;',
					'&quot;
LINE 6:      'Lab E'lyte',
                        ^ /home/miracle/public_html/ci3_cgi/system/database/drivers/postgre/postgre_driver.php 242
ERROR - 2020-10-02 09:20:30 --> Query error: ERROR:  syntax error at or near "',
					'"
LINE 6:      'Lab E'lyte',
                        ^ - Invalid query: INSERT INTO frontmed.neural_appointment (id, appointment_date, appointment_time, user_id, comment, component_id, visit_id, patient_id, created_by, select_option)
					SELECT (id + 1) AS last_id,
					'2020-11-27',
					'08:00',
					'85',
					'Lab E'lyte',
					'10',
					'1993958',
					'2583',
					'245',
					'{2}'
					FROM frontmed.neural_appointment ORDER BY id DESC LIMIT 1 RETURNING id AS last_id
ERROR - 2020-10-02 09:20:30 --> Severity: Warning --> pg_query() [<a href='function.pg-query'>function.pg-query</a>]: Query failed: ERROR:  syntax error at or near &quot;',
					'&quot;
LINE 6:      'Lab E'lyte',
                        ^ /home/miracle/public_html/ci3_cgi/system/database/drivers/postgre/postgre_driver.php 242
ERROR - 2020-10-02 09:20:30 --> Query error: ERROR:  syntax error at or near "',
					'"
LINE 6:      'Lab E'lyte',
                        ^ - Invalid query: INSERT INTO frontmed.neural_appointment (id, appointment_date, appointment_time, user_id, comment, component_id, visit_id, patient_id, created_by, select_option)
					SELECT (id + 1) AS last_id,
					'2020-11-27',
					'08:00',
					'85',
					'Lab E'lyte',
					'10',
					'1993958',
					'2583',
					'245',
					'{2}'
					FROM frontmed.neural_appointment ORDER BY id DESC LIMIT 1 RETURNING id AS last_id
ERROR - 2020-10-02 09:20:33 --> Severity: Warning --> pg_query() [<a href='function.pg-query'>function.pg-query</a>]: Query failed: ERROR:  syntax error at or near &quot;',
					'&quot;
LINE 6:      'Lab E'lyte',
                        ^ /home/miracle/public_html/ci3_cgi/system/database/drivers/postgre/postgre_driver.php 242
ERROR - 2020-10-02 09:20:33 --> Query error: ERROR:  syntax error at or near "',
					'"
LINE 6:      'Lab E'lyte',
                        ^ - Invalid query: INSERT INTO frontmed.neural_appointment (id, appointment_date, appointment_time, user_id, comment, component_id, visit_id, patient_id, created_by, select_option)
					SELECT (id + 1) AS last_id,
					'2020-11-27',
					'08:30',
					'85',
					'Lab E'lyte',
					'10',
					'1993958',
					'2583',
					'245',
					'{2}'
					FROM frontmed.neural_appointment ORDER BY id DESC LIMIT 1 RETURNING id AS last_id
ERROR - 2020-10-02 09:21:26 --> Severity: Warning --> pg_query() [<a href='function.pg-query'>function.pg-query</a>]: Query failed: ERROR:  syntax error at or near &quot;',
					'&quot;
LINE 6:      'Lab E'lyte',
                        ^ /home/miracle/public_html/ci3_cgi/system/database/drivers/postgre/postgre_driver.php 242
ERROR - 2020-10-02 09:21:26 --> Query error: ERROR:  syntax error at or near "',
					'"
LINE 6:      'Lab E'lyte',
                        ^ - Invalid query: INSERT INTO frontmed.neural_appointment (id, appointment_date, appointment_time, user_id, comment, component_id, visit_id, patient_id, created_by, select_option)
					SELECT (id + 1) AS last_id,
					'2020-11-27',
					'08:30',
					'85',
					'Lab E'lyte',
					'10',
					'1993958',
					'2583',
					'245',
					'{2}'
					FROM frontmed.neural_appointment ORDER BY id DESC LIMIT 1 RETURNING id AS last_id
ERROR - 2020-10-02 09:21:26 --> Severity: Warning --> pg_query() [<a href='function.pg-query'>function.pg-query</a>]: Query failed: ERROR:  syntax error at or near &quot;',
					'&quot;
LINE 6:      'Lab E'lyte',
                        ^ /home/miracle/public_html/ci3_cgi/system/database/drivers/postgre/postgre_driver.php 242
ERROR - 2020-10-02 09:21:26 --> Query error: ERROR:  syntax error at or near "',
					'"
LINE 6:      'Lab E'lyte',
                        ^ - Invalid query: INSERT INTO frontmed.neural_appointment (id, appointment_date, appointment_time, user_id, comment, component_id, visit_id, patient_id, created_by, select_option)
					SELECT (id + 1) AS last_id,
					'2020-11-27',
					'08:30',
					'85',
					'Lab E'lyte',
					'10',
					'1993958',
					'2583',
					'245',
					'{2}'
					FROM frontmed.neural_appointment ORDER BY id DESC LIMIT 1 RETURNING id AS last_id
ERROR - 2020-10-02 09:21:26 --> Severity: Warning --> pg_query() [<a href='function.pg-query'>function.pg-query</a>]: Query failed: ERROR:  syntax error at or near &quot;',
					'&quot;
LINE 6:      'Lab E'lyte',
                        ^ /home/miracle/public_html/ci3_cgi/system/database/drivers/postgre/postgre_driver.php 242
ERROR - 2020-10-02 09:21:26 --> Query error: ERROR:  syntax error at or near "',
					'"
LINE 6:      'Lab E'lyte',
                        ^ - Invalid query: INSERT INTO frontmed.neural_appointment (id, appointment_date, appointment_time, user_id, comment, component_id, visit_id, patient_id, created_by, select_option)
					SELECT (id + 1) AS last_id,
					'2020-11-27',
					'08:30',
					'85',
					'Lab E'lyte',
					'10',
					'1993958',
					'2583',
					'245',
					'{2}'
					FROM frontmed.neural_appointment ORDER BY id DESC LIMIT 1 RETURNING id AS last_id
ERROR - 2020-10-02 09:21:26 --> Severity: Warning --> pg_query() [<a href='function.pg-query'>function.pg-query</a>]: Query failed: ERROR:  syntax error at or near &quot;',
					'&quot;
LINE 6:      'Lab E'lyte',
                        ^ /home/miracle/public_html/ci3_cgi/system/database/drivers/postgre/postgre_driver.php 242
ERROR - 2020-10-02 09:21:26 --> Query error: ERROR:  syntax error at or near "',
					'"
LINE 6:      'Lab E'lyte',
                        ^ - Invalid query: INSERT INTO frontmed.neural_appointment (id, appointment_date, appointment_time, user_id, comment, component_id, visit_id, patient_id, created_by, select_option)
					SELECT (id + 1) AS last_id,
					'2020-11-27',
					'08:30',
					'85',
					'Lab E'lyte',
					'10',
					'1993958',
					'2583',
					'245',
					'{2}'
					FROM frontmed.neural_appointment ORDER BY id DESC LIMIT 1 RETURNING id AS last_id
ERROR - 2020-10-02 09:21:26 --> Severity: Warning --> pg_query() [<a href='function.pg-query'>function.pg-query</a>]: Query failed: ERROR:  syntax error at or near &quot;',
					'&quot;
LINE 6:      'Lab E'lyte',
                        ^ /home/miracle/public_html/ci3_cgi/system/database/drivers/postgre/postgre_driver.php 242
ERROR - 2020-10-02 09:21:26 --> Query error: ERROR:  syntax error at or near "',
					'"
LINE 6:      'Lab E'lyte',
                        ^ - Invalid query: INSERT INTO frontmed.neural_appointment (id, appointment_date, appointment_time, user_id, comment, component_id, visit_id, patient_id, created_by, select_option)
					SELECT (id + 1) AS last_id,
					'2020-11-27',
					'08:30',
					'85',
					'Lab E'lyte',
					'10',
					'1993958',
					'2583',
					'245',
					'{2}'
					FROM frontmed.neural_appointment ORDER BY id DESC LIMIT 1 RETURNING id AS last_id
ERROR - 2020-10-02 09:21:26 --> Severity: Warning --> pg_query() [<a href='function.pg-query'>function.pg-query</a>]: Query failed: ERROR:  syntax error at or near &quot;',
					'&quot;
LINE 6:      'Lab E'lyte',
                        ^ /home/miracle/public_html/ci3_cgi/system/database/drivers/postgre/postgre_driver.php 242
ERROR - 2020-10-02 09:21:26 --> Query error: ERROR:  syntax error at or near "',
					'"
LINE 6:      'Lab E'lyte',
                        ^ - Invalid query: INSERT INTO frontmed.neural_appointment (id, appointment_date, appointment_time, user_id, comment, component_id, visit_id, patient_id, created_by, select_option)
					SELECT (id + 1) AS last_id,
					'2020-11-27',
					'08:30',
					'85',
					'Lab E'lyte',
					'10',
					'1993958',
					'2583',
					'245',
					'{2}'
					FROM frontmed.neural_appointment ORDER BY id DESC LIMIT 1 RETURNING id AS last_id
ERROR - 2020-10-02 09:21:42 --> Severity: Warning --> pg_query() [<a href='function.pg-query'>function.pg-query</a>]: Query failed: ERROR:  syntax error at or near &quot;',
					'&quot;
LINE 6:      'Lab E'lyte',
                        ^ /home/miracle/public_html/ci3_cgi/system/database/drivers/postgre/postgre_driver.php 242
ERROR - 2020-10-02 09:21:42 --> Query error: ERROR:  syntax error at or near "',
					'"
LINE 6:      'Lab E'lyte',
                        ^ - Invalid query: INSERT INTO frontmed.neural_appointment (id, appointment_date, appointment_time, user_id, comment, component_id, visit_id, patient_id, created_by, select_option)
					SELECT (id + 1) AS last_id,
					'2020-11-27',
					'08:30',
					'85',
					'Lab E'lyte',
					'10',
					'1993958',
					'2583',
					'245',
					'{2}'
					FROM frontmed.neural_appointment ORDER BY id DESC LIMIT 1 RETURNING id AS last_id
ERROR - 2020-10-02 09:23:26 --> Severity: Warning --> pg_query() [<a href='function.pg-query'>function.pg-query</a>]: Query failed: ERROR:  syntax error at or near &quot;',
					'&quot;
LINE 6:      'Lab E'lyte',
                        ^ /home/miracle/public_html/ci3_cgi/system/database/drivers/postgre/postgre_driver.php 242
ERROR - 2020-10-02 09:23:26 --> Query error: ERROR:  syntax error at or near "',
					'"
LINE 6:      'Lab E'lyte',
                        ^ - Invalid query: INSERT INTO frontmed.neural_appointment (id, appointment_date, appointment_time, user_id, comment, component_id, visit_id, patient_id, created_by, select_option)
					SELECT (id + 1) AS last_id,
					'2020-11-27',
					'08:30',
					'85',
					'Lab E'lyte',
					'10',
					'1993958',
					'2583',
					'245',
					'{2}'
					FROM frontmed.neural_appointment ORDER BY id DESC LIMIT 1 RETURNING id AS last_id
ERROR - 2020-10-02 09:23:26 --> Severity: Warning --> pg_query() [<a href='function.pg-query'>function.pg-query</a>]: Query failed: ERROR:  syntax error at or near &quot;',
					'&quot;
LINE 6:      'Lab E'lyte',
                        ^ /home/miracle/public_html/ci3_cgi/system/database/drivers/postgre/postgre_driver.php 242
ERROR - 2020-10-02 09:23:26 --> Query error: ERROR:  syntax error at or near "',
					'"
LINE 6:      'Lab E'lyte',
                        ^ - Invalid query: INSERT INTO frontmed.neural_appointment (id, appointment_date, appointment_time, user_id, comment, component_id, visit_id, patient_id, created_by, select_option)
					SELECT (id + 1) AS last_id,
					'2020-11-27',
					'08:30',
					'85',
					'Lab E'lyte',
					'10',
					'1993958',
					'2583',
					'245',
					'{2}'
					FROM frontmed.neural_appointment ORDER BY id DESC LIMIT 1 RETURNING id AS last_id
ERROR - 2020-10-02 09:23:31 --> Severity: Warning --> pg_query() [<a href='function.pg-query'>function.pg-query</a>]: Query failed: ERROR:  syntax error at or near &quot;',
					'&quot;
LINE 6:      'Lab E'lyte',
                        ^ /home/miracle/public_html/ci3_cgi/system/database/drivers/postgre/postgre_driver.php 242
ERROR - 2020-10-02 09:23:31 --> Query error: ERROR:  syntax error at or near "',
					'"
LINE 6:      'Lab E'lyte',
                        ^ - Invalid query: INSERT INTO frontmed.neural_appointment (id, appointment_date, appointment_time, user_id, comment, component_id, visit_id, patient_id, created_by, select_option)
					SELECT (id + 1) AS last_id,
					'2020-11-27',
					'08:30',
					'85',
					'Lab E'lyte',
					'10',
					'1993958',
					'2583',
					'245',
					'{2}'
					FROM frontmed.neural_appointment ORDER BY id DESC LIMIT 1 RETURNING id AS last_id
ERROR - 2020-10-02 09:23:31 --> Severity: Warning --> pg_query() [<a href='function.pg-query'>function.pg-query</a>]: Query failed: ERROR:  syntax error at or near &quot;',
					'&quot;
LINE 6:      'Lab E'lyte',
                        ^ /home/miracle/public_html/ci3_cgi/system/database/drivers/postgre/postgre_driver.php 242
ERROR - 2020-10-02 09:23:31 --> Query error: ERROR:  syntax error at or near "',
					'"
LINE 6:      'Lab E'lyte',
                        ^ - Invalid query: INSERT INTO frontmed.neural_appointment (id, appointment_date, appointment_time, user_id, comment, component_id, visit_id, patient_id, created_by, select_option)
					SELECT (id + 1) AS last_id,
					'2020-11-27',
					'08:30',
					'85',
					'Lab E'lyte',
					'10',
					'1993958',
					'2583',
					'245',
					'{2}'
					FROM frontmed.neural_appointment ORDER BY id DESC LIMIT 1 RETURNING id AS last_id
ERROR - 2020-10-02 09:23:31 --> Severity: Warning --> pg_query() [<a href='function.pg-query'>function.pg-query</a>]: Query failed: ERROR:  syntax error at or near &quot;',
					'&quot;
LINE 6:      'Lab E'lyte',
                        ^ /home/miracle/public_html/ci3_cgi/system/database/drivers/postgre/postgre_driver.php 242
ERROR - 2020-10-02 09:23:31 --> Query error: ERROR:  syntax error at or near "',
					'"
LINE 6:      'Lab E'lyte',
                        ^ - Invalid query: INSERT INTO frontmed.neural_appointment (id, appointment_date, appointment_time, user_id, comment, component_id, visit_id, patient_id, created_by, select_option)
					SELECT (id + 1) AS last_id,
					'2020-11-27',
					'08:30',
					'85',
					'Lab E'lyte',
					'10',
					'1993958',
					'2583',
					'245',
					'{2}'
					FROM frontmed.neural_appointment ORDER BY id DESC LIMIT 1 RETURNING id AS last_id
ERROR - 2020-10-02 09:24:30 --> Severity: Warning --> pg_query() [<a href='function.pg-query'>function.pg-query</a>]: Query failed: ERROR:  syntax error at or near &quot;',
					'&quot;
LINE 6:      'E'lyte',
                    ^ /home/miracle/public_html/ci3_cgi/system/database/drivers/postgre/postgre_driver.php 242
ERROR - 2020-10-02 09:24:30 --> Query error: ERROR:  syntax error at or near "',
					'"
LINE 6:      'E'lyte',
                    ^ - Invalid query: INSERT INTO frontmed.neural_appointment (id, appointment_date, appointment_time, user_id, comment, component_id, visit_id, patient_id, created_by, select_option)
					SELECT (id + 1) AS last_id,
					'2020-10-30',
					'10:00',
					'85',
					'E'lyte',
					'10',
					'1993958',
					'2583',
					'245',
					'{2}'
					FROM frontmed.neural_appointment ORDER BY id DESC LIMIT 1 RETURNING id AS last_id
ERROR - 2020-10-02 09:24:30 --> Severity: Warning --> pg_query() [<a href='function.pg-query'>function.pg-query</a>]: Query failed: ERROR:  syntax error at or near &quot;',
					'&quot;
LINE 6:      'E'lyte',
                    ^ /home/miracle/public_html/ci3_cgi/system/database/drivers/postgre/postgre_driver.php 242
ERROR - 2020-10-02 09:24:30 --> Query error: ERROR:  syntax error at or near "',
					'"
LINE 6:      'E'lyte',
                    ^ - Invalid query: INSERT INTO frontmed.neural_appointment (id, appointment_date, appointment_time, user_id, comment, component_id, visit_id, patient_id, created_by, select_option)
					SELECT (id + 1) AS last_id,
					'2020-10-30',
					'10:00',
					'85',
					'E'lyte',
					'10',
					'1993958',
					'2583',
					'245',
					'{2}'
					FROM frontmed.neural_appointment ORDER BY id DESC LIMIT 1 RETURNING id AS last_id
ERROR - 2020-10-02 09:24:30 --> Severity: Warning --> pg_query() [<a href='function.pg-query'>function.pg-query</a>]: Query failed: ERROR:  syntax error at or near &quot;',
					'&quot;
LINE 6:      'E'lyte',
                    ^ /home/miracle/public_html/ci3_cgi/system/database/drivers/postgre/postgre_driver.php 242
ERROR - 2020-10-02 09:24:30 --> Query error: ERROR:  syntax error at or near "',
					'"
LINE 6:      'E'lyte',
                    ^ - Invalid query: INSERT INTO frontmed.neural_appointment (id, appointment_date, appointment_time, user_id, comment, component_id, visit_id, patient_id, created_by, select_option)
					SELECT (id + 1) AS last_id,
					'2020-10-30',
					'10:00',
					'85',
					'E'lyte',
					'10',
					'1993958',
					'2583',
					'245',
					'{2}'
					FROM frontmed.neural_appointment ORDER BY id DESC LIMIT 1 RETURNING id AS last_id
ERROR - 2020-10-02 09:24:30 --> Severity: Warning --> pg_query() [<a href='function.pg-query'>function.pg-query</a>]: Query failed: ERROR:  syntax error at or near &quot;',
					'&quot;
LINE 6:      'E'lyte',
                    ^ /home/miracle/public_html/ci3_cgi/system/database/drivers/postgre/postgre_driver.php 242
ERROR - 2020-10-02 09:24:30 --> Query error: ERROR:  syntax error at or near "',
					'"
LINE 6:      'E'lyte',
                    ^ - Invalid query: INSERT INTO frontmed.neural_appointment (id, appointment_date, appointment_time, user_id, comment, component_id, visit_id, patient_id, created_by, select_option)
					SELECT (id + 1) AS last_id,
					'2020-10-30',
					'10:00',
					'85',
					'E'lyte',
					'10',
					'1993958',
					'2583',
					'245',
					'{2}'
					FROM frontmed.neural_appointment ORDER BY id DESC LIMIT 1 RETURNING id AS last_id
ERROR - 2020-10-02 09:24:37 --> Severity: Warning --> pg_query() [<a href='function.pg-query'>function.pg-query</a>]: Query failed: ERROR:  syntax error at or near &quot;',
					'&quot;
LINE 6:      'E'lyte',
                    ^ /home/miracle/public_html/ci3_cgi/system/database/drivers/postgre/postgre_driver.php 242
ERROR - 2020-10-02 09:24:37 --> Query error: ERROR:  syntax error at or near "',
					'"
LINE 6:      'E'lyte',
                    ^ - Invalid query: INSERT INTO frontmed.neural_appointment (id, appointment_date, appointment_time, user_id, comment, component_id, visit_id, patient_id, created_by, select_option)
					SELECT (id + 1) AS last_id,
					'2020-10-30',
					'08:00',
					'85',
					'E'lyte',
					'10',
					'1993958',
					'2583',
					'245',
					'{2}'
					FROM frontmed.neural_appointment ORDER BY id DESC LIMIT 1 RETURNING id AS last_id
ERROR - 2020-10-02 09:24:37 --> Severity: Warning --> pg_query() [<a href='function.pg-query'>function.pg-query</a>]: Query failed: ERROR:  syntax error at or near &quot;',
					'&quot;
LINE 6:      'E'lyte',
                    ^ /home/miracle/public_html/ci3_cgi/system/database/drivers/postgre/postgre_driver.php 242
ERROR - 2020-10-02 09:24:37 --> Query error: ERROR:  syntax error at or near "',
					'"
LINE 6:      'E'lyte',
                    ^ - Invalid query: INSERT INTO frontmed.neural_appointment (id, appointment_date, appointment_time, user_id, comment, component_id, visit_id, patient_id, created_by, select_option)
					SELECT (id + 1) AS last_id,
					'2020-10-30',
					'08:00',
					'85',
					'E'lyte',
					'10',
					'1993958',
					'2583',
					'245',
					'{2}'
					FROM frontmed.neural_appointment ORDER BY id DESC LIMIT 1 RETURNING id AS last_id
ERROR - 2020-10-02 09:24:38 --> Severity: Warning --> pg_query() [<a href='function.pg-query'>function.pg-query</a>]: Query failed: ERROR:  syntax error at or near &quot;',
					'&quot;
LINE 6:      'E'lyte',
                    ^ /home/miracle/public_html/ci3_cgi/system/database/drivers/postgre/postgre_driver.php 242
ERROR - 2020-10-02 09:24:38 --> Query error: ERROR:  syntax error at or near "',
					'"
LINE 6:      'E'lyte',
                    ^ - Invalid query: INSERT INTO frontmed.neural_appointment (id, appointment_date, appointment_time, user_id, comment, component_id, visit_id, patient_id, created_by, select_option)
					SELECT (id + 1) AS last_id,
					'2020-10-30',
					'08:00',
					'85',
					'E'lyte',
					'10',
					'1993958',
					'2583',
					'245',
					'{2}'
					FROM frontmed.neural_appointment ORDER BY id DESC LIMIT 1 RETURNING id AS last_id
ERROR - 2020-10-02 09:24:56 --> Severity: Warning --> pg_query() [<a href='function.pg-query'>function.pg-query</a>]: Query failed: ERROR:  syntax error at or near &quot;',
					'&quot;
LINE 6:      'E'lyte',
                    ^ /home/miracle/public_html/ci3_cgi/system/database/drivers/postgre/postgre_driver.php 242
ERROR - 2020-10-02 09:24:56 --> Query error: ERROR:  syntax error at or near "',
					'"
LINE 6:      'E'lyte',
                    ^ - Invalid query: INSERT INTO frontmed.neural_appointment (id, appointment_date, appointment_time, user_id, comment, component_id, visit_id, patient_id, created_by, select_option)
					SELECT (id + 1) AS last_id,
					'2020-10-30',
					'08:00',
					'85',
					'E'lyte',
					'10',
					'1993958',
					'2583',
					'245',
					'{2}'
					FROM frontmed.neural_appointment ORDER BY id DESC LIMIT 1 RETURNING id AS last_id
ERROR - 2020-10-02 09:24:57 --> Severity: Warning --> pg_query() [<a href='function.pg-query'>function.pg-query</a>]: Query failed: ERROR:  syntax error at or near &quot;',
					'&quot;
LINE 6:      'E'lyte',
                    ^ /home/miracle/public_html/ci3_cgi/system/database/drivers/postgre/postgre_driver.php 242
ERROR - 2020-10-02 09:24:57 --> Query error: ERROR:  syntax error at or near "',
					'"
LINE 6:      'E'lyte',
                    ^ - Invalid query: INSERT INTO frontmed.neural_appointment (id, appointment_date, appointment_time, user_id, comment, component_id, visit_id, patient_id, created_by, select_option)
					SELECT (id + 1) AS last_id,
					'2020-10-30',
					'08:00',
					'85',
					'E'lyte',
					'10',
					'1993958',
					'2583',
					'245',
					'{2}'
					FROM frontmed.neural_appointment ORDER BY id DESC LIMIT 1 RETURNING id AS last_id
ERROR - 2020-10-02 09:24:58 --> Severity: Warning --> pg_query() [<a href='function.pg-query'>function.pg-query</a>]: Query failed: ERROR:  syntax error at or near &quot;',
					'&quot;
LINE 6:      'E'lyte',
                    ^ /home/miracle/public_html/ci3_cgi/system/database/drivers/postgre/postgre_driver.php 242
ERROR - 2020-10-02 09:24:58 --> Query error: ERROR:  syntax error at or near "',
					'"
LINE 6:      'E'lyte',
                    ^ - Invalid query: INSERT INTO frontmed.neural_appointment (id, appointment_date, appointment_time, user_id, comment, component_id, visit_id, patient_id, created_by, select_option)
					SELECT (id + 1) AS last_id,
					'2020-10-30',
					'08:00',
					'85',
					'E'lyte',
					'10',
					'1993958',
					'2583',
					'245',
					'{2}'
					FROM frontmed.neural_appointment ORDER BY id DESC LIMIT 1 RETURNING id AS last_id
ERROR - 2020-10-02 09:26:02 --> Severity: Warning --> pg_query() [<a href='function.pg-query'>function.pg-query</a>]: Query failed: ERROR:  syntax error at or near &quot;',
					'&quot;
LINE 6:      'E'lyte',
                    ^ /home/miracle/public_html/ci3_cgi/system/database/drivers/postgre/postgre_driver.php 242
ERROR - 2020-10-02 09:26:02 --> Query error: ERROR:  syntax error at or near "',
					'"
LINE 6:      'E'lyte',
                    ^ - Invalid query: INSERT INTO frontmed.neural_appointment (id, appointment_date, appointment_time, user_id, comment, component_id, visit_id, patient_id, created_by, select_option)
					SELECT (id + 1) AS last_id,
					'2020-10-30',
					'08:00',
					'85',
					'E'lyte',
					'10',
					'1993958',
					'2583',
					'245',
					'{2}'
					FROM frontmed.neural_appointment ORDER BY id DESC LIMIT 1 RETURNING id AS last_id
ERROR - 2020-10-02 09:26:02 --> Severity: Warning --> pg_query() [<a href='function.pg-query'>function.pg-query</a>]: Query failed: ERROR:  syntax error at or near &quot;',
					'&quot;
LINE 6:      'E'lyte',
                    ^ /home/miracle/public_html/ci3_cgi/system/database/drivers/postgre/postgre_driver.php 242
ERROR - 2020-10-02 09:26:02 --> Query error: ERROR:  syntax error at or near "',
					'"
LINE 6:      'E'lyte',
                    ^ - Invalid query: INSERT INTO frontmed.neural_appointment (id, appointment_date, appointment_time, user_id, comment, component_id, visit_id, patient_id, created_by, select_option)
					SELECT (id + 1) AS last_id,
					'2020-10-30',
					'08:00',
					'85',
					'E'lyte',
					'10',
					'1993958',
					'2583',
					'245',
					'{2}'
					FROM frontmed.neural_appointment ORDER BY id DESC LIMIT 1 RETURNING id AS last_id
ERROR - 2020-10-02 09:26:02 --> Severity: Warning --> pg_query() [<a href='function.pg-query'>function.pg-query</a>]: Query failed: ERROR:  syntax error at or near &quot;',
					'&quot;
LINE 6:      'E'lyte',
                    ^ /home/miracle/public_html/ci3_cgi/system/database/drivers/postgre/postgre_driver.php 242
ERROR - 2020-10-02 09:26:02 --> Query error: ERROR:  syntax error at or near "',
					'"
LINE 6:      'E'lyte',
                    ^ - Invalid query: INSERT INTO frontmed.neural_appointment (id, appointment_date, appointment_time, user_id, comment, component_id, visit_id, patient_id, created_by, select_option)
					SELECT (id + 1) AS last_id,
					'2020-10-30',
					'08:00',
					'85',
					'E'lyte',
					'10',
					'1993958',
					'2583',
					'245',
					'{2}'
					FROM frontmed.neural_appointment ORDER BY id DESC LIMIT 1 RETURNING id AS last_id
ERROR - 2020-10-02 09:26:03 --> Severity: Warning --> pg_query() [<a href='function.pg-query'>function.pg-query</a>]: Query failed: ERROR:  syntax error at or near &quot;',
					'&quot;
LINE 6:      'E'lyte',
                    ^ /home/miracle/public_html/ci3_cgi/system/database/drivers/postgre/postgre_driver.php 242
ERROR - 2020-10-02 09:26:03 --> Query error: ERROR:  syntax error at or near "',
					'"
LINE 6:      'E'lyte',
                    ^ - Invalid query: INSERT INTO frontmed.neural_appointment (id, appointment_date, appointment_time, user_id, comment, component_id, visit_id, patient_id, created_by, select_option)
					SELECT (id + 1) AS last_id,
					'2020-10-30',
					'08:00',
					'85',
					'E'lyte',
					'10',
					'1993958',
					'2583',
					'245',
					'{2}'
					FROM frontmed.neural_appointment ORDER BY id DESC LIMIT 1 RETURNING id AS last_id
ERROR - 2020-10-02 09:26:03 --> Severity: Warning --> pg_query() [<a href='function.pg-query'>function.pg-query</a>]: Query failed: ERROR:  syntax error at or near &quot;',
					'&quot;
LINE 6:      'E'lyte',
                    ^ /home/miracle/public_html/ci3_cgi/system/database/drivers/postgre/postgre_driver.php 242
ERROR - 2020-10-02 09:26:03 --> Query error: ERROR:  syntax error at or near "',
					'"
LINE 6:      'E'lyte',
                    ^ - Invalid query: INSERT INTO frontmed.neural_appointment (id, appointment_date, appointment_time, user_id, comment, component_id, visit_id, patient_id, created_by, select_option)
					SELECT (id + 1) AS last_id,
					'2020-10-30',
					'08:00',
					'85',
					'E'lyte',
					'10',
					'1993958',
					'2583',
					'245',
					'{2}'
					FROM frontmed.neural_appointment ORDER BY id DESC LIMIT 1 RETURNING id AS last_id
ERROR - 2020-10-02 09:32:26 --> Could not find the language line "admin dashboard jsi18n-sample"
ERROR - 2020-10-02 10:27:30 --> Could not find the language line "admin dashboard jsi18n-sample"
ERROR - 2020-10-02 10:35:05 --> Could not find the language line "admin dashboard jsi18n-sample"
ERROR - 2020-10-02 13:20:08 --> Could not find the language line "admin dashboard jsi18n-sample"
ERROR - 2020-10-02 13:20:30 --> Could not find the language line "admin dashboard jsi18n-sample"
ERROR - 2020-10-02 13:20:52 --> Could not find the language line "admin dashboard jsi18n-sample"
ERROR - 2020-10-02 13:21:09 --> Could not find the language line "admin dashboard jsi18n-sample"
ERROR - 2020-10-02 13:21:16 --> Could not find the language line "admin dashboard jsi18n-sample"
ERROR - 2020-10-02 13:21:21 --> Could not find the language line "admin dashboard jsi18n-sample"
ERROR - 2020-10-02 13:21:23 --> Could not find the language line "admin dashboard jsi18n-sample"
ERROR - 2020-10-02 13:21:26 --> Could not find the language line "admin dashboard jsi18n-sample"
ERROR - 2020-10-02 13:21:51 --> Could not find the language line "admin dashboard jsi18n-sample"
ERROR - 2020-10-02 13:22:04 --> Could not find the language line "admin dashboard jsi18n-sample"
ERROR - 2020-10-02 13:22:40 --> Could not find the language line "admin dashboard jsi18n-sample"
ERROR - 2020-10-02 13:22:58 --> Could not find the language line "admin dashboard jsi18n-sample"
ERROR - 2020-10-02 13:23:00 --> Could not find the language line "admin dashboard jsi18n-sample"
ERROR - 2020-10-02 13:23:00 --> Could not find the language line "admin dashboard jsi18n-sample"
ERROR - 2020-10-02 13:23:00 --> Could not find the language line "admin dashboard jsi18n-sample"
ERROR - 2020-10-02 13:23:12 --> Could not find the language line "admin dashboard jsi18n-sample"
ERROR - 2020-10-02 13:23:23 --> Could not find the language line "admin dashboard jsi18n-sample"
ERROR - 2020-10-02 13:23:27 --> Could not find the language line "admin dashboard jsi18n-sample"
ERROR - 2020-10-02 13:23:36 --> Could not find the language line "admin dashboard jsi18n-sample"
ERROR - 2020-10-02 13:23:49 --> Could not find the language line "admin dashboard jsi18n-sample"
ERROR - 2020-10-02 13:24:08 --> Could not find the language line "admin dashboard jsi18n-sample"
ERROR - 2020-10-02 13:41:20 --> Could not find the language line "admin dashboard jsi18n-sample"
ERROR - 2020-10-02 13:43:29 --> Could not find the language line "admin dashboard jsi18n-sample"
ERROR - 2020-10-02 14:05:58 --> Could not find the language line "admin dashboard jsi18n-sample"
ERROR - 2020-10-02 14:18:59 --> Severity: Warning --> pg_query() [<a href='function.pg-query'>function.pg-query</a>]: Query failed: ERROR:  syntax error at or near &quot;',
					'&quot;
LINE 6:      'ตรวจเลือด E'lyte',
                              ^ /home/miracle/public_html/ci3_cgi/system/database/drivers/postgre/postgre_driver.php 242
ERROR - 2020-10-02 14:18:59 --> Query error: ERROR:  syntax error at or near "',
					'"
LINE 6:      'ตรวจเลือด E'lyte',
                              ^ - Invalid query: INSERT INTO frontmed.neural_appointment (id, appointment_date, appointment_time, user_id, comment, component_id, visit_id, patient_id, created_by, select_option)
					SELECT (id + 1) AS last_id,
					'2020-10-30',
					'10:00',
					'85',
					'ตรวจเลือด E'lyte',
					'10',
					'1994198',
					'187653',
					'245',
					NULL
					FROM frontmed.neural_appointment ORDER BY id DESC LIMIT 1 RETURNING id AS last_id
ERROR - 2020-10-02 14:19:01 --> Severity: Warning --> pg_query() [<a href='function.pg-query'>function.pg-query</a>]: Query failed: ERROR:  syntax error at or near &quot;',
					'&quot;
LINE 6:      'ตรวจเลือด E'lyte',
                              ^ /home/miracle/public_html/ci3_cgi/system/database/drivers/postgre/postgre_driver.php 242
ERROR - 2020-10-02 14:19:01 --> Query error: ERROR:  syntax error at or near "',
					'"
LINE 6:      'ตรวจเลือด E'lyte',
                              ^ - Invalid query: INSERT INTO frontmed.neural_appointment (id, appointment_date, appointment_time, user_id, comment, component_id, visit_id, patient_id, created_by, select_option)
					SELECT (id + 1) AS last_id,
					'2020-10-30',
					'10:00',
					'85',
					'ตรวจเลือด E'lyte',
					'10',
					'1994198',
					'187653',
					'245',
					NULL
					FROM frontmed.neural_appointment ORDER BY id DESC LIMIT 1 RETURNING id AS last_id
ERROR - 2020-10-02 14:19:03 --> Severity: Warning --> pg_query() [<a href='function.pg-query'>function.pg-query</a>]: Query failed: ERROR:  syntax error at or near &quot;',
					'&quot;
LINE 6:      'ตรวจเลือด E'lyte',
                              ^ /home/miracle/public_html/ci3_cgi/system/database/drivers/postgre/postgre_driver.php 242
ERROR - 2020-10-02 14:19:03 --> Query error: ERROR:  syntax error at or near "',
					'"
LINE 6:      'ตรวจเลือด E'lyte',
                              ^ - Invalid query: INSERT INTO frontmed.neural_appointment (id, appointment_date, appointment_time, user_id, comment, component_id, visit_id, patient_id, created_by, select_option)
					SELECT (id + 1) AS last_id,
					'2020-10-30',
					'08:00',
					'85',
					'ตรวจเลือด E'lyte',
					'10',
					'1994198',
					'187653',
					'245',
					NULL
					FROM frontmed.neural_appointment ORDER BY id DESC LIMIT 1 RETURNING id AS last_id
ERROR - 2020-10-02 14:19:04 --> Severity: Warning --> pg_query() [<a href='function.pg-query'>function.pg-query</a>]: Query failed: ERROR:  syntax error at or near &quot;',
					'&quot;
LINE 6:      'ตรวจเลือด E'lyte',
                              ^ /home/miracle/public_html/ci3_cgi/system/database/drivers/postgre/postgre_driver.php 242
ERROR - 2020-10-02 14:19:04 --> Query error: ERROR:  syntax error at or near "',
					'"
LINE 6:      'ตรวจเลือด E'lyte',
                              ^ - Invalid query: INSERT INTO frontmed.neural_appointment (id, appointment_date, appointment_time, user_id, comment, component_id, visit_id, patient_id, created_by, select_option)
					SELECT (id + 1) AS last_id,
					'2020-10-30',
					'08:00',
					'85',
					'ตรวจเลือด E'lyte',
					'10',
					'1994198',
					'187653',
					'245',
					NULL
					FROM frontmed.neural_appointment ORDER BY id DESC LIMIT 1 RETURNING id AS last_id
ERROR - 2020-10-02 14:19:07 --> Severity: Warning --> pg_query() [<a href='function.pg-query'>function.pg-query</a>]: Query failed: ERROR:  syntax error at or near &quot;',
					'&quot;
LINE 6:      'ตรวจเลือด E'lyte',
                              ^ /home/miracle/public_html/ci3_cgi/system/database/drivers/postgre/postgre_driver.php 242
ERROR - 2020-10-02 14:19:07 --> Query error: ERROR:  syntax error at or near "',
					'"
LINE 6:      'ตรวจเลือด E'lyte',
                              ^ - Invalid query: INSERT INTO frontmed.neural_appointment (id, appointment_date, appointment_time, user_id, comment, component_id, visit_id, patient_id, created_by, select_option)
					SELECT (id + 1) AS last_id,
					'2020-10-30',
					'08:00',
					'85',
					'ตรวจเลือด E'lyte',
					'10',
					'1994198',
					'187653',
					'245',
					NULL
					FROM frontmed.neural_appointment ORDER BY id DESC LIMIT 1 RETURNING id AS last_id
ERROR - 2020-10-02 14:19:21 --> Severity: Warning --> pg_query() [<a href='function.pg-query'>function.pg-query</a>]: Query failed: ERROR:  syntax error at or near &quot;',
					'&quot;
LINE 6:      'ตรวจเลือด E'lyte',
                              ^ /home/miracle/public_html/ci3_cgi/system/database/drivers/postgre/postgre_driver.php 242
ERROR - 2020-10-02 14:19:21 --> Query error: ERROR:  syntax error at or near "',
					'"
LINE 6:      'ตรวจเลือด E'lyte',
                              ^ - Invalid query: INSERT INTO frontmed.neural_appointment (id, appointment_date, appointment_time, user_id, comment, component_id, visit_id, patient_id, created_by, select_option)
					SELECT (id + 1) AS last_id,
					'2020-10-30',
					'08:00',
					'85',
					'ตรวจเลือด E'lyte',
					'10',
					'1994198',
					'187653',
					'245',
					NULL
					FROM frontmed.neural_appointment ORDER BY id DESC LIMIT 1 RETURNING id AS last_id
ERROR - 2020-10-02 14:19:30 --> Severity: Warning --> pg_query() [<a href='function.pg-query'>function.pg-query</a>]: Query failed: ERROR:  syntax error at or near &quot;',
					'&quot;
LINE 6:      'ตรวจเลือด E'lyte',
                              ^ /home/miracle/public_html/ci3_cgi/system/database/drivers/postgre/postgre_driver.php 242
ERROR - 2020-10-02 14:19:30 --> Query error: ERROR:  syntax error at or near "',
					'"
LINE 6:      'ตรวจเลือด E'lyte',
                              ^ - Invalid query: INSERT INTO frontmed.neural_appointment (id, appointment_date, appointment_time, user_id, comment, component_id, visit_id, patient_id, created_by, select_option)
					SELECT (id + 1) AS last_id,
					'2020-10-30',
					'08:00',
					'85',
					'ตรวจเลือด E'lyte',
					'10',
					'1994198',
					'187653',
					'245',
					NULL
					FROM frontmed.neural_appointment ORDER BY id DESC LIMIT 1 RETURNING id AS last_id
ERROR - 2020-10-02 14:19:31 --> Severity: Warning --> pg_query() [<a href='function.pg-query'>function.pg-query</a>]: Query failed: ERROR:  syntax error at or near &quot;',
					'&quot;
LINE 6:      'ตรวจเลือด E'lyte',
                              ^ /home/miracle/public_html/ci3_cgi/system/database/drivers/postgre/postgre_driver.php 242
ERROR - 2020-10-02 14:19:31 --> Query error: ERROR:  syntax error at or near "',
					'"
LINE 6:      'ตรวจเลือด E'lyte',
                              ^ - Invalid query: INSERT INTO frontmed.neural_appointment (id, appointment_date, appointment_time, user_id, comment, component_id, visit_id, patient_id, created_by, select_option)
					SELECT (id + 1) AS last_id,
					'2020-10-30',
					'08:00',
					'85',
					'ตรวจเลือด E'lyte',
					'10',
					'1994198',
					'187653',
					'245',
					NULL
					FROM frontmed.neural_appointment ORDER BY id DESC LIMIT 1 RETURNING id AS last_id
ERROR - 2020-10-02 14:19:47 --> Severity: Warning --> pg_query() [<a href='function.pg-query'>function.pg-query</a>]: Query failed: ERROR:  syntax error at or near &quot;',
					'&quot;
LINE 6:      'ตรวจเลือด E'lyte',
                              ^ /home/miracle/public_html/ci3_cgi/system/database/drivers/postgre/postgre_driver.php 242
ERROR - 2020-10-02 14:19:47 --> Query error: ERROR:  syntax error at or near "',
					'"
LINE 6:      'ตรวจเลือด E'lyte',
                              ^ - Invalid query: INSERT INTO frontmed.neural_appointment (id, appointment_date, appointment_time, user_id, comment, component_id, visit_id, patient_id, created_by, select_option)
					SELECT (id + 1) AS last_id,
					'2020-10-30',
					'08:00',
					'85',
					'ตรวจเลือด E'lyte',
					'10',
					'1994198',
					'187653',
					'245',
					NULL
					FROM frontmed.neural_appointment ORDER BY id DESC LIMIT 1 RETURNING id AS last_id
ERROR - 2020-10-02 14:19:55 --> Severity: Warning --> pg_query() [<a href='function.pg-query'>function.pg-query</a>]: Query failed: ERROR:  syntax error at or near &quot;',
					'&quot;
LINE 6:      'ตรวจเลือด E'lyte',
                              ^ /home/miracle/public_html/ci3_cgi/system/database/drivers/postgre/postgre_driver.php 242
ERROR - 2020-10-02 14:19:55 --> Query error: ERROR:  syntax error at or near "',
					'"
LINE 6:      'ตรวจเลือด E'lyte',
                              ^ - Invalid query: INSERT INTO frontmed.neural_appointment (id, appointment_date, appointment_time, user_id, comment, component_id, visit_id, patient_id, created_by, select_option)
					SELECT (id + 1) AS last_id,
					'2020-10-30',
					'08:00',
					'85',
					'ตรวจเลือด E'lyte',
					'10',
					'1994198',
					'187653',
					'245',
					NULL
					FROM frontmed.neural_appointment ORDER BY id DESC LIMIT 1 RETURNING id AS last_id
ERROR - 2020-10-02 14:20:28 --> Severity: Warning --> pg_query() [<a href='function.pg-query'>function.pg-query</a>]: Query failed: ERROR:  syntax error at or near &quot;',
					'&quot;
LINE 6:      'ตรวจเลือด E'lyte',
                              ^ /home/miracle/public_html/ci3_cgi/system/database/drivers/postgre/postgre_driver.php 242
ERROR - 2020-10-02 14:20:28 --> Query error: ERROR:  syntax error at or near "',
					'"
LINE 6:      'ตรวจเลือด E'lyte',
                              ^ - Invalid query: INSERT INTO frontmed.neural_appointment (id, appointment_date, appointment_time, user_id, comment, component_id, visit_id, patient_id, created_by, select_option)
					SELECT (id + 1) AS last_id,
					'2020-10-30',
					'08:00',
					'85',
					'ตรวจเลือด E'lyte',
					'10',
					'1994198',
					'187653',
					'245',
					NULL
					FROM frontmed.neural_appointment ORDER BY id DESC LIMIT 1 RETURNING id AS last_id
ERROR - 2020-10-02 14:20:31 --> Severity: Warning --> pg_query() [<a href='function.pg-query'>function.pg-query</a>]: Query failed: ERROR:  syntax error at or near &quot;',
					'&quot;
LINE 6:      'ตรวจเลือด E'lyte',
                              ^ /home/miracle/public_html/ci3_cgi/system/database/drivers/postgre/postgre_driver.php 242
ERROR - 2020-10-02 14:20:31 --> Query error: ERROR:  syntax error at or near "',
					'"
LINE 6:      'ตรวจเลือด E'lyte',
                              ^ - Invalid query: INSERT INTO frontmed.neural_appointment (id, appointment_date, appointment_time, user_id, comment, component_id, visit_id, patient_id, created_by, select_option)
					SELECT (id + 1) AS last_id,
					'2020-10-30',
					'08:00',
					'85',
					'ตรวจเลือด E'lyte',
					'10',
					'1994198',
					'187653',
					'245',
					NULL
					FROM frontmed.neural_appointment ORDER BY id DESC LIMIT 1 RETURNING id AS last_id
ERROR - 2020-10-02 14:21:30 --> Severity: Warning --> pg_query() [<a href='function.pg-query'>function.pg-query</a>]: Query failed: ERROR:  syntax error at or near &quot;',
					'&quot;
LINE 6:      'ตรวจเลือด E'lyte',
                              ^ /home/miracle/public_html/ci3_cgi/system/database/drivers/postgre/postgre_driver.php 242
ERROR - 2020-10-02 14:21:30 --> Query error: ERROR:  syntax error at or near "',
					'"
LINE 6:      'ตรวจเลือด E'lyte',
                              ^ - Invalid query: INSERT INTO frontmed.neural_appointment (id, appointment_date, appointment_time, user_id, comment, component_id, visit_id, patient_id, created_by, select_option)
					SELECT (id + 1) AS last_id,
					'2020-10-30',
					'08:00',
					'85',
					'ตรวจเลือด E'lyte',
					'10',
					'1994198',
					'187653',
					'245',
					NULL
					FROM frontmed.neural_appointment ORDER BY id DESC LIMIT 1 RETURNING id AS last_id
ERROR - 2020-10-02 14:21:32 --> Severity: Warning --> pg_query() [<a href='function.pg-query'>function.pg-query</a>]: Query failed: ERROR:  syntax error at or near &quot;',
					'&quot;
LINE 6:      'ตรวจเลือด E'lyte',
                              ^ /home/miracle/public_html/ci3_cgi/system/database/drivers/postgre/postgre_driver.php 242
ERROR - 2020-10-02 14:21:32 --> Query error: ERROR:  syntax error at or near "',
					'"
LINE 6:      'ตรวจเลือด E'lyte',
                              ^ - Invalid query: INSERT INTO frontmed.neural_appointment (id, appointment_date, appointment_time, user_id, comment, component_id, visit_id, patient_id, created_by, select_option)
					SELECT (id + 1) AS last_id,
					'2020-10-30',
					'08:00',
					'85',
					'ตรวจเลือด E'lyte',
					'10',
					'1994198',
					'187653',
					'245',
					NULL
					FROM frontmed.neural_appointment ORDER BY id DESC LIMIT 1 RETURNING id AS last_id
ERROR - 2020-10-02 14:21:33 --> Severity: Warning --> pg_query() [<a href='function.pg-query'>function.pg-query</a>]: Query failed: ERROR:  syntax error at or near &quot;',
					'&quot;
LINE 6:      'ตรวจเลือด E'lyte',
                              ^ /home/miracle/public_html/ci3_cgi/system/database/drivers/postgre/postgre_driver.php 242
ERROR - 2020-10-02 14:21:33 --> Query error: ERROR:  syntax error at or near "',
					'"
LINE 6:      'ตรวจเลือด E'lyte',
                              ^ - Invalid query: INSERT INTO frontmed.neural_appointment (id, appointment_date, appointment_time, user_id, comment, component_id, visit_id, patient_id, created_by, select_option)
					SELECT (id + 1) AS last_id,
					'2020-10-30',
					'08:00',
					'85',
					'ตรวจเลือด E'lyte',
					'10',
					'1994198',
					'187653',
					'245',
					NULL
					FROM frontmed.neural_appointment ORDER BY id DESC LIMIT 1 RETURNING id AS last_id
ERROR - 2020-10-02 14:21:33 --> Severity: Warning --> pg_query() [<a href='function.pg-query'>function.pg-query</a>]: Query failed: ERROR:  syntax error at or near &quot;',
					'&quot;
LINE 6:      'ตรวจเลือด E'lyte',
                              ^ /home/miracle/public_html/ci3_cgi/system/database/drivers/postgre/postgre_driver.php 242
ERROR - 2020-10-02 14:21:33 --> Query error: ERROR:  syntax error at or near "',
					'"
LINE 6:      'ตรวจเลือด E'lyte',
                              ^ - Invalid query: INSERT INTO frontmed.neural_appointment (id, appointment_date, appointment_time, user_id, comment, component_id, visit_id, patient_id, created_by, select_option)
					SELECT (id + 1) AS last_id,
					'2020-10-30',
					'08:00',
					'85',
					'ตรวจเลือด E'lyte',
					'10',
					'1994198',
					'187653',
					'245',
					NULL
					FROM frontmed.neural_appointment ORDER BY id DESC LIMIT 1 RETURNING id AS last_id
ERROR - 2020-10-02 14:21:35 --> Severity: Warning --> pg_query() [<a href='function.pg-query'>function.pg-query</a>]: Query failed: ERROR:  syntax error at or near &quot;',
					'&quot;
LINE 6:      'ตรวจเลือด E'lyte',
                              ^ /home/miracle/public_html/ci3_cgi/system/database/drivers/postgre/postgre_driver.php 242
ERROR - 2020-10-02 14:21:35 --> Query error: ERROR:  syntax error at or near "',
					'"
LINE 6:      'ตรวจเลือด E'lyte',
                              ^ - Invalid query: INSERT INTO frontmed.neural_appointment (id, appointment_date, appointment_time, user_id, comment, component_id, visit_id, patient_id, created_by, select_option)
					SELECT (id + 1) AS last_id,
					'2020-10-30',
					'08:00',
					'85',
					'ตรวจเลือด E'lyte',
					'10',
					'1994198',
					'187653',
					'245',
					NULL
					FROM frontmed.neural_appointment ORDER BY id DESC LIMIT 1 RETURNING id AS last_id
ERROR - 2020-10-02 14:22:00 --> Severity: Warning --> pg_query() [<a href='function.pg-query'>function.pg-query</a>]: Query failed: ERROR:  syntax error at or near &quot;',
					'&quot;
LINE 6:      'ตรวจเลือด E'lyte',
                              ^ /home/miracle/public_html/ci3_cgi/system/database/drivers/postgre/postgre_driver.php 242
ERROR - 2020-10-02 14:22:00 --> Query error: ERROR:  syntax error at or near "',
					'"
LINE 6:      'ตรวจเลือด E'lyte',
                              ^ - Invalid query: INSERT INTO frontmed.neural_appointment (id, appointment_date, appointment_time, user_id, comment, component_id, visit_id, patient_id, created_by, select_option)
					SELECT (id + 1) AS last_id,
					'2020-10-30',
					'08:00',
					'85',
					'ตรวจเลือด E'lyte',
					'10',
					'1994198',
					'187653',
					'245',
					NULL
					FROM frontmed.neural_appointment ORDER BY id DESC LIMIT 1 RETURNING id AS last_id
ERROR - 2020-10-02 14:22:01 --> Severity: Warning --> pg_query() [<a href='function.pg-query'>function.pg-query</a>]: Query failed: ERROR:  syntax error at or near &quot;',
					'&quot;
LINE 6:      'ตรวจเลือด E'lyte',
                              ^ /home/miracle/public_html/ci3_cgi/system/database/drivers/postgre/postgre_driver.php 242
ERROR - 2020-10-02 14:22:01 --> Query error: ERROR:  syntax error at or near "',
					'"
LINE 6:      'ตรวจเลือด E'lyte',
                              ^ - Invalid query: INSERT INTO frontmed.neural_appointment (id, appointment_date, appointment_time, user_id, comment, component_id, visit_id, patient_id, created_by, select_option)
					SELECT (id + 1) AS last_id,
					'2020-10-30',
					'08:00',
					'85',
					'ตรวจเลือด E'lyte',
					'10',
					'1994198',
					'187653',
					'245',
					NULL
					FROM frontmed.neural_appointment ORDER BY id DESC LIMIT 1 RETURNING id AS last_id
ERROR - 2020-10-02 14:22:01 --> Severity: Warning --> pg_query() [<a href='function.pg-query'>function.pg-query</a>]: Query failed: ERROR:  syntax error at or near &quot;',
					'&quot;
LINE 6:      'ตรวจเลือด E'lyte',
                              ^ /home/miracle/public_html/ci3_cgi/system/database/drivers/postgre/postgre_driver.php 242
ERROR - 2020-10-02 14:22:01 --> Query error: ERROR:  syntax error at or near "',
					'"
LINE 6:      'ตรวจเลือด E'lyte',
                              ^ - Invalid query: INSERT INTO frontmed.neural_appointment (id, appointment_date, appointment_time, user_id, comment, component_id, visit_id, patient_id, created_by, select_option)
					SELECT (id + 1) AS last_id,
					'2020-10-30',
					'08:00',
					'85',
					'ตรวจเลือด E'lyte',
					'10',
					'1994198',
					'187653',
					'245',
					NULL
					FROM frontmed.neural_appointment ORDER BY id DESC LIMIT 1 RETURNING id AS last_id
ERROR - 2020-10-02 14:22:01 --> Severity: Warning --> pg_query() [<a href='function.pg-query'>function.pg-query</a>]: Query failed: ERROR:  syntax error at or near &quot;',
					'&quot;
LINE 6:      'ตรวจเลือด E'lyte',
                              ^ /home/miracle/public_html/ci3_cgi/system/database/drivers/postgre/postgre_driver.php 242
ERROR - 2020-10-02 14:22:01 --> Query error: ERROR:  syntax error at or near "',
					'"
LINE 6:      'ตรวจเลือด E'lyte',
                              ^ - Invalid query: INSERT INTO frontmed.neural_appointment (id, appointment_date, appointment_time, user_id, comment, component_id, visit_id, patient_id, created_by, select_option)
					SELECT (id + 1) AS last_id,
					'2020-10-30',
					'08:00',
					'85',
					'ตรวจเลือด E'lyte',
					'10',
					'1994198',
					'187653',
					'245',
					NULL
					FROM frontmed.neural_appointment ORDER BY id DESC LIMIT 1 RETURNING id AS last_id
ERROR - 2020-10-02 14:22:31 --> Severity: Warning --> pg_query() [<a href='function.pg-query'>function.pg-query</a>]: Query failed: ERROR:  syntax error at or near &quot;',
					'&quot;
LINE 6:      'ตรวจเลือด E'lyte',
                              ^ /home/miracle/public_html/ci3_cgi/system/database/drivers/postgre/postgre_driver.php 242
ERROR - 2020-10-02 14:22:31 --> Query error: ERROR:  syntax error at or near "',
					'"
LINE 6:      'ตรวจเลือด E'lyte',
                              ^ - Invalid query: INSERT INTO frontmed.neural_appointment (id, appointment_date, appointment_time, user_id, comment, component_id, visit_id, patient_id, created_by, select_option)
					SELECT (id + 1) AS last_id,
					'2020-10-30',
					'08:00',
					'85',
					'ตรวจเลือด E'lyte',
					'10',
					'1994198',
					'187653',
					'245',
					NULL
					FROM frontmed.neural_appointment ORDER BY id DESC LIMIT 1 RETURNING id AS last_id
ERROR - 2020-10-02 14:23:17 --> Could not find the language line "admin dashboard jsi18n-sample"
ERROR - 2020-10-02 14:38:35 --> Could not find the language line "admin dashboard jsi18n-sample"
ERROR - 2020-10-02 14:39:17 --> Could not find the language line "admin dashboard jsi18n-sample"
ERROR - 2020-10-02 14:40:02 --> Could not find the language line "admin dashboard jsi18n-sample"
ERROR - 2020-10-02 14:40:24 --> Could not find the language line "admin dashboard jsi18n-sample"
ERROR - 2020-10-02 15:35:03 --> Could not find the language line "admin dashboard jsi18n-sample"
ERROR - 2020-10-02 15:35:51 --> Severity: Warning --> pg_query() [<a href='function.pg-query'>function.pg-query</a>]: Query failed: ERROR:  invalid input syntax for integer: &quot;&quot;
LINE 1: ...10-30', &quot;appointment_time&quot; = '08:30', &quot;user_id&quot; = '', &quot;comme...
                                                             ^ /home/miracle/public_html/ci3_cgi/system/database/drivers/postgre/postgre_driver.php 242
ERROR - 2020-10-02 15:35:51 --> Query error: ERROR:  invalid input syntax for integer: ""
LINE 1: ...10-30', "appointment_time" = '08:30', "user_id" = '', "comme...
                                                             ^ - Invalid query: UPDATE "frontmed"."neural_appointment" SET "appointment_date" = '2020-10-30', "appointment_time" = '08:30', "user_id" = '', "comment" = 'จิตบำบัด ชัญญาพัทธ์/สรานุช ', "component_id" = '19', "visit_id" = '1994211', "patient_id" = '193627', "created_by" = '60', "update_date" = '2020-10-02 15:35:51'
WHERE "neural_appointment"."id" = '828732'
ERROR - 2020-10-02 15:35:54 --> Severity: Warning --> pg_query() [<a href='function.pg-query'>function.pg-query</a>]: Query failed: ERROR:  invalid input syntax for integer: &quot;&quot;
LINE 1: ...10-30', &quot;appointment_time&quot; = '08:30', &quot;user_id&quot; = '', &quot;comme...
                                                             ^ /home/miracle/public_html/ci3_cgi/system/database/drivers/postgre/postgre_driver.php 242
ERROR - 2020-10-02 15:35:54 --> Query error: ERROR:  invalid input syntax for integer: ""
LINE 1: ...10-30', "appointment_time" = '08:30', "user_id" = '', "comme...
                                                             ^ - Invalid query: UPDATE "frontmed"."neural_appointment" SET "appointment_date" = '2020-10-30', "appointment_time" = '08:30', "user_id" = '', "comment" = 'จิตบำบัด ชัญญาพัทธ์/สรานุช ', "component_id" = '19', "visit_id" = '1994211', "patient_id" = '193627', "created_by" = '60', "update_date" = '2020-10-02 15:35:54'
WHERE "neural_appointment"."id" = '828732'
ERROR - 2020-10-02 15:35:59 --> Severity: Warning --> pg_query() [<a href='function.pg-query'>function.pg-query</a>]: Query failed: ERROR:  invalid input syntax for integer: &quot;&quot;
LINE 1: ...10-30', &quot;appointment_time&quot; = '08:30', &quot;user_id&quot; = '', &quot;comme...
                                                             ^ /home/miracle/public_html/ci3_cgi/system/database/drivers/postgre/postgre_driver.php 242
ERROR - 2020-10-02 15:35:59 --> Query error: ERROR:  invalid input syntax for integer: ""
LINE 1: ...10-30', "appointment_time" = '08:30', "user_id" = '', "comme...
                                                             ^ - Invalid query: UPDATE "frontmed"."neural_appointment" SET "appointment_date" = '2020-10-30', "appointment_time" = '08:30', "user_id" = '', "comment" = 'จิตบำบัด ชัญญาพัทธ์/สรานุช ', "component_id" = '19', "visit_id" = '1994211', "patient_id" = '193627', "created_by" = '60', "update_date" = '2020-10-02 15:35:59'
WHERE "neural_appointment"."id" = '828732'
ERROR - 2020-10-02 15:36:18 --> Severity: Warning --> pg_query() [<a href='function.pg-query'>function.pg-query</a>]: Query failed: ERROR:  invalid input syntax for integer: &quot;&quot;
LINE 1: ...10-30', &quot;appointment_time&quot; = '08:30', &quot;user_id&quot; = '', &quot;comme...
                                                             ^ /home/miracle/public_html/ci3_cgi/system/database/drivers/postgre/postgre_driver.php 242
ERROR - 2020-10-02 15:36:18 --> Query error: ERROR:  invalid input syntax for integer: ""
LINE 1: ...10-30', "appointment_time" = '08:30', "user_id" = '', "comme...
                                                             ^ - Invalid query: UPDATE "frontmed"."neural_appointment" SET "appointment_date" = '2020-10-30', "appointment_time" = '08:30', "user_id" = '', "comment" = 'จิตบำบัด ชัญญาพัทธ์/สรานุช ', "component_id" = '19', "visit_id" = '1994211', "patient_id" = '193627', "created_by" = '60', "update_date" = '2020-10-02 15:36:18'
WHERE "neural_appointment"."id" = '828732'
