ERROR - 2021-01-18 08:12:46 --> Could not find the language line "admin dashboard jsi18n-sample"
ERROR - 2021-01-18 08:20:02 --> Could not find the language line "admin dashboard jsi18n-sample"
ERROR - 2021-01-18 08:37:41 --> Could not find the language line "admin dashboard jsi18n-sample"
ERROR - 2021-01-18 09:07:05 --> Could not find the language line "admin dashboard jsi18n-sample"
ERROR - 2021-01-18 10:48:56 --> Could not find the language line "admin dashboard jsi18n-sample"
ERROR - 2021-01-18 11:06:43 --> Could not find the language line "admin dashboard jsi18n-sample"
ERROR - 2021-01-18 12:00:22 --> Could not find the language line "admin dashboard jsi18n-sample"
ERROR - 2021-01-18 12:05:17 --> Could not find the language line "admin dashboard jsi18n-sample"
ERROR - 2021-01-18 13:17:53 --> Could not find the language line "admin dashboard jsi18n-sample"
ERROR - 2021-01-18 13:20:13 --> Severity: Warning --> pg_query() [<a href='function.pg-query'>function.pg-query</a>]: Query failed: ERROR:  invalid input syntax for integer: &quot;&quot;
LINE 1: ...02-15', &quot;appointment_time&quot; = '09:00', &quot;user_id&quot; = '', &quot;comme...
                                                             ^ /home/miracle/public_html/ci3_cgi/system/database/drivers/postgre/postgre_driver.php 242
ERROR - 2021-01-18 13:20:13 --> Query error: ERROR:  invalid input syntax for integer: ""
LINE 1: ...02-15', "appointment_time" = '09:00', "user_id" = '', "comme...
                                                             ^ - Invalid query: UPDATE "frontmed"."neural_appointment" SET "appointment_date" = '2021-02-15', "appointment_time" = '09:00', "user_id" = '', "comment" = '', "component_id" = '19', "visit_id" = '2022001', "patient_id" = '179123', "created_by" = '145', "update_date" = '2021-01-18 13:20:12'
WHERE "neural_appointment"."id" = '846490'
ERROR - 2021-01-18 13:20:13 --> Severity: Warning --> pg_query() [<a href='function.pg-query'>function.pg-query</a>]: Query failed: ERROR:  invalid input syntax for integer: &quot;&quot;
LINE 1: ...02-15', &quot;appointment_time&quot; = '09:00', &quot;user_id&quot; = '', &quot;comme...
                                                             ^ /home/miracle/public_html/ci3_cgi/system/database/drivers/postgre/postgre_driver.php 242
ERROR - 2021-01-18 13:20:13 --> Query error: ERROR:  invalid input syntax for integer: ""
LINE 1: ...02-15', "appointment_time" = '09:00', "user_id" = '', "comme...
                                                             ^ - Invalid query: UPDATE "frontmed"."neural_appointment" SET "appointment_date" = '2021-02-15', "appointment_time" = '09:00', "user_id" = '', "comment" = '', "component_id" = '19', "visit_id" = '2022001', "patient_id" = '179123', "created_by" = '145', "update_date" = '2021-01-18 13:20:13'
WHERE "neural_appointment"."id" = '846490'
ERROR - 2021-01-18 13:20:13 --> Severity: Warning --> pg_query() [<a href='function.pg-query'>function.pg-query</a>]: Query failed: ERROR:  invalid input syntax for integer: &quot;&quot;
LINE 1: ...02-15', &quot;appointment_time&quot; = '09:00', &quot;user_id&quot; = '', &quot;comme...
                                                             ^ /home/miracle/public_html/ci3_cgi/system/database/drivers/postgre/postgre_driver.php 242
ERROR - 2021-01-18 13:20:13 --> Query error: ERROR:  invalid input syntax for integer: ""
LINE 1: ...02-15', "appointment_time" = '09:00', "user_id" = '', "comme...
                                                             ^ - Invalid query: UPDATE "frontmed"."neural_appointment" SET "appointment_date" = '2021-02-15', "appointment_time" = '09:00', "user_id" = '', "comment" = '', "component_id" = '19', "visit_id" = '2022001', "patient_id" = '179123', "created_by" = '145', "update_date" = '2021-01-18 13:20:13'
WHERE "neural_appointment"."id" = '846490'
ERROR - 2021-01-18 13:20:13 --> Severity: Warning --> pg_query() [<a href='function.pg-query'>function.pg-query</a>]: Query failed: ERROR:  invalid input syntax for integer: &quot;&quot;
LINE 1: ...02-15', &quot;appointment_time&quot; = '09:00', &quot;user_id&quot; = '', &quot;comme...
                                                             ^ /home/miracle/public_html/ci3_cgi/system/database/drivers/postgre/postgre_driver.php 242
ERROR - 2021-01-18 13:20:13 --> Query error: ERROR:  invalid input syntax for integer: ""
LINE 1: ...02-15', "appointment_time" = '09:00', "user_id" = '', "comme...
                                                             ^ - Invalid query: UPDATE "frontmed"."neural_appointment" SET "appointment_date" = '2021-02-15', "appointment_time" = '09:00', "user_id" = '', "comment" = '', "component_id" = '19', "visit_id" = '2022001', "patient_id" = '179123', "created_by" = '145', "update_date" = '2021-01-18 13:20:13'
WHERE "neural_appointment"."id" = '846490'
ERROR - 2021-01-18 13:36:06 --> Could not find the language line "admin dashboard jsi18n-sample"
ERROR - 2021-01-18 13:52:15 --> Could not find the language line "admin dashboard jsi18n-sample"
ERROR - 2021-01-18 13:52:19 --> Could not find the language line "admin dashboard jsi18n-sample"
ERROR - 2021-01-18 13:56:35 --> Could not find the language line "admin dashboard jsi18n-sample"
ERROR - 2021-01-18 14:16:19 --> Could not find the language line "admin dashboard jsi18n-sample"
ERROR - 2021-01-18 14:20:30 --> Could not find the language line "admin dashboard jsi18n-sample"
ERROR - 2021-01-18 14:20:53 --> Could not find the language line "admin dashboard jsi18n-sample"
ERROR - 2021-01-18 15:17:22 --> Could not find the language line "admin dashboard jsi18n-sample"
ERROR - 2021-01-18 15:18:49 --> Could not find the language line "admin dashboard jsi18n-sample"
ERROR - 2021-01-18 16:36:34 --> Could not find the language line "admin dashboard jsi18n-sample"
ERROR - 2021-01-18 17:28:57 --> Could not find the language line "admin dashboard jsi18n-sample"
ERROR - 2021-01-18 17:46:39 --> Could not find the language line "admin dashboard jsi18n-sample"
ERROR - 2021-01-18 17:49:11 --> Could not find the language line "admin dashboard jsi18n-sample"
ERROR - 2021-01-18 17:49:35 --> Could not find the language line "admin dashboard jsi18n-sample"
ERROR - 2021-01-18 18:10:02 --> Could not find the language line "admin dashboard jsi18n-sample"
ERROR - 2021-01-18 19:37:24 --> Could not find the language line "admin dashboard jsi18n-sample"
ERROR - 2021-01-18 19:49:13 --> Could not find the language line "admin dashboard jsi18n-sample"
ERROR - 2021-01-18 19:50:11 --> Could not find the language line "admin dashboard jsi18n-sample"
ERROR - 2021-01-18 19:51:32 --> Could not find the language line "admin dashboard jsi18n-sample"
