ERROR - 2021-03-18 08:30:17 --> Could not find the language line "admin dashboard jsi18n-sample"
ERROR - 2021-03-18 08:30:21 --> Could not find the language line "admin dashboard jsi18n-sample"
ERROR - 2021-03-18 08:57:27 --> Could not find the language line "admin dashboard jsi18n-sample"
ERROR - 2021-03-18 09:04:28 --> Could not find the language line "admin dashboard jsi18n-sample"
ERROR - 2021-03-18 09:04:49 --> Could not find the language line "admin dashboard jsi18n-sample"
ERROR - 2021-03-18 09:56:59 --> Could not find the language line "admin dashboard jsi18n-sample"
ERROR - 2021-03-18 10:03:55 --> Could not find the language line "admin dashboard jsi18n-sample"
ERROR - 2021-03-18 10:20:10 --> Could not find the language line "admin dashboard jsi18n-sample"
ERROR - 2021-03-18 10:23:57 --> Could not find the language line "admin dashboard jsi18n-sample"
ERROR - 2021-03-18 10:53:39 --> Could not find the language line "admin dashboard jsi18n-sample"
ERROR - 2021-03-18 11:11:06 --> Could not find the language line "admin dashboard jsi18n-sample"
ERROR - 2021-03-18 11:18:19 --> Could not find the language line "admin dashboard jsi18n-sample"
ERROR - 2021-03-18 11:19:44 --> Could not find the language line "admin dashboard jsi18n-sample"
ERROR - 2021-03-18 11:21:16 --> Could not find the language line "admin dashboard jsi18n-sample"
ERROR - 2021-03-18 11:23:24 --> Could not find the language line "admin dashboard jsi18n-sample"
ERROR - 2021-03-18 11:30:32 --> Could not find the language line "admin dashboard jsi18n-sample"
ERROR - 2021-03-18 11:33:47 --> Could not find the language line "admin dashboard jsi18n-sample"
ERROR - 2021-03-18 11:35:46 --> Could not find the language line "admin dashboard jsi18n-sample"
ERROR - 2021-03-18 11:38:53 --> Could not find the language line "admin dashboard jsi18n-sample"
ERROR - 2021-03-18 11:42:05 --> Could not find the language line "admin dashboard jsi18n-sample"
ERROR - 2021-03-18 11:44:45 --> Could not find the language line "admin dashboard jsi18n-sample"
ERROR - 2021-03-18 11:54:56 --> Could not find the language line "admin dashboard jsi18n-sample"
ERROR - 2021-03-18 13:03:51 --> Could not find the language line "admin dashboard jsi18n-sample"
ERROR - 2021-03-18 13:06:12 --> Could not find the language line "admin dashboard jsi18n-sample"
ERROR - 2021-03-18 13:07:12 --> Could not find the language line "admin dashboard jsi18n-sample"
ERROR - 2021-03-18 13:08:12 --> Could not find the language line "admin dashboard jsi18n-sample"
ERROR - 2021-03-18 13:09:12 --> Could not find the language line "admin dashboard jsi18n-sample"
ERROR - 2021-03-18 13:10:12 --> Could not find the language line "admin dashboard jsi18n-sample"
ERROR - 2021-03-18 13:12:12 --> Could not find the language line "admin dashboard jsi18n-sample"
ERROR - 2021-03-18 13:13:12 --> Could not find the language line "admin dashboard jsi18n-sample"
ERROR - 2021-03-18 13:14:12 --> Could not find the language line "admin dashboard jsi18n-sample"
ERROR - 2021-03-18 13:25:54 --> Could not find the language line "admin dashboard jsi18n-sample"
ERROR - 2021-03-18 13:25:57 --> Could not find the language line "admin dashboard jsi18n-sample"
ERROR - 2021-03-18 13:26:00 --> Could not find the language line "admin dashboard jsi18n-sample"
ERROR - 2021-03-18 13:26:06 --> Could not find the language line "admin dashboard jsi18n-sample"
ERROR - 2021-03-18 13:26:09 --> Could not find the language line "admin dashboard jsi18n-sample"
ERROR - 2021-03-18 13:39:25 --> Severity: Warning --> pg_query() [<a href='function.pg-query'>function.pg-query</a>]: Query failed: ERROR:  invalid input syntax for integer: &quot;&quot;
LINE 9:      '',
             ^ /home/miracle/public_html/ci3_cgi/system/database/drivers/postgre/postgre_driver.php 242
ERROR - 2021-03-18 13:39:25 --> Query error: ERROR:  invalid input syntax for integer: ""
LINE 9:      '',
             ^ - Invalid query: INSERT INTO frontmed.neural_appointment (id, appointment_date, appointment_time, user_id, comment, component_id, visit_id, patient_id, created_by, select_option)
					SELECT (id + 1) AS last_id,
					'2021-03-31',
					'10:00',
					'471',
					'',
					'10',
					'2038106',
					'',
					'306',
					NULL
					FROM frontmed.neural_appointment ORDER BY id DESC LIMIT 1 RETURNING id AS last_id
ERROR - 2021-03-18 13:40:17 --> Severity: Warning --> pg_query() [<a href='function.pg-query'>function.pg-query</a>]: Query failed: ERROR:  invalid input syntax for integer: &quot;&quot;
LINE 9:      '',
             ^ /home/miracle/public_html/ci3_cgi/system/database/drivers/postgre/postgre_driver.php 242
ERROR - 2021-03-18 13:40:17 --> Query error: ERROR:  invalid input syntax for integer: ""
LINE 9:      '',
             ^ - Invalid query: INSERT INTO frontmed.neural_appointment (id, appointment_date, appointment_time, user_id, comment, component_id, visit_id, patient_id, created_by, select_option)
					SELECT (id + 1) AS last_id,
					'2021-03-31',
					'10:00',
					'471',
					'',
					'10',
					'2038106',
					'',
					'306',
					NULL
					FROM frontmed.neural_appointment ORDER BY id DESC LIMIT 1 RETURNING id AS last_id
ERROR - 2021-03-18 13:40:37 --> Severity: Warning --> pg_query() [<a href='function.pg-query'>function.pg-query</a>]: Query failed: ERROR:  invalid input syntax for integer: &quot;&quot;
LINE 9:      '',
             ^ /home/miracle/public_html/ci3_cgi/system/database/drivers/postgre/postgre_driver.php 242
ERROR - 2021-03-18 13:40:37 --> Query error: ERROR:  invalid input syntax for integer: ""
LINE 9:      '',
             ^ - Invalid query: INSERT INTO frontmed.neural_appointment (id, appointment_date, appointment_time, user_id, comment, component_id, visit_id, patient_id, created_by, select_option)
					SELECT (id + 1) AS last_id,
					'2021-03-31',
					'10:00',
					'471',
					'',
					'10',
					'2038106',
					'',
					'306',
					NULL
					FROM frontmed.neural_appointment ORDER BY id DESC LIMIT 1 RETURNING id AS last_id
ERROR - 2021-03-18 13:40:38 --> Severity: Warning --> pg_query() [<a href='function.pg-query'>function.pg-query</a>]: Query failed: ERROR:  invalid input syntax for integer: &quot;&quot;
LINE 9:      '',
             ^ /home/miracle/public_html/ci3_cgi/system/database/drivers/postgre/postgre_driver.php 242
ERROR - 2021-03-18 13:40:38 --> Query error: ERROR:  invalid input syntax for integer: ""
LINE 9:      '',
             ^ - Invalid query: INSERT INTO frontmed.neural_appointment (id, appointment_date, appointment_time, user_id, comment, component_id, visit_id, patient_id, created_by, select_option)
					SELECT (id + 1) AS last_id,
					'2021-03-31',
					'10:00',
					'471',
					'',
					'10',
					'2038106',
					'',
					'306',
					NULL
					FROM frontmed.neural_appointment ORDER BY id DESC LIMIT 1 RETURNING id AS last_id
ERROR - 2021-03-18 13:40:38 --> Severity: Warning --> pg_query() [<a href='function.pg-query'>function.pg-query</a>]: Query failed: ERROR:  invalid input syntax for integer: &quot;&quot;
LINE 9:      '',
             ^ /home/miracle/public_html/ci3_cgi/system/database/drivers/postgre/postgre_driver.php 242
ERROR - 2021-03-18 13:40:38 --> Query error: ERROR:  invalid input syntax for integer: ""
LINE 9:      '',
             ^ - Invalid query: INSERT INTO frontmed.neural_appointment (id, appointment_date, appointment_time, user_id, comment, component_id, visit_id, patient_id, created_by, select_option)
					SELECT (id + 1) AS last_id,
					'2021-03-31',
					'10:00',
					'471',
					'',
					'10',
					'2038106',
					'',
					'306',
					NULL
					FROM frontmed.neural_appointment ORDER BY id DESC LIMIT 1 RETURNING id AS last_id
ERROR - 2021-03-18 13:43:29 --> Could not find the language line "admin dashboard jsi18n-sample"
ERROR - 2021-03-18 13:44:51 --> Could not find the language line "admin dashboard jsi18n-sample"
ERROR - 2021-03-18 13:46:51 --> Could not find the language line "admin dashboard jsi18n-sample"
ERROR - 2021-03-18 13:49:31 --> Could not find the language line "admin dashboard jsi18n-sample"
ERROR - 2021-03-18 13:50:17 --> Could not find the language line "admin dashboard jsi18n-sample"
ERROR - 2021-03-18 14:04:00 --> Could not find the language line "admin dashboard jsi18n-sample"
ERROR - 2021-03-18 14:05:23 --> Could not find the language line "admin dashboard jsi18n-sample"
ERROR - 2021-03-18 14:06:58 --> Could not find the language line "admin dashboard jsi18n-sample"
ERROR - 2021-03-18 14:08:19 --> Could not find the language line "admin dashboard jsi18n-sample"
ERROR - 2021-03-18 14:09:36 --> Could not find the language line "admin dashboard jsi18n-sample"
ERROR - 2021-03-18 14:11:03 --> Could not find the language line "admin dashboard jsi18n-sample"
ERROR - 2021-03-18 14:23:55 --> Could not find the language line "admin dashboard jsi18n-sample"
ERROR - 2021-03-18 15:40:48 --> Could not find the language line "admin dashboard jsi18n-sample"
ERROR - 2021-03-18 15:42:09 --> Could not find the language line "admin dashboard jsi18n-sample"
ERROR - 2021-03-18 16:00:52 --> Could not find the language line "admin dashboard jsi18n-sample"
ERROR - 2021-03-18 16:07:09 --> Could not find the language line "admin dashboard jsi18n-sample"
ERROR - 2021-03-18 16:08:30 --> Could not find the language line "admin dashboard jsi18n-sample"
ERROR - 2021-03-18 16:11:16 --> Could not find the language line "admin dashboard jsi18n-sample"
ERROR - 2021-03-18 16:12:36 --> Could not find the language line "admin dashboard jsi18n-sample"
ERROR - 2021-03-18 16:16:57 --> Could not find the language line "admin dashboard jsi18n-sample"
