ERROR - 2020-08-13 08:22:41 --> Could not find the language line "admin dashboard jsi18n-sample"
ERROR - 2020-08-13 08:22:48 --> Could not find the language line "admin dashboard jsi18n-sample"
ERROR - 2020-08-13 08:58:32 --> Could not find the language line "admin dashboard jsi18n-sample"
ERROR - 2020-08-13 09:34:37 --> Could not find the language line "admin dashboard jsi18n-sample"
ERROR - 2020-08-13 09:36:02 --> Severity: Warning --> pg_query() [<a href='function.pg-query'>function.pg-query</a>]: Query failed: ERROR:  invalid input syntax for integer: &quot;&quot;
LINE 9:      '',
             ^ /home/miracle/public_html/ci3_cgi/system/database/drivers/postgre/postgre_driver.php 242
ERROR - 2020-08-13 09:36:02 --> Query error: ERROR:  invalid input syntax for integer: ""
LINE 9:      '',
             ^ - Invalid query: INSERT INTO frontmed.neural_appointment (id, appointment_date, appointment_time, user_id, comment, component_id, visit_id, patient_id, created_by, select_option)
					SELECT (id + 1) AS last_id,
					'2020-08-27',
					'10:00',
					'126',
					'',
					'10',
					'1979931',
					'',
					'306',
					NULL
					FROM frontmed.neural_appointment ORDER BY id DESC LIMIT 1 RETURNING id AS last_id
ERROR - 2020-08-13 09:37:08 --> Severity: Warning --> pg_query() [<a href='function.pg-query'>function.pg-query</a>]: Query failed: ERROR:  invalid input syntax for integer: &quot;&quot;
LINE 9:      '',
             ^ /home/miracle/public_html/ci3_cgi/system/database/drivers/postgre/postgre_driver.php 242
ERROR - 2020-08-13 09:37:08 --> Query error: ERROR:  invalid input syntax for integer: ""
LINE 9:      '',
             ^ - Invalid query: INSERT INTO frontmed.neural_appointment (id, appointment_date, appointment_time, user_id, comment, component_id, visit_id, patient_id, created_by, select_option)
					SELECT (id + 1) AS last_id,
					'2020-08-27',
					'10:00',
					'126',
					'',
					'10',
					'1979931',
					'',
					'306',
					NULL
					FROM frontmed.neural_appointment ORDER BY id DESC LIMIT 1 RETURNING id AS last_id
ERROR - 2020-08-13 09:37:58 --> Could not find the language line "admin dashboard jsi18n-sample"
ERROR - 2020-08-13 09:38:54 --> Severity: Warning --> pg_query() [<a href='function.pg-query'>function.pg-query</a>]: Query failed: ERROR:  invalid input syntax for integer: &quot;&quot;
LINE 9:      '',
             ^ /home/miracle/public_html/ci3_cgi/system/database/drivers/postgre/postgre_driver.php 242
ERROR - 2020-08-13 09:38:54 --> Query error: ERROR:  invalid input syntax for integer: ""
LINE 9:      '',
             ^ - Invalid query: INSERT INTO frontmed.neural_appointment (id, appointment_date, appointment_time, user_id, comment, component_id, visit_id, patient_id, created_by, select_option)
					SELECT (id + 1) AS last_id,
					'2020-08-27',
					'10:00',
					'126',
					'',
					'10',
					'1979931',
					'',
					'306',
					NULL
					FROM frontmed.neural_appointment ORDER BY id DESC LIMIT 1 RETURNING id AS last_id
ERROR - 2020-08-13 09:38:54 --> Severity: Warning --> pg_query() [<a href='function.pg-query'>function.pg-query</a>]: Query failed: ERROR:  invalid input syntax for integer: &quot;&quot;
LINE 9:      '',
             ^ /home/miracle/public_html/ci3_cgi/system/database/drivers/postgre/postgre_driver.php 242
ERROR - 2020-08-13 09:38:54 --> Query error: ERROR:  invalid input syntax for integer: ""
LINE 9:      '',
             ^ - Invalid query: INSERT INTO frontmed.neural_appointment (id, appointment_date, appointment_time, user_id, comment, component_id, visit_id, patient_id, created_by, select_option)
					SELECT (id + 1) AS last_id,
					'2020-08-27',
					'10:00',
					'126',
					'',
					'10',
					'1979931',
					'',
					'306',
					NULL
					FROM frontmed.neural_appointment ORDER BY id DESC LIMIT 1 RETURNING id AS last_id
ERROR - 2020-08-13 09:38:54 --> Severity: Warning --> pg_query() [<a href='function.pg-query'>function.pg-query</a>]: Query failed: ERROR:  invalid input syntax for integer: &quot;&quot;
LINE 9:      '',
             ^ /home/miracle/public_html/ci3_cgi/system/database/drivers/postgre/postgre_driver.php 242
ERROR - 2020-08-13 09:38:54 --> Query error: ERROR:  invalid input syntax for integer: ""
LINE 9:      '',
             ^ - Invalid query: INSERT INTO frontmed.neural_appointment (id, appointment_date, appointment_time, user_id, comment, component_id, visit_id, patient_id, created_by, select_option)
					SELECT (id + 1) AS last_id,
					'2020-08-27',
					'10:00',
					'126',
					'',
					'10',
					'1979931',
					'',
					'306',
					NULL
					FROM frontmed.neural_appointment ORDER BY id DESC LIMIT 1 RETURNING id AS last_id
ERROR - 2020-08-13 09:38:54 --> Severity: Warning --> pg_query() [<a href='function.pg-query'>function.pg-query</a>]: Query failed: ERROR:  invalid input syntax for integer: &quot;&quot;
LINE 9:      '',
             ^ /home/miracle/public_html/ci3_cgi/system/database/drivers/postgre/postgre_driver.php 242
ERROR - 2020-08-13 09:38:54 --> Query error: ERROR:  invalid input syntax for integer: ""
LINE 9:      '',
             ^ - Invalid query: INSERT INTO frontmed.neural_appointment (id, appointment_date, appointment_time, user_id, comment, component_id, visit_id, patient_id, created_by, select_option)
					SELECT (id + 1) AS last_id,
					'2020-08-27',
					'10:00',
					'126',
					'',
					'10',
					'1979931',
					'',
					'306',
					NULL
					FROM frontmed.neural_appointment ORDER BY id DESC LIMIT 1 RETURNING id AS last_id
ERROR - 2020-08-13 09:39:06 --> Severity: Warning --> pg_query() [<a href='function.pg-query'>function.pg-query</a>]: Query failed: ERROR:  invalid input syntax for integer: &quot;&quot;
LINE 9:      '',
             ^ /home/miracle/public_html/ci3_cgi/system/database/drivers/postgre/postgre_driver.php 242
ERROR - 2020-08-13 09:39:06 --> Query error: ERROR:  invalid input syntax for integer: ""
LINE 9:      '',
             ^ - Invalid query: INSERT INTO frontmed.neural_appointment (id, appointment_date, appointment_time, user_id, comment, component_id, visit_id, patient_id, created_by, select_option)
					SELECT (id + 1) AS last_id,
					'2020-08-27',
					'10:00',
					'126',
					'',
					'10',
					'1979931',
					'',
					'306',
					NULL
					FROM frontmed.neural_appointment ORDER BY id DESC LIMIT 1 RETURNING id AS last_id
ERROR - 2020-08-13 09:39:37 --> Severity: Warning --> pg_query() [<a href='function.pg-query'>function.pg-query</a>]: Query failed: ERROR:  invalid input syntax for integer: &quot;&quot;
LINE 9:      '',
             ^ /home/miracle/public_html/ci3_cgi/system/database/drivers/postgre/postgre_driver.php 242
ERROR - 2020-08-13 09:39:37 --> Query error: ERROR:  invalid input syntax for integer: ""
LINE 9:      '',
             ^ - Invalid query: INSERT INTO frontmed.neural_appointment (id, appointment_date, appointment_time, user_id, comment, component_id, visit_id, patient_id, created_by, select_option)
					SELECT (id + 1) AS last_id,
					'2020-08-19',
					'10:00',
					'661',
					'',
					'10',
					'1979931',
					'',
					'306',
					NULL
					FROM frontmed.neural_appointment ORDER BY id DESC LIMIT 1 RETURNING id AS last_id
ERROR - 2020-08-13 09:40:02 --> Could not find the language line "admin dashboard jsi18n-sample"
ERROR - 2020-08-13 09:40:40 --> Severity: Warning --> pg_query() [<a href='function.pg-query'>function.pg-query</a>]: Query failed: ERROR:  invalid input syntax for integer: &quot;&quot;
LINE 9:      '',
             ^ /home/miracle/public_html/ci3_cgi/system/database/drivers/postgre/postgre_driver.php 242
ERROR - 2020-08-13 09:40:40 --> Query error: ERROR:  invalid input syntax for integer: ""
LINE 9:      '',
             ^ - Invalid query: INSERT INTO frontmed.neural_appointment (id, appointment_date, appointment_time, user_id, comment, component_id, visit_id, patient_id, created_by, select_option)
					SELECT (id + 1) AS last_id,
					'2020-08-19',
					'10:00',
					'661',
					'',
					'10',
					'1979931',
					'',
					'343',
					NULL
					FROM frontmed.neural_appointment ORDER BY id DESC LIMIT 1 RETURNING id AS last_id
ERROR - 2020-08-13 09:40:42 --> Severity: Warning --> pg_query() [<a href='function.pg-query'>function.pg-query</a>]: Query failed: ERROR:  invalid input syntax for integer: &quot;&quot;
LINE 9:      '',
             ^ /home/miracle/public_html/ci3_cgi/system/database/drivers/postgre/postgre_driver.php 242
ERROR - 2020-08-13 09:40:42 --> Query error: ERROR:  invalid input syntax for integer: ""
LINE 9:      '',
             ^ - Invalid query: INSERT INTO frontmed.neural_appointment (id, appointment_date, appointment_time, user_id, comment, component_id, visit_id, patient_id, created_by, select_option)
					SELECT (id + 1) AS last_id,
					'2020-08-19',
					'10:00',
					'661',
					'',
					'10',
					'1979931',
					'',
					'343',
					NULL
					FROM frontmed.neural_appointment ORDER BY id DESC LIMIT 1 RETURNING id AS last_id
ERROR - 2020-08-13 09:46:54 --> Severity: Warning --> pg_query() [<a href='function.pg-query'>function.pg-query</a>]: Query failed: ERROR:  invalid input syntax for integer: &quot;&quot;
LINE 9:      '',
             ^ /home/miracle/public_html/ci3_cgi/system/database/drivers/postgre/postgre_driver.php 242
ERROR - 2020-08-13 09:46:54 --> Query error: ERROR:  invalid input syntax for integer: ""
LINE 9:      '',
             ^ - Invalid query: INSERT INTO frontmed.neural_appointment (id, appointment_date, appointment_time, user_id, comment, component_id, visit_id, patient_id, created_by, select_option)
					SELECT (id + 1) AS last_id,
					'2020-08-19',
					'10:00',
					'661',
					'',
					'10',
					'1979931',
					'',
					'306',
					NULL
					FROM frontmed.neural_appointment ORDER BY id DESC LIMIT 1 RETURNING id AS last_id
ERROR - 2020-08-13 10:04:39 --> Could not find the language line "admin dashboard jsi18n-sample"
ERROR - 2020-08-13 11:07:19 --> Could not find the language line "admin dashboard jsi18n-sample"
ERROR - 2020-08-13 11:21:40 --> Could not find the language line "admin dashboard jsi18n-sample"
ERROR - 2020-08-13 11:25:58 --> Could not find the language line "admin dashboard jsi18n-sample"
ERROR - 2020-08-13 11:49:29 --> Could not find the language line "admin dashboard jsi18n-sample"
ERROR - 2020-08-13 11:50:35 --> Could not find the language line "admin dashboard jsi18n-sample"
ERROR - 2020-08-13 11:50:45 --> Could not find the language line "admin dashboard jsi18n-sample"
ERROR - 2020-08-13 13:28:21 --> Could not find the language line "admin dashboard jsi18n-sample"
ERROR - 2020-08-13 13:28:32 --> Could not find the language line "admin dashboard jsi18n-sample"
ERROR - 2020-08-13 13:28:48 --> Could not find the language line "admin dashboard jsi18n-sample"
ERROR - 2020-08-13 13:28:50 --> Could not find the language line "admin dashboard jsi18n-sample"
ERROR - 2020-08-13 13:28:53 --> Could not find the language line "admin dashboard jsi18n-sample"
ERROR - 2020-08-13 13:43:45 --> Could not find the language line "admin dashboard jsi18n-sample"
ERROR - 2020-08-13 13:54:19 --> Could not find the language line "admin dashboard jsi18n-sample"
ERROR - 2020-08-13 13:58:09 --> Could not find the language line "admin dashboard jsi18n-sample"
ERROR - 2020-08-13 14:15:21 --> Could not find the language line "admin dashboard jsi18n-sample"
ERROR - 2020-08-13 14:15:45 --> Could not find the language line "admin dashboard jsi18n-sample"
ERROR - 2020-08-13 14:28:45 --> Could not find the language line "admin dashboard jsi18n-sample"
ERROR - 2020-08-13 15:58:26 --> Could not find the language line "admin dashboard jsi18n-sample"
ERROR - 2020-08-13 17:17:04 --> Could not find the language line "admin dashboard jsi18n-sample"
