ERROR - 2020-11-12 08:11:22 --> Could not find the language line "admin dashboard jsi18n-sample"
ERROR - 2020-11-12 08:11:25 --> Could not find the language line "admin dashboard jsi18n-sample"
ERROR - 2020-11-12 08:49:44 --> Could not find the language line "admin dashboard jsi18n-sample"
ERROR - 2020-11-12 08:50:02 --> Could not find the language line "admin dashboard jsi18n-sample"
ERROR - 2020-11-12 09:08:18 --> Could not find the language line "admin dashboard jsi18n-sample"
ERROR - 2020-11-12 10:01:51 --> Could not find the language line "admin dashboard jsi18n-sample"
ERROR - 2020-11-12 10:05:38 --> Could not find the language line "admin dashboard jsi18n-sample"
ERROR - 2020-11-12 10:07:32 --> Could not find the language line "admin dashboard jsi18n-sample"
ERROR - 2020-11-12 10:11:15 --> Could not find the language line "admin dashboard jsi18n-sample"
ERROR - 2020-11-12 10:33:35 --> Could not find the language line "admin dashboard jsi18n-sample"
ERROR - 2020-11-12 10:36:28 --> Could not find the language line "admin dashboard jsi18n-sample"
ERROR - 2020-11-12 10:37:39 --> Could not find the language line "admin dashboard jsi18n-sample"
ERROR - 2020-11-12 10:43:59 --> Could not find the language line "admin dashboard jsi18n-sample"
ERROR - 2020-11-12 10:48:59 --> Could not find the language line "admin dashboard jsi18n-sample"
ERROR - 2020-11-12 10:50:17 --> Severity: Warning --> pg_query() [<a href='function.pg-query'>function.pg-query</a>]: Query failed: ERROR:  invalid input syntax for integer: &quot;&quot;
LINE 9:      '',
             ^ /home/miracle/public_html/ci3_cgi/system/database/drivers/postgre/postgre_driver.php 242
ERROR - 2020-11-12 10:50:17 --> Query error: ERROR:  invalid input syntax for integer: ""
LINE 9:      '',
             ^ - Invalid query: INSERT INTO frontmed.neural_appointment (id, appointment_date, appointment_time, user_id, comment, component_id, visit_id, patient_id, created_by, select_option)
					SELECT (id + 1) AS last_id,
					'2020-12-08',
					'10:00',
					'536',
					'',
					'10',
					'2005057',
					'',
					'343',
					NULL
					FROM frontmed.neural_appointment ORDER BY id DESC LIMIT 1 RETURNING id AS last_id
ERROR - 2020-11-12 10:50:36 --> Severity: Warning --> pg_query() [<a href='function.pg-query'>function.pg-query</a>]: Query failed: ERROR:  invalid input syntax for integer: &quot;&quot;
LINE 9:      '',
             ^ /home/miracle/public_html/ci3_cgi/system/database/drivers/postgre/postgre_driver.php 242
ERROR - 2020-11-12 10:50:36 --> Query error: ERROR:  invalid input syntax for integer: ""
LINE 9:      '',
             ^ - Invalid query: INSERT INTO frontmed.neural_appointment (id, appointment_date, appointment_time, user_id, comment, component_id, visit_id, patient_id, created_by, select_option)
					SELECT (id + 1) AS last_id,
					'2020-12-08',
					'09:00',
					'536',
					'',
					'10',
					'2005057',
					'',
					'343',
					NULL
					FROM frontmed.neural_appointment ORDER BY id DESC LIMIT 1 RETURNING id AS last_id
ERROR - 2020-11-12 10:50:39 --> Severity: Warning --> pg_query() [<a href='function.pg-query'>function.pg-query</a>]: Query failed: ERROR:  invalid input syntax for integer: &quot;&quot;
LINE 9:      '',
             ^ /home/miracle/public_html/ci3_cgi/system/database/drivers/postgre/postgre_driver.php 242
ERROR - 2020-11-12 10:50:39 --> Query error: ERROR:  invalid input syntax for integer: ""
LINE 9:      '',
             ^ - Invalid query: INSERT INTO frontmed.neural_appointment (id, appointment_date, appointment_time, user_id, comment, component_id, visit_id, patient_id, created_by, select_option)
					SELECT (id + 1) AS last_id,
					'2020-12-08',
					'09:00',
					'536',
					'',
					'10',
					'2005057',
					'',
					'343',
					NULL
					FROM frontmed.neural_appointment ORDER BY id DESC LIMIT 1 RETURNING id AS last_id
ERROR - 2020-11-12 10:50:46 --> Severity: Warning --> pg_query() [<a href='function.pg-query'>function.pg-query</a>]: Query failed: ERROR:  invalid input syntax for integer: &quot;&quot;
LINE 9:      '',
             ^ /home/miracle/public_html/ci3_cgi/system/database/drivers/postgre/postgre_driver.php 242
ERROR - 2020-11-12 10:50:46 --> Query error: ERROR:  invalid input syntax for integer: ""
LINE 9:      '',
             ^ - Invalid query: INSERT INTO frontmed.neural_appointment (id, appointment_date, appointment_time, user_id, comment, component_id, visit_id, patient_id, created_by, select_option)
					SELECT (id + 1) AS last_id,
					'2020-12-08',
					'09:00',
					'536',
					'',
					'10',
					'2005057',
					'',
					'343',
					NULL
					FROM frontmed.neural_appointment ORDER BY id DESC LIMIT 1 RETURNING id AS last_id
ERROR - 2020-11-12 10:50:59 --> Severity: Warning --> pg_query() [<a href='function.pg-query'>function.pg-query</a>]: Query failed: ERROR:  invalid input syntax for integer: &quot;&quot;
LINE 9:      '',
             ^ /home/miracle/public_html/ci3_cgi/system/database/drivers/postgre/postgre_driver.php 242
ERROR - 2020-11-12 10:50:59 --> Query error: ERROR:  invalid input syntax for integer: ""
LINE 9:      '',
             ^ - Invalid query: INSERT INTO frontmed.neural_appointment (id, appointment_date, appointment_time, user_id, comment, component_id, visit_id, patient_id, created_by, select_option)
					SELECT (id + 1) AS last_id,
					'2020-12-08',
					'09:00',
					'536',
					'',
					'10',
					'2005057',
					'',
					'343',
					NULL
					FROM frontmed.neural_appointment ORDER BY id DESC LIMIT 1 RETURNING id AS last_id
ERROR - 2020-11-12 10:51:55 --> Could not find the language line "admin dashboard jsi18n-sample"
ERROR - 2020-11-12 11:04:46 --> Could not find the language line "admin dashboard jsi18n-sample"
ERROR - 2020-11-12 11:23:19 --> Could not find the language line "admin dashboard jsi18n-sample"
ERROR - 2020-11-12 11:26:13 --> Could not find the language line "admin dashboard jsi18n-sample"
ERROR - 2020-11-12 11:36:18 --> Severity: Warning --> pg_query() [<a href='function.pg-query'>function.pg-query</a>]: Query failed: ERROR:  invalid input syntax for integer: &quot;&quot;
LINE 9:      '',
             ^ /home/miracle/public_html/ci3_cgi/system/database/drivers/postgre/postgre_driver.php 242
ERROR - 2020-11-12 11:36:18 --> Query error: ERROR:  invalid input syntax for integer: ""
LINE 9:      '',
             ^ - Invalid query: INSERT INTO frontmed.neural_appointment (id, appointment_date, appointment_time, user_id, comment, component_id, visit_id, patient_id, created_by, select_option)
					SELECT (id + 1) AS last_id,
					'2020-11-16',
					'13:00',
					'321',
					'พบแพทย์ คลินิกนอกเวลา',
					'19',
					'2004934',
					'',
					'321',
					NULL
					FROM frontmed.neural_appointment ORDER BY id DESC LIMIT 1 RETURNING id AS last_id
ERROR - 2020-11-12 11:36:56 --> Severity: Warning --> pg_query() [<a href='function.pg-query'>function.pg-query</a>]: Query failed: ERROR:  invalid input syntax for integer: &quot;&quot;
LINE 9:      '',
             ^ /home/miracle/public_html/ci3_cgi/system/database/drivers/postgre/postgre_driver.php 242
ERROR - 2020-11-12 11:36:56 --> Query error: ERROR:  invalid input syntax for integer: ""
LINE 9:      '',
             ^ - Invalid query: INSERT INTO frontmed.neural_appointment (id, appointment_date, appointment_time, user_id, comment, component_id, visit_id, patient_id, created_by, select_option)
					SELECT (id + 1) AS last_id,
					'2020-11-16',
					'13:00',
					'321',
					'พบแพทย์ คลินิกนอกเวลา',
					'19',
					'2004934',
					'',
					'321',
					NULL
					FROM frontmed.neural_appointment ORDER BY id DESC LIMIT 1 RETURNING id AS last_id
ERROR - 2020-11-12 11:37:07 --> Severity: Warning --> pg_query() [<a href='function.pg-query'>function.pg-query</a>]: Query failed: ERROR:  invalid input syntax for integer: &quot;&quot;
LINE 9:      '',
             ^ /home/miracle/public_html/ci3_cgi/system/database/drivers/postgre/postgre_driver.php 242
ERROR - 2020-11-12 11:37:07 --> Query error: ERROR:  invalid input syntax for integer: ""
LINE 9:      '',
             ^ - Invalid query: INSERT INTO frontmed.neural_appointment (id, appointment_date, appointment_time, user_id, comment, component_id, visit_id, patient_id, created_by, select_option)
					SELECT (id + 1) AS last_id,
					'2020-11-16',
					'13:00',
					'321',
					'พบแพทย์ คลินิกนอกเวลา',
					'10',
					'2004934',
					'',
					'321',
					NULL
					FROM frontmed.neural_appointment ORDER BY id DESC LIMIT 1 RETURNING id AS last_id
ERROR - 2020-11-12 11:37:11 --> Severity: Warning --> pg_query() [<a href='function.pg-query'>function.pg-query</a>]: Query failed: ERROR:  invalid input syntax for integer: &quot;&quot;
LINE 9:      '',
             ^ /home/miracle/public_html/ci3_cgi/system/database/drivers/postgre/postgre_driver.php 242
ERROR - 2020-11-12 11:37:11 --> Query error: ERROR:  invalid input syntax for integer: ""
LINE 9:      '',
             ^ - Invalid query: INSERT INTO frontmed.neural_appointment (id, appointment_date, appointment_time, user_id, comment, component_id, visit_id, patient_id, created_by, select_option)
					SELECT (id + 1) AS last_id,
					'2020-11-16',
					'13:00',
					'321',
					'พบแพทย์ คลินิกนอกเวลา',
					'10',
					'2004934',
					'',
					'321',
					NULL
					FROM frontmed.neural_appointment ORDER BY id DESC LIMIT 1 RETURNING id AS last_id
ERROR - 2020-11-12 11:40:18 --> Severity: Warning --> pg_query() [<a href='function.pg-query'>function.pg-query</a>]: Query failed: ERROR:  invalid input syntax for integer: &quot;&quot;
LINE 9:      '',
             ^ /home/miracle/public_html/ci3_cgi/system/database/drivers/postgre/postgre_driver.php 242
ERROR - 2020-11-12 11:40:18 --> Query error: ERROR:  invalid input syntax for integer: ""
LINE 9:      '',
             ^ - Invalid query: INSERT INTO frontmed.neural_appointment (id, appointment_date, appointment_time, user_id, comment, component_id, visit_id, patient_id, created_by, select_option)
					SELECT (id + 1) AS last_id,
					'2020-11-16',
					'08:30',
					'99',
					'',
					'10',
					'2004934',
					'',
					'728',
					NULL
					FROM frontmed.neural_appointment ORDER BY id DESC LIMIT 1 RETURNING id AS last_id
ERROR - 2020-11-12 11:43:23 --> Severity: Warning --> pg_query() [<a href='function.pg-query'>function.pg-query</a>]: Query failed: ERROR:  invalid input syntax for integer: &quot;&quot;
LINE 9:      '',
             ^ /home/miracle/public_html/ci3_cgi/system/database/drivers/postgre/postgre_driver.php 242
ERROR - 2020-11-12 11:43:23 --> Query error: ERROR:  invalid input syntax for integer: ""
LINE 9:      '',
             ^ - Invalid query: INSERT INTO frontmed.neural_appointment (id, appointment_date, appointment_time, user_id, comment, component_id, visit_id, patient_id, created_by, select_option)
					SELECT (id + 1) AS last_id,
					'2020-11-16',
					'08:30',
					'99',
					'',
					'10',
					'2004934',
					'',
					'728',
					NULL
					FROM frontmed.neural_appointment ORDER BY id DESC LIMIT 1 RETURNING id AS last_id
ERROR - 2020-11-12 11:43:24 --> Severity: Warning --> pg_query() [<a href='function.pg-query'>function.pg-query</a>]: Query failed: ERROR:  invalid input syntax for integer: &quot;&quot;
LINE 9:      '',
             ^ /home/miracle/public_html/ci3_cgi/system/database/drivers/postgre/postgre_driver.php 242
ERROR - 2020-11-12 11:43:24 --> Query error: ERROR:  invalid input syntax for integer: ""
LINE 9:      '',
             ^ - Invalid query: INSERT INTO frontmed.neural_appointment (id, appointment_date, appointment_time, user_id, comment, component_id, visit_id, patient_id, created_by, select_option)
					SELECT (id + 1) AS last_id,
					'2020-11-16',
					'08:30',
					'99',
					'',
					'10',
					'2004934',
					'',
					'728',
					NULL
					FROM frontmed.neural_appointment ORDER BY id DESC LIMIT 1 RETURNING id AS last_id
ERROR - 2020-11-12 11:44:14 --> Severity: Warning --> pg_query() [<a href='function.pg-query'>function.pg-query</a>]: Query failed: ERROR:  invalid input syntax for integer: &quot;&quot;
LINE 9:      '',
             ^ /home/miracle/public_html/ci3_cgi/system/database/drivers/postgre/postgre_driver.php 242
ERROR - 2020-11-12 11:44:14 --> Query error: ERROR:  invalid input syntax for integer: ""
LINE 9:      '',
             ^ - Invalid query: INSERT INTO frontmed.neural_appointment (id, appointment_date, appointment_time, user_id, comment, component_id, visit_id, patient_id, created_by, select_option)
					SELECT (id + 1) AS last_id,
					'2020-11-16',
					'08:30',
					'99',
					'',
					'10',
					'2004934',
					'',
					'728',
					NULL
					FROM frontmed.neural_appointment ORDER BY id DESC LIMIT 1 RETURNING id AS last_id
ERROR - 2020-11-12 11:44:14 --> Severity: Warning --> pg_query() [<a href='function.pg-query'>function.pg-query</a>]: Query failed: ERROR:  invalid input syntax for integer: &quot;&quot;
LINE 9:      '',
             ^ /home/miracle/public_html/ci3_cgi/system/database/drivers/postgre/postgre_driver.php 242
ERROR - 2020-11-12 11:44:14 --> Query error: ERROR:  invalid input syntax for integer: ""
LINE 9:      '',
             ^ - Invalid query: INSERT INTO frontmed.neural_appointment (id, appointment_date, appointment_time, user_id, comment, component_id, visit_id, patient_id, created_by, select_option)
					SELECT (id + 1) AS last_id,
					'2020-11-16',
					'08:30',
					'99',
					'',
					'10',
					'2004934',
					'',
					'728',
					NULL
					FROM frontmed.neural_appointment ORDER BY id DESC LIMIT 1 RETURNING id AS last_id
ERROR - 2020-11-12 11:44:14 --> Severity: Warning --> pg_query() [<a href='function.pg-query'>function.pg-query</a>]: Query failed: ERROR:  invalid input syntax for integer: &quot;&quot;
LINE 9:      '',
             ^ /home/miracle/public_html/ci3_cgi/system/database/drivers/postgre/postgre_driver.php 242
ERROR - 2020-11-12 11:44:14 --> Query error: ERROR:  invalid input syntax for integer: ""
LINE 9:      '',
             ^ - Invalid query: INSERT INTO frontmed.neural_appointment (id, appointment_date, appointment_time, user_id, comment, component_id, visit_id, patient_id, created_by, select_option)
					SELECT (id + 1) AS last_id,
					'2020-11-16',
					'08:30',
					'99',
					'',
					'10',
					'2004934',
					'',
					'728',
					NULL
					FROM frontmed.neural_appointment ORDER BY id DESC LIMIT 1 RETURNING id AS last_id
ERROR - 2020-11-12 11:44:14 --> Severity: Warning --> pg_query() [<a href='function.pg-query'>function.pg-query</a>]: Query failed: ERROR:  invalid input syntax for integer: &quot;&quot;
LINE 9:      '',
             ^ /home/miracle/public_html/ci3_cgi/system/database/drivers/postgre/postgre_driver.php 242
ERROR - 2020-11-12 11:44:14 --> Query error: ERROR:  invalid input syntax for integer: ""
LINE 9:      '',
             ^ - Invalid query: INSERT INTO frontmed.neural_appointment (id, appointment_date, appointment_time, user_id, comment, component_id, visit_id, patient_id, created_by, select_option)
					SELECT (id + 1) AS last_id,
					'2020-11-16',
					'08:30',
					'99',
					'',
					'10',
					'2004934',
					'',
					'728',
					NULL
					FROM frontmed.neural_appointment ORDER BY id DESC LIMIT 1 RETURNING id AS last_id
ERROR - 2020-11-12 11:44:14 --> Severity: Warning --> pg_query() [<a href='function.pg-query'>function.pg-query</a>]: Query failed: ERROR:  invalid input syntax for integer: &quot;&quot;
LINE 9:      '',
             ^ /home/miracle/public_html/ci3_cgi/system/database/drivers/postgre/postgre_driver.php 242
ERROR - 2020-11-12 11:44:14 --> Query error: ERROR:  invalid input syntax for integer: ""
LINE 9:      '',
             ^ - Invalid query: INSERT INTO frontmed.neural_appointment (id, appointment_date, appointment_time, user_id, comment, component_id, visit_id, patient_id, created_by, select_option)
					SELECT (id + 1) AS last_id,
					'2020-11-16',
					'08:30',
					'99',
					'',
					'10',
					'2004934',
					'',
					'728',
					NULL
					FROM frontmed.neural_appointment ORDER BY id DESC LIMIT 1 RETURNING id AS last_id
ERROR - 2020-11-12 11:44:14 --> Severity: Warning --> pg_query() [<a href='function.pg-query'>function.pg-query</a>]: Query failed: ERROR:  invalid input syntax for integer: &quot;&quot;
LINE 9:      '',
             ^ /home/miracle/public_html/ci3_cgi/system/database/drivers/postgre/postgre_driver.php 242
ERROR - 2020-11-12 11:44:14 --> Query error: ERROR:  invalid input syntax for integer: ""
LINE 9:      '',
             ^ - Invalid query: INSERT INTO frontmed.neural_appointment (id, appointment_date, appointment_time, user_id, comment, component_id, visit_id, patient_id, created_by, select_option)
					SELECT (id + 1) AS last_id,
					'2020-11-16',
					'08:30',
					'99',
					'',
					'10',
					'2004934',
					'',
					'728',
					NULL
					FROM frontmed.neural_appointment ORDER BY id DESC LIMIT 1 RETURNING id AS last_id
ERROR - 2020-11-12 11:44:14 --> Severity: Warning --> pg_query() [<a href='function.pg-query'>function.pg-query</a>]: Query failed: ERROR:  invalid input syntax for integer: &quot;&quot;
LINE 9:      '',
             ^ /home/miracle/public_html/ci3_cgi/system/database/drivers/postgre/postgre_driver.php 242
ERROR - 2020-11-12 11:44:14 --> Query error: ERROR:  invalid input syntax for integer: ""
LINE 9:      '',
             ^ - Invalid query: INSERT INTO frontmed.neural_appointment (id, appointment_date, appointment_time, user_id, comment, component_id, visit_id, patient_id, created_by, select_option)
					SELECT (id + 1) AS last_id,
					'2020-11-16',
					'08:30',
					'99',
					'',
					'10',
					'2004934',
					'',
					'728',
					NULL
					FROM frontmed.neural_appointment ORDER BY id DESC LIMIT 1 RETURNING id AS last_id
ERROR - 2020-11-12 11:44:14 --> Severity: Warning --> pg_query() [<a href='function.pg-query'>function.pg-query</a>]: Query failed: ERROR:  invalid input syntax for integer: &quot;&quot;
LINE 9:      '',
             ^ /home/miracle/public_html/ci3_cgi/system/database/drivers/postgre/postgre_driver.php 242
ERROR - 2020-11-12 11:44:14 --> Query error: ERROR:  invalid input syntax for integer: ""
LINE 9:      '',
             ^ - Invalid query: INSERT INTO frontmed.neural_appointment (id, appointment_date, appointment_time, user_id, comment, component_id, visit_id, patient_id, created_by, select_option)
					SELECT (id + 1) AS last_id,
					'2020-11-16',
					'08:30',
					'99',
					'',
					'10',
					'2004934',
					'',
					'728',
					NULL
					FROM frontmed.neural_appointment ORDER BY id DESC LIMIT 1 RETURNING id AS last_id
ERROR - 2020-11-12 11:53:51 --> Could not find the language line "admin dashboard jsi18n-sample"
ERROR - 2020-11-12 11:58:14 --> Could not find the language line "admin dashboard jsi18n-sample"
ERROR - 2020-11-12 12:00:30 --> Could not find the language line "admin dashboard jsi18n-sample"
ERROR - 2020-11-12 13:15:08 --> Could not find the language line "admin dashboard jsi18n-sample"
ERROR - 2020-11-12 13:15:11 --> Could not find the language line "admin dashboard jsi18n-sample"
ERROR - 2020-11-12 13:15:21 --> Could not find the language line "admin dashboard jsi18n-sample"
ERROR - 2020-11-12 13:15:50 --> Could not find the language line "admin dashboard jsi18n-sample"
ERROR - 2020-11-12 13:16:02 --> Could not find the language line "admin dashboard jsi18n-sample"
ERROR - 2020-11-12 13:16:05 --> Could not find the language line "admin dashboard jsi18n-sample"
ERROR - 2020-11-12 13:16:15 --> Could not find the language line "admin dashboard jsi18n-sample"
ERROR - 2020-11-12 13:16:17 --> Could not find the language line "admin dashboard jsi18n-sample"
ERROR - 2020-11-12 13:16:18 --> Could not find the language line "admin dashboard jsi18n-sample"
ERROR - 2020-11-12 13:16:20 --> Could not find the language line "admin dashboard jsi18n-sample"
ERROR - 2020-11-12 13:16:40 --> Could not find the language line "admin dashboard jsi18n-sample"
ERROR - 2020-11-12 13:16:43 --> Could not find the language line "admin dashboard jsi18n-sample"
ERROR - 2020-11-12 13:16:48 --> Could not find the language line "admin dashboard jsi18n-sample"
ERROR - 2020-11-12 13:21:00 --> Could not find the language line "admin dashboard jsi18n-sample"
ERROR - 2020-11-12 13:21:00 --> Could not find the language line "admin dashboard jsi18n-sample"
ERROR - 2020-11-12 13:21:00 --> Could not find the language line "admin dashboard jsi18n-sample"
ERROR - 2020-11-12 13:23:02 --> Could not find the language line "admin dashboard jsi18n-sample"
ERROR - 2020-11-12 13:47:34 --> Could not find the language line "admin dashboard jsi18n-sample"
ERROR - 2020-11-12 13:58:12 --> Could not find the language line "admin dashboard jsi18n-sample"
ERROR - 2020-11-12 13:59:51 --> Could not find the language line "admin dashboard jsi18n-sample"
ERROR - 2020-11-12 14:07:01 --> Could not find the language line "admin dashboard jsi18n-sample"
ERROR - 2020-11-12 14:41:41 --> Could not find the language line "admin dashboard jsi18n-sample"
ERROR - 2020-11-12 14:41:44 --> Could not find the language line "admin dashboard jsi18n-sample"
