ERROR - 2021-04-22 07:50:00 --> Could not find the language line "admin dashboard jsi18n-sample"
ERROR - 2021-04-22 07:50:04 --> Could not find the language line "admin dashboard jsi18n-sample"
ERROR - 2021-04-22 08:36:29 --> Could not find the language line "admin dashboard jsi18n-sample"
ERROR - 2021-04-22 08:45:28 --> Could not find the language line "admin dashboard jsi18n-sample"
ERROR - 2021-04-22 08:47:26 --> Could not find the language line "admin dashboard jsi18n-sample"
ERROR - 2021-04-22 08:47:36 --> Could not find the language line "admin dashboard jsi18n-sample"
ERROR - 2021-04-22 08:47:38 --> Could not find the language line "admin dashboard jsi18n-sample"
ERROR - 2021-04-22 08:47:40 --> Could not find the language line "admin dashboard jsi18n-sample"
ERROR - 2021-04-22 08:47:42 --> Could not find the language line "admin dashboard jsi18n-sample"
ERROR - 2021-04-22 08:48:01 --> Could not find the language line "admin dashboard jsi18n-sample"
ERROR - 2021-04-22 08:48:04 --> Could not find the language line "admin dashboard jsi18n-sample"
ERROR - 2021-04-22 09:39:33 --> Could not find the language line "admin dashboard jsi18n-sample"
ERROR - 2021-04-22 09:53:00 --> Could not find the language line "admin dashboard jsi18n-sample"
ERROR - 2021-04-22 10:15:49 --> Could not find the language line "admin dashboard jsi18n-sample"
ERROR - 2021-04-22 10:41:24 --> Could not find the language line "admin dashboard jsi18n-sample"
ERROR - 2021-04-22 11:05:16 --> Could not find the language line "admin dashboard jsi18n-sample"
ERROR - 2021-04-22 11:35:26 --> Severity: Warning --> pg_query() [<a href='function.pg-query'>function.pg-query</a>]: Query failed: ERROR:  invalid input syntax for integer: &quot;null&quot;
LINE 2: WHERE &quot;jvkk&quot;.&quot;nano_queue&quot;.&quot;id&quot; = 'null'
                                         ^ /home/miracle/public_html/ci3_cgi/system/database/drivers/postgre/postgre_driver.php 242
ERROR - 2021-04-22 11:35:27 --> Query error: ERROR:  invalid input syntax for integer: "null"
LINE 2: WHERE "jvkk"."nano_queue"."id" = 'null'
                                         ^ - Invalid query: UPDATE "jvkk"."nano_queue" SET "com1" = 'หลังพบแพทย์', "com2" = 'ยืนยันจ่ายยา', "action" = 'เภสัชกรยืนยันรายการสั่งยา', "com_id1" = '27', "com_id2" = '16', "user1" = '570', "user2" = NULL, "action_id" = '22', "time_send" = '2021-04-22 11:35:26', "time_receive" = NULL
WHERE "jvkk"."nano_queue"."id" = 'null'
ERROR - 2021-04-22 11:35:29 --> Severity: Warning --> pg_query() [<a href='function.pg-query'>function.pg-query</a>]: Query failed: ERROR:  invalid input syntax for integer: &quot;null&quot;
LINE 2: WHERE &quot;jvkk&quot;.&quot;nano_queue&quot;.&quot;id&quot; = 'null'
                                         ^ /home/miracle/public_html/ci3_cgi/system/database/drivers/postgre/postgre_driver.php 242
ERROR - 2021-04-22 11:35:29 --> Query error: ERROR:  invalid input syntax for integer: "null"
LINE 2: WHERE "jvkk"."nano_queue"."id" = 'null'
                                         ^ - Invalid query: UPDATE "jvkk"."nano_queue" SET "com1" = 'หลังพบแพทย์', "com2" = 'ยืนยันจ่ายยา', "action" = 'เภสัชกรยืนยันรายการสั่งยา', "com_id1" = '27', "com_id2" = '16', "user1" = '570', "user2" = NULL, "action_id" = '22', "time_send" = '2021-04-22 11:35:29', "time_receive" = NULL
WHERE "jvkk"."nano_queue"."id" = 'null'
ERROR - 2021-04-22 11:35:30 --> Severity: Warning --> pg_query() [<a href='function.pg-query'>function.pg-query</a>]: Query failed: ERROR:  invalid input syntax for integer: &quot;null&quot;
LINE 2: WHERE &quot;jvkk&quot;.&quot;nano_queue&quot;.&quot;id&quot; = 'null'
                                         ^ /home/miracle/public_html/ci3_cgi/system/database/drivers/postgre/postgre_driver.php 242
ERROR - 2021-04-22 11:35:30 --> Query error: ERROR:  invalid input syntax for integer: "null"
LINE 2: WHERE "jvkk"."nano_queue"."id" = 'null'
                                         ^ - Invalid query: UPDATE "jvkk"."nano_queue" SET "com1" = 'หลังพบแพทย์', "com2" = 'ยืนยันจ่ายยา', "action" = 'เภสัชกรยืนยันรายการสั่งยา', "com_id1" = '27', "com_id2" = '16', "user1" = '570', "user2" = NULL, "action_id" = '22', "time_send" = '2021-04-22 11:35:30', "time_receive" = NULL
WHERE "jvkk"."nano_queue"."id" = 'null'
ERROR - 2021-04-22 11:35:30 --> Severity: Warning --> pg_query() [<a href='function.pg-query'>function.pg-query</a>]: Query failed: ERROR:  invalid input syntax for integer: &quot;null&quot;
LINE 2: WHERE &quot;jvkk&quot;.&quot;nano_queue&quot;.&quot;id&quot; = 'null'
                                         ^ /home/miracle/public_html/ci3_cgi/system/database/drivers/postgre/postgre_driver.php 242
ERROR - 2021-04-22 11:35:30 --> Query error: ERROR:  invalid input syntax for integer: "null"
LINE 2: WHERE "jvkk"."nano_queue"."id" = 'null'
                                         ^ - Invalid query: UPDATE "jvkk"."nano_queue" SET "com1" = 'หลังพบแพทย์', "com2" = 'ยืนยันจ่ายยา', "action" = 'เภสัชกรยืนยันรายการสั่งยา', "com_id1" = '27', "com_id2" = '16', "user1" = '570', "user2" = NULL, "action_id" = '22', "time_send" = '2021-04-22 11:35:30', "time_receive" = NULL
WHERE "jvkk"."nano_queue"."id" = 'null'
ERROR - 2021-04-22 11:35:38 --> Severity: Warning --> pg_query() [<a href='function.pg-query'>function.pg-query</a>]: Query failed: ERROR:  invalid input syntax for integer: &quot;null&quot;
LINE 2: WHERE &quot;jvkk&quot;.&quot;nano_queue&quot;.&quot;id&quot; = 'null'
                                         ^ /home/miracle/public_html/ci3_cgi/system/database/drivers/postgre/postgre_driver.php 242
ERROR - 2021-04-22 11:35:38 --> Query error: ERROR:  invalid input syntax for integer: "null"
LINE 2: WHERE "jvkk"."nano_queue"."id" = 'null'
                                         ^ - Invalid query: UPDATE "jvkk"."nano_queue" SET "com1" = 'หลังพบแพทย์', "com2" = 'ยืนยันจ่ายยา', "action" = 'เภสัชกรยืนยันรายการสั่งยา', "com_id1" = '27', "com_id2" = '16', "user1" = '570', "user2" = NULL, "action_id" = '22', "time_send" = '2021-04-22 11:35:38', "time_receive" = NULL
WHERE "jvkk"."nano_queue"."id" = 'null'
ERROR - 2021-04-22 11:35:41 --> Severity: Warning --> pg_query() [<a href='function.pg-query'>function.pg-query</a>]: Query failed: ERROR:  invalid input syntax for integer: &quot;null&quot;
LINE 2: WHERE &quot;jvkk&quot;.&quot;nano_queue&quot;.&quot;id&quot; = 'null'
                                         ^ /home/miracle/public_html/ci3_cgi/system/database/drivers/postgre/postgre_driver.php 242
ERROR - 2021-04-22 11:35:41 --> Query error: ERROR:  invalid input syntax for integer: "null"
LINE 2: WHERE "jvkk"."nano_queue"."id" = 'null'
                                         ^ - Invalid query: UPDATE "jvkk"."nano_queue" SET "com1" = 'หลังพบแพทย์', "com2" = 'ยืนยันจ่ายยา', "action" = 'เภสัชกรยืนยันรายการสั่งยา', "com_id1" = '27', "com_id2" = '16', "user1" = '570', "user2" = NULL, "action_id" = '22', "time_send" = '2021-04-22 11:35:41', "time_receive" = NULL
WHERE "jvkk"."nano_queue"."id" = 'null'
ERROR - 2021-04-22 11:35:43 --> Severity: Warning --> pg_query() [<a href='function.pg-query'>function.pg-query</a>]: Query failed: ERROR:  invalid input syntax for integer: &quot;null&quot;
LINE 2: WHERE &quot;jvkk&quot;.&quot;nano_queue&quot;.&quot;id&quot; = 'null'
                                         ^ /home/miracle/public_html/ci3_cgi/system/database/drivers/postgre/postgre_driver.php 242
ERROR - 2021-04-22 11:35:43 --> Query error: ERROR:  invalid input syntax for integer: "null"
LINE 2: WHERE "jvkk"."nano_queue"."id" = 'null'
                                         ^ - Invalid query: UPDATE "jvkk"."nano_queue" SET "com1" = 'หลังพบแพทย์', "com2" = 'ยืนยันจ่ายยา', "action" = 'เภสัชกรยืนยันรายการสั่งยา', "com_id1" = '27', "com_id2" = '16', "user1" = '570', "user2" = NULL, "action_id" = '22', "time_send" = '2021-04-22 11:35:43', "time_receive" = NULL
WHERE "jvkk"."nano_queue"."id" = 'null'
ERROR - 2021-04-22 11:35:43 --> Severity: Warning --> pg_query() [<a href='function.pg-query'>function.pg-query</a>]: Query failed: ERROR:  invalid input syntax for integer: &quot;null&quot;
LINE 2: WHERE &quot;jvkk&quot;.&quot;nano_queue&quot;.&quot;id&quot; = 'null'
                                         ^ /home/miracle/public_html/ci3_cgi/system/database/drivers/postgre/postgre_driver.php 242
ERROR - 2021-04-22 11:35:43 --> Query error: ERROR:  invalid input syntax for integer: "null"
LINE 2: WHERE "jvkk"."nano_queue"."id" = 'null'
                                         ^ - Invalid query: UPDATE "jvkk"."nano_queue" SET "com1" = 'หลังพบแพทย์', "com2" = 'ยืนยันจ่ายยา', "action" = 'เภสัชกรยืนยันรายการสั่งยา', "com_id1" = '27', "com_id2" = '16', "user1" = '570', "user2" = NULL, "action_id" = '22', "time_send" = '2021-04-22 11:35:43', "time_receive" = NULL
WHERE "jvkk"."nano_queue"."id" = 'null'
ERROR - 2021-04-22 11:35:45 --> Severity: Warning --> pg_query() [<a href='function.pg-query'>function.pg-query</a>]: Query failed: ERROR:  invalid input syntax for integer: &quot;null&quot;
LINE 2: WHERE &quot;jvkk&quot;.&quot;nano_queue&quot;.&quot;id&quot; = 'null'
                                         ^ /home/miracle/public_html/ci3_cgi/system/database/drivers/postgre/postgre_driver.php 242
ERROR - 2021-04-22 11:35:45 --> Query error: ERROR:  invalid input syntax for integer: "null"
LINE 2: WHERE "jvkk"."nano_queue"."id" = 'null'
                                         ^ - Invalid query: UPDATE "jvkk"."nano_queue" SET "com1" = 'หลังพบแพทย์', "com2" = 'ยืนยันจ่ายยา', "action" = 'เภสัชกรยืนยันรายการสั่งยา', "com_id1" = '27', "com_id2" = '16', "user1" = '570', "user2" = NULL, "action_id" = '22', "time_send" = '2021-04-22 11:35:45', "time_receive" = NULL
WHERE "jvkk"."nano_queue"."id" = 'null'
ERROR - 2021-04-22 11:35:50 --> Severity: Warning --> pg_query() [<a href='function.pg-query'>function.pg-query</a>]: Query failed: ERROR:  invalid input syntax for integer: &quot;null&quot;
LINE 2: WHERE &quot;jvkk&quot;.&quot;nano_queue&quot;.&quot;id&quot; = 'null'
                                         ^ /home/miracle/public_html/ci3_cgi/system/database/drivers/postgre/postgre_driver.php 242
ERROR - 2021-04-22 11:35:50 --> Query error: ERROR:  invalid input syntax for integer: "null"
LINE 2: WHERE "jvkk"."nano_queue"."id" = 'null'
                                         ^ - Invalid query: UPDATE "jvkk"."nano_queue" SET "com1" = 'หลังพบแพทย์', "com2" = 'ยืนยันจ่ายยา', "action" = 'เภสัชกรยืนยันรายการสั่งยา', "com_id1" = '27', "com_id2" = '16', "user1" = '570', "user2" = NULL, "action_id" = '22', "time_send" = '2021-04-22 11:35:50', "time_receive" = NULL
WHERE "jvkk"."nano_queue"."id" = 'null'
ERROR - 2021-04-22 11:36:15 --> Severity: Warning --> pg_query() [<a href='function.pg-query'>function.pg-query</a>]: Query failed: ERROR:  invalid input syntax for integer: &quot;null&quot;
LINE 2: WHERE &quot;jvkk&quot;.&quot;nano_queue&quot;.&quot;id&quot; = 'null'
                                         ^ /home/miracle/public_html/ci3_cgi/system/database/drivers/postgre/postgre_driver.php 242
ERROR - 2021-04-22 11:36:15 --> Query error: ERROR:  invalid input syntax for integer: "null"
LINE 2: WHERE "jvkk"."nano_queue"."id" = 'null'
                                         ^ - Invalid query: UPDATE "jvkk"."nano_queue" SET "com1" = 'หลังพบแพทย์', "com2" = 'ยืนยันจ่ายยา', "action" = 'เภสัชกรยืนยันรายการสั่งยา', "com_id1" = '27', "com_id2" = '16', "user1" = '570', "user2" = NULL, "action_id" = '22', "time_send" = '2021-04-22 11:36:15', "time_receive" = NULL
WHERE "jvkk"."nano_queue"."id" = 'null'
ERROR - 2021-04-22 11:36:16 --> Severity: Warning --> pg_query() [<a href='function.pg-query'>function.pg-query</a>]: Query failed: ERROR:  invalid input syntax for integer: &quot;null&quot;
LINE 2: WHERE &quot;jvkk&quot;.&quot;nano_queue&quot;.&quot;id&quot; = 'null'
                                         ^ /home/miracle/public_html/ci3_cgi/system/database/drivers/postgre/postgre_driver.php 242
ERROR - 2021-04-22 11:36:16 --> Query error: ERROR:  invalid input syntax for integer: "null"
LINE 2: WHERE "jvkk"."nano_queue"."id" = 'null'
                                         ^ - Invalid query: UPDATE "jvkk"."nano_queue" SET "com1" = 'หลังพบแพทย์', "com2" = 'ยืนยันจ่ายยา', "action" = 'เภสัชกรยืนยันรายการสั่งยา', "com_id1" = '27', "com_id2" = '16', "user1" = '570', "user2" = NULL, "action_id" = '22', "time_send" = '2021-04-22 11:36:16', "time_receive" = NULL
WHERE "jvkk"."nano_queue"."id" = 'null'
ERROR - 2021-04-22 11:36:16 --> Severity: Warning --> pg_query() [<a href='function.pg-query'>function.pg-query</a>]: Query failed: ERROR:  invalid input syntax for integer: &quot;null&quot;
LINE 2: WHERE &quot;jvkk&quot;.&quot;nano_queue&quot;.&quot;id&quot; = 'null'
                                         ^ /home/miracle/public_html/ci3_cgi/system/database/drivers/postgre/postgre_driver.php 242
ERROR - 2021-04-22 11:36:16 --> Query error: ERROR:  invalid input syntax for integer: "null"
LINE 2: WHERE "jvkk"."nano_queue"."id" = 'null'
                                         ^ - Invalid query: UPDATE "jvkk"."nano_queue" SET "com1" = 'หลังพบแพทย์', "com2" = 'ยืนยันจ่ายยา', "action" = 'เภสัชกรยืนยันรายการสั่งยา', "com_id1" = '27', "com_id2" = '16', "user1" = '570', "user2" = NULL, "action_id" = '22', "time_send" = '2021-04-22 11:36:16', "time_receive" = NULL
WHERE "jvkk"."nano_queue"."id" = 'null'
ERROR - 2021-04-22 11:36:17 --> Severity: Warning --> pg_query() [<a href='function.pg-query'>function.pg-query</a>]: Query failed: ERROR:  invalid input syntax for integer: &quot;null&quot;
LINE 2: WHERE &quot;jvkk&quot;.&quot;nano_queue&quot;.&quot;id&quot; = 'null'
                                         ^ /home/miracle/public_html/ci3_cgi/system/database/drivers/postgre/postgre_driver.php 242
ERROR - 2021-04-22 11:36:17 --> Query error: ERROR:  invalid input syntax for integer: "null"
LINE 2: WHERE "jvkk"."nano_queue"."id" = 'null'
                                         ^ - Invalid query: UPDATE "jvkk"."nano_queue" SET "com1" = 'หลังพบแพทย์', "com2" = 'ยืนยันจ่ายยา', "action" = 'เภสัชกรยืนยันรายการสั่งยา', "com_id1" = '27', "com_id2" = '16', "user1" = '570', "user2" = NULL, "action_id" = '22', "time_send" = '2021-04-22 11:36:17', "time_receive" = NULL
WHERE "jvkk"."nano_queue"."id" = 'null'
ERROR - 2021-04-22 11:36:18 --> Severity: Warning --> pg_query() [<a href='function.pg-query'>function.pg-query</a>]: Query failed: ERROR:  invalid input syntax for integer: &quot;null&quot;
LINE 2: WHERE &quot;jvkk&quot;.&quot;nano_queue&quot;.&quot;id&quot; = 'null'
                                         ^ /home/miracle/public_html/ci3_cgi/system/database/drivers/postgre/postgre_driver.php 242
ERROR - 2021-04-22 11:36:18 --> Query error: ERROR:  invalid input syntax for integer: "null"
LINE 2: WHERE "jvkk"."nano_queue"."id" = 'null'
                                         ^ - Invalid query: UPDATE "jvkk"."nano_queue" SET "com1" = 'หลังพบแพทย์', "com2" = 'ยืนยันจ่ายยา', "action" = 'เภสัชกรยืนยันรายการสั่งยา', "com_id1" = '27', "com_id2" = '16', "user1" = '570', "user2" = NULL, "action_id" = '22', "time_send" = '2021-04-22 11:36:18', "time_receive" = NULL
WHERE "jvkk"."nano_queue"."id" = 'null'
ERROR - 2021-04-22 11:36:20 --> Severity: Warning --> pg_query() [<a href='function.pg-query'>function.pg-query</a>]: Query failed: ERROR:  invalid input syntax for integer: &quot;null&quot;
LINE 2: WHERE &quot;jvkk&quot;.&quot;nano_queue&quot;.&quot;id&quot; = 'null'
                                         ^ /home/miracle/public_html/ci3_cgi/system/database/drivers/postgre/postgre_driver.php 242
ERROR - 2021-04-22 11:36:20 --> Query error: ERROR:  invalid input syntax for integer: "null"
LINE 2: WHERE "jvkk"."nano_queue"."id" = 'null'
                                         ^ - Invalid query: UPDATE "jvkk"."nano_queue" SET "com1" = 'หลังพบแพทย์', "com2" = 'ยืนยันจ่ายยา', "action" = 'เภสัชกรยืนยันรายการสั่งยา', "com_id1" = '27', "com_id2" = '16', "user1" = '570', "user2" = NULL, "action_id" = '22', "time_send" = '2021-04-22 11:36:20', "time_receive" = NULL
WHERE "jvkk"."nano_queue"."id" = 'null'
ERROR - 2021-04-22 11:36:23 --> Severity: Warning --> pg_query() [<a href='function.pg-query'>function.pg-query</a>]: Query failed: ERROR:  invalid input syntax for integer: &quot;null&quot;
LINE 2: WHERE &quot;jvkk&quot;.&quot;nano_queue&quot;.&quot;id&quot; = 'null'
                                         ^ /home/miracle/public_html/ci3_cgi/system/database/drivers/postgre/postgre_driver.php 242
ERROR - 2021-04-22 11:36:23 --> Query error: ERROR:  invalid input syntax for integer: "null"
LINE 2: WHERE "jvkk"."nano_queue"."id" = 'null'
                                         ^ - Invalid query: UPDATE "jvkk"."nano_queue" SET "com1" = 'หลังพบแพทย์', "com2" = 'ยืนยันจ่ายยา', "action" = 'เภสัชกรยืนยันรายการสั่งยา', "com_id1" = '27', "com_id2" = '16', "user1" = '570', "user2" = NULL, "action_id" = '22', "time_send" = '2021-04-22 11:36:23', "time_receive" = NULL
WHERE "jvkk"."nano_queue"."id" = 'null'
ERROR - 2021-04-22 11:36:25 --> Severity: Warning --> pg_query() [<a href='function.pg-query'>function.pg-query</a>]: Query failed: ERROR:  invalid input syntax for integer: &quot;null&quot;
LINE 2: WHERE &quot;jvkk&quot;.&quot;nano_queue&quot;.&quot;id&quot; = 'null'
                                         ^ /home/miracle/public_html/ci3_cgi/system/database/drivers/postgre/postgre_driver.php 242
ERROR - 2021-04-22 11:36:25 --> Query error: ERROR:  invalid input syntax for integer: "null"
LINE 2: WHERE "jvkk"."nano_queue"."id" = 'null'
                                         ^ - Invalid query: UPDATE "jvkk"."nano_queue" SET "com1" = 'หลังพบแพทย์', "com2" = 'ยืนยันจ่ายยา', "action" = 'เภสัชกรยืนยันรายการสั่งยา', "com_id1" = '27', "com_id2" = '16', "user1" = '570', "user2" = NULL, "action_id" = '22', "time_send" = '2021-04-22 11:36:25', "time_receive" = NULL
WHERE "jvkk"."nano_queue"."id" = 'null'
ERROR - 2021-04-22 11:36:25 --> Severity: Warning --> pg_query() [<a href='function.pg-query'>function.pg-query</a>]: Query failed: ERROR:  invalid input syntax for integer: &quot;null&quot;
LINE 2: WHERE &quot;jvkk&quot;.&quot;nano_queue&quot;.&quot;id&quot; = 'null'
                                         ^ /home/miracle/public_html/ci3_cgi/system/database/drivers/postgre/postgre_driver.php 242
ERROR - 2021-04-22 11:36:25 --> Query error: ERROR:  invalid input syntax for integer: "null"
LINE 2: WHERE "jvkk"."nano_queue"."id" = 'null'
                                         ^ - Invalid query: UPDATE "jvkk"."nano_queue" SET "com1" = 'หลังพบแพทย์', "com2" = 'ยืนยันจ่ายยา', "action" = 'เภสัชกรยืนยันรายการสั่งยา', "com_id1" = '27', "com_id2" = '16', "user1" = '570', "user2" = NULL, "action_id" = '22', "time_send" = '2021-04-22 11:36:25', "time_receive" = NULL
WHERE "jvkk"."nano_queue"."id" = 'null'
ERROR - 2021-04-22 11:36:25 --> Severity: Warning --> pg_query() [<a href='function.pg-query'>function.pg-query</a>]: Query failed: ERROR:  invalid input syntax for integer: &quot;null&quot;
LINE 2: WHERE &quot;jvkk&quot;.&quot;nano_queue&quot;.&quot;id&quot; = 'null'
                                         ^ /home/miracle/public_html/ci3_cgi/system/database/drivers/postgre/postgre_driver.php 242
ERROR - 2021-04-22 11:36:25 --> Query error: ERROR:  invalid input syntax for integer: "null"
LINE 2: WHERE "jvkk"."nano_queue"."id" = 'null'
                                         ^ - Invalid query: UPDATE "jvkk"."nano_queue" SET "com1" = 'หลังพบแพทย์', "com2" = 'ยืนยันจ่ายยา', "action" = 'เภสัชกรยืนยันรายการสั่งยา', "com_id1" = '27', "com_id2" = '16', "user1" = '570', "user2" = NULL, "action_id" = '22', "time_send" = '2021-04-22 11:36:25', "time_receive" = NULL
WHERE "jvkk"."nano_queue"."id" = 'null'
ERROR - 2021-04-22 11:36:26 --> Severity: Warning --> pg_query() [<a href='function.pg-query'>function.pg-query</a>]: Query failed: ERROR:  invalid input syntax for integer: &quot;null&quot;
LINE 2: WHERE &quot;jvkk&quot;.&quot;nano_queue&quot;.&quot;id&quot; = 'null'
                                         ^ /home/miracle/public_html/ci3_cgi/system/database/drivers/postgre/postgre_driver.php 242
ERROR - 2021-04-22 11:36:26 --> Query error: ERROR:  invalid input syntax for integer: "null"
LINE 2: WHERE "jvkk"."nano_queue"."id" = 'null'
                                         ^ - Invalid query: UPDATE "jvkk"."nano_queue" SET "com1" = 'หลังพบแพทย์', "com2" = 'ยืนยันจ่ายยา', "action" = 'เภสัชกรยืนยันรายการสั่งยา', "com_id1" = '27', "com_id2" = '16', "user1" = '570', "user2" = NULL, "action_id" = '22', "time_send" = '2021-04-22 11:36:26', "time_receive" = NULL
WHERE "jvkk"."nano_queue"."id" = 'null'
ERROR - 2021-04-22 11:36:26 --> Severity: Warning --> pg_query() [<a href='function.pg-query'>function.pg-query</a>]: Query failed: ERROR:  invalid input syntax for integer: &quot;null&quot;
LINE 2: WHERE &quot;jvkk&quot;.&quot;nano_queue&quot;.&quot;id&quot; = 'null'
                                         ^ /home/miracle/public_html/ci3_cgi/system/database/drivers/postgre/postgre_driver.php 242
ERROR - 2021-04-22 11:36:26 --> Query error: ERROR:  invalid input syntax for integer: "null"
LINE 2: WHERE "jvkk"."nano_queue"."id" = 'null'
                                         ^ - Invalid query: UPDATE "jvkk"."nano_queue" SET "com1" = 'หลังพบแพทย์', "com2" = 'ยืนยันจ่ายยา', "action" = 'เภสัชกรยืนยันรายการสั่งยา', "com_id1" = '27', "com_id2" = '16', "user1" = '570', "user2" = NULL, "action_id" = '22', "time_send" = '2021-04-22 11:36:26', "time_receive" = NULL
WHERE "jvkk"."nano_queue"."id" = 'null'
ERROR - 2021-04-22 11:36:26 --> Severity: Warning --> pg_query() [<a href='function.pg-query'>function.pg-query</a>]: Query failed: ERROR:  invalid input syntax for integer: &quot;null&quot;
LINE 2: WHERE &quot;jvkk&quot;.&quot;nano_queue&quot;.&quot;id&quot; = 'null'
                                         ^ /home/miracle/public_html/ci3_cgi/system/database/drivers/postgre/postgre_driver.php 242
ERROR - 2021-04-22 11:36:26 --> Query error: ERROR:  invalid input syntax for integer: "null"
LINE 2: WHERE "jvkk"."nano_queue"."id" = 'null'
                                         ^ - Invalid query: UPDATE "jvkk"."nano_queue" SET "com1" = 'หลังพบแพทย์', "com2" = 'ยืนยันจ่ายยา', "action" = 'เภสัชกรยืนยันรายการสั่งยา', "com_id1" = '27', "com_id2" = '16', "user1" = '570', "user2" = NULL, "action_id" = '22', "time_send" = '2021-04-22 11:36:26', "time_receive" = NULL
WHERE "jvkk"."nano_queue"."id" = 'null'
ERROR - 2021-04-22 11:36:27 --> Severity: Warning --> pg_query() [<a href='function.pg-query'>function.pg-query</a>]: Query failed: ERROR:  invalid input syntax for integer: &quot;null&quot;
LINE 2: WHERE &quot;jvkk&quot;.&quot;nano_queue&quot;.&quot;id&quot; = 'null'
                                         ^ /home/miracle/public_html/ci3_cgi/system/database/drivers/postgre/postgre_driver.php 242
ERROR - 2021-04-22 11:36:27 --> Query error: ERROR:  invalid input syntax for integer: "null"
LINE 2: WHERE "jvkk"."nano_queue"."id" = 'null'
                                         ^ - Invalid query: UPDATE "jvkk"."nano_queue" SET "com1" = 'หลังพบแพทย์', "com2" = 'ยืนยันจ่ายยา', "action" = 'เภสัชกรยืนยันรายการสั่งยา', "com_id1" = '27', "com_id2" = '16', "user1" = '570', "user2" = NULL, "action_id" = '22', "time_send" = '2021-04-22 11:36:27', "time_receive" = NULL
WHERE "jvkk"."nano_queue"."id" = 'null'
ERROR - 2021-04-22 11:37:48 --> Severity: Warning --> pg_query() [<a href='function.pg-query'>function.pg-query</a>]: Query failed: ERROR:  invalid input syntax for integer: &quot;null&quot;
LINE 2: WHERE &quot;jvkk&quot;.&quot;nano_queue&quot;.&quot;id&quot; = 'null'
                                         ^ /home/miracle/public_html/ci3_cgi/system/database/drivers/postgre/postgre_driver.php 242
ERROR - 2021-04-22 11:37:48 --> Query error: ERROR:  invalid input syntax for integer: "null"
LINE 2: WHERE "jvkk"."nano_queue"."id" = 'null'
                                         ^ - Invalid query: UPDATE "jvkk"."nano_queue" SET "com1" = 'หลังพบแพทย์', "com2" = 'ยืนยันจ่ายยา', "action" = 'เภสัชกรยืนยันรายการสั่งยา', "com_id1" = '27', "com_id2" = '16', "user1" = '570', "user2" = NULL, "action_id" = '22', "time_send" = '2021-04-22 11:37:48', "time_receive" = NULL
WHERE "jvkk"."nano_queue"."id" = 'null'
ERROR - 2021-04-22 11:37:48 --> Severity: Warning --> pg_query() [<a href='function.pg-query'>function.pg-query</a>]: Query failed: ERROR:  invalid input syntax for integer: &quot;null&quot;
LINE 2: WHERE &quot;jvkk&quot;.&quot;nano_queue&quot;.&quot;id&quot; = 'null'
                                         ^ /home/miracle/public_html/ci3_cgi/system/database/drivers/postgre/postgre_driver.php 242
ERROR - 2021-04-22 11:37:48 --> Query error: ERROR:  invalid input syntax for integer: "null"
LINE 2: WHERE "jvkk"."nano_queue"."id" = 'null'
                                         ^ - Invalid query: UPDATE "jvkk"."nano_queue" SET "com1" = 'หลังพบแพทย์', "com2" = 'ยืนยันจ่ายยา', "action" = 'เภสัชกรยืนยันรายการสั่งยา', "com_id1" = '27', "com_id2" = '16', "user1" = '570', "user2" = NULL, "action_id" = '22', "time_send" = '2021-04-22 11:37:48', "time_receive" = NULL
WHERE "jvkk"."nano_queue"."id" = 'null'
ERROR - 2021-04-22 11:37:49 --> Severity: Warning --> pg_query() [<a href='function.pg-query'>function.pg-query</a>]: Query failed: ERROR:  invalid input syntax for integer: &quot;null&quot;
LINE 2: WHERE &quot;jvkk&quot;.&quot;nano_queue&quot;.&quot;id&quot; = 'null'
                                         ^ /home/miracle/public_html/ci3_cgi/system/database/drivers/postgre/postgre_driver.php 242
ERROR - 2021-04-22 11:37:49 --> Query error: ERROR:  invalid input syntax for integer: "null"
LINE 2: WHERE "jvkk"."nano_queue"."id" = 'null'
                                         ^ - Invalid query: UPDATE "jvkk"."nano_queue" SET "com1" = 'หลังพบแพทย์', "com2" = 'ยืนยันจ่ายยา', "action" = 'เภสัชกรยืนยันรายการสั่งยา', "com_id1" = '27', "com_id2" = '16', "user1" = '570', "user2" = NULL, "action_id" = '22', "time_send" = '2021-04-22 11:37:49', "time_receive" = NULL
WHERE "jvkk"."nano_queue"."id" = 'null'
ERROR - 2021-04-22 11:57:39 --> Could not find the language line "admin dashboard jsi18n-sample"
ERROR - 2021-04-22 11:58:38 --> Could not find the language line "admin dashboard jsi18n-sample"
ERROR - 2021-04-22 13:17:39 --> Could not find the language line "admin dashboard jsi18n-sample"
ERROR - 2021-04-22 13:17:44 --> Could not find the language line "admin dashboard jsi18n-sample"
ERROR - 2021-04-22 13:17:50 --> Could not find the language line "admin dashboard jsi18n-sample"
ERROR - 2021-04-22 13:17:53 --> Could not find the language line "admin dashboard jsi18n-sample"
ERROR - 2021-04-22 13:17:55 --> Could not find the language line "admin dashboard jsi18n-sample"
ERROR - 2021-04-22 14:00:01 --> Severity: Warning --> pg_query() [<a href='function.pg-query'>function.pg-query</a>]: Query failed: FATAL:  terminating connection due to administrator command
server closed the connection unexpectedly
	This probably means the server terminated abnormally
	before or while processing the request. /home/miracle/public_html/ci3_cgi/system/database/drivers/postgre/postgre_driver.php 242
ERROR - 2021-04-22 14:00:01 --> Severity: Warning --> pg_query() [<a href='function.pg-query'>function.pg-query</a>]: Query failed: FATAL:  terminating connection due to administrator command
server closed the connection unexpectedly
	This probably means the server terminated abnormally
	before or while processing the request. /home/miracle/public_html/ci3_cgi/system/database/drivers/postgre/postgre_driver.php 242
ERROR - 2021-04-22 14:00:01 --> Severity: Warning --> pg_query() [<a href='function.pg-query'>function.pg-query</a>]: Query failed: FATAL:  terminating connection due to administrator command
server closed the connection unexpectedly
	This probably means the server terminated abnormally
	before or while processing the request. /home/miracle/public_html/ci3_cgi/system/database/drivers/postgre/postgre_driver.php 242
ERROR - 2021-04-22 14:00:01 --> Severity: Warning --> pg_query() [<a href='function.pg-query'>function.pg-query</a>]: Query failed: FATAL:  terminating connection due to administrator command
server closed the connection unexpectedly
	This probably means the server terminated abnormally
	before or while processing the request. /home/miracle/public_html/ci3_cgi/system/database/drivers/postgre/postgre_driver.php 242
ERROR - 2021-04-22 14:00:01 --> Severity: Warning --> pg_query() [<a href='function.pg-query'>function.pg-query</a>]: Query failed: FATAL:  terminating connection due to administrator command
server closed the connection unexpectedly
	This probably means the server terminated abnormally
	before or while processing the request. /home/miracle/public_html/ci3_cgi/system/database/drivers/postgre/postgre_driver.php 242
ERROR - 2021-04-22 14:00:01 --> Severity: Warning --> pg_query() [<a href='function.pg-query'>function.pg-query</a>]: Query failed: FATAL:  terminating connection due to administrator command
server closed the connection unexpectedly
	This probably means the server terminated abnormally
	before or while processing the request. /home/miracle/public_html/ci3_cgi/system/database/drivers/postgre/postgre_driver.php 242
ERROR - 2021-04-22 14:00:01 --> Severity: Warning --> pg_query() [<a href='function.pg-query'>function.pg-query</a>]: Query failed: FATAL:  terminating connection due to administrator command
server closed the connection unexpectedly
	This probably means the server terminated abnormally
	before or while processing the request. /home/miracle/public_html/ci3_cgi/system/database/drivers/postgre/postgre_driver.php 242
ERROR - 2021-04-22 14:00:01 --> Severity: Warning --> pg_query() [<a href='function.pg-query'>function.pg-query</a>]: Query failed: FATAL:  terminating connection due to administrator command
server closed the connection unexpectedly
	This probably means the server terminated abnormally
	before or while processing the request. /home/miracle/public_html/ci3_cgi/system/database/drivers/postgre/postgre_driver.php 242
ERROR - 2021-04-22 14:00:01 --> Query error: FATAL:  terminating connection due to administrator command
server closed the connection unexpectedly
	This probably means the server terminated abnormally
	before or while processing the request. - Invalid query: SELECT log.vn_id, log.vn, to_char(log.date_add, 'HH24:MI') AS time_th, patient.hn, patient.pa_pre_name || patient.pa_name || ' ' || patient.pa_lastname AS patient_name, log.station_id, appointment.id AS appointment_id, log.nano_queue_id AS queue_id
				FROM jvkk.nano_queue_log AS log
				INNER JOIN medrec.nano_visit AS visit ON visit.vn = log.vn
				INNER JOIN medrec.nano_patient AS patient ON patient.id = visit.id_patient
				INNER JOIN (SELECT vn, MAX(id) AS max_id FROM jvkk.nano_queue_log WHERE to_char(date_add, 'YYYY-MM-DD') = '2021-04-22' GROUP BY vn) AS queue_max ON (queue_max.max_id=log.id)
				LEFT JOIN frontmed.neural_appointment AS appointment ON appointment.visit_id = visit.id
				WHERE log.com_id2 IN ('27', '19') AND log.com_id1 = '25' GROUP BY log.vn_id, log.vn, log.date_add, patient.hn, patient.pa_pre_name, patient.pa_name, patient.pa_lastname, log.station_id, appointment.id, log.nano_queue_id
				 ORDER BY time_th ASC
ERROR - 2021-04-22 14:00:01 --> Severity: Notice --> pg_query() [<a href='function.pg-query'>function.pg-query</a>]: Cannot set connection to blocking mode /home/miracle/public_html/ci3_cgi/system/database/drivers/postgre/postgre_driver.php 242
ERROR - 2021-04-22 14:00:01 --> Severity: Notice --> pg_query() [<a href='function.pg-query'>function.pg-query</a>]: Cannot set connection to blocking mode /home/miracle/public_html/ci3_cgi/system/database/drivers/postgre/postgre_driver.php 242
ERROR - 2021-04-22 14:00:01 --> Query error: FATAL:  terminating connection due to administrator command
server closed the connection unexpectedly
	This probably means the server terminated abnormally
	before or while processing the request. - Invalid query: SELECT "session"."id"
FROM "jvkk"."nano_session" AS "session"
WHERE "session"."session_user_id" IS NULL
ERROR - 2021-04-22 14:00:01 --> Query error: FATAL:  terminating connection due to administrator command
server closed the connection unexpectedly
	This probably means the server terminated abnormally
	before or while processing the request. - Invalid query: SELECT "session"."id"
FROM "jvkk"."nano_session" AS "session"
WHERE "session"."session_user_id" IS NULL
ERROR - 2021-04-22 14:00:01 --> Severity: Notice --> pg_query() [<a href='function.pg-query'>function.pg-query</a>]: Cannot set connection to blocking mode /home/miracle/public_html/ci3_cgi/system/database/drivers/postgre/postgre_driver.php 242
ERROR - 2021-04-22 14:00:01 --> Severity: Warning --> Unknown: Failed to write session data (user). Please verify that the current setting of session.save_path is correct () Unknown 0
ERROR - 2021-04-22 14:00:01 --> Query error: FATAL:  terminating connection due to administrator command
server closed the connection unexpectedly
	This probably means the server terminated abnormally
	before or while processing the request. - Invalid query: UPDATE "frontmed"."ci_sessions" SET "timestamp" = 1619074801
WHERE "id" = 'g59v61is79cdd1knlh77brndr862qjeu'
AND "ip_address" = '192.168.10.192'
ERROR - 2021-04-22 14:00:01 --> Severity: Notice --> pg_query() [<a href='function.pg-query'>function.pg-query</a>]: Cannot set connection to blocking mode /home/miracle/public_html/ci3_cgi/system/database/drivers/postgre/postgre_driver.php 242
ERROR - 2021-04-22 14:00:01 --> Severity: Warning --> Unknown: Failed to write session data (user). Please verify that the current setting of session.save_path is correct () Unknown 0
ERROR - 2021-04-22 14:00:01 --> Severity: Notice --> pg_query() [<a href='function.pg-query'>function.pg-query</a>]: Cannot set connection to blocking mode /home/miracle/public_html/ci3_cgi/system/database/drivers/postgre/postgre_driver.php 242
ERROR - 2021-04-22 14:00:01 --> Query error: FATAL:  terminating connection due to administrator command
server closed the connection unexpectedly
	This probably means the server terminated abnormally
	before or while processing the request. - Invalid query: SELECT * FROM public.settings ORDER BY sort_order ASC
ERROR - 2021-04-22 14:00:01 --> Severity: Warning --> Unknown: Failed to write session data (user). Please verify that the current setting of session.save_path is correct () Unknown 0
ERROR - 2021-04-22 14:00:01 --> Severity: Notice --> pg_query() [<a href='function.pg-query'>function.pg-query</a>]: Cannot set connection to blocking mode /home/miracle/public_html/ci3_cgi/system/database/drivers/postgre/postgre_driver.php 242
ERROR - 2021-04-22 14:00:01 --> Severity: Notice --> pg_query() [<a href='function.pg-query'>function.pg-query</a>]: Cannot set connection to blocking mode /home/miracle/public_html/ci3_cgi/system/database/drivers/postgre/postgre_driver.php 242
ERROR - 2021-04-22 14:00:01 --> Query error: FATAL:  terminating connection due to administrator command
server closed the connection unexpectedly
	This probably means the server terminated abnormally
	before or while processing the request. - Invalid query: SELECT * FROM public.settings ORDER BY sort_order ASC
ERROR - 2021-04-22 14:00:01 --> Query error: FATAL:  terminating connection due to administrator command
server closed the connection unexpectedly
	This probably means the server terminated abnormally
	before or while processing the request. - Invalid query: SELECT * FROM public.settings ORDER BY sort_order ASC
ERROR - 2021-04-22 14:00:01 --> Severity: Notice --> pg_query() [<a href='function.pg-query'>function.pg-query</a>]: Cannot set connection to blocking mode /home/miracle/public_html/ci3_cgi/system/database/drivers/postgre/postgre_driver.php 242
ERROR - 2021-04-22 14:00:01 --> Severity: Warning --> Unknown: Failed to write session data (user). Please verify that the current setting of session.save_path is correct () Unknown 0
ERROR - 2021-04-22 14:00:01 --> Severity: Warning --> Unknown: Failed to write session data (user). Please verify that the current setting of session.save_path is correct () Unknown 0
ERROR - 2021-04-22 14:00:01 --> Severity: Notice --> pg_query() [<a href='function.pg-query'>function.pg-query</a>]: Cannot set connection to blocking mode /home/miracle/public_html/ci3_cgi/system/database/drivers/postgre/postgre_driver.php 242
ERROR - 2021-04-22 14:00:01 --> Query error: FATAL:  terminating connection due to administrator command
server closed the connection unexpectedly
	This probably means the server terminated abnormally
	before or while processing the request. - Invalid query: SELECT * FROM public.settings ORDER BY sort_order ASC
ERROR - 2021-04-22 14:00:01 --> Query error: FATAL:  terminating connection due to administrator command
server closed the connection unexpectedly
	This probably means the server terminated abnormally
	before or while processing the request. - Invalid query: SELECT * FROM public.settings ORDER BY sort_order ASC
ERROR - 2021-04-22 14:00:01 --> Severity: Warning --> Unknown: Failed to write session data (user). Please verify that the current setting of session.save_path is correct () Unknown 0
ERROR - 2021-04-22 14:00:01 --> Severity: Warning --> Unknown: Failed to write session data (user). Please verify that the current setting of session.save_path is correct () Unknown 0
ERROR - 2021-04-22 14:00:01 --> Severity: Warning --> pg_query() [<a href='function.pg-query'>function.pg-query</a>]: Query failed: FATAL:  terminating connection due to administrator command
server closed the connection unexpectedly
	This probably means the server terminated abnormally
	before or while processing the request. /home/miracle/public_html/ci3_cgi/system/database/drivers/postgre/postgre_driver.php 242
ERROR - 2021-04-22 14:00:01 --> Query error: FATAL:  terminating connection due to administrator command
server closed the connection unexpectedly
	This probably means the server terminated abnormally
	before or while processing the request. - Invalid query: SELECT log.vn_id, log.vn, to_char(log.date_add, 'HH24:MI') AS time_th, patient.hn, patient.pa_pre_name || patient.pa_name || ' ' || patient.pa_lastname AS patient_name, log.station_id, appointment.id AS appointment_id, log.nano_queue_id AS queue_id
				FROM jvkk.nano_queue_log AS log
				INNER JOIN medrec.nano_visit AS visit ON visit.vn = log.vn
				INNER JOIN medrec.nano_patient AS patient ON patient.id = visit.id_patient
				INNER JOIN (SELECT vn, MAX(id) AS max_id FROM jvkk.nano_queue_log WHERE to_char(date_add, 'YYYY-MM-DD') = '2021-04-22' AND station_id IS NOT NULL GROUP BY vn) AS queue_max ON (queue_max.max_id=log.id)
				LEFT JOIN frontmed.neural_appointment AS appointment ON appointment.visit_id = visit.id
				WHERE log.com_id1 = '10' AND log.com_id2 = '27' AND log.station_id = '9'
				GROUP BY log.vn_id, log.vn, log.date_add, patient.hn, patient.pa_pre_name, patient.pa_name, patient.pa_lastname, log.station_id, appointment.id, log.nano_queue_id
				ORDER BY time_th ASC
ERROR - 2021-04-22 14:00:01 --> Severity: Notice --> pg_query() [<a href='function.pg-query'>function.pg-query</a>]: Cannot set connection to blocking mode /home/miracle/public_html/ci3_cgi/system/database/drivers/postgre/postgre_driver.php 242
ERROR - 2021-04-22 14:00:01 --> Query error: FATAL:  terminating connection due to administrator command
server closed the connection unexpectedly
	This probably means the server terminated abnormally
	before or while processing the request. - Invalid query: UPDATE "frontmed"."ci_sessions" SET "timestamp" = 1619074801
WHERE "id" = '8qj5cgcuq0ra7jflfjsp28df1nu21vnl'
AND "ip_address" = '192.168.10.52'
ERROR - 2021-04-22 14:00:01 --> Severity: Notice --> pg_query() [<a href='function.pg-query'>function.pg-query</a>]: Cannot set connection to blocking mode /home/miracle/public_html/ci3_cgi/system/database/drivers/postgre/postgre_driver.php 242
ERROR - 2021-04-22 14:02:44 --> Could not find the language line "admin dashboard jsi18n-sample"
ERROR - 2021-04-22 14:11:54 --> Could not find the language line "admin dashboard jsi18n-sample"
ERROR - 2021-04-22 14:16:05 --> Could not find the language line "admin dashboard jsi18n-sample"
ERROR - 2021-04-22 15:15:55 --> Could not find the language line "admin dashboard jsi18n-sample"
