ERROR - 2020-12-23 01:12:29 --> Could not find the language line "admin dashboard jsi18n-sample"
ERROR - 2020-12-23 01:12:32 --> Could not find the language line "admin dashboard jsi18n-sample"
ERROR - 2020-12-23 08:01:26 --> Could not find the language line "admin dashboard jsi18n-sample"
ERROR - 2020-12-23 09:01:58 --> Could not find the language line "admin dashboard jsi18n-sample"
ERROR - 2020-12-23 09:02:02 --> Could not find the language line "admin dashboard jsi18n-sample"
ERROR - 2020-12-23 09:02:10 --> Could not find the language line "admin dashboard jsi18n-sample"
ERROR - 2020-12-23 09:02:14 --> Could not find the language line "admin dashboard jsi18n-sample"
ERROR - 2020-12-23 09:02:16 --> Could not find the language line "admin dashboard jsi18n-sample"
ERROR - 2020-12-23 09:02:29 --> Could not find the language line "admin dashboard jsi18n-sample"
ERROR - 2020-12-23 09:02:35 --> Could not find the language line "admin dashboard jsi18n-sample"
ERROR - 2020-12-23 09:02:42 --> Could not find the language line "admin dashboard jsi18n-sample"
ERROR - 2020-12-23 09:04:49 --> Could not find the language line "admin dashboard jsi18n-sample"
ERROR - 2020-12-23 09:07:12 --> Could not find the language line "admin dashboard jsi18n-sample"
ERROR - 2020-12-23 09:56:14 --> Could not find the language line "admin dashboard jsi18n-sample"
ERROR - 2020-12-23 10:12:11 --> Could not find the language line "admin dashboard jsi18n-sample"
ERROR - 2020-12-23 10:12:34 --> Could not find the language line "admin dashboard jsi18n-sample"
ERROR - 2020-12-23 10:17:28 --> Could not find the language line "admin dashboard jsi18n-sample"
ERROR - 2020-12-23 10:17:43 --> Could not find the language line "admin dashboard jsi18n-sample"
ERROR - 2020-12-23 10:41:39 --> Severity: Warning --> pg_query() [<a href='function.pg-query'>function.pg-query</a>]: Query failed: FATAL:  terminating connection due to administrator command
server closed the connection unexpectedly
	This probably means the server terminated abnormally
	before or while processing the request. /home/miracle/public_html/ci3_cgi/system/database/drivers/postgre/postgre_driver.php 242
ERROR - 2020-12-23 10:41:39 --> Severity: Warning --> pg_query() [<a href='function.pg-query'>function.pg-query</a>]: Query failed: FATAL:  terminating connection due to administrator command
server closed the connection unexpectedly
	This probably means the server terminated abnormally
	before or while processing the request. /home/miracle/public_html/ci3_cgi/system/database/drivers/postgre/postgre_driver.php 242
ERROR - 2020-12-23 10:41:39 --> Query error: FATAL:  terminating connection due to administrator command
server closed the connection unexpectedly
	This probably means the server terminated abnormally
	before or while processing the request. - Invalid query: SELECT log.vn_id, log.vn, to_char(log.date_add, 'HH24:MI') AS time_th, patient.hn, patient.pa_pre_name || patient.pa_name || ' ' || patient.pa_lastname AS patient_name, log.station_id, appointment.id AS appointment_id, log.nano_queue_id AS queue_id
				FROM jvkk.nano_queue_log AS log
				INNER JOIN medrec.nano_visit AS visit ON visit.vn = log.vn
				INNER JOIN medrec.nano_patient AS patient ON patient.id = visit.id_patient
				INNER JOIN (SELECT vn, MAX(id) AS max_id FROM jvkk.nano_queue_log WHERE to_char(date_add, 'YYYY-MM-DD') = '2020-12-23' AND station_id IS NOT NULL GROUP BY vn) AS queue_max ON (queue_max.max_id=log.id)
				LEFT JOIN frontmed.neural_appointment AS appointment ON appointment.visit_id = visit.id
				WHERE log.com_id1 = '10' AND log.com_id2 = '27' AND log.station_id = '6'
				GROUP BY log.vn_id, log.vn, log.date_add, patient.hn, patient.pa_pre_name, patient.pa_name, patient.pa_lastname, log.station_id, appointment.id, log.nano_queue_id
				ORDER BY time_th ASC
ERROR - 2020-12-23 10:41:39 --> Severity: Warning --> pg_query() [<a href='function.pg-query'>function.pg-query</a>]: Query failed: FATAL:  terminating connection due to administrator command
server closed the connection unexpectedly
	This probably means the server terminated abnormally
	before or while processing the request. /home/miracle/public_html/ci3_cgi/system/database/drivers/postgre/postgre_driver.php 242
ERROR - 2020-12-23 10:41:39 --> Severity: Warning --> pg_query() [<a href='function.pg-query'>function.pg-query</a>]: Query failed: FATAL:  terminating connection due to administrator command
server closed the connection unexpectedly
	This probably means the server terminated abnormally
	before or while processing the request. /home/miracle/public_html/ci3_cgi/system/database/drivers/postgre/postgre_driver.php 242
ERROR - 2020-12-23 10:41:39 --> Severity: Warning --> pg_query() [<a href='function.pg-query'>function.pg-query</a>]: Query failed: FATAL:  terminating connection due to administrator command
server closed the connection unexpectedly
	This probably means the server terminated abnormally
	before or while processing the request. /home/miracle/public_html/ci3_cgi/system/database/drivers/postgre/postgre_driver.php 242
ERROR - 2020-12-23 10:41:39 --> Query error: FATAL:  terminating connection due to administrator command
server closed the connection unexpectedly
	This probably means the server terminated abnormally
	before or while processing the request. - Invalid query: SELECT "session"."id"
FROM "jvkk"."nano_session" AS "session"
WHERE "session"."session_user_id" IS NULL
ERROR - 2020-12-23 10:41:39 --> Query error: FATAL:  terminating connection due to administrator command
server closed the connection unexpectedly
	This probably means the server terminated abnormally
	before or while processing the request. - Invalid query: SELECT * FROM public.settings ORDER BY sort_order ASC
ERROR - 2020-12-23 10:41:39 --> Query error: FATAL:  terminating connection due to administrator command
server closed the connection unexpectedly
	This probably means the server terminated abnormally
	before or while processing the request. - Invalid query: SELECT * FROM public.settings ORDER BY sort_order ASC
ERROR - 2020-12-23 10:41:39 --> Query error: FATAL:  terminating connection due to administrator command
server closed the connection unexpectedly
	This probably means the server terminated abnormally
	before or while processing the request. - Invalid query: SELECT * FROM public.settings ORDER BY sort_order ASC
ERROR - 2020-12-23 10:41:39 --> Severity: Warning --> Unknown: Failed to write session data (user). Please verify that the current setting of session.save_path is correct () Unknown 0
ERROR - 2020-12-23 10:41:39 --> Severity: Warning --> Unknown: Failed to write session data (user). Please verify that the current setting of session.save_path is correct () Unknown 0
ERROR - 2020-12-23 10:41:39 --> Severity: Warning --> Unknown: Failed to write session data (user). Please verify that the current setting of session.save_path is correct () Unknown 0
ERROR - 2020-12-23 10:41:39 --> Severity: Warning --> Unknown: Failed to write session data (user). Please verify that the current setting of session.save_path is correct () Unknown 0
ERROR - 2020-12-23 10:41:39 --> Query error: FATAL:  terminating connection due to administrator command
server closed the connection unexpectedly
	This probably means the server terminated abnormally
	before or while processing the request. - Invalid query: UPDATE "frontmed"."ci_sessions" SET "timestamp" = 1608694899
WHERE "id" = '8d9fjcf7u19e0hjdau4pdcq34nn1htob'
AND "ip_address" = '192.168.10.52'
ERROR - 2020-12-23 10:41:43 --> Severity: Warning --> pg_connect() [<a href='function.pg-connect'>function.pg-connect</a>]: Unable to connect to PostgreSQL server: FATAL:  the database system is starting up /home/miracle/public_html/ci3_cgi/system/database/drivers/postgre/postgre_driver.php 154
ERROR - 2020-12-23 10:41:43 --> Severity: Warning --> pg_connect() [<a href='function.pg-connect'>function.pg-connect</a>]: Unable to connect to PostgreSQL server: FATAL:  the database system is starting up /home/miracle/public_html/ci3_cgi/system/database/drivers/postgre/postgre_driver.php 154
ERROR - 2020-12-23 10:41:43 --> Unable to connect to the database
ERROR - 2020-12-23 10:41:43 --> Unable to connect to the database
ERROR - 2020-12-23 10:41:43 --> Severity: Warning --> pg_connect() [<a href='function.pg-connect'>function.pg-connect</a>]: Unable to connect to PostgreSQL server: FATAL:  the database system is starting up /home/miracle/public_html/ci3_cgi/system/database/drivers/postgre/postgre_driver.php 154
ERROR - 2020-12-23 10:41:43 --> Severity: Warning --> pg_connect() [<a href='function.pg-connect'>function.pg-connect</a>]: Unable to connect to PostgreSQL server: FATAL:  the database system is starting up /home/miracle/public_html/ci3_cgi/system/database/drivers/postgre/postgre_driver.php 154
ERROR - 2020-12-23 10:41:43 --> Unable to connect to the database
ERROR - 2020-12-23 10:41:43 --> Unable to connect to the database
ERROR - 2020-12-23 10:41:43 --> Severity: Warning --> pg_connect() [<a href='function.pg-connect'>function.pg-connect</a>]: Unable to connect to PostgreSQL server: FATAL:  the database system is starting up /home/miracle/public_html/ci3_cgi/system/database/drivers/postgre/postgre_driver.php 154
ERROR - 2020-12-23 10:41:43 --> Severity: Warning --> pg_connect() [<a href='function.pg-connect'>function.pg-connect</a>]: Unable to connect to PostgreSQL server: FATAL:  the database system is starting up /home/miracle/public_html/ci3_cgi/system/database/drivers/postgre/postgre_driver.php 154
ERROR - 2020-12-23 10:41:43 --> Severity: Warning --> pg_connect() [<a href='function.pg-connect'>function.pg-connect</a>]: Unable to connect to PostgreSQL server: FATAL:  the database system is starting up /home/miracle/public_html/ci3_cgi/system/database/drivers/postgre/postgre_driver.php 154
ERROR - 2020-12-23 10:41:43 --> Unable to connect to the database
ERROR - 2020-12-23 10:41:43 --> Unable to connect to the database
ERROR - 2020-12-23 10:41:43 --> Unable to connect to the database
ERROR - 2020-12-23 10:41:43 --> Severity: Warning --> pg_connect() [<a href='function.pg-connect'>function.pg-connect</a>]: Unable to connect to PostgreSQL server: FATAL:  the database system is starting up /home/miracle/public_html/ci3_cgi/system/database/drivers/postgre/postgre_driver.php 154
ERROR - 2020-12-23 10:41:43 --> Unable to connect to the database
ERROR - 2020-12-23 10:41:43 --> Severity: Warning --> pg_connect() [<a href='function.pg-connect'>function.pg-connect</a>]: Unable to connect to PostgreSQL server: FATAL:  the database system is starting up /home/miracle/public_html/ci3_cgi/system/database/drivers/postgre/postgre_driver.php 154
ERROR - 2020-12-23 10:41:43 --> Severity: Warning --> pg_connect() [<a href='function.pg-connect'>function.pg-connect</a>]: Unable to connect to PostgreSQL server: FATAL:  the database system is starting up /home/miracle/public_html/ci3_cgi/system/database/drivers/postgre/postgre_driver.php 154
ERROR - 2020-12-23 10:41:43 --> Unable to connect to the database
ERROR - 2020-12-23 10:41:43 --> Unable to connect to the database
ERROR - 2020-12-23 10:41:43 --> Severity: Warning --> pg_connect() [<a href='function.pg-connect'>function.pg-connect</a>]: Unable to connect to PostgreSQL server: FATAL:  the database system is starting up /home/miracle/public_html/ci3_cgi/system/database/drivers/postgre/postgre_driver.php 154
ERROR - 2020-12-23 10:41:43 --> Severity: Warning --> pg_connect() [<a href='function.pg-connect'>function.pg-connect</a>]: Unable to connect to PostgreSQL server: FATAL:  the database system is starting up /home/miracle/public_html/ci3_cgi/system/database/drivers/postgre/postgre_driver.php 154
ERROR - 2020-12-23 10:41:43 --> Unable to connect to the database
ERROR - 2020-12-23 10:41:43 --> Unable to connect to the database
ERROR - 2020-12-23 10:59:40 --> Could not find the language line "admin dashboard jsi18n-sample"
ERROR - 2020-12-23 11:03:38 --> Could not find the language line "admin dashboard jsi18n-sample"
ERROR - 2020-12-23 11:08:14 --> Could not find the language line "admin dashboard jsi18n-sample"
ERROR - 2020-12-23 11:44:40 --> Could not find the language line "admin dashboard jsi18n-sample"
ERROR - 2020-12-23 13:28:06 --> Could not find the language line "admin dashboard jsi18n-sample"
ERROR - 2020-12-23 13:28:09 --> Could not find the language line "admin dashboard jsi18n-sample"
ERROR - 2020-12-23 13:28:11 --> Could not find the language line "admin dashboard jsi18n-sample"
ERROR - 2020-12-23 13:28:14 --> Could not find the language line "admin dashboard jsi18n-sample"
ERROR - 2020-12-23 13:28:17 --> Could not find the language line "admin dashboard jsi18n-sample"
ERROR - 2020-12-23 13:28:18 --> Could not find the language line "admin dashboard jsi18n-sample"
ERROR - 2020-12-23 13:47:06 --> Could not find the language line "admin dashboard jsi18n-sample"
