ERROR - 2020-11-25 08:28:43 --> Could not find the language line "admin dashboard jsi18n-sample"
ERROR - 2020-11-25 08:28:48 --> Could not find the language line "admin dashboard jsi18n-sample"
ERROR - 2020-11-25 08:44:48 --> Could not find the language line "admin dashboard jsi18n-sample"
ERROR - 2020-11-25 09:08:33 --> Could not find the language line "admin dashboard jsi18n-sample"
ERROR - 2020-11-25 09:09:04 --> Could not find the language line "admin dashboard jsi18n-sample"
ERROR - 2020-11-25 09:10:26 --> Could not find the language line "admin dashboard jsi18n-sample"
ERROR - 2020-11-25 09:10:33 --> Could not find the language line "admin dashboard jsi18n-sample"
ERROR - 2020-11-25 09:10:37 --> Could not find the language line "admin dashboard jsi18n-sample"
ERROR - 2020-11-25 09:10:40 --> Could not find the language line "admin dashboard jsi18n-sample"
ERROR - 2020-11-25 09:10:43 --> Could not find the language line "admin dashboard jsi18n-sample"
ERROR - 2020-11-25 09:11:11 --> Could not find the language line "admin dashboard jsi18n-sample"
ERROR - 2020-11-25 09:11:14 --> Could not find the language line "admin dashboard jsi18n-sample"
ERROR - 2020-11-25 09:24:11 --> Could not find the language line "admin dashboard jsi18n-sample"
ERROR - 2020-11-25 09:50:52 --> Could not find the language line "admin dashboard jsi18n-sample"
ERROR - 2020-11-25 10:42:26 --> Could not find the language line "admin dashboard jsi18n-sample"
ERROR - 2020-11-25 11:10:36 --> Could not find the language line "admin dashboard jsi18n-sample"
ERROR - 2020-11-25 11:17:13 --> Could not find the language line "admin dashboard jsi18n-sample"
ERROR - 2020-11-25 11:18:05 --> Could not find the language line "admin dashboard jsi18n-sample"
ERROR - 2020-11-25 11:55:55 --> Could not find the language line "admin dashboard jsi18n-sample"
ERROR - 2020-11-25 11:58:05 --> Could not find the language line "admin dashboard jsi18n-sample"
ERROR - 2020-11-25 12:49:17 --> Could not find the language line "admin dashboard jsi18n-sample"
ERROR - 2020-11-25 12:49:25 --> Could not find the language line "admin dashboard jsi18n-sample"
ERROR - 2020-11-25 12:49:28 --> Could not find the language line "admin dashboard jsi18n-sample"
ERROR - 2020-11-25 12:49:31 --> Could not find the language line "admin dashboard jsi18n-sample"
ERROR - 2020-11-25 12:49:33 --> Could not find the language line "admin dashboard jsi18n-sample"
ERROR - 2020-11-25 12:49:38 --> Could not find the language line "admin dashboard jsi18n-sample"
ERROR - 2020-11-25 13:06:45 --> Could not find the language line "admin dashboard jsi18n-sample"
ERROR - 2020-11-25 13:07:46 --> Severity: Warning --> pg_query() [<a href='function.pg-query'>function.pg-query</a>]: Query failed: ERROR:  invalid input syntax for integer: &quot;&quot;
LINE 5:      '',
             ^ /home/miracle/public_html/ci3_cgi/system/database/drivers/postgre/postgre_driver.php 242
ERROR - 2020-11-25 13:07:46 --> Query error: ERROR:  invalid input syntax for integer: ""
LINE 5:      '',
             ^ - Invalid query: INSERT INTO frontmed.neural_appointment (id, appointment_date, appointment_time, user_id, comment, component_id, visit_id, patient_id, created_by, select_option)
					SELECT (id + 1) AS last_id,
					'2021-02-19',
					'10:00',
					'',
					'เพศสภาพ ตรวจแล้วกลับบ้าน',
					'19',
					'2008058',
					'196829',
					'142',
					NULL
					FROM frontmed.neural_appointment ORDER BY id DESC LIMIT 1 RETURNING id AS last_id
ERROR - 2020-11-25 13:08:02 --> Severity: Warning --> pg_query() [<a href='function.pg-query'>function.pg-query</a>]: Query failed: ERROR:  invalid input syntax for integer: &quot;&quot;
LINE 5:      '',
             ^ /home/miracle/public_html/ci3_cgi/system/database/drivers/postgre/postgre_driver.php 242
ERROR - 2020-11-25 13:08:02 --> Query error: ERROR:  invalid input syntax for integer: ""
LINE 5:      '',
             ^ - Invalid query: INSERT INTO frontmed.neural_appointment (id, appointment_date, appointment_time, user_id, comment, component_id, visit_id, patient_id, created_by, select_option)
					SELECT (id + 1) AS last_id,
					'2021-02-19',
					'10:00',
					'',
					'เพศสภาพ ตรวจแล้วกลับบ้าน',
					'19',
					'2008058',
					'196829',
					'142',
					NULL
					FROM frontmed.neural_appointment ORDER BY id DESC LIMIT 1 RETURNING id AS last_id
ERROR - 2020-11-25 13:08:06 --> Could not find the language line "admin dashboard jsi18n-sample"
ERROR - 2020-11-25 13:08:13 --> Severity: Warning --> pg_query() [<a href='function.pg-query'>function.pg-query</a>]: Query failed: ERROR:  invalid input syntax for integer: &quot;&quot;
LINE 5:      '',
             ^ /home/miracle/public_html/ci3_cgi/system/database/drivers/postgre/postgre_driver.php 242
ERROR - 2020-11-25 13:08:13 --> Query error: ERROR:  invalid input syntax for integer: ""
LINE 5:      '',
             ^ - Invalid query: INSERT INTO frontmed.neural_appointment (id, appointment_date, appointment_time, user_id, comment, component_id, visit_id, patient_id, created_by, select_option)
					SELECT (id + 1) AS last_id,
					'2021-02-19',
					'10:00',
					'',
					'เพศสภาพ ตรวจแล้วกลับบ้าน',
					'19',
					'2008058',
					'196829',
					'142',
					NULL
					FROM frontmed.neural_appointment ORDER BY id DESC LIMIT 1 RETURNING id AS last_id
ERROR - 2020-11-25 13:08:29 --> Severity: Warning --> pg_query() [<a href='function.pg-query'>function.pg-query</a>]: Query failed: ERROR:  invalid input syntax for integer: &quot;&quot;
LINE 5:      '',
             ^ /home/miracle/public_html/ci3_cgi/system/database/drivers/postgre/postgre_driver.php 242
ERROR - 2020-11-25 13:08:29 --> Query error: ERROR:  invalid input syntax for integer: ""
LINE 5:      '',
             ^ - Invalid query: INSERT INTO frontmed.neural_appointment (id, appointment_date, appointment_time, user_id, comment, component_id, visit_id, patient_id, created_by, select_option)
					SELECT (id + 1) AS last_id,
					'2021-02-19',
					'10:00',
					'',
					'เพศสภาพ ตรวจแล้วกลับบ้าน',
					'19',
					'2008058',
					'196829',
					'142',
					NULL
					FROM frontmed.neural_appointment ORDER BY id DESC LIMIT 1 RETURNING id AS last_id
ERROR - 2020-11-25 13:44:54 --> Could not find the language line "admin dashboard jsi18n-sample"
ERROR - 2020-11-25 14:27:02 --> Could not find the language line "admin dashboard jsi18n-sample"
ERROR - 2020-11-25 14:31:22 --> Could not find the language line "admin dashboard jsi18n-sample"
ERROR - 2020-11-25 14:31:55 --> Could not find the language line "admin dashboard jsi18n-sample"
ERROR - 2020-11-25 14:38:41 --> Could not find the language line "admin dashboard jsi18n-sample"
ERROR - 2020-11-25 15:10:45 --> Could not find the language line "admin dashboard jsi18n-sample"
ERROR - 2020-11-25 15:11:35 --> Severity: Warning --> pg_query() [<a href='function.pg-query'>function.pg-query</a>]: Query failed: ERROR:  invalid input syntax for integer: &quot;&quot;
LINE 9:      '',
             ^ /home/miracle/public_html/ci3_cgi/system/database/drivers/postgre/postgre_driver.php 242
ERROR - 2020-11-25 15:11:35 --> Query error: ERROR:  invalid input syntax for integer: ""
LINE 9:      '',
             ^ - Invalid query: INSERT INTO frontmed.neural_appointment (id, appointment_date, appointment_time, user_id, comment, component_id, visit_id, patient_id, created_by, select_option)
					SELECT (id + 1) AS last_id,
					'2020-12-03',
					'09:30',
					'330',
					'',
					'10',
					'2008164',
					'',
					'343',
					NULL
					FROM frontmed.neural_appointment ORDER BY id DESC LIMIT 1 RETURNING id AS last_id
ERROR - 2020-11-25 15:11:39 --> Severity: Warning --> pg_query() [<a href='function.pg-query'>function.pg-query</a>]: Query failed: ERROR:  invalid input syntax for integer: &quot;&quot;
LINE 9:      '',
             ^ /home/miracle/public_html/ci3_cgi/system/database/drivers/postgre/postgre_driver.php 242
ERROR - 2020-11-25 15:11:39 --> Query error: ERROR:  invalid input syntax for integer: ""
LINE 9:      '',
             ^ - Invalid query: INSERT INTO frontmed.neural_appointment (id, appointment_date, appointment_time, user_id, comment, component_id, visit_id, patient_id, created_by, select_option)
					SELECT (id + 1) AS last_id,
					'2020-12-03',
					'09:30',
					'330',
					'',
					'10',
					'2008164',
					'',
					'343',
					NULL
					FROM frontmed.neural_appointment ORDER BY id DESC LIMIT 1 RETURNING id AS last_id
ERROR - 2020-11-25 15:11:59 --> Severity: Warning --> pg_query() [<a href='function.pg-query'>function.pg-query</a>]: Query failed: ERROR:  invalid input syntax for integer: &quot;&quot;
LINE 9:      '',
             ^ /home/miracle/public_html/ci3_cgi/system/database/drivers/postgre/postgre_driver.php 242
ERROR - 2020-11-25 15:11:59 --> Query error: ERROR:  invalid input syntax for integer: ""
LINE 9:      '',
             ^ - Invalid query: INSERT INTO frontmed.neural_appointment (id, appointment_date, appointment_time, user_id, comment, component_id, visit_id, patient_id, created_by, select_option)
					SELECT (id + 1) AS last_id,
					'2020-12-03',
					'09:30',
					'330',
					'',
					'10',
					'2008164',
					'',
					'343',
					NULL
					FROM frontmed.neural_appointment ORDER BY id DESC LIMIT 1 RETURNING id AS last_id
ERROR - 2020-11-25 15:11:59 --> Severity: Warning --> pg_query() [<a href='function.pg-query'>function.pg-query</a>]: Query failed: ERROR:  invalid input syntax for integer: &quot;&quot;
LINE 9:      '',
             ^ /home/miracle/public_html/ci3_cgi/system/database/drivers/postgre/postgre_driver.php 242
ERROR - 2020-11-25 15:11:59 --> Query error: ERROR:  invalid input syntax for integer: ""
LINE 9:      '',
             ^ - Invalid query: INSERT INTO frontmed.neural_appointment (id, appointment_date, appointment_time, user_id, comment, component_id, visit_id, patient_id, created_by, select_option)
					SELECT (id + 1) AS last_id,
					'2020-12-03',
					'09:30',
					'330',
					'',
					'10',
					'2008164',
					'',
					'343',
					NULL
					FROM frontmed.neural_appointment ORDER BY id DESC LIMIT 1 RETURNING id AS last_id
ERROR - 2020-11-25 15:11:59 --> Severity: Warning --> pg_query() [<a href='function.pg-query'>function.pg-query</a>]: Query failed: ERROR:  invalid input syntax for integer: &quot;&quot;
LINE 9:      '',
             ^ /home/miracle/public_html/ci3_cgi/system/database/drivers/postgre/postgre_driver.php 242
ERROR - 2020-11-25 15:11:59 --> Query error: ERROR:  invalid input syntax for integer: ""
LINE 9:      '',
             ^ - Invalid query: INSERT INTO frontmed.neural_appointment (id, appointment_date, appointment_time, user_id, comment, component_id, visit_id, patient_id, created_by, select_option)
					SELECT (id + 1) AS last_id,
					'2020-12-03',
					'09:30',
					'330',
					'',
					'10',
					'2008164',
					'',
					'343',
					NULL
					FROM frontmed.neural_appointment ORDER BY id DESC LIMIT 1 RETURNING id AS last_id
ERROR - 2020-11-25 15:12:07 --> Severity: Warning --> pg_query() [<a href='function.pg-query'>function.pg-query</a>]: Query failed: ERROR:  invalid input syntax for integer: &quot;&quot;
LINE 9:      '',
             ^ /home/miracle/public_html/ci3_cgi/system/database/drivers/postgre/postgre_driver.php 242
ERROR - 2020-11-25 15:12:07 --> Query error: ERROR:  invalid input syntax for integer: ""
LINE 9:      '',
             ^ - Invalid query: INSERT INTO frontmed.neural_appointment (id, appointment_date, appointment_time, user_id, comment, component_id, visit_id, patient_id, created_by, select_option)
					SELECT (id + 1) AS last_id,
					'2020-12-03',
					'09:30',
					'330',
					'',
					'10',
					'2008164',
					'',
					'343',
					NULL
					FROM frontmed.neural_appointment ORDER BY id DESC LIMIT 1 RETURNING id AS last_id
ERROR - 2020-11-25 15:12:16 --> Severity: Warning --> pg_query() [<a href='function.pg-query'>function.pg-query</a>]: Query failed: ERROR:  invalid input syntax for integer: &quot;&quot;
LINE 9:      '',
             ^ /home/miracle/public_html/ci3_cgi/system/database/drivers/postgre/postgre_driver.php 242
ERROR - 2020-11-25 15:12:16 --> Query error: ERROR:  invalid input syntax for integer: ""
LINE 9:      '',
             ^ - Invalid query: INSERT INTO frontmed.neural_appointment (id, appointment_date, appointment_time, user_id, comment, component_id, visit_id, patient_id, created_by, select_option)
					SELECT (id + 1) AS last_id,
					'2020-12-03',
					'09:30',
					'330',
					'',
					'10',
					'2008164',
					'',
					'343',
					NULL
					FROM frontmed.neural_appointment ORDER BY id DESC LIMIT 1 RETURNING id AS last_id
