ERROR - 2020-07-16 08:04:13 --> Could not find the language line "admin dashboard jsi18n-sample"
ERROR - 2020-07-16 08:24:45 --> Could not find the language line "admin dashboard jsi18n-sample"
ERROR - 2020-07-16 08:36:54 --> Could not find the language line "admin dashboard jsi18n-sample"
ERROR - 2020-07-16 08:40:09 --> Could not find the language line "admin dashboard jsi18n-sample"
ERROR - 2020-07-16 09:44:21 --> Could not find the language line "admin dashboard jsi18n-sample"
ERROR - 2020-07-16 10:05:45 --> Could not find the language line "admin dashboard jsi18n-sample"
ERROR - 2020-07-16 10:06:38 --> Could not find the language line "admin dashboard jsi18n-sample"
ERROR - 2020-07-16 10:54:14 --> Severity: Warning --> pg_query() [<a href='function.pg-query'>function.pg-query</a>]: Query failed: ERROR:  invalid input syntax for integer: &quot;&quot;
LINE 9:      '',
             ^ /home/miracle/public_html/ci3_cgi/system/database/drivers/postgre/postgre_driver.php 242
ERROR - 2020-07-16 10:54:14 --> Query error: ERROR:  invalid input syntax for integer: ""
LINE 9:      '',
             ^ - Invalid query: INSERT INTO frontmed.neural_appointment (id, appointment_date, appointment_time, user_id, comment, component_id, visit_id, patient_id, created_by, select_option)
					SELECT (id + 1) AS last_id,
					'2020-08-13',
					'09:00',
					'330',
					'',
					'10',
					'1972557',
					'',
					'527',
					NULL
					FROM frontmed.neural_appointment ORDER BY id DESC LIMIT 1 RETURNING id AS last_id
ERROR - 2020-07-16 10:54:26 --> Severity: Warning --> pg_query() [<a href='function.pg-query'>function.pg-query</a>]: Query failed: ERROR:  invalid input syntax for integer: &quot;&quot;
LINE 9:      '',
             ^ /home/miracle/public_html/ci3_cgi/system/database/drivers/postgre/postgre_driver.php 242
ERROR - 2020-07-16 10:54:26 --> Query error: ERROR:  invalid input syntax for integer: ""
LINE 9:      '',
             ^ - Invalid query: INSERT INTO frontmed.neural_appointment (id, appointment_date, appointment_time, user_id, comment, component_id, visit_id, patient_id, created_by, select_option)
					SELECT (id + 1) AS last_id,
					'2020-08-13',
					'09:00',
					'330',
					'',
					'10',
					'1972557',
					'',
					'527',
					NULL
					FROM frontmed.neural_appointment ORDER BY id DESC LIMIT 1 RETURNING id AS last_id
ERROR - 2020-07-16 10:54:58 --> Severity: Warning --> pg_query() [<a href='function.pg-query'>function.pg-query</a>]: Query failed: ERROR:  invalid input syntax for integer: &quot;&quot;
LINE 9:      '',
             ^ /home/miracle/public_html/ci3_cgi/system/database/drivers/postgre/postgre_driver.php 242
ERROR - 2020-07-16 10:54:58 --> Query error: ERROR:  invalid input syntax for integer: ""
LINE 9:      '',
             ^ - Invalid query: INSERT INTO frontmed.neural_appointment (id, appointment_date, appointment_time, user_id, comment, component_id, visit_id, patient_id, created_by, select_option)
					SELECT (id + 1) AS last_id,
					'2020-08-13',
					'09:00',
					'330',
					'',
					'10',
					'1972557',
					'',
					'527',
					NULL
					FROM frontmed.neural_appointment ORDER BY id DESC LIMIT 1 RETURNING id AS last_id
ERROR - 2020-07-16 10:55:28 --> Severity: Warning --> pg_query() [<a href='function.pg-query'>function.pg-query</a>]: Query failed: ERROR:  invalid input syntax for integer: &quot;&quot;
LINE 9:      '',
             ^ /home/miracle/public_html/ci3_cgi/system/database/drivers/postgre/postgre_driver.php 242
ERROR - 2020-07-16 10:55:28 --> Query error: ERROR:  invalid input syntax for integer: ""
LINE 9:      '',
             ^ - Invalid query: INSERT INTO frontmed.neural_appointment (id, appointment_date, appointment_time, user_id, comment, component_id, visit_id, patient_id, created_by, select_option)
					SELECT (id + 1) AS last_id,
					'2020-08-13',
					'09:00',
					'330',
					'',
					'10',
					'1972557',
					'',
					'527',
					NULL
					FROM frontmed.neural_appointment ORDER BY id DESC LIMIT 1 RETURNING id AS last_id
ERROR - 2020-07-16 10:55:45 --> Severity: Warning --> pg_query() [<a href='function.pg-query'>function.pg-query</a>]: Query failed: ERROR:  invalid input syntax for integer: &quot;&quot;
LINE 9:      '',
             ^ /home/miracle/public_html/ci3_cgi/system/database/drivers/postgre/postgre_driver.php 242
ERROR - 2020-07-16 10:55:45 --> Query error: ERROR:  invalid input syntax for integer: ""
LINE 9:      '',
             ^ - Invalid query: INSERT INTO frontmed.neural_appointment (id, appointment_date, appointment_time, user_id, comment, component_id, visit_id, patient_id, created_by, select_option)
					SELECT (id + 1) AS last_id,
					'2020-08-13',
					'09:00',
					'330',
					'',
					'10',
					'1972557',
					'',
					'527',
					NULL
					FROM frontmed.neural_appointment ORDER BY id DESC LIMIT 1 RETURNING id AS last_id
ERROR - 2020-07-16 12:01:52 --> Could not find the language line "admin dashboard jsi18n-sample"
ERROR - 2020-07-16 13:45:23 --> Could not find the language line "admin dashboard jsi18n-sample"
ERROR - 2020-07-16 13:45:39 --> Could not find the language line "admin dashboard jsi18n-sample"
ERROR - 2020-07-16 13:45:48 --> Could not find the language line "admin dashboard jsi18n-sample"
ERROR - 2020-07-16 13:45:51 --> Could not find the language line "admin dashboard jsi18n-sample"
ERROR - 2020-07-16 13:45:55 --> Could not find the language line "admin dashboard jsi18n-sample"
ERROR - 2020-07-16 13:45:58 --> Could not find the language line "admin dashboard jsi18n-sample"
ERROR - 2020-07-16 13:59:06 --> Could not find the language line "admin dashboard jsi18n-sample"
ERROR - 2020-07-16 14:21:43 --> Could not find the language line "admin dashboard jsi18n-sample"
ERROR - 2020-07-16 14:35:59 --> Could not find the language line "admin dashboard jsi18n-sample"
ERROR - 2020-07-16 16:22:26 --> Could not find the language line "admin dashboard jsi18n-sample"
ERROR - 2020-07-16 16:22:45 --> Could not find the language line "admin dashboard jsi18n-sample"
ERROR - 2020-07-16 16:23:14 --> Severity: Warning --> pg_query() [<a href='function.pg-query'>function.pg-query</a>]: Query failed: ERROR:  invalid input syntax for integer: &quot;&quot;
LINE 9:      '',
             ^ /home/miracle/public_html/ci3_cgi/system/database/drivers/postgre/postgre_driver.php 242
ERROR - 2020-07-16 16:23:14 --> Query error: ERROR:  invalid input syntax for integer: ""
LINE 9:      '',
             ^ - Invalid query: INSERT INTO frontmed.neural_appointment (id, appointment_date, appointment_time, user_id, comment, component_id, visit_id, patient_id, created_by, select_option)
					SELECT (id + 1) AS last_id,
					'2020-07-27',
					'10:00',
					'142',
					'จิตบำบัด กานดา',
					'19',
					'1972758',
					'',
					'142',
					NULL
					FROM frontmed.neural_appointment ORDER BY id DESC LIMIT 1 RETURNING id AS last_id
ERROR - 2020-07-16 16:23:23 --> Severity: Warning --> pg_query() [<a href='function.pg-query'>function.pg-query</a>]: Query failed: ERROR:  invalid input syntax for integer: &quot;&quot;
LINE 9:      '',
             ^ /home/miracle/public_html/ci3_cgi/system/database/drivers/postgre/postgre_driver.php 242
ERROR - 2020-07-16 16:23:23 --> Query error: ERROR:  invalid input syntax for integer: ""
LINE 9:      '',
             ^ - Invalid query: INSERT INTO frontmed.neural_appointment (id, appointment_date, appointment_time, user_id, comment, component_id, visit_id, patient_id, created_by, select_option)
					SELECT (id + 1) AS last_id,
					'2020-07-27',
					'10:00',
					'142',
					'จิตบำบัด กานดา',
					'19',
					'1972758',
					'',
					'142',
					NULL
					FROM frontmed.neural_appointment ORDER BY id DESC LIMIT 1 RETURNING id AS last_id
ERROR - 2020-07-16 16:23:38 --> Severity: Warning --> pg_query() [<a href='function.pg-query'>function.pg-query</a>]: Query failed: ERROR:  invalid input syntax for integer: &quot;&quot;
LINE 9:      '',
             ^ /home/miracle/public_html/ci3_cgi/system/database/drivers/postgre/postgre_driver.php 242
ERROR - 2020-07-16 16:23:38 --> Query error: ERROR:  invalid input syntax for integer: ""
LINE 9:      '',
             ^ - Invalid query: INSERT INTO frontmed.neural_appointment (id, appointment_date, appointment_time, user_id, comment, component_id, visit_id, patient_id, created_by, select_option)
					SELECT (id + 1) AS last_id,
					'2020-07-27',
					'10:00',
					'142',
					'จิตบำบัด กานดา',
					'19',
					'1972758',
					'',
					'142',
					NULL
					FROM frontmed.neural_appointment ORDER BY id DESC LIMIT 1 RETURNING id AS last_id
ERROR - 2020-07-16 16:23:39 --> Severity: Warning --> pg_query() [<a href='function.pg-query'>function.pg-query</a>]: Query failed: ERROR:  invalid input syntax for integer: &quot;&quot;
LINE 9:      '',
             ^ /home/miracle/public_html/ci3_cgi/system/database/drivers/postgre/postgre_driver.php 242
ERROR - 2020-07-16 16:23:39 --> Query error: ERROR:  invalid input syntax for integer: ""
LINE 9:      '',
             ^ - Invalid query: INSERT INTO frontmed.neural_appointment (id, appointment_date, appointment_time, user_id, comment, component_id, visit_id, patient_id, created_by, select_option)
					SELECT (id + 1) AS last_id,
					'2020-07-27',
					'10:00',
					'142',
					'จิตบำบัด กานดา',
					'19',
					'1972758',
					'',
					'142',
					NULL
					FROM frontmed.neural_appointment ORDER BY id DESC LIMIT 1 RETURNING id AS last_id
ERROR - 2020-07-16 16:52:32 --> Could not find the language line "admin dashboard jsi18n-sample"
