ERROR - 2021-06-05 08:52:13 --> Could not find the language line "admin dashboard jsi18n-sample"
ERROR - 2021-06-05 08:52:18 --> Could not find the language line "admin dashboard jsi18n-sample"
ERROR - 2021-06-05 09:19:08 --> Could not find the language line "admin dashboard jsi18n-sample"
ERROR - 2021-06-05 09:54:34 --> Could not find the language line "admin dashboard jsi18n-sample"
ERROR - 2021-06-05 09:55:14 --> Severity: Warning --> pg_query() [<a href='function.pg-query'>function.pg-query</a>]: Query failed: ERROR:  invalid input syntax for integer: &quot;&quot;
LINE 9:      '',
             ^ /home/miracle/public_html/ci3_cgi/system/database/drivers/postgre/postgre_driver.php 242
ERROR - 2021-06-05 09:55:14 --> Query error: ERROR:  invalid input syntax for integer: ""
LINE 9:      '',
             ^ - Invalid query: INSERT INTO frontmed.neural_appointment (id, appointment_date, appointment_time, user_id, comment, component_id, visit_id, patient_id, created_by, select_option)
					SELECT (id + 1) AS last_id,
					'2021-06-19',
					'10:00',
					'142',
					'จิตบำบัด กานดา',
					'19',
					'2057842',
					'',
					'142',
					NULL
					FROM frontmed.neural_appointment ORDER BY id DESC LIMIT 1 RETURNING id AS last_id
ERROR - 2021-06-05 09:55:18 --> Severity: Warning --> pg_query() [<a href='function.pg-query'>function.pg-query</a>]: Query failed: ERROR:  invalid input syntax for integer: &quot;&quot;
LINE 9:      '',
             ^ /home/miracle/public_html/ci3_cgi/system/database/drivers/postgre/postgre_driver.php 242
ERROR - 2021-06-05 09:55:18 --> Query error: ERROR:  invalid input syntax for integer: ""
LINE 9:      '',
             ^ - Invalid query: INSERT INTO frontmed.neural_appointment (id, appointment_date, appointment_time, user_id, comment, component_id, visit_id, patient_id, created_by, select_option)
					SELECT (id + 1) AS last_id,
					'2021-06-19',
					'10:00',
					'142',
					'จิตบำบัด กานดา',
					'19',
					'2057842',
					'',
					'142',
					NULL
					FROM frontmed.neural_appointment ORDER BY id DESC LIMIT 1 RETURNING id AS last_id
ERROR - 2021-06-05 09:55:28 --> Severity: Warning --> pg_query() [<a href='function.pg-query'>function.pg-query</a>]: Query failed: ERROR:  invalid input syntax for integer: &quot;&quot;
LINE 9:      '',
             ^ /home/miracle/public_html/ci3_cgi/system/database/drivers/postgre/postgre_driver.php 242
ERROR - 2021-06-05 09:55:28 --> Query error: ERROR:  invalid input syntax for integer: ""
LINE 9:      '',
             ^ - Invalid query: INSERT INTO frontmed.neural_appointment (id, appointment_date, appointment_time, user_id, comment, component_id, visit_id, patient_id, created_by, select_option)
					SELECT (id + 1) AS last_id,
					'2021-06-19',
					'10:00',
					'142',
					'จิตบำบัด กานดา',
					'19',
					'2057842',
					'',
					'142',
					NULL
					FROM frontmed.neural_appointment ORDER BY id DESC LIMIT 1 RETURNING id AS last_id
ERROR - 2021-06-05 10:20:47 --> Could not find the language line "admin dashboard jsi18n-sample"
ERROR - 2021-06-05 10:50:28 --> Could not find the language line "admin dashboard jsi18n-sample"
ERROR - 2021-06-05 11:38:00 --> Could not find the language line "admin dashboard jsi18n-sample"
ERROR - 2021-06-05 11:54:30 --> Could not find the language line "admin dashboard jsi18n-sample"
ERROR - 2021-06-05 12:02:22 --> Could not find the language line "admin dashboard jsi18n-sample"
ERROR - 2021-06-05 12:16:44 --> Could not find the language line "admin dashboard jsi18n-sample"
ERROR - 2021-06-05 12:53:54 --> Could not find the language line "admin dashboard jsi18n-sample"
ERROR - 2021-06-05 13:56:41 --> Could not find the language line "admin dashboard jsi18n-sample"
