ERROR - 2021-06-09 08:00:57 --> Could not find the language line "admin dashboard jsi18n-sample"
ERROR - 2021-06-09 08:01:27 --> Could not find the language line "admin dashboard jsi18n-sample"
ERROR - 2021-06-09 08:58:11 --> Could not find the language line "admin dashboard jsi18n-sample"
ERROR - 2021-06-09 09:34:26 --> Could not find the language line "admin dashboard jsi18n-sample"
ERROR - 2021-06-09 09:35:34 --> Severity: Warning --> pg_query() [<a href='function.pg-query'>function.pg-query</a>]: Query failed: ERROR:  invalid input syntax for integer: &quot;&quot;
LINE 1: ...07-07', &quot;appointment_time&quot; = '08:30', &quot;user_id&quot; = '', &quot;comme...
                                                             ^ /home/miracle/public_html/ci3_cgi/system/database/drivers/postgre/postgre_driver.php 242
ERROR - 2021-06-09 09:35:34 --> Query error: ERROR:  invalid input syntax for integer: ""
LINE 1: ...07-07', "appointment_time" = '08:30', "user_id" = '', "comme...
                                                             ^ - Invalid query: UPDATE "frontmed"."neural_appointment" SET "appointment_date" = '2021-07-07', "appointment_time" = '08:30', "user_id" = '', "comment" = 'MMSEก่อนพบแพทย์', "component_id" = '19', "visit_id" = '2058663', "patient_id" = '200158', "created_by" = '142', "update_date" = '2021-06-09 09:35:34'
WHERE "neural_appointment"."id" = '867622'
ERROR - 2021-06-09 09:35:38 --> Severity: Warning --> pg_query() [<a href='function.pg-query'>function.pg-query</a>]: Query failed: ERROR:  invalid input syntax for integer: &quot;&quot;
LINE 1: ...07-07', &quot;appointment_time&quot; = '08:30', &quot;user_id&quot; = '', &quot;comme...
                                                             ^ /home/miracle/public_html/ci3_cgi/system/database/drivers/postgre/postgre_driver.php 242
ERROR - 2021-06-09 09:35:38 --> Query error: ERROR:  invalid input syntax for integer: ""
LINE 1: ...07-07', "appointment_time" = '08:30', "user_id" = '', "comme...
                                                             ^ - Invalid query: UPDATE "frontmed"."neural_appointment" SET "appointment_date" = '2021-07-07', "appointment_time" = '08:30', "user_id" = '', "comment" = 'MMSEก่อนพบแพทย์', "component_id" = '19', "visit_id" = '2058663', "patient_id" = '200158', "created_by" = '142', "update_date" = '2021-06-09 09:35:38'
WHERE "neural_appointment"."id" = '867622'
ERROR - 2021-06-09 09:42:00 --> Could not find the language line "admin dashboard jsi18n-sample"
ERROR - 2021-06-09 10:12:33 --> Could not find the language line "admin dashboard jsi18n-sample"
ERROR - 2021-06-09 10:32:54 --> Could not find the language line "admin dashboard jsi18n-sample"
ERROR - 2021-06-09 10:34:09 --> Could not find the language line "admin dashboard jsi18n-sample"
ERROR - 2021-06-09 10:40:48 --> Could not find the language line "admin dashboard jsi18n-sample"
ERROR - 2021-06-09 10:46:30 --> Could not find the language line "admin dashboard jsi18n-sample"
ERROR - 2021-06-09 11:06:38 --> Could not find the language line "admin dashboard jsi18n-sample"
ERROR - 2021-06-09 11:39:57 --> Could not find the language line "admin dashboard jsi18n-sample"
ERROR - 2021-06-09 11:48:09 --> Severity: Notice --> Trying to get property of non-object /home/miracle/public_html/ci3_cgi/application/modules/Pressure/controllers/Pressure.php 53
ERROR - 2021-06-09 11:48:09 --> Severity: Notice --> Trying to get property of non-object /home/miracle/public_html/ci3_cgi/application/modules/Pressure/controllers/Pressure.php 53
ERROR - 2021-06-09 11:48:09 --> Severity: Notice --> Trying to get property of non-object /home/miracle/public_html/ci3_cgi/application/modules/Pressure/controllers/Pressure.php 61
ERROR - 2021-06-09 11:48:09 --> Severity: Notice --> Trying to get property of non-object /home/miracle/public_html/ci3_cgi/application/modules/Pressure/controllers/Pressure.php 62
ERROR - 2021-06-09 11:48:09 --> Severity: Notice --> Trying to get property of non-object /home/miracle/public_html/ci3_cgi/application/modules/Pressure/controllers/Pressure.php 69
ERROR - 2021-06-09 11:48:09 --> Severity: Notice --> Trying to get property of non-object /home/miracle/public_html/ci3_cgi/application/modules/Pressure/controllers/Pressure.php 70
ERROR - 2021-06-09 11:49:54 --> Severity: Notice --> Trying to get property of non-object /home/miracle/public_html/ci3_cgi/application/modules/Pressure/controllers/Pressure.php 53
ERROR - 2021-06-09 11:49:54 --> Severity: Notice --> Trying to get property of non-object /home/miracle/public_html/ci3_cgi/application/modules/Pressure/controllers/Pressure.php 53
ERROR - 2021-06-09 11:49:54 --> Severity: Notice --> Trying to get property of non-object /home/miracle/public_html/ci3_cgi/application/modules/Pressure/controllers/Pressure.php 61
ERROR - 2021-06-09 11:49:54 --> Severity: Notice --> Trying to get property of non-object /home/miracle/public_html/ci3_cgi/application/modules/Pressure/controllers/Pressure.php 62
ERROR - 2021-06-09 11:49:54 --> Severity: Notice --> Trying to get property of non-object /home/miracle/public_html/ci3_cgi/application/modules/Pressure/controllers/Pressure.php 69
ERROR - 2021-06-09 11:49:54 --> Severity: Notice --> Trying to get property of non-object /home/miracle/public_html/ci3_cgi/application/modules/Pressure/controllers/Pressure.php 70
ERROR - 2021-06-09 11:50:58 --> Severity: Notice --> Trying to get property of non-object /home/miracle/public_html/ci3_cgi/application/modules/Pressure/controllers/Pressure.php 53
ERROR - 2021-06-09 11:50:58 --> Severity: Notice --> Trying to get property of non-object /home/miracle/public_html/ci3_cgi/application/modules/Pressure/controllers/Pressure.php 53
ERROR - 2021-06-09 11:50:58 --> Severity: Notice --> Trying to get property of non-object /home/miracle/public_html/ci3_cgi/application/modules/Pressure/controllers/Pressure.php 61
ERROR - 2021-06-09 11:50:58 --> Severity: Notice --> Trying to get property of non-object /home/miracle/public_html/ci3_cgi/application/modules/Pressure/controllers/Pressure.php 62
ERROR - 2021-06-09 11:50:58 --> Severity: Notice --> Trying to get property of non-object /home/miracle/public_html/ci3_cgi/application/modules/Pressure/controllers/Pressure.php 69
ERROR - 2021-06-09 11:50:58 --> Severity: Notice --> Trying to get property of non-object /home/miracle/public_html/ci3_cgi/application/modules/Pressure/controllers/Pressure.php 70
ERROR - 2021-06-09 12:37:41 --> Could not find the language line "admin dashboard jsi18n-sample"
ERROR - 2021-06-09 13:12:20 --> Could not find the language line "admin dashboard jsi18n-sample"
ERROR - 2021-06-09 13:12:23 --> Could not find the language line "admin dashboard jsi18n-sample"
ERROR - 2021-06-09 13:12:27 --> Could not find the language line "admin dashboard jsi18n-sample"
ERROR - 2021-06-09 13:12:29 --> Could not find the language line "admin dashboard jsi18n-sample"
ERROR - 2021-06-09 13:12:30 --> Could not find the language line "admin dashboard jsi18n-sample"
ERROR - 2021-06-09 13:12:49 --> Could not find the language line "admin dashboard jsi18n-sample"
ERROR - 2021-06-09 13:12:52 --> Could not find the language line "admin dashboard jsi18n-sample"
ERROR - 2021-06-09 13:29:36 --> Could not find the language line "admin dashboard jsi18n-sample"
ERROR - 2021-06-09 13:35:54 --> Could not find the language line "admin dashboard jsi18n-sample"
ERROR - 2021-06-09 13:55:03 --> Could not find the language line "admin dashboard jsi18n-sample"
ERROR - 2021-06-09 14:33:39 --> Could not find the language line "admin dashboard jsi18n-sample"
ERROR - 2021-06-09 15:19:40 --> Could not find the language line "admin dashboard jsi18n-sample"
ERROR - 2021-06-09 16:04:56 --> Could not find the language line "admin dashboard jsi18n-sample"
ERROR - 2021-06-09 16:20:42 --> Could not find the language line "admin dashboard jsi18n-sample"
