ERROR - 2020-06-18 08:19:35 --> Could not find the language line "admin dashboard jsi18n-sample"
ERROR - 2020-06-18 08:19:42 --> Could not find the language line "admin dashboard jsi18n-sample"
ERROR - 2020-06-18 08:52:54 --> Could not find the language line "admin dashboard jsi18n-sample"
ERROR - 2020-06-18 09:06:18 --> Could not find the language line "admin dashboard jsi18n-sample"
ERROR - 2020-06-18 09:06:57 --> Could not find the language line "admin dashboard jsi18n-sample"
ERROR - 2020-06-18 10:33:03 --> Could not find the language line "admin dashboard jsi18n-sample"
ERROR - 2020-06-18 11:17:49 --> Could not find the language line "admin dashboard jsi18n-sample"
ERROR - 2020-06-18 11:38:36 --> Could not find the language line "admin dashboard jsi18n-sample"
ERROR - 2020-06-18 11:46:36 --> Could not find the language line "admin dashboard jsi18n-sample"
ERROR - 2020-06-18 12:10:39 --> Could not find the language line "admin dashboard jsi18n-sample"
ERROR - 2020-06-18 12:59:04 --> Could not find the language line "admin dashboard jsi18n-sample"
ERROR - 2020-06-18 12:59:22 --> Could not find the language line "admin dashboard jsi18n-sample"
ERROR - 2020-06-18 12:59:31 --> Could not find the language line "admin dashboard jsi18n-sample"
ERROR - 2020-06-18 12:59:37 --> Could not find the language line "admin dashboard jsi18n-sample"
ERROR - 2020-06-18 12:59:41 --> Could not find the language line "admin dashboard jsi18n-sample"
ERROR - 2020-06-18 12:59:43 --> Could not find the language line "admin dashboard jsi18n-sample"
ERROR - 2020-06-18 13:37:00 --> Could not find the language line "admin dashboard jsi18n-sample"
ERROR - 2020-06-18 13:42:02 --> Could not find the language line "admin dashboard jsi18n-sample"
ERROR - 2020-06-18 13:42:04 --> Could not find the language line "admin dashboard jsi18n-sample"
ERROR - 2020-06-18 13:45:11 --> Severity: Warning --> pg_query() [<a href='function.pg-query'>function.pg-query</a>]: Query failed: ERROR:  invalid input syntax for integer: &quot;&quot;
LINE 9:      '',
             ^ /home/miracle/public_html/ci3_cgi/system/database/drivers/postgre/postgre_driver.php 242
ERROR - 2020-06-18 13:45:11 --> Query error: ERROR:  invalid input syntax for integer: ""
LINE 9:      '',
             ^ - Invalid query: INSERT INTO frontmed.neural_appointment (id, appointment_date, appointment_time, user_id, comment, component_id, visit_id, patient_id, created_by, select_option)
					SELECT (id + 1) AS last_id,
					'2020-07-02',
					'09:00',
					'330',
					'',
					'10',
					'1964955',
					'',
					'306',
					NULL
					FROM frontmed.neural_appointment ORDER BY id DESC LIMIT 1 RETURNING id AS last_id
ERROR - 2020-06-18 13:45:12 --> Severity: Warning --> pg_query() [<a href='function.pg-query'>function.pg-query</a>]: Query failed: ERROR:  invalid input syntax for integer: &quot;&quot;
LINE 9:      '',
             ^ /home/miracle/public_html/ci3_cgi/system/database/drivers/postgre/postgre_driver.php 242
ERROR - 2020-06-18 13:45:12 --> Query error: ERROR:  invalid input syntax for integer: ""
LINE 9:      '',
             ^ - Invalid query: INSERT INTO frontmed.neural_appointment (id, appointment_date, appointment_time, user_id, comment, component_id, visit_id, patient_id, created_by, select_option)
					SELECT (id + 1) AS last_id,
					'2020-07-02',
					'09:00',
					'330',
					'',
					'10',
					'1964955',
					'',
					'306',
					NULL
					FROM frontmed.neural_appointment ORDER BY id DESC LIMIT 1 RETURNING id AS last_id
ERROR - 2020-06-18 13:45:14 --> Severity: Warning --> pg_query() [<a href='function.pg-query'>function.pg-query</a>]: Query failed: ERROR:  invalid input syntax for integer: &quot;&quot;
LINE 9:      '',
             ^ /home/miracle/public_html/ci3_cgi/system/database/drivers/postgre/postgre_driver.php 242
ERROR - 2020-06-18 13:45:14 --> Query error: ERROR:  invalid input syntax for integer: ""
LINE 9:      '',
             ^ - Invalid query: INSERT INTO frontmed.neural_appointment (id, appointment_date, appointment_time, user_id, comment, component_id, visit_id, patient_id, created_by, select_option)
					SELECT (id + 1) AS last_id,
					'2020-07-02',
					'09:30',
					'330',
					'',
					'10',
					'1964955',
					'',
					'306',
					NULL
					FROM frontmed.neural_appointment ORDER BY id DESC LIMIT 1 RETURNING id AS last_id
ERROR - 2020-06-18 13:45:21 --> Severity: Warning --> pg_query() [<a href='function.pg-query'>function.pg-query</a>]: Query failed: ERROR:  invalid input syntax for integer: &quot;&quot;
LINE 9:      '',
             ^ /home/miracle/public_html/ci3_cgi/system/database/drivers/postgre/postgre_driver.php 242
ERROR - 2020-06-18 13:45:21 --> Query error: ERROR:  invalid input syntax for integer: ""
LINE 9:      '',
             ^ - Invalid query: INSERT INTO frontmed.neural_appointment (id, appointment_date, appointment_time, user_id, comment, component_id, visit_id, patient_id, created_by, select_option)
					SELECT (id + 1) AS last_id,
					'2020-07-02',
					'09:30',
					'330',
					'',
					'10',
					'1964955',
					'',
					'306',
					NULL
					FROM frontmed.neural_appointment ORDER BY id DESC LIMIT 1 RETURNING id AS last_id
ERROR - 2020-06-18 13:45:27 --> Severity: Warning --> pg_query() [<a href='function.pg-query'>function.pg-query</a>]: Query failed: ERROR:  invalid input syntax for integer: &quot;&quot;
LINE 9:      '',
             ^ /home/miracle/public_html/ci3_cgi/system/database/drivers/postgre/postgre_driver.php 242
ERROR - 2020-06-18 13:45:27 --> Query error: ERROR:  invalid input syntax for integer: ""
LINE 9:      '',
             ^ - Invalid query: INSERT INTO frontmed.neural_appointment (id, appointment_date, appointment_time, user_id, comment, component_id, visit_id, patient_id, created_by, select_option)
					SELECT (id + 1) AS last_id,
					'2020-07-02',
					'08:30',
					'330',
					'',
					'10',
					'1964955',
					'',
					'306',
					NULL
					FROM frontmed.neural_appointment ORDER BY id DESC LIMIT 1 RETURNING id AS last_id
ERROR - 2020-06-18 13:45:32 --> Severity: Warning --> pg_query() [<a href='function.pg-query'>function.pg-query</a>]: Query failed: ERROR:  invalid input syntax for integer: &quot;&quot;
LINE 9:      '',
             ^ /home/miracle/public_html/ci3_cgi/system/database/drivers/postgre/postgre_driver.php 242
ERROR - 2020-06-18 13:45:32 --> Query error: ERROR:  invalid input syntax for integer: ""
LINE 9:      '',
             ^ - Invalid query: INSERT INTO frontmed.neural_appointment (id, appointment_date, appointment_time, user_id, comment, component_id, visit_id, patient_id, created_by, select_option)
					SELECT (id + 1) AS last_id,
					'2020-07-02',
					'08:30',
					'330',
					'',
					'10',
					'1964955',
					'',
					'306',
					NULL
					FROM frontmed.neural_appointment ORDER BY id DESC LIMIT 1 RETURNING id AS last_id
ERROR - 2020-06-18 13:45:32 --> Severity: Warning --> pg_query() [<a href='function.pg-query'>function.pg-query</a>]: Query failed: ERROR:  invalid input syntax for integer: &quot;&quot;
LINE 9:      '',
             ^ /home/miracle/public_html/ci3_cgi/system/database/drivers/postgre/postgre_driver.php 242
ERROR - 2020-06-18 13:45:32 --> Query error: ERROR:  invalid input syntax for integer: ""
LINE 9:      '',
             ^ - Invalid query: INSERT INTO frontmed.neural_appointment (id, appointment_date, appointment_time, user_id, comment, component_id, visit_id, patient_id, created_by, select_option)
					SELECT (id + 1) AS last_id,
					'2020-07-02',
					'08:30',
					'330',
					'',
					'10',
					'1964955',
					'',
					'306',
					NULL
					FROM frontmed.neural_appointment ORDER BY id DESC LIMIT 1 RETURNING id AS last_id
ERROR - 2020-06-18 13:45:33 --> Severity: Warning --> pg_query() [<a href='function.pg-query'>function.pg-query</a>]: Query failed: ERROR:  invalid input syntax for integer: &quot;&quot;
LINE 9:      '',
             ^ /home/miracle/public_html/ci3_cgi/system/database/drivers/postgre/postgre_driver.php 242
ERROR - 2020-06-18 13:45:33 --> Query error: ERROR:  invalid input syntax for integer: ""
LINE 9:      '',
             ^ - Invalid query: INSERT INTO frontmed.neural_appointment (id, appointment_date, appointment_time, user_id, comment, component_id, visit_id, patient_id, created_by, select_option)
					SELECT (id + 1) AS last_id,
					'2020-07-02',
					'08:30',
					'330',
					'',
					'10',
					'1964955',
					'',
					'306',
					NULL
					FROM frontmed.neural_appointment ORDER BY id DESC LIMIT 1 RETURNING id AS last_id
ERROR - 2020-06-18 13:45:52 --> Severity: Warning --> pg_query() [<a href='function.pg-query'>function.pg-query</a>]: Query failed: ERROR:  invalid input syntax for integer: &quot;&quot;
LINE 9:      '',
             ^ /home/miracle/public_html/ci3_cgi/system/database/drivers/postgre/postgre_driver.php 242
ERROR - 2020-06-18 13:45:52 --> Query error: ERROR:  invalid input syntax for integer: ""
LINE 9:      '',
             ^ - Invalid query: INSERT INTO frontmed.neural_appointment (id, appointment_date, appointment_time, user_id, comment, component_id, visit_id, patient_id, created_by, select_option)
					SELECT (id + 1) AS last_id,
					'2020-07-02',
					'08:30',
					'330',
					'',
					'10',
					'1964955',
					'',
					'306',
					NULL
					FROM frontmed.neural_appointment ORDER BY id DESC LIMIT 1 RETURNING id AS last_id
ERROR - 2020-06-18 13:46:12 --> Severity: Warning --> pg_query() [<a href='function.pg-query'>function.pg-query</a>]: Query failed: ERROR:  invalid input syntax for integer: &quot;&quot;
LINE 9:      '',
             ^ /home/miracle/public_html/ci3_cgi/system/database/drivers/postgre/postgre_driver.php 242
ERROR - 2020-06-18 13:46:12 --> Query error: ERROR:  invalid input syntax for integer: ""
LINE 9:      '',
             ^ - Invalid query: INSERT INTO frontmed.neural_appointment (id, appointment_date, appointment_time, user_id, comment, component_id, visit_id, patient_id, created_by, select_option)
					SELECT (id + 1) AS last_id,
					'2020-07-02',
					'08:30',
					'330',
					'',
					'10',
					'1964955',
					'',
					'306',
					NULL
					FROM frontmed.neural_appointment ORDER BY id DESC LIMIT 1 RETURNING id AS last_id
ERROR - 2020-06-18 13:46:19 --> Could not find the language line "admin dashboard jsi18n-sample"
ERROR - 2020-06-18 13:46:51 --> Severity: Warning --> pg_query() [<a href='function.pg-query'>function.pg-query</a>]: Query failed: ERROR:  invalid input syntax for integer: &quot;&quot;
LINE 9:      '',
             ^ /home/miracle/public_html/ci3_cgi/system/database/drivers/postgre/postgre_driver.php 242
ERROR - 2020-06-18 13:46:51 --> Query error: ERROR:  invalid input syntax for integer: ""
LINE 9:      '',
             ^ - Invalid query: INSERT INTO frontmed.neural_appointment (id, appointment_date, appointment_time, user_id, comment, component_id, visit_id, patient_id, created_by, select_option)
					SELECT (id + 1) AS last_id,
					'2020-07-02',
					'08:30',
					'330',
					'',
					'10',
					'1964955',
					'',
					'306',
					NULL
					FROM frontmed.neural_appointment ORDER BY id DESC LIMIT 1 RETURNING id AS last_id
ERROR - 2020-06-18 13:47:02 --> Could not find the language line "admin dashboard jsi18n-sample"
ERROR - 2020-06-18 13:49:06 --> Severity: Warning --> pg_query() [<a href='function.pg-query'>function.pg-query</a>]: Query failed: ERROR:  invalid input syntax for integer: &quot;&quot;
LINE 9:      '',
             ^ /home/miracle/public_html/ci3_cgi/system/database/drivers/postgre/postgre_driver.php 242
ERROR - 2020-06-18 13:49:06 --> Query error: ERROR:  invalid input syntax for integer: ""
LINE 9:      '',
             ^ - Invalid query: INSERT INTO frontmed.neural_appointment (id, appointment_date, appointment_time, user_id, comment, component_id, visit_id, patient_id, created_by, select_option)
					SELECT (id + 1) AS last_id,
					'2020-07-02',
					'08:30',
					'330',
					'',
					'10',
					'1964955',
					'',
					'306',
					NULL
					FROM frontmed.neural_appointment ORDER BY id DESC LIMIT 1 RETURNING id AS last_id
ERROR - 2020-06-18 13:49:12 --> Severity: Warning --> pg_query() [<a href='function.pg-query'>function.pg-query</a>]: Query failed: ERROR:  invalid input syntax for integer: &quot;&quot;
LINE 9:      '',
             ^ /home/miracle/public_html/ci3_cgi/system/database/drivers/postgre/postgre_driver.php 242
ERROR - 2020-06-18 13:49:12 --> Query error: ERROR:  invalid input syntax for integer: ""
LINE 9:      '',
             ^ - Invalid query: INSERT INTO frontmed.neural_appointment (id, appointment_date, appointment_time, user_id, comment, component_id, visit_id, patient_id, created_by, select_option)
					SELECT (id + 1) AS last_id,
					'2020-07-02',
					'08:30',
					'330',
					'',
					'10',
					'1964955',
					'',
					'306',
					NULL
					FROM frontmed.neural_appointment ORDER BY id DESC LIMIT 1 RETURNING id AS last_id
ERROR - 2020-06-18 13:49:23 --> Could not find the language line "admin dashboard jsi18n-sample"
ERROR - 2020-06-18 13:49:34 --> Could not find the language line "admin dashboard jsi18n-sample"
ERROR - 2020-06-18 13:55:18 --> Could not find the language line "admin dashboard jsi18n-sample"
ERROR - 2020-06-18 14:56:15 --> Could not find the language line "admin dashboard jsi18n-sample"
ERROR - 2020-06-18 18:01:23 --> Could not find the language line "admin dashboard jsi18n-sample"
ERROR - 2020-06-18 18:02:41 --> Could not find the language line "admin dashboard jsi18n-sample"
ERROR - 2020-06-18 18:03:42 --> Could not find the language line "admin dashboard jsi18n-sample"
ERROR - 2020-06-18 19:38:18 --> Could not find the language line "admin dashboard jsi18n-sample"
