ERROR - 2020-06-26 07:56:01 --> Could not find the language line "admin dashboard jsi18n-sample"
ERROR - 2020-06-26 07:56:12 --> Could not find the language line "admin dashboard jsi18n-sample"
ERROR - 2020-06-26 08:22:00 --> Could not find the language line "admin dashboard jsi18n-sample"
ERROR - 2020-06-26 08:32:56 --> Could not find the language line "admin dashboard jsi18n-sample"
ERROR - 2020-06-26 09:18:23 --> Could not find the language line "admin dashboard jsi18n-sample"
ERROR - 2020-06-26 10:08:03 --> Could not find the language line "admin dashboard jsi18n-sample"
ERROR - 2020-06-26 10:32:51 --> Could not find the language line "admin dashboard jsi18n-sample"
ERROR - 2020-06-26 10:48:17 --> Could not find the language line "admin dashboard jsi18n-sample"
ERROR - 2020-06-26 10:57:57 --> Could not find the language line "admin dashboard jsi18n-sample"
ERROR - 2020-06-26 11:21:36 --> Could not find the language line "admin dashboard jsi18n-sample"
ERROR - 2020-06-26 11:27:38 --> Could not find the language line "admin dashboard jsi18n-sample"
ERROR - 2020-06-26 11:35:15 --> Could not find the language line "admin dashboard jsi18n-sample"
ERROR - 2020-06-26 11:36:13 --> Could not find the language line "admin dashboard jsi18n-sample"
ERROR - 2020-06-26 12:12:00 --> Could not find the language line "admin dashboard jsi18n-sample"
ERROR - 2020-06-26 13:12:37 --> Could not find the language line "admin dashboard jsi18n-sample"
ERROR - 2020-06-26 13:12:40 --> Could not find the language line "admin dashboard jsi18n-sample"
ERROR - 2020-06-26 13:12:43 --> Could not find the language line "admin dashboard jsi18n-sample"
ERROR - 2020-06-26 13:12:50 --> Could not find the language line "admin dashboard jsi18n-sample"
ERROR - 2020-06-26 13:12:53 --> Could not find the language line "admin dashboard jsi18n-sample"
ERROR - 2020-06-26 13:12:59 --> Could not find the language line "admin dashboard jsi18n-sample"
ERROR - 2020-06-26 13:13:02 --> Could not find the language line "admin dashboard jsi18n-sample"
ERROR - 2020-06-26 13:13:12 --> Could not find the language line "admin dashboard jsi18n-sample"
ERROR - 2020-06-26 14:15:37 --> Severity: Warning --> pg_query() [<a href='function.pg-query'>function.pg-query</a>]: Query failed: FATAL:  terminating connection due to administrator command
server closed the connection unexpectedly
	This probably means the server terminated abnormally
	before or while processing the request. /home/miracle/public_html/ci3_cgi/system/database/drivers/postgre/postgre_driver.php 242
ERROR - 2020-06-26 14:15:37 --> Query error: FATAL:  terminating connection due to administrator command
server closed the connection unexpectedly
	This probably means the server terminated abnormally
	before or while processing the request. - Invalid query: SELECT log.vn_id, log.vn, to_char(log.date_add, 'HH24:MI') AS time_th, patient.hn, patient.pa_pre_name || patient.pa_name || ' ' || patient.pa_lastname AS patient_name, log.station_id, appointment.id AS appointment_id, log.nano_queue_id AS queue_id
				FROM jvkk.nano_queue_log AS log
				INNER JOIN medrec.nano_visit AS visit ON visit.vn = log.vn
				INNER JOIN medrec.nano_patient AS patient ON patient.id = visit.id_patient
				INNER JOIN (SELECT vn, MAX(id) AS max_id FROM jvkk.nano_queue_log WHERE to_char(date_add, 'YYYY-MM-DD') = '2020-06-26' GROUP BY vn) AS queue_max ON (queue_max.max_id=log.id)
				LEFT JOIN frontmed.neural_appointment AS appointment ON appointment.visit_id = visit.id
				WHERE log.com_id2 IN ('27', '19') AND log.com_id1 IN (2, 11, 14, 19, 27, 46, 48, 49, 58) GROUP BY log.vn_id, log.vn, log.date_add, patient.hn, patient.pa_pre_name, patient.pa_name, patient.pa_lastname, log.station_id, appointment.id, log.nano_queue_id
				 ORDER BY time_th ASC
ERROR - 2020-06-26 14:15:37 --> Severity: Warning --> pg_query() [<a href='function.pg-query'>function.pg-query</a>]: Query failed: FATAL:  terminating connection due to administrator command
server closed the connection unexpectedly
	This probably means the server terminated abnormally
	before or while processing the request. /home/miracle/public_html/ci3_cgi/system/database/drivers/postgre/postgre_driver.php 242
ERROR - 2020-06-26 14:15:37 --> Severity: Warning --> pg_query() [<a href='function.pg-query'>function.pg-query</a>]: Query failed: FATAL:  terminating connection due to administrator command
server closed the connection unexpectedly
	This probably means the server terminated abnormally
	before or while processing the request. /home/miracle/public_html/ci3_cgi/system/database/drivers/postgre/postgre_driver.php 242
ERROR - 2020-06-26 14:15:37 --> Severity: Warning --> pg_query() [<a href='function.pg-query'>function.pg-query</a>]: Query failed: FATAL:  terminating connection due to administrator command
server closed the connection unexpectedly
	This probably means the server terminated abnormally
	before or while processing the request. /home/miracle/public_html/ci3_cgi/system/database/drivers/postgre/postgre_driver.php 242
ERROR - 2020-06-26 14:15:37 --> Severity: Warning --> pg_query() [<a href='function.pg-query'>function.pg-query</a>]: Query failed: FATAL:  terminating connection due to administrator command
server closed the connection unexpectedly
	This probably means the server terminated abnormally
	before or while processing the request. /home/miracle/public_html/ci3_cgi/system/database/drivers/postgre/postgre_driver.php 242
ERROR - 2020-06-26 14:15:37 --> Severity: Warning --> pg_query() [<a href='function.pg-query'>function.pg-query</a>]: Query failed: FATAL:  terminating connection due to administrator command
server closed the connection unexpectedly
	This probably means the server terminated abnormally
	before or while processing the request. /home/miracle/public_html/ci3_cgi/system/database/drivers/postgre/postgre_driver.php 242
ERROR - 2020-06-26 14:15:37 --> Query error: FATAL:  terminating connection due to administrator command
server closed the connection unexpectedly
	This probably means the server terminated abnormally
	before or while processing the request. - Invalid query: SELECT * FROM public.settings ORDER BY sort_order ASC
ERROR - 2020-06-26 14:15:37 --> Query error: FATAL:  terminating connection due to administrator command
server closed the connection unexpectedly
	This probably means the server terminated abnormally
	before or while processing the request. - Invalid query: SELECT * FROM public.settings ORDER BY sort_order ASC
ERROR - 2020-06-26 14:15:37 --> Query error: FATAL:  terminating connection due to administrator command
server closed the connection unexpectedly
	This probably means the server terminated abnormally
	before or while processing the request. - Invalid query: SELECT * FROM public.settings ORDER BY sort_order ASC
ERROR - 2020-06-26 14:15:37 --> Query error: FATAL:  terminating connection due to administrator command
server closed the connection unexpectedly
	This probably means the server terminated abnormally
	before or while processing the request. - Invalid query: SELECT * FROM public.settings ORDER BY sort_order ASC
ERROR - 2020-06-26 14:15:37 --> Query error: FATAL:  terminating connection due to administrator command
server closed the connection unexpectedly
	This probably means the server terminated abnormally
	before or while processing the request. - Invalid query: SELECT * FROM public.settings ORDER BY sort_order ASC
ERROR - 2020-06-26 14:15:38 --> Severity: Warning --> Unknown: Failed to write session data (user). Please verify that the current setting of session.save_path is correct () Unknown 0
ERROR - 2020-06-26 14:15:38 --> Severity: Warning --> Unknown: Failed to write session data (user). Please verify that the current setting of session.save_path is correct () Unknown 0
ERROR - 2020-06-26 14:15:38 --> Severity: Warning --> Unknown: Failed to write session data (user). Please verify that the current setting of session.save_path is correct () Unknown 0
ERROR - 2020-06-26 14:15:38 --> Severity: Warning --> Unknown: Failed to write session data (user). Please verify that the current setting of session.save_path is correct () Unknown 0
ERROR - 2020-06-26 14:15:38 --> Severity: Warning --> Unknown: Failed to write session data (user). Please verify that the current setting of session.save_path is correct () Unknown 0
ERROR - 2020-06-26 14:15:38 --> Query error: FATAL:  terminating connection due to administrator command
server closed the connection unexpectedly
	This probably means the server terminated abnormally
	before or while processing the request. - Invalid query: UPDATE "frontmed"."ci_sessions" SET "timestamp" = 1593155738
WHERE "id" = '2fc0rnp7a2765u4pdqthidnm6krnevc0'
AND "ip_address" = '192.168.20.155'
ERROR - 2020-06-26 14:15:38 --> Severity: Warning --> pg_connect() [<a href='function.pg-connect'>function.pg-connect</a>]: Unable to connect to PostgreSQL server: FATAL:  the database system is shutting down /home/miracle/public_html/ci3_cgi/system/database/drivers/postgre/postgre_driver.php 154
ERROR - 2020-06-26 14:15:38 --> Severity: Warning --> pg_connect() [<a href='function.pg-connect'>function.pg-connect</a>]: Unable to connect to PostgreSQL server: FATAL:  the database system is shutting down /home/miracle/public_html/ci3_cgi/system/database/drivers/postgre/postgre_driver.php 154
ERROR - 2020-06-26 14:15:38 --> Unable to connect to the database
ERROR - 2020-06-26 14:15:38 --> Unable to connect to the database
ERROR - 2020-06-26 14:15:38 --> Severity: Warning --> pg_connect() [<a href='function.pg-connect'>function.pg-connect</a>]: Unable to connect to PostgreSQL server: FATAL:  the database system is shutting down /home/miracle/public_html/ci3_cgi/system/database/drivers/postgre/postgre_driver.php 154
ERROR - 2020-06-26 14:15:38 --> Unable to connect to the database
ERROR - 2020-06-26 14:21:52 --> Could not find the language line "admin dashboard jsi18n-sample"
ERROR - 2020-06-26 14:31:25 --> Severity: Warning --> pg_query() [<a href='function.pg-query'>function.pg-query</a>]: Query failed: FATAL:  terminating connection due to administrator command
server closed the connection unexpectedly
	This probably means the server terminated abnormally
	before or while processing the request. /home/miracle/public_html/ci3_cgi/system/database/drivers/postgre/postgre_driver.php 242
ERROR - 2020-06-26 14:31:25 --> Severity: Warning --> pg_query() [<a href='function.pg-query'>function.pg-query</a>]: Query failed: FATAL:  terminating connection due to administrator command
server closed the connection unexpectedly
	This probably means the server terminated abnormally
	before or while processing the request. /home/miracle/public_html/ci3_cgi/system/database/drivers/postgre/postgre_driver.php 242
ERROR - 2020-06-26 14:31:25 --> Severity: Warning --> pg_query() [<a href='function.pg-query'>function.pg-query</a>]: Query failed: FATAL:  terminating connection due to administrator command
server closed the connection unexpectedly
	This probably means the server terminated abnormally
	before or while processing the request. /home/miracle/public_html/ci3_cgi/system/database/drivers/postgre/postgre_driver.php 242
ERROR - 2020-06-26 14:31:25 --> Severity: Warning --> pg_query() [<a href='function.pg-query'>function.pg-query</a>]: Query failed: FATAL:  terminating connection due to administrator command
server closed the connection unexpectedly
	This probably means the server terminated abnormally
	before or while processing the request. /home/miracle/public_html/ci3_cgi/system/database/drivers/postgre/postgre_driver.php 242
ERROR - 2020-06-26 14:31:25 --> Severity: Warning --> pg_query() [<a href='function.pg-query'>function.pg-query</a>]: Query failed: FATAL:  terminating connection due to administrator command
server closed the connection unexpectedly
	This probably means the server terminated abnormally
	before or while processing the request. /home/miracle/public_html/ci3_cgi/system/database/drivers/postgre/postgre_driver.php 242
ERROR - 2020-06-26 14:31:25 --> Severity: Warning --> pg_query() [<a href='function.pg-query'>function.pg-query</a>]: Query failed: FATAL:  terminating connection due to administrator command
server closed the connection unexpectedly
	This probably means the server terminated abnormally
	before or while processing the request. /home/miracle/public_html/ci3_cgi/system/database/drivers/postgre/postgre_driver.php 242
ERROR - 2020-06-26 14:31:25 --> Query error: FATAL:  terminating connection due to administrator command
server closed the connection unexpectedly
	This probably means the server terminated abnormally
	before or while processing the request. - Invalid query: SELECT "session"."id"
FROM "jvkk"."nano_session" AS "session"
WHERE "session"."session_user_id" IS NULL
ERROR - 2020-06-26 14:31:25 --> Query error: FATAL:  terminating connection due to administrator command
server closed the connection unexpectedly
	This probably means the server terminated abnormally
	before or while processing the request. - Invalid query: SELECT "session"."id"
FROM "jvkk"."nano_session" AS "session"
WHERE "session"."session_user_id" IS NULL
ERROR - 2020-06-26 14:31:25 --> Severity: Warning --> Unknown: Failed to write session data (user). Please verify that the current setting of session.save_path is correct () Unknown 0
ERROR - 2020-06-26 14:31:25 --> Severity: Warning --> Unknown: Failed to write session data (user). Please verify that the current setting of session.save_path is correct () Unknown 0
ERROR - 2020-06-26 14:31:25 --> Query error: FATAL:  terminating connection due to administrator command
server closed the connection unexpectedly
	This probably means the server terminated abnormally
	before or while processing the request. - Invalid query: SELECT * FROM public.settings ORDER BY sort_order ASC
ERROR - 2020-06-26 14:31:25 --> Severity: Warning --> Unknown: Failed to write session data (user). Please verify that the current setting of session.save_path is correct () Unknown 0
ERROR - 2020-06-26 14:31:25 --> Query error: FATAL:  terminating connection due to administrator command
server closed the connection unexpectedly
	This probably means the server terminated abnormally
	before or while processing the request. - Invalid query: SELECT * FROM public.settings ORDER BY sort_order ASC
ERROR - 2020-06-26 14:31:25 --> Severity: Warning --> Unknown: Failed to write session data (user). Please verify that the current setting of session.save_path is correct () Unknown 0
ERROR - 2020-06-26 14:31:25 --> Query error: FATAL:  terminating connection due to administrator command
server closed the connection unexpectedly
	This probably means the server terminated abnormally
	before or while processing the request. - Invalid query: SELECT * FROM public.settings ORDER BY sort_order ASC
ERROR - 2020-06-26 14:31:25 --> Query error: FATAL:  terminating connection due to administrator command
server closed the connection unexpectedly
	This probably means the server terminated abnormally
	before or while processing the request. - Invalid query: SELECT * FROM public.settings ORDER BY sort_order ASC
ERROR - 2020-06-26 14:31:25 --> Severity: Warning --> Unknown: Failed to write session data (user). Please verify that the current setting of session.save_path is correct () Unknown 0
ERROR - 2020-06-26 14:31:25 --> Severity: Warning --> Unknown: Failed to write session data (user). Please verify that the current setting of session.save_path is correct () Unknown 0
ERROR - 2020-06-26 14:31:25 --> Severity: Warning --> pg_query() [<a href='function.pg-query'>function.pg-query</a>]: Query failed: FATAL:  terminating connection due to administrator command
server closed the connection unexpectedly
	This probably means the server terminated abnormally
	before or while processing the request. /home/miracle/public_html/ci3_cgi/system/database/drivers/postgre/postgre_driver.php 242
ERROR - 2020-06-26 14:31:25 --> Query error: FATAL:  terminating connection due to administrator command
server closed the connection unexpectedly
	This probably means the server terminated abnormally
	before or while processing the request. - Invalid query: SELECT log.vn_id, log.vn, to_char(log.date_add, 'HH24:MI') AS time_th, patient.hn, patient.pa_pre_name || patient.pa_name || ' ' || patient.pa_lastname AS patient_name, log.station_id, appointment.id AS appointment_id, log.nano_queue_id AS queue_id
				FROM jvkk.nano_queue_log AS log
				INNER JOIN medrec.nano_visit AS visit ON visit.vn = log.vn
				INNER JOIN medrec.nano_patient AS patient ON patient.id = visit.id_patient
				INNER JOIN (SELECT vn, MAX(id) AS max_id FROM jvkk.nano_queue_log WHERE to_char(date_add, 'YYYY-MM-DD') = '2020-06-26' GROUP BY vn) AS queue_max ON (queue_max.max_id=log.id)
				LEFT JOIN frontmed.neural_appointment AS appointment ON appointment.visit_id = visit.id
				WHERE log.com_id2 IN ('27', '19') AND log.com_id1 IN (2, 11, 14, 19, 27, 46, 48, 49, 58) GROUP BY log.vn_id, log.vn, log.date_add, patient.hn, patient.pa_pre_name, patient.pa_name, patient.pa_lastname, log.station_id, appointment.id, log.nano_queue_id
				 ORDER BY time_th ASC
ERROR - 2020-06-26 14:31:25 --> Query error: FATAL:  terminating connection due to administrator command
server closed the connection unexpectedly
	This probably means the server terminated abnormally
	before or while processing the request. - Invalid query: UPDATE "frontmed"."ci_sessions" SET "timestamp" = 1593156685
WHERE "id" = 'jogte89s21or4fcnlsrq8mlatj24qhpk'
AND "ip_address" = '192.168.10.110'
ERROR - 2020-06-26 14:31:25 --> Severity: Warning --> pg_query() [<a href='function.pg-query'>function.pg-query</a>]: Query failed: FATAL:  terminating connection due to administrator command
server closed the connection unexpectedly
	This probably means the server terminated abnormally
	before or while processing the request. /home/miracle/public_html/ci3_cgi/system/database/drivers/postgre/postgre_driver.php 242
ERROR - 2020-06-26 14:31:25 --> Query error: FATAL:  terminating connection due to administrator command
server closed the connection unexpectedly
	This probably means the server terminated abnormally
	before or while processing the request. - Invalid query: SELECT log.vn_id, log.vn, to_char(log.date_add, 'HH24:MI') AS time_th, patient.hn, patient.pa_pre_name || patient.pa_name || ' ' || patient.pa_lastname AS patient_name, log.station_id, appointment.id AS appointment_id, log.nano_queue_id AS queue_id
				FROM jvkk.nano_queue_log AS log
				INNER JOIN medrec.nano_visit AS visit ON visit.vn = log.vn
				INNER JOIN medrec.nano_patient AS patient ON patient.id = visit.id_patient
				INNER JOIN (SELECT vn, MAX(id) AS max_id FROM jvkk.nano_queue_log WHERE to_char(date_add, 'YYYY-MM-DD') = '2020-06-26' AND station_id IS NOT NULL GROUP BY vn) AS queue_max ON (queue_max.max_id=log.id)
				LEFT JOIN frontmed.neural_appointment AS appointment ON appointment.visit_id = visit.id
				WHERE log.com_id1 = '10' AND log.com_id2 = '27' AND log.station_id = '7'
				GROUP BY log.vn_id, log.vn, log.date_add, patient.hn, patient.pa_pre_name, patient.pa_name, patient.pa_lastname, log.station_id, appointment.id, log.nano_queue_id
				ORDER BY time_th ASC
ERROR - 2020-06-26 14:31:25 --> Query error: FATAL:  terminating connection due to administrator command
server closed the connection unexpectedly
	This probably means the server terminated abnormally
	before or while processing the request. - Invalid query: UPDATE "frontmed"."ci_sessions" SET "timestamp" = 1593156685
WHERE "id" = 'fjqpak4adsv2rpq8dfc2v926r059dl6k'
AND "ip_address" = '192.168.10.114'
ERROR - 2020-06-26 14:42:45 --> Could not find the language line "admin dashboard jsi18n-sample"
ERROR - 2020-06-26 14:48:25 --> Could not find the language line "admin dashboard jsi18n-sample"
ERROR - 2020-06-26 15:08:48 --> Severity: Warning --> pg_query() [<a href='function.pg-query'>function.pg-query</a>]: Query failed: FATAL:  terminating connection due to administrator command
server closed the connection unexpectedly
	This probably means the server terminated abnormally
	before or while processing the request. /home/miracle/public_html/ci3_cgi/system/database/drivers/postgre/postgre_driver.php 242
ERROR - 2020-06-26 15:08:48 --> Severity: Warning --> pg_query() [<a href='function.pg-query'>function.pg-query</a>]: Query failed: FATAL:  terminating connection due to administrator command
server closed the connection unexpectedly
	This probably means the server terminated abnormally
	before or while processing the request. /home/miracle/public_html/ci3_cgi/system/database/drivers/postgre/postgre_driver.php 242
ERROR - 2020-06-26 15:08:48 --> Severity: Warning --> pg_query() [<a href='function.pg-query'>function.pg-query</a>]: Query failed: FATAL:  terminating connection due to administrator command
server closed the connection unexpectedly
	This probably means the server terminated abnormally
	before or while processing the request. /home/miracle/public_html/ci3_cgi/system/database/drivers/postgre/postgre_driver.php 242
ERROR - 2020-06-26 15:08:48 --> Severity: Warning --> pg_query() [<a href='function.pg-query'>function.pg-query</a>]: Query failed: FATAL:  terminating connection due to administrator command
server closed the connection unexpectedly
	This probably means the server terminated abnormally
	before or while processing the request. /home/miracle/public_html/ci3_cgi/system/database/drivers/postgre/postgre_driver.php 242
ERROR - 2020-06-26 15:08:48 --> Severity: Warning --> pg_query() [<a href='function.pg-query'>function.pg-query</a>]: Query failed: FATAL:  terminating connection due to administrator command
server closed the connection unexpectedly
	This probably means the server terminated abnormally
	before or while processing the request. /home/miracle/public_html/ci3_cgi/system/database/drivers/postgre/postgre_driver.php 242
ERROR - 2020-06-26 15:08:48 --> Query error: FATAL:  terminating connection due to administrator command
server closed the connection unexpectedly
	This probably means the server terminated abnormally
	before or while processing the request. - Invalid query: SELECT log.vn_id, log.vn, to_char(log.date_add, 'HH24:MI') AS time_th, patient.hn, patient.pa_pre_name || patient.pa_name || ' ' || patient.pa_lastname AS patient_name, log.station_id, appointment.id AS appointment_id, log.nano_queue_id AS queue_id
				FROM jvkk.nano_queue_log AS log
				INNER JOIN medrec.nano_visit AS visit ON visit.vn = log.vn
				INNER JOIN medrec.nano_patient AS patient ON patient.id = visit.id_patient
				INNER JOIN (SELECT vn, MAX(id) AS max_id FROM jvkk.nano_queue_log WHERE to_char(date_add, 'YYYY-MM-DD') = '2020-06-26' GROUP BY vn) AS queue_max ON (queue_max.max_id=log.id)
				LEFT JOIN frontmed.neural_appointment AS appointment ON appointment.visit_id = visit.id
				WHERE log.com_id2 IN ('27', '19') AND log.com_id1 IN (2, 11, 14, 19, 27, 46, 48, 49, 58) GROUP BY log.vn_id, log.vn, log.date_add, patient.hn, patient.pa_pre_name, patient.pa_name, patient.pa_lastname, log.station_id, appointment.id, log.nano_queue_id
				 ORDER BY time_th ASC
ERROR - 2020-06-26 15:08:48 --> Query error: FATAL:  terminating connection due to administrator command
server closed the connection unexpectedly
	This probably means the server terminated abnormally
	before or while processing the request. - Invalid query: UPDATE "frontmed"."ci_sessions" SET "timestamp" = 1593158928
WHERE "id" = '87gqka4qei671g6l0ibl9b28r7j0om6c'
AND "ip_address" = '192.168.20.155'
ERROR - 2020-06-26 15:08:48 --> Query error: FATAL:  terminating connection due to administrator command
server closed the connection unexpectedly
	This probably means the server terminated abnormally
	before or while processing the request. - Invalid query: SELECT * FROM public.settings ORDER BY sort_order ASC
ERROR - 2020-06-26 15:08:48 --> Severity: Warning --> Unknown: Failed to write session data (user). Please verify that the current setting of session.save_path is correct () Unknown 0
ERROR - 2020-06-26 15:08:48 --> Query error: FATAL:  terminating connection due to administrator command
server closed the connection unexpectedly
	This probably means the server terminated abnormally
	before or while processing the request. - Invalid query: SELECT * FROM public.settings ORDER BY sort_order ASC
ERROR - 2020-06-26 15:08:48 --> Severity: Warning --> Unknown: Failed to write session data (user). Please verify that the current setting of session.save_path is correct () Unknown 0
ERROR - 2020-06-26 15:08:48 --> Query error: FATAL:  terminating connection due to administrator command
server closed the connection unexpectedly
	This probably means the server terminated abnormally
	before or while processing the request. - Invalid query: SELECT * FROM public.settings ORDER BY sort_order ASC
ERROR - 2020-06-26 15:08:48 --> Query error: FATAL:  terminating connection due to administrator command
server closed the connection unexpectedly
	This probably means the server terminated abnormally
	before or while processing the request. - Invalid query: SELECT * FROM public.settings ORDER BY sort_order ASC
ERROR - 2020-06-26 15:08:48 --> Severity: Warning --> Unknown: Failed to write session data (user). Please verify that the current setting of session.save_path is correct () Unknown 0
ERROR - 2020-06-26 15:08:48 --> Severity: Warning --> Unknown: Failed to write session data (user). Please verify that the current setting of session.save_path is correct () Unknown 0
ERROR - 2020-06-26 16:35:48 --> Could not find the language line "admin dashboard jsi18n-sample"
ERROR - 2020-06-26 16:37:24 --> Severity: Warning --> pg_query() [<a href='function.pg-query'>function.pg-query</a>]: Query failed: ERROR:  invalid input syntax for integer: &quot;&quot;
LINE 9:      '',
             ^ /home/miracle/public_html/ci3_cgi/system/database/drivers/postgre/postgre_driver.php 242
ERROR - 2020-06-26 16:37:24 --> Query error: ERROR:  invalid input syntax for integer: ""
LINE 9:      '',
             ^ - Invalid query: INSERT INTO frontmed.neural_appointment (id, appointment_date, appointment_time, user_id, comment, component_id, visit_id, patient_id, created_by, select_option)
					SELECT (id + 1) AS last_id,
					'2020-07-24',
					'08:30',
					'145',
					'Thx อัจฉรา',
					'19',
					'1967234',
					'',
					'142',
					NULL
					FROM frontmed.neural_appointment ORDER BY id DESC LIMIT 1 RETURNING id AS last_id
ERROR - 2020-06-26 16:37:26 --> Severity: Warning --> pg_query() [<a href='function.pg-query'>function.pg-query</a>]: Query failed: ERROR:  invalid input syntax for integer: &quot;&quot;
LINE 9:      '',
             ^ /home/miracle/public_html/ci3_cgi/system/database/drivers/postgre/postgre_driver.php 242
ERROR - 2020-06-26 16:37:26 --> Query error: ERROR:  invalid input syntax for integer: ""
LINE 9:      '',
             ^ - Invalid query: INSERT INTO frontmed.neural_appointment (id, appointment_date, appointment_time, user_id, comment, component_id, visit_id, patient_id, created_by, select_option)
					SELECT (id + 1) AS last_id,
					'2020-07-24',
					'08:30',
					'145',
					'Thx อัจฉรา',
					'19',
					'1967234',
					'',
					'142',
					NULL
					FROM frontmed.neural_appointment ORDER BY id DESC LIMIT 1 RETURNING id AS last_id
ERROR - 2020-06-26 16:37:29 --> Severity: Warning --> pg_query() [<a href='function.pg-query'>function.pg-query</a>]: Query failed: ERROR:  invalid input syntax for integer: &quot;&quot;
LINE 9:      '',
             ^ /home/miracle/public_html/ci3_cgi/system/database/drivers/postgre/postgre_driver.php 242
ERROR - 2020-06-26 16:37:29 --> Query error: ERROR:  invalid input syntax for integer: ""
LINE 9:      '',
             ^ - Invalid query: INSERT INTO frontmed.neural_appointment (id, appointment_date, appointment_time, user_id, comment, component_id, visit_id, patient_id, created_by, select_option)
					SELECT (id + 1) AS last_id,
					'2020-07-24',
					'08:30',
					'145',
					'Thx อัจฉรา',
					'19',
					'1967234',
					'',
					'142',
					NULL
					FROM frontmed.neural_appointment ORDER BY id DESC LIMIT 1 RETURNING id AS last_id
ERROR - 2020-06-26 16:37:46 --> Severity: Warning --> pg_query() [<a href='function.pg-query'>function.pg-query</a>]: Query failed: ERROR:  invalid input syntax for integer: &quot;&quot;
LINE 9:      '',
             ^ /home/miracle/public_html/ci3_cgi/system/database/drivers/postgre/postgre_driver.php 242
ERROR - 2020-06-26 16:37:46 --> Query error: ERROR:  invalid input syntax for integer: ""
LINE 9:      '',
             ^ - Invalid query: INSERT INTO frontmed.neural_appointment (id, appointment_date, appointment_time, user_id, comment, component_id, visit_id, patient_id, created_by, select_option)
					SELECT (id + 1) AS last_id,
					'2020-07-24',
					'08:30',
					'145',
					'Thx อัจฉรา',
					'19',
					'1967234',
					'',
					'142',
					NULL
					FROM frontmed.neural_appointment ORDER BY id DESC LIMIT 1 RETURNING id AS last_id
ERROR - 2020-06-26 16:37:46 --> Severity: Warning --> pg_query() [<a href='function.pg-query'>function.pg-query</a>]: Query failed: ERROR:  invalid input syntax for integer: &quot;&quot;
LINE 9:      '',
             ^ /home/miracle/public_html/ci3_cgi/system/database/drivers/postgre/postgre_driver.php 242
ERROR - 2020-06-26 16:37:46 --> Query error: ERROR:  invalid input syntax for integer: ""
LINE 9:      '',
             ^ - Invalid query: INSERT INTO frontmed.neural_appointment (id, appointment_date, appointment_time, user_id, comment, component_id, visit_id, patient_id, created_by, select_option)
					SELECT (id + 1) AS last_id,
					'2020-07-24',
					'08:30',
					'145',
					'Thx อัจฉรา',
					'19',
					'1967234',
					'',
					'142',
					NULL
					FROM frontmed.neural_appointment ORDER BY id DESC LIMIT 1 RETURNING id AS last_id
ERROR - 2020-06-26 16:38:17 --> Severity: Warning --> pg_query() [<a href='function.pg-query'>function.pg-query</a>]: Query failed: ERROR:  invalid input syntax for integer: &quot;&quot;
LINE 9:      '',
             ^ /home/miracle/public_html/ci3_cgi/system/database/drivers/postgre/postgre_driver.php 242
ERROR - 2020-06-26 16:38:17 --> Query error: ERROR:  invalid input syntax for integer: ""
LINE 9:      '',
             ^ - Invalid query: INSERT INTO frontmed.neural_appointment (id, appointment_date, appointment_time, user_id, comment, component_id, visit_id, patient_id, created_by, select_option)
					SELECT (id + 1) AS last_id,
					'2020-07-24',
					'08:30',
					'145',
					'Thx อัจฉรา',
					'19',
					'1967234',
					'',
					'142',
					NULL
					FROM frontmed.neural_appointment ORDER BY id DESC LIMIT 1 RETURNING id AS last_id
ERROR - 2020-06-26 16:38:22 --> Severity: Warning --> pg_query() [<a href='function.pg-query'>function.pg-query</a>]: Query failed: ERROR:  invalid input syntax for integer: &quot;&quot;
LINE 9:      '',
             ^ /home/miracle/public_html/ci3_cgi/system/database/drivers/postgre/postgre_driver.php 242
ERROR - 2020-06-26 16:38:22 --> Query error: ERROR:  invalid input syntax for integer: ""
LINE 9:      '',
             ^ - Invalid query: INSERT INTO frontmed.neural_appointment (id, appointment_date, appointment_time, user_id, comment, component_id, visit_id, patient_id, created_by, select_option)
					SELECT (id + 1) AS last_id,
					'2020-07-24',
					'08:30',
					'145',
					'Thx อัจฉรา',
					'19',
					'1967234',
					'',
					'142',
					NULL
					FROM frontmed.neural_appointment ORDER BY id DESC LIMIT 1 RETURNING id AS last_id
ERROR - 2020-06-26 16:38:23 --> Severity: Warning --> pg_query() [<a href='function.pg-query'>function.pg-query</a>]: Query failed: ERROR:  invalid input syntax for integer: &quot;&quot;
LINE 9:      '',
             ^ /home/miracle/public_html/ci3_cgi/system/database/drivers/postgre/postgre_driver.php 242
ERROR - 2020-06-26 16:38:23 --> Query error: ERROR:  invalid input syntax for integer: ""
LINE 9:      '',
             ^ - Invalid query: INSERT INTO frontmed.neural_appointment (id, appointment_date, appointment_time, user_id, comment, component_id, visit_id, patient_id, created_by, select_option)
					SELECT (id + 1) AS last_id,
					'2020-07-24',
					'08:30',
					'145',
					'Thx อัจฉรา',
					'19',
					'1967234',
					'',
					'142',
					NULL
					FROM frontmed.neural_appointment ORDER BY id DESC LIMIT 1 RETURNING id AS last_id
ERROR - 2020-06-26 16:38:26 --> Severity: Warning --> pg_query() [<a href='function.pg-query'>function.pg-query</a>]: Query failed: ERROR:  invalid input syntax for integer: &quot;&quot;
LINE 9:      '',
             ^ /home/miracle/public_html/ci3_cgi/system/database/drivers/postgre/postgre_driver.php 242
ERROR - 2020-06-26 16:38:26 --> Query error: ERROR:  invalid input syntax for integer: ""
LINE 9:      '',
             ^ - Invalid query: INSERT INTO frontmed.neural_appointment (id, appointment_date, appointment_time, user_id, comment, component_id, visit_id, patient_id, created_by, select_option)
					SELECT (id + 1) AS last_id,
					'2020-07-24',
					'08:30',
					'145',
					'Thx อัจฉรา',
					'19',
					'1967234',
					'',
					'142',
					NULL
					FROM frontmed.neural_appointment ORDER BY id DESC LIMIT 1 RETURNING id AS last_id
ERROR - 2020-06-26 16:38:27 --> Severity: Warning --> pg_query() [<a href='function.pg-query'>function.pg-query</a>]: Query failed: ERROR:  invalid input syntax for integer: &quot;&quot;
LINE 9:      '',
             ^ /home/miracle/public_html/ci3_cgi/system/database/drivers/postgre/postgre_driver.php 242
ERROR - 2020-06-26 16:38:27 --> Query error: ERROR:  invalid input syntax for integer: ""
LINE 9:      '',
             ^ - Invalid query: INSERT INTO frontmed.neural_appointment (id, appointment_date, appointment_time, user_id, comment, component_id, visit_id, patient_id, created_by, select_option)
					SELECT (id + 1) AS last_id,
					'2020-07-24',
					'08:30',
					'145',
					'Thx อัจฉรา',
					'19',
					'1967234',
					'',
					'142',
					NULL
					FROM frontmed.neural_appointment ORDER BY id DESC LIMIT 1 RETURNING id AS last_id
ERROR - 2020-06-26 16:38:27 --> Severity: Warning --> pg_query() [<a href='function.pg-query'>function.pg-query</a>]: Query failed: ERROR:  invalid input syntax for integer: &quot;&quot;
LINE 9:      '',
             ^ /home/miracle/public_html/ci3_cgi/system/database/drivers/postgre/postgre_driver.php 242
ERROR - 2020-06-26 16:38:27 --> Query error: ERROR:  invalid input syntax for integer: ""
LINE 9:      '',
             ^ - Invalid query: INSERT INTO frontmed.neural_appointment (id, appointment_date, appointment_time, user_id, comment, component_id, visit_id, patient_id, created_by, select_option)
					SELECT (id + 1) AS last_id,
					'2020-07-24',
					'08:30',
					'145',
					'Thx อัจฉรา',
					'19',
					'1967234',
					'',
					'142',
					NULL
					FROM frontmed.neural_appointment ORDER BY id DESC LIMIT 1 RETURNING id AS last_id
ERROR - 2020-06-26 16:38:28 --> Severity: Warning --> pg_query() [<a href='function.pg-query'>function.pg-query</a>]: Query failed: ERROR:  invalid input syntax for integer: &quot;&quot;
LINE 9:      '',
             ^ /home/miracle/public_html/ci3_cgi/system/database/drivers/postgre/postgre_driver.php 242
ERROR - 2020-06-26 16:38:28 --> Query error: ERROR:  invalid input syntax for integer: ""
LINE 9:      '',
             ^ - Invalid query: INSERT INTO frontmed.neural_appointment (id, appointment_date, appointment_time, user_id, comment, component_id, visit_id, patient_id, created_by, select_option)
					SELECT (id + 1) AS last_id,
					'2020-07-24',
					'08:30',
					'145',
					'Thx อัจฉรา',
					'19',
					'1967234',
					'',
					'142',
					NULL
					FROM frontmed.neural_appointment ORDER BY id DESC LIMIT 1 RETURNING id AS last_id
ERROR - 2020-06-26 16:38:28 --> Severity: Warning --> pg_query() [<a href='function.pg-query'>function.pg-query</a>]: Query failed: ERROR:  invalid input syntax for integer: &quot;&quot;
LINE 9:      '',
             ^ /home/miracle/public_html/ci3_cgi/system/database/drivers/postgre/postgre_driver.php 242
ERROR - 2020-06-26 16:38:28 --> Query error: ERROR:  invalid input syntax for integer: ""
LINE 9:      '',
             ^ - Invalid query: INSERT INTO frontmed.neural_appointment (id, appointment_date, appointment_time, user_id, comment, component_id, visit_id, patient_id, created_by, select_option)
					SELECT (id + 1) AS last_id,
					'2020-07-24',
					'08:30',
					'145',
					'Thx อัจฉรา',
					'19',
					'1967234',
					'',
					'142',
					NULL
					FROM frontmed.neural_appointment ORDER BY id DESC LIMIT 1 RETURNING id AS last_id
ERROR - 2020-06-26 16:38:28 --> Severity: Warning --> pg_query() [<a href='function.pg-query'>function.pg-query</a>]: Query failed: ERROR:  invalid input syntax for integer: &quot;&quot;
LINE 9:      '',
             ^ /home/miracle/public_html/ci3_cgi/system/database/drivers/postgre/postgre_driver.php 242
ERROR - 2020-06-26 16:38:28 --> Query error: ERROR:  invalid input syntax for integer: ""
LINE 9:      '',
             ^ - Invalid query: INSERT INTO frontmed.neural_appointment (id, appointment_date, appointment_time, user_id, comment, component_id, visit_id, patient_id, created_by, select_option)
					SELECT (id + 1) AS last_id,
					'2020-07-24',
					'08:30',
					'145',
					'Thx อัจฉรา',
					'19',
					'1967234',
					'',
					'142',
					NULL
					FROM frontmed.neural_appointment ORDER BY id DESC LIMIT 1 RETURNING id AS last_id
ERROR - 2020-06-26 16:38:28 --> Severity: Warning --> pg_query() [<a href='function.pg-query'>function.pg-query</a>]: Query failed: ERROR:  invalid input syntax for integer: &quot;&quot;
LINE 9:      '',
             ^ /home/miracle/public_html/ci3_cgi/system/database/drivers/postgre/postgre_driver.php 242
ERROR - 2020-06-26 16:38:28 --> Query error: ERROR:  invalid input syntax for integer: ""
LINE 9:      '',
             ^ - Invalid query: INSERT INTO frontmed.neural_appointment (id, appointment_date, appointment_time, user_id, comment, component_id, visit_id, patient_id, created_by, select_option)
					SELECT (id + 1) AS last_id,
					'2020-07-24',
					'08:30',
					'145',
					'Thx อัจฉรา',
					'19',
					'1967234',
					'',
					'142',
					NULL
					FROM frontmed.neural_appointment ORDER BY id DESC LIMIT 1 RETURNING id AS last_id
ERROR - 2020-06-26 16:38:29 --> Severity: Warning --> pg_query() [<a href='function.pg-query'>function.pg-query</a>]: Query failed: ERROR:  invalid input syntax for integer: &quot;&quot;
LINE 9:      '',
             ^ /home/miracle/public_html/ci3_cgi/system/database/drivers/postgre/postgre_driver.php 242
ERROR - 2020-06-26 16:38:29 --> Query error: ERROR:  invalid input syntax for integer: ""
LINE 9:      '',
             ^ - Invalid query: INSERT INTO frontmed.neural_appointment (id, appointment_date, appointment_time, user_id, comment, component_id, visit_id, patient_id, created_by, select_option)
					SELECT (id + 1) AS last_id,
					'2020-07-24',
					'08:30',
					'145',
					'Thx อัจฉรา',
					'19',
					'1967234',
					'',
					'142',
					NULL
					FROM frontmed.neural_appointment ORDER BY id DESC LIMIT 1 RETURNING id AS last_id
ERROR - 2020-06-26 16:38:29 --> Severity: Warning --> pg_query() [<a href='function.pg-query'>function.pg-query</a>]: Query failed: ERROR:  invalid input syntax for integer: &quot;&quot;
LINE 9:      '',
             ^ /home/miracle/public_html/ci3_cgi/system/database/drivers/postgre/postgre_driver.php 242
ERROR - 2020-06-26 16:38:29 --> Query error: ERROR:  invalid input syntax for integer: ""
LINE 9:      '',
             ^ - Invalid query: INSERT INTO frontmed.neural_appointment (id, appointment_date, appointment_time, user_id, comment, component_id, visit_id, patient_id, created_by, select_option)
					SELECT (id + 1) AS last_id,
					'2020-07-24',
					'08:30',
					'145',
					'Thx อัจฉรา',
					'19',
					'1967234',
					'',
					'142',
					NULL
					FROM frontmed.neural_appointment ORDER BY id DESC LIMIT 1 RETURNING id AS last_id
ERROR - 2020-06-26 16:38:29 --> Severity: Warning --> pg_query() [<a href='function.pg-query'>function.pg-query</a>]: Query failed: ERROR:  invalid input syntax for integer: &quot;&quot;
LINE 9:      '',
             ^ /home/miracle/public_html/ci3_cgi/system/database/drivers/postgre/postgre_driver.php 242
ERROR - 2020-06-26 16:38:29 --> Query error: ERROR:  invalid input syntax for integer: ""
LINE 9:      '',
             ^ - Invalid query: INSERT INTO frontmed.neural_appointment (id, appointment_date, appointment_time, user_id, comment, component_id, visit_id, patient_id, created_by, select_option)
					SELECT (id + 1) AS last_id,
					'2020-07-24',
					'08:30',
					'145',
					'Thx อัจฉรา',
					'19',
					'1967234',
					'',
					'142',
					NULL
					FROM frontmed.neural_appointment ORDER BY id DESC LIMIT 1 RETURNING id AS last_id
ERROR - 2020-06-26 16:38:35 --> Severity: Warning --> pg_query() [<a href='function.pg-query'>function.pg-query</a>]: Query failed: ERROR:  invalid input syntax for integer: &quot;&quot;
LINE 9:      '',
             ^ /home/miracle/public_html/ci3_cgi/system/database/drivers/postgre/postgre_driver.php 242
ERROR - 2020-06-26 16:38:35 --> Query error: ERROR:  invalid input syntax for integer: ""
LINE 9:      '',
             ^ - Invalid query: INSERT INTO frontmed.neural_appointment (id, appointment_date, appointment_time, user_id, comment, component_id, visit_id, patient_id, created_by, select_option)
					SELECT (id + 1) AS last_id,
					'2020-07-24',
					'08:30',
					'145',
					'Thx อัจฉรา',
					'19',
					'1967234',
					'',
					'142',
					NULL
					FROM frontmed.neural_appointment ORDER BY id DESC LIMIT 1 RETURNING id AS last_id
ERROR - 2020-06-26 16:38:37 --> Could not find the language line "admin dashboard jsi18n-sample"
ERROR - 2020-06-26 16:39:17 --> Severity: Warning --> pg_query() [<a href='function.pg-query'>function.pg-query</a>]: Query failed: ERROR:  invalid input syntax for integer: &quot;&quot;
LINE 9:      '',
             ^ /home/miracle/public_html/ci3_cgi/system/database/drivers/postgre/postgre_driver.php 242
ERROR - 2020-06-26 16:39:17 --> Query error: ERROR:  invalid input syntax for integer: ""
LINE 9:      '',
             ^ - Invalid query: INSERT INTO frontmed.neural_appointment (id, appointment_date, appointment_time, user_id, comment, component_id, visit_id, patient_id, created_by, select_option)
					SELECT (id + 1) AS last_id,
					'2020-07-24',
					'10:00',
					'145',
					'Thx อัจฉรา',
					'19',
					'1967234',
					'',
					'142',
					NULL
					FROM frontmed.neural_appointment ORDER BY id DESC LIMIT 1 RETURNING id AS last_id
ERROR - 2020-06-26 16:39:36 --> Severity: Warning --> pg_query() [<a href='function.pg-query'>function.pg-query</a>]: Query failed: ERROR:  invalid input syntax for integer: &quot;&quot;
LINE 9:      '',
             ^ /home/miracle/public_html/ci3_cgi/system/database/drivers/postgre/postgre_driver.php 242
ERROR - 2020-06-26 16:39:36 --> Query error: ERROR:  invalid input syntax for integer: ""
LINE 9:      '',
             ^ - Invalid query: INSERT INTO frontmed.neural_appointment (id, appointment_date, appointment_time, user_id, comment, component_id, visit_id, patient_id, created_by, select_option)
					SELECT (id + 1) AS last_id,
					'2020-07-24',
					'10:00',
					'145',
					'Thx อัจฉรา',
					'19',
					'1967234',
					'',
					'142',
					NULL
					FROM frontmed.neural_appointment ORDER BY id DESC LIMIT 1 RETURNING id AS last_id
ERROR - 2020-06-26 16:39:48 --> Severity: Warning --> pg_query() [<a href='function.pg-query'>function.pg-query</a>]: Query failed: ERROR:  invalid input syntax for integer: &quot;&quot;
LINE 9:      '',
             ^ /home/miracle/public_html/ci3_cgi/system/database/drivers/postgre/postgre_driver.php 242
ERROR - 2020-06-26 16:39:48 --> Query error: ERROR:  invalid input syntax for integer: ""
LINE 9:      '',
             ^ - Invalid query: INSERT INTO frontmed.neural_appointment (id, appointment_date, appointment_time, user_id, comment, component_id, visit_id, patient_id, created_by, select_option)
					SELECT (id + 1) AS last_id,
					'2020-07-24',
					'10:00',
					'145',
					'Thx อัจฉรา',
					'19',
					'1967234',
					'',
					'142',
					NULL
					FROM frontmed.neural_appointment ORDER BY id DESC LIMIT 1 RETURNING id AS last_id
ERROR - 2020-06-26 16:39:48 --> Severity: Warning --> pg_query() [<a href='function.pg-query'>function.pg-query</a>]: Query failed: ERROR:  invalid input syntax for integer: &quot;&quot;
LINE 9:      '',
             ^ /home/miracle/public_html/ci3_cgi/system/database/drivers/postgre/postgre_driver.php 242
ERROR - 2020-06-26 16:39:48 --> Query error: ERROR:  invalid input syntax for integer: ""
LINE 9:      '',
             ^ - Invalid query: INSERT INTO frontmed.neural_appointment (id, appointment_date, appointment_time, user_id, comment, component_id, visit_id, patient_id, created_by, select_option)
					SELECT (id + 1) AS last_id,
					'2020-07-24',
					'10:00',
					'145',
					'Thx อัจฉรา',
					'19',
					'1967234',
					'',
					'142',
					NULL
					FROM frontmed.neural_appointment ORDER BY id DESC LIMIT 1 RETURNING id AS last_id
ERROR - 2020-06-26 16:39:48 --> Severity: Warning --> pg_query() [<a href='function.pg-query'>function.pg-query</a>]: Query failed: ERROR:  invalid input syntax for integer: &quot;&quot;
LINE 9:      '',
             ^ /home/miracle/public_html/ci3_cgi/system/database/drivers/postgre/postgre_driver.php 242
ERROR - 2020-06-26 16:39:48 --> Query error: ERROR:  invalid input syntax for integer: ""
LINE 9:      '',
             ^ - Invalid query: INSERT INTO frontmed.neural_appointment (id, appointment_date, appointment_time, user_id, comment, component_id, visit_id, patient_id, created_by, select_option)
					SELECT (id + 1) AS last_id,
					'2020-07-24',
					'10:00',
					'145',
					'Thx อัจฉรา',
					'19',
					'1967234',
					'',
					'142',
					NULL
					FROM frontmed.neural_appointment ORDER BY id DESC LIMIT 1 RETURNING id AS last_id
ERROR - 2020-06-26 16:39:48 --> Severity: Warning --> pg_query() [<a href='function.pg-query'>function.pg-query</a>]: Query failed: ERROR:  invalid input syntax for integer: &quot;&quot;
LINE 9:      '',
             ^ /home/miracle/public_html/ci3_cgi/system/database/drivers/postgre/postgre_driver.php 242
ERROR - 2020-06-26 16:39:48 --> Query error: ERROR:  invalid input syntax for integer: ""
LINE 9:      '',
             ^ - Invalid query: INSERT INTO frontmed.neural_appointment (id, appointment_date, appointment_time, user_id, comment, component_id, visit_id, patient_id, created_by, select_option)
					SELECT (id + 1) AS last_id,
					'2020-07-24',
					'10:00',
					'145',
					'Thx อัจฉรา',
					'19',
					'1967234',
					'',
					'142',
					NULL
					FROM frontmed.neural_appointment ORDER BY id DESC LIMIT 1 RETURNING id AS last_id
ERROR - 2020-06-26 16:39:48 --> Severity: Warning --> pg_query() [<a href='function.pg-query'>function.pg-query</a>]: Query failed: ERROR:  invalid input syntax for integer: &quot;&quot;
LINE 9:      '',
             ^ /home/miracle/public_html/ci3_cgi/system/database/drivers/postgre/postgre_driver.php 242
ERROR - 2020-06-26 16:39:48 --> Query error: ERROR:  invalid input syntax for integer: ""
LINE 9:      '',
             ^ - Invalid query: INSERT INTO frontmed.neural_appointment (id, appointment_date, appointment_time, user_id, comment, component_id, visit_id, patient_id, created_by, select_option)
					SELECT (id + 1) AS last_id,
					'2020-07-24',
					'10:00',
					'145',
					'Thx อัจฉรา',
					'19',
					'1967234',
					'',
					'142',
					NULL
					FROM frontmed.neural_appointment ORDER BY id DESC LIMIT 1 RETURNING id AS last_id
ERROR - 2020-06-26 16:42:54 --> Could not find the language line "admin dashboard jsi18n-sample"
ERROR - 2020-06-26 16:44:49 --> Severity: Warning --> pg_query() [<a href='function.pg-query'>function.pg-query</a>]: Query failed: ERROR:  invalid input syntax for integer: &quot;&quot;
LINE 5:      '',
             ^ /home/miracle/public_html/ci3_cgi/system/database/drivers/postgre/postgre_driver.php 242
ERROR - 2020-06-26 16:44:49 --> Query error: ERROR:  invalid input syntax for integer: ""
LINE 5:      '',
             ^ - Invalid query: INSERT INTO frontmed.neural_appointment (id, appointment_date, appointment_time, user_id, comment, component_id, visit_id, patient_id, created_by, select_option)
					SELECT (id + 1) AS last_id,
					'2020-07-24',
					'09:00',
					'',
					'',
					'19',
					'1967234',
					'',
					'675',
					NULL
					FROM frontmed.neural_appointment ORDER BY id DESC LIMIT 1 RETURNING id AS last_id
ERROR - 2020-06-26 16:45:05 --> Severity: Warning --> pg_query() [<a href='function.pg-query'>function.pg-query</a>]: Query failed: ERROR:  invalid input syntax for integer: &quot;&quot;
LINE 5:      '',
             ^ /home/miracle/public_html/ci3_cgi/system/database/drivers/postgre/postgre_driver.php 242
ERROR - 2020-06-26 16:45:05 --> Query error: ERROR:  invalid input syntax for integer: ""
LINE 5:      '',
             ^ - Invalid query: INSERT INTO frontmed.neural_appointment (id, appointment_date, appointment_time, user_id, comment, component_id, visit_id, patient_id, created_by, select_option)
					SELECT (id + 1) AS last_id,
					'2020-07-24',
					'09:00',
					'',
					'',
					'19',
					'1967234',
					'',
					'675',
					NULL
					FROM frontmed.neural_appointment ORDER BY id DESC LIMIT 1 RETURNING id AS last_id
ERROR - 2020-06-26 16:45:05 --> Severity: Warning --> pg_query() [<a href='function.pg-query'>function.pg-query</a>]: Query failed: ERROR:  invalid input syntax for integer: &quot;&quot;
LINE 5:      '',
             ^ /home/miracle/public_html/ci3_cgi/system/database/drivers/postgre/postgre_driver.php 242
ERROR - 2020-06-26 16:45:05 --> Query error: ERROR:  invalid input syntax for integer: ""
LINE 5:      '',
             ^ - Invalid query: INSERT INTO frontmed.neural_appointment (id, appointment_date, appointment_time, user_id, comment, component_id, visit_id, patient_id, created_by, select_option)
					SELECT (id + 1) AS last_id,
					'2020-07-24',
					'09:00',
					'',
					'',
					'19',
					'1967234',
					'',
					'675',
					NULL
					FROM frontmed.neural_appointment ORDER BY id DESC LIMIT 1 RETURNING id AS last_id
ERROR - 2020-06-26 16:45:05 --> Severity: Warning --> pg_query() [<a href='function.pg-query'>function.pg-query</a>]: Query failed: ERROR:  invalid input syntax for integer: &quot;&quot;
LINE 5:      '',
             ^ /home/miracle/public_html/ci3_cgi/system/database/drivers/postgre/postgre_driver.php 242
ERROR - 2020-06-26 16:45:05 --> Query error: ERROR:  invalid input syntax for integer: ""
LINE 5:      '',
             ^ - Invalid query: INSERT INTO frontmed.neural_appointment (id, appointment_date, appointment_time, user_id, comment, component_id, visit_id, patient_id, created_by, select_option)
					SELECT (id + 1) AS last_id,
					'2020-07-24',
					'09:00',
					'',
					'',
					'19',
					'1967234',
					'',
					'675',
					NULL
					FROM frontmed.neural_appointment ORDER BY id DESC LIMIT 1 RETURNING id AS last_id
ERROR - 2020-06-26 16:45:06 --> Severity: Warning --> pg_query() [<a href='function.pg-query'>function.pg-query</a>]: Query failed: ERROR:  invalid input syntax for integer: &quot;&quot;
LINE 5:      '',
             ^ /home/miracle/public_html/ci3_cgi/system/database/drivers/postgre/postgre_driver.php 242
ERROR - 2020-06-26 16:45:06 --> Query error: ERROR:  invalid input syntax for integer: ""
LINE 5:      '',
             ^ - Invalid query: INSERT INTO frontmed.neural_appointment (id, appointment_date, appointment_time, user_id, comment, component_id, visit_id, patient_id, created_by, select_option)
					SELECT (id + 1) AS last_id,
					'2020-07-24',
					'09:00',
					'',
					'',
					'19',
					'1967234',
					'',
					'675',
					NULL
					FROM frontmed.neural_appointment ORDER BY id DESC LIMIT 1 RETURNING id AS last_id
ERROR - 2020-06-26 16:46:13 --> Severity: Warning --> pg_query() [<a href='function.pg-query'>function.pg-query</a>]: Query failed: ERROR:  invalid input syntax for integer: &quot;&quot;
LINE 5:      '',
             ^ /home/miracle/public_html/ci3_cgi/system/database/drivers/postgre/postgre_driver.php 242
ERROR - 2020-06-26 16:46:13 --> Query error: ERROR:  invalid input syntax for integer: ""
LINE 5:      '',
             ^ - Invalid query: INSERT INTO frontmed.neural_appointment (id, appointment_date, appointment_time, user_id, comment, component_id, visit_id, patient_id, created_by, select_option)
					SELECT (id + 1) AS last_id,
					'2020-07-24',
					'09:00',
					'',
					'',
					'10',
					'1967234',
					'',
					'675',
					NULL
					FROM frontmed.neural_appointment ORDER BY id DESC LIMIT 1 RETURNING id AS last_id
ERROR - 2020-06-26 16:46:14 --> Severity: Warning --> pg_query() [<a href='function.pg-query'>function.pg-query</a>]: Query failed: ERROR:  invalid input syntax for integer: &quot;&quot;
LINE 5:      '',
             ^ /home/miracle/public_html/ci3_cgi/system/database/drivers/postgre/postgre_driver.php 242
ERROR - 2020-06-26 16:46:14 --> Query error: ERROR:  invalid input syntax for integer: ""
LINE 5:      '',
             ^ - Invalid query: INSERT INTO frontmed.neural_appointment (id, appointment_date, appointment_time, user_id, comment, component_id, visit_id, patient_id, created_by, select_option)
					SELECT (id + 1) AS last_id,
					'2020-07-24',
					'09:00',
					'',
					'',
					'10',
					'1967234',
					'',
					'675',
					NULL
					FROM frontmed.neural_appointment ORDER BY id DESC LIMIT 1 RETURNING id AS last_id
ERROR - 2020-06-26 16:46:14 --> Severity: Warning --> pg_query() [<a href='function.pg-query'>function.pg-query</a>]: Query failed: ERROR:  invalid input syntax for integer: &quot;&quot;
LINE 5:      '',
             ^ /home/miracle/public_html/ci3_cgi/system/database/drivers/postgre/postgre_driver.php 242
ERROR - 2020-06-26 16:46:14 --> Query error: ERROR:  invalid input syntax for integer: ""
LINE 5:      '',
             ^ - Invalid query: INSERT INTO frontmed.neural_appointment (id, appointment_date, appointment_time, user_id, comment, component_id, visit_id, patient_id, created_by, select_option)
					SELECT (id + 1) AS last_id,
					'2020-07-24',
					'09:00',
					'',
					'',
					'10',
					'1967234',
					'',
					'675',
					NULL
					FROM frontmed.neural_appointment ORDER BY id DESC LIMIT 1 RETURNING id AS last_id
ERROR - 2020-06-26 16:46:15 --> Severity: Warning --> pg_query() [<a href='function.pg-query'>function.pg-query</a>]: Query failed: ERROR:  invalid input syntax for integer: &quot;&quot;
LINE 5:      '',
             ^ /home/miracle/public_html/ci3_cgi/system/database/drivers/postgre/postgre_driver.php 242
ERROR - 2020-06-26 16:46:15 --> Query error: ERROR:  invalid input syntax for integer: ""
LINE 5:      '',
             ^ - Invalid query: INSERT INTO frontmed.neural_appointment (id, appointment_date, appointment_time, user_id, comment, component_id, visit_id, patient_id, created_by, select_option)
					SELECT (id + 1) AS last_id,
					'2020-07-24',
					'09:00',
					'',
					'',
					'10',
					'1967234',
					'',
					'675',
					NULL
					FROM frontmed.neural_appointment ORDER BY id DESC LIMIT 1 RETURNING id AS last_id
ERROR - 2020-06-26 16:46:43 --> Severity: Warning --> pg_query() [<a href='function.pg-query'>function.pg-query</a>]: Query failed: ERROR:  invalid input syntax for integer: &quot;&quot;
LINE 5:      '',
             ^ /home/miracle/public_html/ci3_cgi/system/database/drivers/postgre/postgre_driver.php 242
ERROR - 2020-06-26 16:46:43 --> Query error: ERROR:  invalid input syntax for integer: ""
LINE 5:      '',
             ^ - Invalid query: INSERT INTO frontmed.neural_appointment (id, appointment_date, appointment_time, user_id, comment, component_id, visit_id, patient_id, created_by, select_option)
					SELECT (id + 1) AS last_id,
					'2020-07-24',
					'09:00',
					'',
					'',
					'10',
					'1967234',
					'',
					'675',
					NULL
					FROM frontmed.neural_appointment ORDER BY id DESC LIMIT 1 RETURNING id AS last_id
ERROR - 2020-06-26 16:46:45 --> Severity: Warning --> pg_query() [<a href='function.pg-query'>function.pg-query</a>]: Query failed: ERROR:  invalid input syntax for integer: &quot;&quot;
LINE 5:      '',
             ^ /home/miracle/public_html/ci3_cgi/system/database/drivers/postgre/postgre_driver.php 242
ERROR - 2020-06-26 16:46:45 --> Query error: ERROR:  invalid input syntax for integer: ""
LINE 5:      '',
             ^ - Invalid query: INSERT INTO frontmed.neural_appointment (id, appointment_date, appointment_time, user_id, comment, component_id, visit_id, patient_id, created_by, select_option)
					SELECT (id + 1) AS last_id,
					'2020-07-24',
					'09:00',
					'',
					'',
					'10',
					'1967234',
					'',
					'675',
					NULL
					FROM frontmed.neural_appointment ORDER BY id DESC LIMIT 1 RETURNING id AS last_id
ERROR - 2020-06-26 16:46:45 --> Severity: Warning --> pg_query() [<a href='function.pg-query'>function.pg-query</a>]: Query failed: ERROR:  invalid input syntax for integer: &quot;&quot;
LINE 5:      '',
             ^ /home/miracle/public_html/ci3_cgi/system/database/drivers/postgre/postgre_driver.php 242
ERROR - 2020-06-26 16:46:45 --> Query error: ERROR:  invalid input syntax for integer: ""
LINE 5:      '',
             ^ - Invalid query: INSERT INTO frontmed.neural_appointment (id, appointment_date, appointment_time, user_id, comment, component_id, visit_id, patient_id, created_by, select_option)
					SELECT (id + 1) AS last_id,
					'2020-07-24',
					'09:00',
					'',
					'',
					'10',
					'1967234',
					'',
					'675',
					NULL
					FROM frontmed.neural_appointment ORDER BY id DESC LIMIT 1 RETURNING id AS last_id
ERROR - 2020-06-26 16:46:47 --> Severity: Warning --> pg_query() [<a href='function.pg-query'>function.pg-query</a>]: Query failed: ERROR:  invalid input syntax for integer: &quot;&quot;
LINE 5:      '',
             ^ /home/miracle/public_html/ci3_cgi/system/database/drivers/postgre/postgre_driver.php 242
ERROR - 2020-06-26 16:46:47 --> Query error: ERROR:  invalid input syntax for integer: ""
LINE 5:      '',
             ^ - Invalid query: INSERT INTO frontmed.neural_appointment (id, appointment_date, appointment_time, user_id, comment, component_id, visit_id, patient_id, created_by, select_option)
					SELECT (id + 1) AS last_id,
					'2020-07-24',
					'09:00',
					'',
					'',
					'10',
					'1967234',
					'',
					'675',
					NULL
					FROM frontmed.neural_appointment ORDER BY id DESC LIMIT 1 RETURNING id AS last_id
ERROR - 2020-06-26 16:46:48 --> Severity: Warning --> pg_query() [<a href='function.pg-query'>function.pg-query</a>]: Query failed: ERROR:  invalid input syntax for integer: &quot;&quot;
LINE 5:      '',
             ^ /home/miracle/public_html/ci3_cgi/system/database/drivers/postgre/postgre_driver.php 242
ERROR - 2020-06-26 16:46:48 --> Query error: ERROR:  invalid input syntax for integer: ""
LINE 5:      '',
             ^ - Invalid query: INSERT INTO frontmed.neural_appointment (id, appointment_date, appointment_time, user_id, comment, component_id, visit_id, patient_id, created_by, select_option)
					SELECT (id + 1) AS last_id,
					'2020-07-24',
					'09:00',
					'',
					'',
					'10',
					'1967234',
					'',
					'675',
					NULL
					FROM frontmed.neural_appointment ORDER BY id DESC LIMIT 1 RETURNING id AS last_id
ERROR - 2020-06-26 16:46:48 --> Severity: Warning --> pg_query() [<a href='function.pg-query'>function.pg-query</a>]: Query failed: ERROR:  invalid input syntax for integer: &quot;&quot;
LINE 5:      '',
             ^ /home/miracle/public_html/ci3_cgi/system/database/drivers/postgre/postgre_driver.php 242
ERROR - 2020-06-26 16:46:48 --> Query error: ERROR:  invalid input syntax for integer: ""
LINE 5:      '',
             ^ - Invalid query: INSERT INTO frontmed.neural_appointment (id, appointment_date, appointment_time, user_id, comment, component_id, visit_id, patient_id, created_by, select_option)
					SELECT (id + 1) AS last_id,
					'2020-07-24',
					'09:00',
					'',
					'',
					'10',
					'1967234',
					'',
					'675',
					NULL
					FROM frontmed.neural_appointment ORDER BY id DESC LIMIT 1 RETURNING id AS last_id
ERROR - 2020-06-26 16:46:48 --> Severity: Warning --> pg_query() [<a href='function.pg-query'>function.pg-query</a>]: Query failed: ERROR:  invalid input syntax for integer: &quot;&quot;
LINE 5:      '',
             ^ /home/miracle/public_html/ci3_cgi/system/database/drivers/postgre/postgre_driver.php 242
ERROR - 2020-06-26 16:46:48 --> Query error: ERROR:  invalid input syntax for integer: ""
LINE 5:      '',
             ^ - Invalid query: INSERT INTO frontmed.neural_appointment (id, appointment_date, appointment_time, user_id, comment, component_id, visit_id, patient_id, created_by, select_option)
					SELECT (id + 1) AS last_id,
					'2020-07-24',
					'09:00',
					'',
					'',
					'10',
					'1967234',
					'',
					'675',
					NULL
					FROM frontmed.neural_appointment ORDER BY id DESC LIMIT 1 RETURNING id AS last_id
ERROR - 2020-06-26 16:46:48 --> Severity: Warning --> pg_query() [<a href='function.pg-query'>function.pg-query</a>]: Query failed: ERROR:  invalid input syntax for integer: &quot;&quot;
LINE 5:      '',
             ^ /home/miracle/public_html/ci3_cgi/system/database/drivers/postgre/postgre_driver.php 242
ERROR - 2020-06-26 16:46:48 --> Query error: ERROR:  invalid input syntax for integer: ""
LINE 5:      '',
             ^ - Invalid query: INSERT INTO frontmed.neural_appointment (id, appointment_date, appointment_time, user_id, comment, component_id, visit_id, patient_id, created_by, select_option)
					SELECT (id + 1) AS last_id,
					'2020-07-24',
					'09:00',
					'',
					'',
					'10',
					'1967234',
					'',
					'675',
					NULL
					FROM frontmed.neural_appointment ORDER BY id DESC LIMIT 1 RETURNING id AS last_id
ERROR - 2020-06-26 16:46:48 --> Severity: Warning --> pg_query() [<a href='function.pg-query'>function.pg-query</a>]: Query failed: ERROR:  invalid input syntax for integer: &quot;&quot;
LINE 5:      '',
             ^ /home/miracle/public_html/ci3_cgi/system/database/drivers/postgre/postgre_driver.php 242
ERROR - 2020-06-26 16:46:48 --> Query error: ERROR:  invalid input syntax for integer: ""
LINE 5:      '',
             ^ - Invalid query: INSERT INTO frontmed.neural_appointment (id, appointment_date, appointment_time, user_id, comment, component_id, visit_id, patient_id, created_by, select_option)
					SELECT (id + 1) AS last_id,
					'2020-07-24',
					'09:00',
					'',
					'',
					'10',
					'1967234',
					'',
					'675',
					NULL
					FROM frontmed.neural_appointment ORDER BY id DESC LIMIT 1 RETURNING id AS last_id
ERROR - 2020-06-26 16:46:49 --> Severity: Warning --> pg_query() [<a href='function.pg-query'>function.pg-query</a>]: Query failed: ERROR:  invalid input syntax for integer: &quot;&quot;
LINE 5:      '',
             ^ /home/miracle/public_html/ci3_cgi/system/database/drivers/postgre/postgre_driver.php 242
ERROR - 2020-06-26 16:46:49 --> Query error: ERROR:  invalid input syntax for integer: ""
LINE 5:      '',
             ^ - Invalid query: INSERT INTO frontmed.neural_appointment (id, appointment_date, appointment_time, user_id, comment, component_id, visit_id, patient_id, created_by, select_option)
					SELECT (id + 1) AS last_id,
					'2020-07-24',
					'09:00',
					'',
					'',
					'10',
					'1967234',
					'',
					'675',
					NULL
					FROM frontmed.neural_appointment ORDER BY id DESC LIMIT 1 RETURNING id AS last_id
ERROR - 2020-06-26 16:46:49 --> Severity: Warning --> pg_query() [<a href='function.pg-query'>function.pg-query</a>]: Query failed: ERROR:  invalid input syntax for integer: &quot;&quot;
LINE 5:      '',
             ^ /home/miracle/public_html/ci3_cgi/system/database/drivers/postgre/postgre_driver.php 242
ERROR - 2020-06-26 16:46:49 --> Query error: ERROR:  invalid input syntax for integer: ""
LINE 5:      '',
             ^ - Invalid query: INSERT INTO frontmed.neural_appointment (id, appointment_date, appointment_time, user_id, comment, component_id, visit_id, patient_id, created_by, select_option)
					SELECT (id + 1) AS last_id,
					'2020-07-24',
					'09:00',
					'',
					'',
					'10',
					'1967234',
					'',
					'675',
					NULL
					FROM frontmed.neural_appointment ORDER BY id DESC LIMIT 1 RETURNING id AS last_id
ERROR - 2020-06-26 16:46:49 --> Severity: Warning --> pg_query() [<a href='function.pg-query'>function.pg-query</a>]: Query failed: ERROR:  invalid input syntax for integer: &quot;&quot;
LINE 5:      '',
             ^ /home/miracle/public_html/ci3_cgi/system/database/drivers/postgre/postgre_driver.php 242
ERROR - 2020-06-26 16:46:49 --> Query error: ERROR:  invalid input syntax for integer: ""
LINE 5:      '',
             ^ - Invalid query: INSERT INTO frontmed.neural_appointment (id, appointment_date, appointment_time, user_id, comment, component_id, visit_id, patient_id, created_by, select_option)
					SELECT (id + 1) AS last_id,
					'2020-07-24',
					'09:00',
					'',
					'',
					'10',
					'1967234',
					'',
					'675',
					NULL
					FROM frontmed.neural_appointment ORDER BY id DESC LIMIT 1 RETURNING id AS last_id
ERROR - 2020-06-26 16:46:49 --> Severity: Warning --> pg_query() [<a href='function.pg-query'>function.pg-query</a>]: Query failed: ERROR:  invalid input syntax for integer: &quot;&quot;
LINE 5:      '',
             ^ /home/miracle/public_html/ci3_cgi/system/database/drivers/postgre/postgre_driver.php 242
ERROR - 2020-06-26 16:46:49 --> Query error: ERROR:  invalid input syntax for integer: ""
LINE 5:      '',
             ^ - Invalid query: INSERT INTO frontmed.neural_appointment (id, appointment_date, appointment_time, user_id, comment, component_id, visit_id, patient_id, created_by, select_option)
					SELECT (id + 1) AS last_id,
					'2020-07-24',
					'09:00',
					'',
					'',
					'10',
					'1967234',
					'',
					'675',
					NULL
					FROM frontmed.neural_appointment ORDER BY id DESC LIMIT 1 RETURNING id AS last_id
ERROR - 2020-06-26 16:46:49 --> Severity: Warning --> pg_query() [<a href='function.pg-query'>function.pg-query</a>]: Query failed: ERROR:  invalid input syntax for integer: &quot;&quot;
LINE 5:      '',
             ^ /home/miracle/public_html/ci3_cgi/system/database/drivers/postgre/postgre_driver.php 242
ERROR - 2020-06-26 16:46:49 --> Query error: ERROR:  invalid input syntax for integer: ""
LINE 5:      '',
             ^ - Invalid query: INSERT INTO frontmed.neural_appointment (id, appointment_date, appointment_time, user_id, comment, component_id, visit_id, patient_id, created_by, select_option)
					SELECT (id + 1) AS last_id,
					'2020-07-24',
					'09:00',
					'',
					'',
					'10',
					'1967234',
					'',
					'675',
					NULL
					FROM frontmed.neural_appointment ORDER BY id DESC LIMIT 1 RETURNING id AS last_id
ERROR - 2020-06-26 16:47:10 --> Could not find the language line "admin dashboard jsi18n-sample"
ERROR - 2020-06-26 16:47:21 --> Could not find the language line "admin dashboard jsi18n-sample"
ERROR - 2020-06-26 17:15:36 --> Could not find the language line "admin dashboard jsi18n-sample"
ERROR - 2020-06-26 17:15:50 --> Could not find the language line "admin dashboard jsi18n-sample"
