ERROR - 2021-01-15 07:56:30 --> Could not find the language line "admin dashboard jsi18n-sample"
ERROR - 2021-01-15 07:56:34 --> Could not find the language line "admin dashboard jsi18n-sample"
ERROR - 2021-01-15 08:19:43 --> Could not find the language line "admin dashboard jsi18n-sample"
ERROR - 2021-01-15 08:21:29 --> Could not find the language line "admin dashboard jsi18n-sample"
ERROR - 2021-01-15 08:42:21 --> Could not find the language line "admin dashboard jsi18n-sample"
ERROR - 2021-01-15 08:57:13 --> Could not find the language line "admin dashboard jsi18n-sample"
ERROR - 2021-01-15 09:11:54 --> Could not find the language line "admin dashboard jsi18n-sample"
ERROR - 2021-01-15 09:47:40 --> Could not find the language line "admin dashboard jsi18n-sample"
ERROR - 2021-01-15 09:47:52 --> Could not find the language line "admin dashboard jsi18n-sample"
ERROR - 2021-01-15 09:48:33 --> Could not find the language line "admin dashboard jsi18n-sample"
ERROR - 2021-01-15 09:58:24 --> Could not find the language line "admin dashboard jsi18n-sample"
ERROR - 2021-01-15 10:16:43 --> Could not find the language line "admin dashboard jsi18n-sample"
ERROR - 2021-01-15 10:18:03 --> Severity: Warning --> pg_query() [<a href='function.pg-query'>function.pg-query</a>]: Query failed: ERROR:  invalid input syntax for integer: &quot;null&quot;
LINE 4:      WHERE visit.id = 'null'
                              ^ /home/miracle/public_html/ci3_cgi/system/database/drivers/postgre/postgre_driver.php 242
ERROR - 2021-01-15 10:18:03 --> Query error: ERROR:  invalid input syntax for integer: "null"
LINE 4:      WHERE visit.id = 'null'
                              ^ - Invalid query: SELECT orders.id, orders.user_id, visit.id_patient AS pa_id
					FROM medrec.nano_visit AS visit
					LEFT JOIN med.neural_order AS orders ON (orders.vn_id = visit.id)
					WHERE visit.id = 'null'
					AND orders.order_type = 'drug'
					AND orders.deleted = 'f'
					ORDER BY orders.id DESC LIMIT 1
ERROR - 2021-01-15 10:24:17 --> Could not find the language line "admin dashboard jsi18n-sample"
ERROR - 2021-01-15 10:33:48 --> Could not find the language line "admin dashboard jsi18n-sample"
ERROR - 2021-01-15 10:44:33 --> Could not find the language line "admin dashboard jsi18n-sample"
ERROR - 2021-01-15 10:46:18 --> Could not find the language line "admin dashboard jsi18n-sample"
ERROR - 2021-01-15 10:47:37 --> Could not find the language line "admin dashboard jsi18n-sample"
ERROR - 2021-01-15 10:48:57 --> Could not find the language line "admin dashboard jsi18n-sample"
ERROR - 2021-01-15 10:49:26 --> Could not find the language line "admin dashboard jsi18n-sample"
ERROR - 2021-01-15 10:50:03 --> Could not find the language line "admin dashboard jsi18n-sample"
ERROR - 2021-01-15 10:58:18 --> Could not find the language line "admin dashboard jsi18n-sample"
ERROR - 2021-01-15 10:58:46 --> Could not find the language line "admin dashboard jsi18n-sample"
ERROR - 2021-01-15 11:00:19 --> Could not find the language line "admin dashboard jsi18n-sample"
ERROR - 2021-01-15 11:06:58 --> Could not find the language line "admin dashboard jsi18n-sample"
ERROR - 2021-01-15 11:08:22 --> Severity: Warning --> pg_query() [<a href='function.pg-query'>function.pg-query</a>]: Query failed: ERROR:  invalid input syntax for integer: &quot;&quot;
LINE 9:      '',
             ^ /home/miracle/public_html/ci3_cgi/system/database/drivers/postgre/postgre_driver.php 242
ERROR - 2021-01-15 11:08:22 --> Query error: ERROR:  invalid input syntax for integer: ""
LINE 9:      '',
             ^ - Invalid query: INSERT INTO frontmed.neural_appointment (id, appointment_date, appointment_time, user_id, comment, component_id, visit_id, patient_id, created_by, select_option)
					SELECT (id + 1) AS last_id,
					'2021-01-29',
					'08:30',
					'85',
					'',
					'10',
					'2021576',
					'',
					'343',
					NULL
					FROM frontmed.neural_appointment ORDER BY id DESC LIMIT 1 RETURNING id AS last_id
ERROR - 2021-01-15 11:08:22 --> Severity: Warning --> pg_query() [<a href='function.pg-query'>function.pg-query</a>]: Query failed: ERROR:  invalid input syntax for integer: &quot;&quot;
LINE 9:      '',
             ^ /home/miracle/public_html/ci3_cgi/system/database/drivers/postgre/postgre_driver.php 242
ERROR - 2021-01-15 11:08:22 --> Query error: ERROR:  invalid input syntax for integer: ""
LINE 9:      '',
             ^ - Invalid query: INSERT INTO frontmed.neural_appointment (id, appointment_date, appointment_time, user_id, comment, component_id, visit_id, patient_id, created_by, select_option)
					SELECT (id + 1) AS last_id,
					'2021-01-29',
					'08:30',
					'85',
					'',
					'10',
					'2021576',
					'',
					'343',
					NULL
					FROM frontmed.neural_appointment ORDER BY id DESC LIMIT 1 RETURNING id AS last_id
ERROR - 2021-01-15 11:08:25 --> Severity: Warning --> pg_query() [<a href='function.pg-query'>function.pg-query</a>]: Query failed: ERROR:  invalid input syntax for integer: &quot;&quot;
LINE 9:      '',
             ^ /home/miracle/public_html/ci3_cgi/system/database/drivers/postgre/postgre_driver.php 242
ERROR - 2021-01-15 11:08:25 --> Query error: ERROR:  invalid input syntax for integer: ""
LINE 9:      '',
             ^ - Invalid query: INSERT INTO frontmed.neural_appointment (id, appointment_date, appointment_time, user_id, comment, component_id, visit_id, patient_id, created_by, select_option)
					SELECT (id + 1) AS last_id,
					'2021-01-29',
					'08:30',
					'85',
					'',
					'10',
					'2021576',
					'',
					'343',
					NULL
					FROM frontmed.neural_appointment ORDER BY id DESC LIMIT 1 RETURNING id AS last_id
ERROR - 2021-01-15 11:08:30 --> Severity: Warning --> pg_query() [<a href='function.pg-query'>function.pg-query</a>]: Query failed: ERROR:  invalid input syntax for integer: &quot;&quot;
LINE 9:      '',
             ^ /home/miracle/public_html/ci3_cgi/system/database/drivers/postgre/postgre_driver.php 242
ERROR - 2021-01-15 11:08:30 --> Query error: ERROR:  invalid input syntax for integer: ""
LINE 9:      '',
             ^ - Invalid query: INSERT INTO frontmed.neural_appointment (id, appointment_date, appointment_time, user_id, comment, component_id, visit_id, patient_id, created_by, select_option)
					SELECT (id + 1) AS last_id,
					'2021-01-29',
					'08:30',
					'85',
					'',
					'10',
					'2021576',
					'',
					'343',
					NULL
					FROM frontmed.neural_appointment ORDER BY id DESC LIMIT 1 RETURNING id AS last_id
ERROR - 2021-01-15 11:08:38 --> Severity: Warning --> pg_query() [<a href='function.pg-query'>function.pg-query</a>]: Query failed: ERROR:  invalid input syntax for integer: &quot;&quot;
LINE 9:      '',
             ^ /home/miracle/public_html/ci3_cgi/system/database/drivers/postgre/postgre_driver.php 242
ERROR - 2021-01-15 11:08:38 --> Query error: ERROR:  invalid input syntax for integer: ""
LINE 9:      '',
             ^ - Invalid query: INSERT INTO frontmed.neural_appointment (id, appointment_date, appointment_time, user_id, comment, component_id, visit_id, patient_id, created_by, select_option)
					SELECT (id + 1) AS last_id,
					'2021-01-29',
					'08:30',
					'85',
					'',
					'10',
					'2021576',
					'',
					'343',
					NULL
					FROM frontmed.neural_appointment ORDER BY id DESC LIMIT 1 RETURNING id AS last_id
ERROR - 2021-01-15 11:09:31 --> Severity: Warning --> pg_query() [<a href='function.pg-query'>function.pg-query</a>]: Query failed: ERROR:  invalid input syntax for integer: &quot;&quot;
LINE 9:      '',
             ^ /home/miracle/public_html/ci3_cgi/system/database/drivers/postgre/postgre_driver.php 242
ERROR - 2021-01-15 11:09:31 --> Query error: ERROR:  invalid input syntax for integer: ""
LINE 9:      '',
             ^ - Invalid query: INSERT INTO frontmed.neural_appointment (id, appointment_date, appointment_time, user_id, comment, component_id, visit_id, patient_id, created_by, select_option)
					SELECT (id + 1) AS last_id,
					'2021-01-29',
					'08:30',
					'85',
					'',
					'10',
					'2021576',
					'',
					'343',
					NULL
					FROM frontmed.neural_appointment ORDER BY id DESC LIMIT 1 RETURNING id AS last_id
ERROR - 2021-01-15 11:09:48 --> Severity: Warning --> pg_query() [<a href='function.pg-query'>function.pg-query</a>]: Query failed: ERROR:  invalid input syntax for integer: &quot;&quot;
LINE 9:      '',
             ^ /home/miracle/public_html/ci3_cgi/system/database/drivers/postgre/postgre_driver.php 242
ERROR - 2021-01-15 11:09:48 --> Query error: ERROR:  invalid input syntax for integer: ""
LINE 9:      '',
             ^ - Invalid query: INSERT INTO frontmed.neural_appointment (id, appointment_date, appointment_time, user_id, comment, component_id, visit_id, patient_id, created_by, select_option)
					SELECT (id + 1) AS last_id,
					'2021-01-29',
					'09:00',
					'85',
					'',
					'10',
					'2021576',
					'',
					'343',
					NULL
					FROM frontmed.neural_appointment ORDER BY id DESC LIMIT 1 RETURNING id AS last_id
ERROR - 2021-01-15 11:09:50 --> Severity: Warning --> pg_query() [<a href='function.pg-query'>function.pg-query</a>]: Query failed: ERROR:  invalid input syntax for integer: &quot;&quot;
LINE 9:      '',
             ^ /home/miracle/public_html/ci3_cgi/system/database/drivers/postgre/postgre_driver.php 242
ERROR - 2021-01-15 11:09:50 --> Query error: ERROR:  invalid input syntax for integer: ""
LINE 9:      '',
             ^ - Invalid query: INSERT INTO frontmed.neural_appointment (id, appointment_date, appointment_time, user_id, comment, component_id, visit_id, patient_id, created_by, select_option)
					SELECT (id + 1) AS last_id,
					'2021-01-29',
					'09:00',
					'85',
					'',
					'10',
					'2021576',
					'',
					'343',
					NULL
					FROM frontmed.neural_appointment ORDER BY id DESC LIMIT 1 RETURNING id AS last_id
ERROR - 2021-01-15 11:09:51 --> Severity: Warning --> pg_query() [<a href='function.pg-query'>function.pg-query</a>]: Query failed: ERROR:  invalid input syntax for integer: &quot;&quot;
LINE 9:      '',
             ^ /home/miracle/public_html/ci3_cgi/system/database/drivers/postgre/postgre_driver.php 242
ERROR - 2021-01-15 11:09:51 --> Query error: ERROR:  invalid input syntax for integer: ""
LINE 9:      '',
             ^ - Invalid query: INSERT INTO frontmed.neural_appointment (id, appointment_date, appointment_time, user_id, comment, component_id, visit_id, patient_id, created_by, select_option)
					SELECT (id + 1) AS last_id,
					'2021-01-29',
					'09:00',
					'85',
					'',
					'10',
					'2021576',
					'',
					'343',
					NULL
					FROM frontmed.neural_appointment ORDER BY id DESC LIMIT 1 RETURNING id AS last_id
ERROR - 2021-01-15 11:09:51 --> Severity: Warning --> pg_query() [<a href='function.pg-query'>function.pg-query</a>]: Query failed: ERROR:  invalid input syntax for integer: &quot;&quot;
LINE 9:      '',
             ^ /home/miracle/public_html/ci3_cgi/system/database/drivers/postgre/postgre_driver.php 242
ERROR - 2021-01-15 11:09:51 --> Query error: ERROR:  invalid input syntax for integer: ""
LINE 9:      '',
             ^ - Invalid query: INSERT INTO frontmed.neural_appointment (id, appointment_date, appointment_time, user_id, comment, component_id, visit_id, patient_id, created_by, select_option)
					SELECT (id + 1) AS last_id,
					'2021-01-29',
					'09:00',
					'85',
					'',
					'10',
					'2021576',
					'',
					'343',
					NULL
					FROM frontmed.neural_appointment ORDER BY id DESC LIMIT 1 RETURNING id AS last_id
ERROR - 2021-01-15 11:09:51 --> Severity: Warning --> pg_query() [<a href='function.pg-query'>function.pg-query</a>]: Query failed: ERROR:  invalid input syntax for integer: &quot;&quot;
LINE 9:      '',
             ^ /home/miracle/public_html/ci3_cgi/system/database/drivers/postgre/postgre_driver.php 242
ERROR - 2021-01-15 11:09:51 --> Query error: ERROR:  invalid input syntax for integer: ""
LINE 9:      '',
             ^ - Invalid query: INSERT INTO frontmed.neural_appointment (id, appointment_date, appointment_time, user_id, comment, component_id, visit_id, patient_id, created_by, select_option)
					SELECT (id + 1) AS last_id,
					'2021-01-29',
					'09:00',
					'85',
					'',
					'10',
					'2021576',
					'',
					'343',
					NULL
					FROM frontmed.neural_appointment ORDER BY id DESC LIMIT 1 RETURNING id AS last_id
ERROR - 2021-01-15 11:09:53 --> Severity: Warning --> pg_query() [<a href='function.pg-query'>function.pg-query</a>]: Query failed: ERROR:  invalid input syntax for integer: &quot;&quot;
LINE 9:      '',
             ^ /home/miracle/public_html/ci3_cgi/system/database/drivers/postgre/postgre_driver.php 242
ERROR - 2021-01-15 11:09:53 --> Query error: ERROR:  invalid input syntax for integer: ""
LINE 9:      '',
             ^ - Invalid query: INSERT INTO frontmed.neural_appointment (id, appointment_date, appointment_time, user_id, comment, component_id, visit_id, patient_id, created_by, select_option)
					SELECT (id + 1) AS last_id,
					'2021-01-29',
					'09:00',
					'85',
					'',
					'10',
					'2021576',
					'',
					'343',
					NULL
					FROM frontmed.neural_appointment ORDER BY id DESC LIMIT 1 RETURNING id AS last_id
ERROR - 2021-01-15 11:09:54 --> Severity: Warning --> pg_query() [<a href='function.pg-query'>function.pg-query</a>]: Query failed: ERROR:  invalid input syntax for integer: &quot;&quot;
LINE 9:      '',
             ^ /home/miracle/public_html/ci3_cgi/system/database/drivers/postgre/postgre_driver.php 242
ERROR - 2021-01-15 11:09:54 --> Query error: ERROR:  invalid input syntax for integer: ""
LINE 9:      '',
             ^ - Invalid query: INSERT INTO frontmed.neural_appointment (id, appointment_date, appointment_time, user_id, comment, component_id, visit_id, patient_id, created_by, select_option)
					SELECT (id + 1) AS last_id,
					'2021-01-29',
					'09:00',
					'85',
					'',
					'10',
					'2021576',
					'',
					'343',
					NULL
					FROM frontmed.neural_appointment ORDER BY id DESC LIMIT 1 RETURNING id AS last_id
ERROR - 2021-01-15 11:09:56 --> Severity: Warning --> pg_query() [<a href='function.pg-query'>function.pg-query</a>]: Query failed: ERROR:  invalid input syntax for integer: &quot;&quot;
LINE 9:      '',
             ^ /home/miracle/public_html/ci3_cgi/system/database/drivers/postgre/postgre_driver.php 242
ERROR - 2021-01-15 11:09:56 --> Query error: ERROR:  invalid input syntax for integer: ""
LINE 9:      '',
             ^ - Invalid query: INSERT INTO frontmed.neural_appointment (id, appointment_date, appointment_time, user_id, comment, component_id, visit_id, patient_id, created_by, select_option)
					SELECT (id + 1) AS last_id,
					'2021-01-29',
					'09:00',
					'85',
					'',
					'10',
					'2021576',
					'',
					'343',
					NULL
					FROM frontmed.neural_appointment ORDER BY id DESC LIMIT 1 RETURNING id AS last_id
ERROR - 2021-01-15 11:17:25 --> Could not find the language line "admin dashboard jsi18n-sample"
ERROR - 2021-01-15 11:18:53 --> Could not find the language line "admin dashboard jsi18n-sample"
ERROR - 2021-01-15 11:19:09 --> Could not find the language line "admin dashboard jsi18n-sample"
ERROR - 2021-01-15 13:02:07 --> Could not find the language line "admin dashboard jsi18n-sample"
ERROR - 2021-01-15 13:38:36 --> Could not find the language line "admin dashboard jsi18n-sample"
ERROR - 2021-01-15 13:48:16 --> Could not find the language line "admin dashboard jsi18n-sample"
ERROR - 2021-01-15 13:55:42 --> Could not find the language line "admin dashboard jsi18n-sample"
ERROR - 2021-01-15 14:24:16 --> Could not find the language line "admin dashboard jsi18n-sample"
ERROR - 2021-01-15 14:25:33 --> Could not find the language line "admin dashboard jsi18n-sample"
ERROR - 2021-01-15 14:30:38 --> Could not find the language line "admin dashboard jsi18n-sample"
ERROR - 2021-01-15 14:30:39 --> Could not find the language line "admin dashboard jsi18n-sample"
ERROR - 2021-01-15 14:30:39 --> Could not find the language line "admin dashboard jsi18n-sample"
ERROR - 2021-01-15 14:30:54 --> Could not find the language line "admin dashboard jsi18n-sample"
ERROR - 2021-01-15 14:31:10 --> Could not find the language line "admin dashboard jsi18n-sample"
ERROR - 2021-01-15 14:31:15 --> Could not find the language line "admin dashboard jsi18n-sample"
ERROR - 2021-01-15 14:31:23 --> Could not find the language line "admin dashboard jsi18n-sample"
ERROR - 2021-01-15 14:31:29 --> Could not find the language line "admin dashboard jsi18n-sample"
ERROR - 2021-01-15 14:48:29 --> Could not find the language line "admin dashboard jsi18n-sample"
ERROR - 2021-01-15 14:50:18 --> Could not find the language line "admin dashboard jsi18n-sample"
ERROR - 2021-01-15 15:12:05 --> Could not find the language line "admin dashboard jsi18n-sample"
