ERROR - 2020-08-14 08:32:32 --> Could not find the language line "admin dashboard jsi18n-sample"
ERROR - 2020-08-14 08:32:45 --> Could not find the language line "admin dashboard jsi18n-sample"
ERROR - 2020-08-14 08:56:44 --> Could not find the language line "admin dashboard jsi18n-sample"
ERROR - 2020-08-14 09:05:03 --> Could not find the language line "admin dashboard jsi18n-sample"
ERROR - 2020-08-14 09:13:49 --> Could not find the language line "admin dashboard jsi18n-sample"
ERROR - 2020-08-14 11:07:13 --> Could not find the language line "admin dashboard jsi18n-sample"
ERROR - 2020-08-14 12:10:12 --> Could not find the language line "admin dashboard jsi18n-sample"
ERROR - 2020-08-14 15:14:26 --> Could not find the language line "admin dashboard jsi18n-sample"
ERROR - 2020-08-14 15:16:39 --> Could not find the language line "admin dashboard jsi18n-sample"
ERROR - 2020-08-14 15:55:11 --> Severity: Warning --> pg_query() [<a href='function.pg-query'>function.pg-query</a>]: Query failed: ERROR:  invalid input syntax for integer: &quot;&quot;
LINE 9:      '',
             ^ /home/miracle/public_html/ci3_cgi/system/database/drivers/postgre/postgre_driver.php 242
ERROR - 2020-08-14 15:55:11 --> Query error: ERROR:  invalid input syntax for integer: ""
LINE 9:      '',
             ^ - Invalid query: INSERT INTO frontmed.neural_appointment (id, appointment_date, appointment_time, user_id, comment, component_id, visit_id, patient_id, created_by, select_option)
					SELECT (id + 1) AS last_id,
					'2020-08-25',
					'09:00',
					'127',
					'',
					'10',
					'1980733',
					'',
					'150',
					NULL
					FROM frontmed.neural_appointment ORDER BY id DESC LIMIT 1 RETURNING id AS last_id
ERROR - 2020-08-14 15:55:12 --> Severity: Warning --> pg_query() [<a href='function.pg-query'>function.pg-query</a>]: Query failed: ERROR:  invalid input syntax for integer: &quot;&quot;
LINE 9:      '',
             ^ /home/miracle/public_html/ci3_cgi/system/database/drivers/postgre/postgre_driver.php 242
ERROR - 2020-08-14 15:55:12 --> Query error: ERROR:  invalid input syntax for integer: ""
LINE 9:      '',
             ^ - Invalid query: INSERT INTO frontmed.neural_appointment (id, appointment_date, appointment_time, user_id, comment, component_id, visit_id, patient_id, created_by, select_option)
					SELECT (id + 1) AS last_id,
					'2020-08-25',
					'09:00',
					'127',
					'',
					'10',
					'1980733',
					'',
					'150',
					NULL
					FROM frontmed.neural_appointment ORDER BY id DESC LIMIT 1 RETURNING id AS last_id
ERROR - 2020-08-14 15:55:24 --> Could not find the language line "admin dashboard jsi18n-sample"
