ERROR - 2020-07-30 07:34:15 --> Could not find the language line "admin dashboard jsi18n-sample"
ERROR - 2020-07-30 07:35:22 --> Could not find the language line "admin dashboard jsi18n-sample"
ERROR - 2020-07-30 08:20:47 --> Could not find the language line "admin dashboard jsi18n-sample"
ERROR - 2020-07-30 08:48:21 --> Could not find the language line "admin dashboard jsi18n-sample"
ERROR - 2020-07-30 08:58:10 --> Severity: Warning --> pg_query() [<a href='function.pg-query'>function.pg-query</a>]: Query failed: ERROR:  invalid input syntax for integer: &quot;&quot;
LINE 9:      '',
             ^ /home/miracle/public_html/ci3_cgi/system/database/drivers/postgre/postgre_driver.php 242
ERROR - 2020-07-30 08:58:10 --> Query error: ERROR:  invalid input syntax for integer: ""
LINE 9:      '',
             ^ - Invalid query: INSERT INTO frontmed.neural_appointment (id, appointment_date, appointment_time, user_id, comment, component_id, visit_id, patient_id, created_by, select_option)
					SELECT (id + 1) AS last_id,
					'2020-07-30',
					'10:00',
					'85',
					'',
					'10',
					'1975859',
					'',
					'725',
					NULL
					FROM frontmed.neural_appointment ORDER BY id DESC LIMIT 1 RETURNING id AS last_id
ERROR - 2020-07-30 08:58:39 --> Severity: Warning --> pg_query() [<a href='function.pg-query'>function.pg-query</a>]: Query failed: ERROR:  invalid input syntax for integer: &quot;&quot;
LINE 9:      '',
             ^ /home/miracle/public_html/ci3_cgi/system/database/drivers/postgre/postgre_driver.php 242
ERROR - 2020-07-30 08:58:39 --> Query error: ERROR:  invalid input syntax for integer: ""
LINE 9:      '',
             ^ - Invalid query: INSERT INTO frontmed.neural_appointment (id, appointment_date, appointment_time, user_id, comment, component_id, visit_id, patient_id, created_by, select_option)
					SELECT (id + 1) AS last_id,
					'2020-07-30',
					'10:00',
					'85',
					'',
					'10',
					'1975859',
					'',
					'725',
					NULL
					FROM frontmed.neural_appointment ORDER BY id DESC LIMIT 1 RETURNING id AS last_id
ERROR - 2020-07-30 09:06:19 --> Could not find the language line "admin dashboard jsi18n-sample"
ERROR - 2020-07-30 09:06:24 --> Could not find the language line "admin dashboard jsi18n-sample"
ERROR - 2020-07-30 09:06:25 --> Could not find the language line "admin dashboard jsi18n-sample"
ERROR - 2020-07-30 09:06:37 --> Could not find the language line "admin dashboard jsi18n-sample"
ERROR - 2020-07-30 09:06:43 --> Could not find the language line "admin dashboard jsi18n-sample"
ERROR - 2020-07-30 09:39:34 --> Could not find the language line "admin dashboard jsi18n-sample"
ERROR - 2020-07-30 09:49:50 --> Could not find the language line "admin dashboard jsi18n-sample"
ERROR - 2020-07-30 10:37:55 --> Could not find the language line "admin dashboard jsi18n-sample"
ERROR - 2020-07-30 10:40:44 --> Could not find the language line "admin dashboard jsi18n-sample"
ERROR - 2020-07-30 10:46:07 --> Severity: Warning --> pg_query() [<a href='function.pg-query'>function.pg-query</a>]: Query failed: FATAL:  terminating connection due to administrator command
server closed the connection unexpectedly
	This probably means the server terminated abnormally
	before or while processing the request. /home/miracle/public_html/ci3_cgi/system/database/drivers/postgre/postgre_driver.php 242
ERROR - 2020-07-30 10:46:07 --> Severity: Warning --> pg_query() [<a href='function.pg-query'>function.pg-query</a>]: Query failed: FATAL:  terminating connection due to administrator command
server closed the connection unexpectedly
	This probably means the server terminated abnormally
	before or while processing the request. /home/miracle/public_html/ci3_cgi/system/database/drivers/postgre/postgre_driver.php 242
ERROR - 2020-07-30 10:46:07 --> Query error: FATAL:  terminating connection due to administrator command
server closed the connection unexpectedly
	This probably means the server terminated abnormally
	before or while processing the request. - Invalid query: SELECT log.vn_id, log.vn, to_char(log.date_add, 'HH24:MI') AS time_th, patient.hn, patient.pa_pre_name || patient.pa_name || ' ' || patient.pa_lastname AS patient_name, log.station_id, appointment.id AS appointment_id, log.nano_queue_id AS queue_id
				FROM jvkk.nano_queue_log AS log
				INNER JOIN medrec.nano_visit AS visit ON visit.vn = log.vn
				INNER JOIN medrec.nano_patient AS patient ON patient.id = visit.id_patient
				INNER JOIN (SELECT vn, MAX(id) AS max_id FROM jvkk.nano_queue_log WHERE to_char(date_add, 'YYYY-MM-DD') = '2020-07-30' AND station_id IS NOT NULL GROUP BY vn) AS queue_max ON (queue_max.max_id=log.id)
				LEFT JOIN frontmed.neural_appointment AS appointment ON appointment.visit_id = visit.id
				WHERE log.com_id1 = '10' AND log.com_id2 = '27' AND log.station_id = '6'
				GROUP BY log.vn_id, log.vn, log.date_add, patient.hn, patient.pa_pre_name, patient.pa_name, patient.pa_lastname, log.station_id, appointment.id, log.nano_queue_id
				ORDER BY time_th ASC
ERROR - 2020-07-30 10:46:07 --> Severity: Warning --> pg_query() [<a href='function.pg-query'>function.pg-query</a>]: Query failed: FATAL:  terminating connection due to administrator command
server closed the connection unexpectedly
	This probably means the server terminated abnormally
	before or while processing the request. /home/miracle/public_html/ci3_cgi/system/database/drivers/postgre/postgre_driver.php 242
ERROR - 2020-07-30 10:46:07 --> Severity: Warning --> pg_query() [<a href='function.pg-query'>function.pg-query</a>]: Query failed: FATAL:  terminating connection due to administrator command
server closed the connection unexpectedly
	This probably means the server terminated abnormally
	before or while processing the request. /home/miracle/public_html/ci3_cgi/system/database/drivers/postgre/postgre_driver.php 242
ERROR - 2020-07-30 10:46:07 --> Severity: Warning --> pg_query() [<a href='function.pg-query'>function.pg-query</a>]: Query failed: FATAL:  terminating connection due to administrator command
server closed the connection unexpectedly
	This probably means the server terminated abnormally
	before or while processing the request. /home/miracle/public_html/ci3_cgi/system/database/drivers/postgre/postgre_driver.php 242
ERROR - 2020-07-30 10:46:07 --> Severity: Warning --> pg_query() [<a href='function.pg-query'>function.pg-query</a>]: Query failed: FATAL:  terminating connection due to administrator command
server closed the connection unexpectedly
	This probably means the server terminated abnormally
	before or while processing the request. /home/miracle/public_html/ci3_cgi/system/database/drivers/postgre/postgre_driver.php 242
ERROR - 2020-07-30 10:46:07 --> Severity: Warning --> pg_query() [<a href='function.pg-query'>function.pg-query</a>]: Query failed: FATAL:  terminating connection due to administrator command
server closed the connection unexpectedly
	This probably means the server terminated abnormally
	before or while processing the request. /home/miracle/public_html/ci3_cgi/system/database/drivers/postgre/postgre_driver.php 242
ERROR - 2020-07-30 10:46:07 --> Severity: Warning --> pg_query() [<a href='function.pg-query'>function.pg-query</a>]: Query failed: FATAL:  terminating connection due to administrator command
server closed the connection unexpectedly
	This probably means the server terminated abnormally
	before or while processing the request. /home/miracle/public_html/ci3_cgi/system/database/drivers/postgre/postgre_driver.php 242
ERROR - 2020-07-30 10:46:07 --> Severity: Warning --> pg_query() [<a href='function.pg-query'>function.pg-query</a>]: Query failed: FATAL:  terminating connection due to administrator command
server closed the connection unexpectedly
	This probably means the server terminated abnormally
	before or while processing the request. /home/miracle/public_html/ci3_cgi/system/database/drivers/postgre/postgre_driver.php 242
ERROR - 2020-07-30 10:46:07 --> Query error: FATAL:  terminating connection due to administrator command
server closed the connection unexpectedly
	This probably means the server terminated abnormally
	before or while processing the request. - Invalid query: SELECT log.vn_id, log.vn, to_char(log.date_add, 'HH24:MI') AS time_th, patient.hn, patient.pa_pre_name || patient.pa_name || ' ' || patient.pa_lastname AS patient_name, log.station_id, appointment.id AS appointment_id, log.nano_queue_id AS queue_id
				FROM jvkk.nano_queue_log AS log
				INNER JOIN medrec.nano_visit AS visit ON visit.vn = log.vn
				INNER JOIN medrec.nano_patient AS patient ON patient.id = visit.id_patient
				INNER JOIN (SELECT vn, MAX(id) AS max_id FROM jvkk.nano_queue_log WHERE to_char(date_add, 'YYYY-MM-DD') = '2020-07-30' AND station_id IS NOT NULL GROUP BY vn) AS queue_max ON (queue_max.max_id=log.id)
				LEFT JOIN frontmed.neural_appointment AS appointment ON appointment.visit_id = visit.id
				WHERE log.com_id1 = '10' AND log.com_id2 = '27' AND log.station_id = '7'
				GROUP BY log.vn_id, log.vn, log.date_add, patient.hn, patient.pa_pre_name, patient.pa_name, patient.pa_lastname, log.station_id, appointment.id, log.nano_queue_id
				ORDER BY time_th ASC
ERROR - 2020-07-30 10:46:07 --> Severity: Warning --> pg_query() [<a href='function.pg-query'>function.pg-query</a>]: Query failed: FATAL:  terminating connection due to administrator command
server closed the connection unexpectedly
	This probably means the server terminated abnormally
	before or while processing the request. /home/miracle/public_html/ci3_cgi/system/database/drivers/postgre/postgre_driver.php 242
ERROR - 2020-07-30 10:46:07 --> Query error: FATAL:  terminating connection due to administrator command
server closed the connection unexpectedly
	This probably means the server terminated abnormally
	before or while processing the request. - Invalid query: SELECT log.vn_id, log.vn, to_char(log.date_add, 'HH24:MI') AS time_th, patient.hn, patient.pa_pre_name || patient.pa_name || ' ' || patient.pa_lastname AS patient_name, log.station_id, appointment.id AS appointment_id, log.nano_queue_id AS queue_id
				FROM jvkk.nano_queue_log AS log
				INNER JOIN medrec.nano_visit AS visit ON visit.vn = log.vn
				INNER JOIN medrec.nano_patient AS patient ON patient.id = visit.id_patient
				INNER JOIN (SELECT vn, MAX(id) AS max_id FROM jvkk.nano_queue_log WHERE to_char(date_add, 'YYYY-MM-DD') = '2020-07-30' AND station_id IS NOT NULL GROUP BY vn) AS queue_max ON (queue_max.max_id=log.id)
				LEFT JOIN frontmed.neural_appointment AS appointment ON appointment.visit_id = visit.id
				WHERE log.com_id1 = '10' AND log.com_id2 = '27' AND log.station_id = '6'
				GROUP BY log.vn_id, log.vn, log.date_add, patient.hn, patient.pa_pre_name, patient.pa_name, patient.pa_lastname, log.station_id, appointment.id, log.nano_queue_id
				ORDER BY time_th ASC
ERROR - 2020-07-30 10:46:07 --> Query error: FATAL:  terminating connection due to administrator command
server closed the connection unexpectedly
	This probably means the server terminated abnormally
	before or while processing the request. - Invalid query: SELECT "session"."id"
FROM "jvkk"."nano_session" AS "session"
WHERE "session"."session_user_id" IS NULL
ERROR - 2020-07-30 10:46:07 --> Query error: FATAL:  terminating connection due to administrator command
server closed the connection unexpectedly
	This probably means the server terminated abnormally
	before or while processing the request. - Invalid query: SELECT "session"."id"
FROM "jvkk"."nano_session" AS "session"
WHERE "session"."session_user_id" IS NULL
ERROR - 2020-07-30 10:46:07 --> Query error: FATAL:  terminating connection due to administrator command
server closed the connection unexpectedly
	This probably means the server terminated abnormally
	before or while processing the request. - Invalid query: SELECT * FROM public.settings ORDER BY sort_order ASC
ERROR - 2020-07-30 10:46:07 --> Query error: FATAL:  terminating connection due to administrator command
server closed the connection unexpectedly
	This probably means the server terminated abnormally
	before or while processing the request. - Invalid query: SELECT * FROM public.settings ORDER BY sort_order ASC
ERROR - 2020-07-30 10:46:07 --> Query error: FATAL:  terminating connection due to administrator command
server closed the connection unexpectedly
	This probably means the server terminated abnormally
	before or while processing the request. - Invalid query: SELECT * FROM public.settings ORDER BY sort_order ASC
ERROR - 2020-07-30 10:46:07 --> Query error: FATAL:  terminating connection due to administrator command
server closed the connection unexpectedly
	This probably means the server terminated abnormally
	before or while processing the request. - Invalid query: SELECT * FROM public.settings ORDER BY sort_order ASC
ERROR - 2020-07-30 10:46:07 --> Query error: FATAL:  terminating connection due to administrator command
server closed the connection unexpectedly
	This probably means the server terminated abnormally
	before or while processing the request. - Invalid query: SELECT * FROM public.settings ORDER BY sort_order ASC
ERROR - 2020-07-30 10:46:07 --> Severity: Warning --> Unknown: Failed to write session data (user). Please verify that the current setting of session.save_path is correct () Unknown 0
ERROR - 2020-07-30 10:46:07 --> Severity: Warning --> Unknown: Failed to write session data (user). Please verify that the current setting of session.save_path is correct () Unknown 0
ERROR - 2020-07-30 10:46:07 --> Severity: Warning --> Unknown: Failed to write session data (user). Please verify that the current setting of session.save_path is correct () Unknown 0
ERROR - 2020-07-30 10:46:07 --> Severity: Warning --> Unknown: Failed to write session data (user). Please verify that the current setting of session.save_path is correct () Unknown 0
ERROR - 2020-07-30 10:46:07 --> Severity: Warning --> Unknown: Failed to write session data (user). Please verify that the current setting of session.save_path is correct () Unknown 0
ERROR - 2020-07-30 10:46:07 --> Severity: Warning --> Unknown: Failed to write session data (user). Please verify that the current setting of session.save_path is correct () Unknown 0
ERROR - 2020-07-30 10:46:07 --> Severity: Warning --> Unknown: Failed to write session data (user). Please verify that the current setting of session.save_path is correct () Unknown 0
ERROR - 2020-07-30 10:46:07 --> Query error: FATAL:  terminating connection due to administrator command
server closed the connection unexpectedly
	This probably means the server terminated abnormally
	before or while processing the request. - Invalid query: UPDATE "frontmed"."ci_sessions" SET "timestamp" = 1596080767
WHERE "id" = 'bv9mr1qjtkqog586orpgofm2am7fuep3'
AND "ip_address" = '192.168.10.153'
ERROR - 2020-07-30 10:46:07 --> Query error: FATAL:  terminating connection due to administrator command
server closed the connection unexpectedly
	This probably means the server terminated abnormally
	before or while processing the request. - Invalid query: UPDATE "frontmed"."ci_sessions" SET "timestamp" = 1596080767
WHERE "id" = 'oeul6sqj13k1b69q7nc09p18jigpc3i4'
AND "ip_address" = '192.168.10.52'
ERROR - 2020-07-30 10:46:07 --> Query error: FATAL:  terminating connection due to administrator command
server closed the connection unexpectedly
	This probably means the server terminated abnormally
	before or while processing the request. - Invalid query: UPDATE "frontmed"."ci_sessions" SET "timestamp" = 1596080767
WHERE "id" = '92fk57kkrgapk3iqh008dbiadnporv1a'
AND "ip_address" = '192.168.20.155'
ERROR - 2020-07-30 10:46:09 --> Severity: Warning --> pg_connect() [<a href='function.pg-connect'>function.pg-connect</a>]: Unable to connect to PostgreSQL server: FATAL:  the database system is shutting down /home/miracle/public_html/ci3_cgi/system/database/drivers/postgre/postgre_driver.php 154
ERROR - 2020-07-30 10:46:09 --> Unable to connect to the database
ERROR - 2020-07-30 10:46:09 --> Severity: Warning --> pg_connect() [<a href='function.pg-connect'>function.pg-connect</a>]: Unable to connect to PostgreSQL server: FATAL:  the database system is shutting down /home/miracle/public_html/ci3_cgi/system/database/drivers/postgre/postgre_driver.php 154
ERROR - 2020-07-30 10:46:09 --> Unable to connect to the database
ERROR - 2020-07-30 10:46:09 --> Severity: Warning --> pg_connect() [<a href='function.pg-connect'>function.pg-connect</a>]: Unable to connect to PostgreSQL server: FATAL:  the database system is shutting down /home/miracle/public_html/ci3_cgi/system/database/drivers/postgre/postgre_driver.php 154
ERROR - 2020-07-30 10:46:09 --> Unable to connect to the database
ERROR - 2020-07-30 10:46:09 --> Severity: Warning --> pg_connect() [<a href='function.pg-connect'>function.pg-connect</a>]: Unable to connect to PostgreSQL server: FATAL:  the database system is shutting down /home/miracle/public_html/ci3_cgi/system/database/drivers/postgre/postgre_driver.php 154
ERROR - 2020-07-30 10:46:09 --> Unable to connect to the database
ERROR - 2020-07-30 10:46:09 --> Severity: Warning --> pg_connect() [<a href='function.pg-connect'>function.pg-connect</a>]: Unable to connect to PostgreSQL server: FATAL:  the database system is shutting down /home/miracle/public_html/ci3_cgi/system/database/drivers/postgre/postgre_driver.php 154
ERROR - 2020-07-30 10:46:09 --> Unable to connect to the database
ERROR - 2020-07-30 10:46:09 --> Severity: Warning --> pg_connect() [<a href='function.pg-connect'>function.pg-connect</a>]: Unable to connect to PostgreSQL server: FATAL:  the database system is shutting down /home/miracle/public_html/ci3_cgi/system/database/drivers/postgre/postgre_driver.php 154
ERROR - 2020-07-30 10:46:09 --> Unable to connect to the database
ERROR - 2020-07-30 10:46:09 --> Severity: Warning --> pg_connect() [<a href='function.pg-connect'>function.pg-connect</a>]: Unable to connect to PostgreSQL server: FATAL:  the database system is shutting down /home/miracle/public_html/ci3_cgi/system/database/drivers/postgre/postgre_driver.php 154
ERROR - 2020-07-30 10:46:09 --> Unable to connect to the database
ERROR - 2020-07-30 10:46:09 --> Severity: Warning --> pg_connect() [<a href='function.pg-connect'>function.pg-connect</a>]: Unable to connect to PostgreSQL server: FATAL:  the database system is shutting down /home/miracle/public_html/ci3_cgi/system/database/drivers/postgre/postgre_driver.php 154
ERROR - 2020-07-30 10:46:09 --> Unable to connect to the database
ERROR - 2020-07-30 10:46:09 --> Severity: Warning --> pg_connect() [<a href='function.pg-connect'>function.pg-connect</a>]: Unable to connect to PostgreSQL server: FATAL:  the database system is shutting down /home/miracle/public_html/ci3_cgi/system/database/drivers/postgre/postgre_driver.php 154
ERROR - 2020-07-30 10:46:09 --> Unable to connect to the database
ERROR - 2020-07-30 10:51:27 --> Could not find the language line "admin dashboard jsi18n-sample"
ERROR - 2020-07-30 11:38:29 --> Could not find the language line "admin dashboard jsi18n-sample"
ERROR - 2020-07-30 11:59:06 --> Could not find the language line "admin dashboard jsi18n-sample"
ERROR - 2020-07-30 11:59:25 --> Could not find the language line "admin dashboard jsi18n-sample"
ERROR - 2020-07-30 11:59:25 --> Could not find the language line "admin dashboard jsi18n-sample"
ERROR - 2020-07-30 12:57:07 --> Could not find the language line "admin dashboard jsi18n-sample"
ERROR - 2020-07-30 12:57:15 --> Could not find the language line "admin dashboard jsi18n-sample"
ERROR - 2020-07-30 12:57:18 --> Could not find the language line "admin dashboard jsi18n-sample"
ERROR - 2020-07-30 12:57:21 --> Could not find the language line "admin dashboard jsi18n-sample"
ERROR - 2020-07-30 12:57:23 --> Could not find the language line "admin dashboard jsi18n-sample"
ERROR - 2020-07-30 12:57:27 --> Could not find the language line "admin dashboard jsi18n-sample"
ERROR - 2020-07-30 13:38:56 --> Could not find the language line "admin dashboard jsi18n-sample"
ERROR - 2020-07-30 13:46:50 --> Could not find the language line "admin dashboard jsi18n-sample"
ERROR - 2020-07-30 13:52:28 --> Could not find the language line "admin dashboard jsi18n-sample"
ERROR - 2020-07-30 14:30:09 --> Could not find the language line "admin dashboard jsi18n-sample"
ERROR - 2020-07-30 14:31:28 --> Could not find the language line "admin dashboard jsi18n-sample"
ERROR - 2020-07-30 16:06:26 --> Could not find the language line "admin dashboard jsi18n-sample"
ERROR - 2020-07-30 16:07:16 --> Severity: Warning --> pg_query() [<a href='function.pg-query'>function.pg-query</a>]: Query failed: ERROR:  invalid input syntax for integer: &quot;&quot;
LINE 9:      '',
             ^ /home/miracle/public_html/ci3_cgi/system/database/drivers/postgre/postgre_driver.php 242
ERROR - 2020-07-30 16:07:16 --> Query error: ERROR:  invalid input syntax for integer: ""
LINE 9:      '',
             ^ - Invalid query: INSERT INTO frontmed.neural_appointment (id, appointment_date, appointment_time, user_id, comment, component_id, visit_id, patient_id, created_by, select_option)
					SELECT (id + 1) AS last_id,
					'2020-08-28',
					'10:00',
					'142',
					'จิตบำบัด กานดา',
					'19',
					'1976268',
					'',
					'142',
					NULL
					FROM frontmed.neural_appointment ORDER BY id DESC LIMIT 1 RETURNING id AS last_id
ERROR - 2020-07-30 16:07:38 --> Severity: Warning --> pg_query() [<a href='function.pg-query'>function.pg-query</a>]: Query failed: ERROR:  invalid input syntax for integer: &quot;&quot;
LINE 9:      '',
             ^ /home/miracle/public_html/ci3_cgi/system/database/drivers/postgre/postgre_driver.php 242
ERROR - 2020-07-30 16:07:38 --> Query error: ERROR:  invalid input syntax for integer: ""
LINE 9:      '',
             ^ - Invalid query: INSERT INTO frontmed.neural_appointment (id, appointment_date, appointment_time, user_id, comment, component_id, visit_id, patient_id, created_by, select_option)
					SELECT (id + 1) AS last_id,
					'2020-08-28',
					'10:00',
					'142',
					'จิตบำบัด กานดา',
					'19',
					'1976268',
					'',
					'142',
					NULL
					FROM frontmed.neural_appointment ORDER BY id DESC LIMIT 1 RETURNING id AS last_id
ERROR - 2020-07-30 16:34:03 --> Could not find the language line "admin dashboard jsi18n-sample"
