ERROR - 2021-05-01 08:47:12 --> Could not find the language line "admin dashboard jsi18n-sample"
ERROR - 2021-05-01 08:47:25 --> Could not find the language line "admin dashboard jsi18n-sample"
ERROR - 2021-05-01 08:47:29 --> Could not find the language line "admin dashboard jsi18n-sample"
ERROR - 2021-05-01 08:47:48 --> Could not find the language line "admin dashboard jsi18n-sample"
ERROR - 2021-05-01 08:47:49 --> Could not find the language line "admin dashboard jsi18n-sample"
ERROR - 2021-05-01 08:48:01 --> Could not find the language line "admin dashboard jsi18n-sample"
ERROR - 2021-05-01 10:33:27 --> Could not find the language line "admin dashboard jsi18n-sample"
ERROR - 2021-05-01 11:19:53 --> Could not find the language line "admin dashboard jsi18n-sample"
ERROR - 2021-05-01 11:43:23 --> Could not find the language line "admin dashboard jsi18n-sample"
ERROR - 2021-05-01 12:59:40 --> Severity: Warning --> pg_query() [<a href='function.pg-query'>function.pg-query</a>]: Query failed: ERROR:  invalid input syntax for integer: &quot;&quot;
LINE 9:      '',
             ^ /home/miracle/public_html/ci3_cgi/system/database/drivers/postgre/postgre_driver.php 242
ERROR - 2021-05-01 12:59:40 --> Query error: ERROR:  invalid input syntax for integer: ""
LINE 9:      '',
             ^ - Invalid query: INSERT INTO frontmed.neural_appointment (id, appointment_date, appointment_time, user_id, comment, component_id, visit_id, patient_id, created_by, select_option)
					SELECT (id + 1) AS last_id,
					'2021-05-29',
					'09:00',
					'145',
					'จิตบำบัด อัจฉรา',
					'19',
					'2049290',
					'',
					'145',
					NULL
					FROM frontmed.neural_appointment ORDER BY id DESC LIMIT 1 RETURNING id AS last_id
ERROR - 2021-05-01 12:59:40 --> Severity: Warning --> pg_query() [<a href='function.pg-query'>function.pg-query</a>]: Query failed: ERROR:  invalid input syntax for integer: &quot;&quot;
LINE 9:      '',
             ^ /home/miracle/public_html/ci3_cgi/system/database/drivers/postgre/postgre_driver.php 242
ERROR - 2021-05-01 12:59:40 --> Query error: ERROR:  invalid input syntax for integer: ""
LINE 9:      '',
             ^ - Invalid query: INSERT INTO frontmed.neural_appointment (id, appointment_date, appointment_time, user_id, comment, component_id, visit_id, patient_id, created_by, select_option)
					SELECT (id + 1) AS last_id,
					'2021-05-29',
					'09:00',
					'145',
					'จิตบำบัด อัจฉรา',
					'19',
					'2049290',
					'',
					'145',
					NULL
					FROM frontmed.neural_appointment ORDER BY id DESC LIMIT 1 RETURNING id AS last_id
ERROR - 2021-05-01 12:59:40 --> Severity: Warning --> pg_query() [<a href='function.pg-query'>function.pg-query</a>]: Query failed: ERROR:  invalid input syntax for integer: &quot;&quot;
LINE 9:      '',
             ^ /home/miracle/public_html/ci3_cgi/system/database/drivers/postgre/postgre_driver.php 242
ERROR - 2021-05-01 12:59:40 --> Query error: ERROR:  invalid input syntax for integer: ""
LINE 9:      '',
             ^ - Invalid query: INSERT INTO frontmed.neural_appointment (id, appointment_date, appointment_time, user_id, comment, component_id, visit_id, patient_id, created_by, select_option)
					SELECT (id + 1) AS last_id,
					'2021-05-29',
					'09:00',
					'145',
					'จิตบำบัด อัจฉรา',
					'19',
					'2049290',
					'',
					'145',
					NULL
					FROM frontmed.neural_appointment ORDER BY id DESC LIMIT 1 RETURNING id AS last_id
ERROR - 2021-05-01 12:59:40 --> Severity: Warning --> pg_query() [<a href='function.pg-query'>function.pg-query</a>]: Query failed: ERROR:  invalid input syntax for integer: &quot;&quot;
LINE 9:      '',
             ^ /home/miracle/public_html/ci3_cgi/system/database/drivers/postgre/postgre_driver.php 242
ERROR - 2021-05-01 12:59:40 --> Query error: ERROR:  invalid input syntax for integer: ""
LINE 9:      '',
             ^ - Invalid query: INSERT INTO frontmed.neural_appointment (id, appointment_date, appointment_time, user_id, comment, component_id, visit_id, patient_id, created_by, select_option)
					SELECT (id + 1) AS last_id,
					'2021-05-29',
					'09:00',
					'145',
					'จิตบำบัด อัจฉรา',
					'19',
					'2049290',
					'',
					'145',
					NULL
					FROM frontmed.neural_appointment ORDER BY id DESC LIMIT 1 RETURNING id AS last_id
ERROR - 2021-05-01 12:59:40 --> Severity: Warning --> pg_query() [<a href='function.pg-query'>function.pg-query</a>]: Query failed: ERROR:  invalid input syntax for integer: &quot;&quot;
LINE 9:      '',
             ^ /home/miracle/public_html/ci3_cgi/system/database/drivers/postgre/postgre_driver.php 242
ERROR - 2021-05-01 12:59:40 --> Query error: ERROR:  invalid input syntax for integer: ""
LINE 9:      '',
             ^ - Invalid query: INSERT INTO frontmed.neural_appointment (id, appointment_date, appointment_time, user_id, comment, component_id, visit_id, patient_id, created_by, select_option)
					SELECT (id + 1) AS last_id,
					'2021-05-29',
					'09:00',
					'145',
					'จิตบำบัด อัจฉรา',
					'19',
					'2049290',
					'',
					'145',
					NULL
					FROM frontmed.neural_appointment ORDER BY id DESC LIMIT 1 RETURNING id AS last_id
