ERROR - 2020-12-19 09:22:10 --> Could not find the language line "admin dashboard jsi18n-sample"
ERROR - 2020-12-19 09:22:14 --> Could not find the language line "admin dashboard jsi18n-sample"
ERROR - 2020-12-19 10:35:18 --> Could not find the language line "admin dashboard jsi18n-sample"
ERROR - 2020-12-19 10:45:18 --> Severity: Warning --> pg_query() [<a href='function.pg-query'>function.pg-query</a>]: Query failed: ERROR:  invalid input syntax for integer: &quot;&quot;
LINE 1: ...01-16', &quot;appointment_time&quot; = '09:00', &quot;user_id&quot; = '', &quot;comme...
                                                             ^ /home/miracle/public_html/ci3_cgi/system/database/drivers/postgre/postgre_driver.php 242
ERROR - 2020-12-19 10:45:18 --> Query error: ERROR:  invalid input syntax for integer: ""
LINE 1: ...01-16', "appointment_time" = '09:00', "user_id" = '', "comme...
                                                             ^ - Invalid query: UPDATE "frontmed"."neural_appointment" SET "appointment_date" = '2021-01-16', "appointment_time" = '09:00', "user_id" = '', "comment" = 'MMSE ก่อนพบแพทย์', "component_id" = '19', "visit_id" = '2014508', "patient_id" = '197262', "created_by" = '60', "update_date" = '2020-12-19 10:45:18'
WHERE "neural_appointment"."id" = '841946'
ERROR - 2020-12-19 10:45:37 --> Severity: Warning --> pg_query() [<a href='function.pg-query'>function.pg-query</a>]: Query failed: ERROR:  invalid input syntax for integer: &quot;&quot;
LINE 1: ...01-16', &quot;appointment_time&quot; = '09:00', &quot;user_id&quot; = '', &quot;comme...
                                                             ^ /home/miracle/public_html/ci3_cgi/system/database/drivers/postgre/postgre_driver.php 242
ERROR - 2020-12-19 10:45:37 --> Query error: ERROR:  invalid input syntax for integer: ""
LINE 1: ...01-16', "appointment_time" = '09:00', "user_id" = '', "comme...
                                                             ^ - Invalid query: UPDATE "frontmed"."neural_appointment" SET "appointment_date" = '2021-01-16', "appointment_time" = '09:00', "user_id" = '', "comment" = 'MMSE ก่อนพบแพทย์', "component_id" = '19', "visit_id" = '2014508', "patient_id" = '197262', "created_by" = '60', "update_date" = '2020-12-19 10:45:37'
WHERE "neural_appointment"."id" = '841946'
ERROR - 2020-12-19 10:45:37 --> Severity: Warning --> pg_query() [<a href='function.pg-query'>function.pg-query</a>]: Query failed: ERROR:  invalid input syntax for integer: &quot;&quot;
LINE 1: ...01-16', &quot;appointment_time&quot; = '09:00', &quot;user_id&quot; = '', &quot;comme...
                                                             ^ /home/miracle/public_html/ci3_cgi/system/database/drivers/postgre/postgre_driver.php 242
ERROR - 2020-12-19 10:45:37 --> Query error: ERROR:  invalid input syntax for integer: ""
LINE 1: ...01-16', "appointment_time" = '09:00', "user_id" = '', "comme...
                                                             ^ - Invalid query: UPDATE "frontmed"."neural_appointment" SET "appointment_date" = '2021-01-16', "appointment_time" = '09:00', "user_id" = '', "comment" = 'MMSE ก่อนพบแพทย์', "component_id" = '19', "visit_id" = '2014508', "patient_id" = '197262', "created_by" = '60', "update_date" = '2020-12-19 10:45:37'
WHERE "neural_appointment"."id" = '841946'
ERROR - 2020-12-19 10:51:35 --> Could not find the language line "admin dashboard jsi18n-sample"
ERROR - 2020-12-19 13:17:44 --> Could not find the language line "admin dashboard jsi18n-sample"
ERROR - 2020-12-19 13:35:09 --> Could not find the language line "admin dashboard jsi18n-sample"
ERROR - 2020-12-19 13:42:29 --> Could not find the language line "admin dashboard jsi18n-sample"
ERROR - 2020-12-19 13:42:48 --> Could not find the language line "admin dashboard jsi18n-sample"
ERROR - 2020-12-19 13:42:48 --> Could not find the language line "admin dashboard jsi18n-sample"
ERROR - 2020-12-19 13:42:48 --> Could not find the language line "admin dashboard jsi18n-sample"
ERROR - 2020-12-19 13:43:25 --> Could not find the language line "admin dashboard jsi18n-sample"
ERROR - 2020-12-19 13:43:49 --> Could not find the language line "admin dashboard jsi18n-sample"
ERROR - 2020-12-19 13:57:46 --> Could not find the language line "admin dashboard jsi18n-sample"
ERROR - 2020-12-19 13:58:51 --> Could not find the language line "admin dashboard jsi18n-sample"
ERROR - 2020-12-19 13:59:18 --> Could not find the language line "admin dashboard jsi18n-sample"
ERROR - 2020-12-19 13:59:18 --> Could not find the language line "admin dashboard jsi18n-sample"
ERROR - 2020-12-19 13:59:18 --> Could not find the language line "admin dashboard jsi18n-sample"
ERROR - 2020-12-19 13:59:18 --> Could not find the language line "admin dashboard jsi18n-sample"
ERROR - 2020-12-19 13:59:18 --> Could not find the language line "admin dashboard jsi18n-sample"
ERROR - 2020-12-19 13:59:53 --> Could not find the language line "admin dashboard jsi18n-sample"
ERROR - 2020-12-19 14:00:05 --> Could not find the language line "admin dashboard jsi18n-sample"
ERROR - 2020-12-19 14:00:05 --> Could not find the language line "admin dashboard jsi18n-sample"
ERROR - 2020-12-19 14:00:05 --> Could not find the language line "admin dashboard jsi18n-sample"
ERROR - 2020-12-19 14:00:05 --> Could not find the language line "admin dashboard jsi18n-sample"
ERROR - 2020-12-19 14:00:05 --> Could not find the language line "admin dashboard jsi18n-sample"
ERROR - 2020-12-19 14:00:05 --> Could not find the language line "admin dashboard jsi18n-sample"
ERROR - 2020-12-19 14:00:41 --> Could not find the language line "admin dashboard jsi18n-sample"
ERROR - 2020-12-19 14:00:51 --> Could not find the language line "admin dashboard jsi18n-sample"
ERROR - 2020-12-19 14:01:10 --> Could not find the language line "admin dashboard jsi18n-sample"
ERROR - 2020-12-19 14:01:30 --> Could not find the language line "admin dashboard jsi18n-sample"
