ERROR - 2020-08-26 08:23:06 --> Could not find the language line "admin dashboard jsi18n-sample"
ERROR - 2020-08-26 08:23:53 --> Could not find the language line "admin dashboard jsi18n-sample"
ERROR - 2020-08-26 08:28:25 --> Could not find the language line "admin dashboard jsi18n-sample"
ERROR - 2020-08-26 09:34:49 --> Could not find the language line "admin dashboard jsi18n-sample"
ERROR - 2020-08-26 09:39:23 --> Could not find the language line "admin dashboard jsi18n-sample"
ERROR - 2020-08-26 09:39:44 --> Could not find the language line "admin dashboard jsi18n-sample"
ERROR - 2020-08-26 09:40:34 --> Could not find the language line "admin dashboard jsi18n-sample"
ERROR - 2020-08-26 09:40:48 --> Could not find the language line "admin dashboard jsi18n-sample"
ERROR - 2020-08-26 09:42:57 --> Could not find the language line "admin dashboard jsi18n-sample"
ERROR - 2020-08-26 09:43:19 --> Could not find the language line "admin dashboard jsi18n-sample"
ERROR - 2020-08-26 10:04:30 --> Could not find the language line "admin dashboard jsi18n-sample"
ERROR - 2020-08-26 10:06:06 --> Could not find the language line "admin dashboard jsi18n-sample"
ERROR - 2020-08-26 10:10:17 --> Could not find the language line "admin dashboard jsi18n-sample"
ERROR - 2020-08-26 10:19:54 --> Could not find the language line "admin dashboard jsi18n-sample"
ERROR - 2020-08-26 10:22:48 --> Could not find the language line "admin dashboard jsi18n-sample"
ERROR - 2020-08-26 10:23:05 --> Could not find the language line "admin dashboard jsi18n-sample"
ERROR - 2020-08-26 10:27:24 --> Could not find the language line "admin dashboard jsi18n-sample"
ERROR - 2020-08-26 10:27:25 --> Could not find the language line "admin dashboard jsi18n-sample"
ERROR - 2020-08-26 10:27:25 --> Could not find the language line "admin dashboard jsi18n-sample"
ERROR - 2020-08-26 10:27:25 --> Could not find the language line "admin dashboard jsi18n-sample"
ERROR - 2020-08-26 10:32:10 --> Could not find the language line "admin dashboard jsi18n-sample"
ERROR - 2020-08-26 10:37:42 --> Could not find the language line "admin dashboard jsi18n-sample"
ERROR - 2020-08-26 10:46:56 --> Could not find the language line "admin dashboard jsi18n-sample"
ERROR - 2020-08-26 10:53:37 --> Could not find the language line "admin dashboard jsi18n-sample"
ERROR - 2020-08-26 10:54:16 --> Could not find the language line "admin dashboard jsi18n-sample"
ERROR - 2020-08-26 10:55:03 --> Severity: Warning --> pg_query() [<a href='function.pg-query'>function.pg-query</a>]: Query failed: ERROR:  invalid input syntax for integer: &quot;&quot;
LINE 9:      '',
             ^ /home/miracle/public_html/ci3_cgi/system/database/drivers/postgre/postgre_driver.php 242
ERROR - 2020-08-26 10:55:03 --> Query error: ERROR:  invalid input syntax for integer: ""
LINE 9:      '',
             ^ - Invalid query: INSERT INTO frontmed.neural_appointment (id, appointment_date, appointment_time, user_id, comment, component_id, visit_id, patient_id, created_by, select_option)
					SELECT (id + 1) AS last_id,
					'2020-09-09',
					'08:30',
					'126',
					'',
					'10',
					'1983509',
					'',
					'343',
					NULL
					FROM frontmed.neural_appointment ORDER BY id DESC LIMIT 1 RETURNING id AS last_id
ERROR - 2020-08-26 10:55:11 --> Severity: Warning --> pg_query() [<a href='function.pg-query'>function.pg-query</a>]: Query failed: ERROR:  invalid input syntax for integer: &quot;&quot;
LINE 9:      '',
             ^ /home/miracle/public_html/ci3_cgi/system/database/drivers/postgre/postgre_driver.php 242
ERROR - 2020-08-26 10:55:11 --> Query error: ERROR:  invalid input syntax for integer: ""
LINE 9:      '',
             ^ - Invalid query: INSERT INTO frontmed.neural_appointment (id, appointment_date, appointment_time, user_id, comment, component_id, visit_id, patient_id, created_by, select_option)
					SELECT (id + 1) AS last_id,
					'2020-09-09',
					'08:30',
					'126',
					'',
					'10',
					'1983509',
					'',
					'343',
					NULL
					FROM frontmed.neural_appointment ORDER BY id DESC LIMIT 1 RETURNING id AS last_id
ERROR - 2020-08-26 10:55:20 --> Severity: Warning --> pg_query() [<a href='function.pg-query'>function.pg-query</a>]: Query failed: ERROR:  invalid input syntax for integer: &quot;&quot;
LINE 9:      '',
             ^ /home/miracle/public_html/ci3_cgi/system/database/drivers/postgre/postgre_driver.php 242
ERROR - 2020-08-26 10:55:20 --> Query error: ERROR:  invalid input syntax for integer: ""
LINE 9:      '',
             ^ - Invalid query: INSERT INTO frontmed.neural_appointment (id, appointment_date, appointment_time, user_id, comment, component_id, visit_id, patient_id, created_by, select_option)
					SELECT (id + 1) AS last_id,
					'2020-09-09',
					'08:30',
					'126',
					'',
					'10',
					'1983509',
					'',
					'343',
					NULL
					FROM frontmed.neural_appointment ORDER BY id DESC LIMIT 1 RETURNING id AS last_id
ERROR - 2020-08-26 10:56:00 --> Severity: Warning --> pg_query() [<a href='function.pg-query'>function.pg-query</a>]: Query failed: ERROR:  invalid input syntax for integer: &quot;&quot;
LINE 9:      '',
             ^ /home/miracle/public_html/ci3_cgi/system/database/drivers/postgre/postgre_driver.php 242
ERROR - 2020-08-26 10:56:00 --> Query error: ERROR:  invalid input syntax for integer: ""
LINE 9:      '',
             ^ - Invalid query: INSERT INTO frontmed.neural_appointment (id, appointment_date, appointment_time, user_id, comment, component_id, visit_id, patient_id, created_by, select_option)
					SELECT (id + 1) AS last_id,
					'2020-09-09',
					'08:30',
					'126',
					'',
					'10',
					'1983509',
					'',
					'343',
					NULL
					FROM frontmed.neural_appointment ORDER BY id DESC LIMIT 1 RETURNING id AS last_id
ERROR - 2020-08-26 10:56:03 --> Severity: Warning --> pg_query() [<a href='function.pg-query'>function.pg-query</a>]: Query failed: ERROR:  invalid input syntax for integer: &quot;&quot;
LINE 9:      '',
             ^ /home/miracle/public_html/ci3_cgi/system/database/drivers/postgre/postgre_driver.php 242
ERROR - 2020-08-26 10:56:03 --> Query error: ERROR:  invalid input syntax for integer: ""
LINE 9:      '',
             ^ - Invalid query: INSERT INTO frontmed.neural_appointment (id, appointment_date, appointment_time, user_id, comment, component_id, visit_id, patient_id, created_by, select_option)
					SELECT (id + 1) AS last_id,
					'2020-09-09',
					'09:00',
					'126',
					'',
					'10',
					'1983509',
					'',
					'343',
					NULL
					FROM frontmed.neural_appointment ORDER BY id DESC LIMIT 1 RETURNING id AS last_id
ERROR - 2020-08-26 10:56:04 --> Severity: Warning --> pg_query() [<a href='function.pg-query'>function.pg-query</a>]: Query failed: ERROR:  invalid input syntax for integer: &quot;&quot;
LINE 9:      '',
             ^ /home/miracle/public_html/ci3_cgi/system/database/drivers/postgre/postgre_driver.php 242
ERROR - 2020-08-26 10:56:04 --> Query error: ERROR:  invalid input syntax for integer: ""
LINE 9:      '',
             ^ - Invalid query: INSERT INTO frontmed.neural_appointment (id, appointment_date, appointment_time, user_id, comment, component_id, visit_id, patient_id, created_by, select_option)
					SELECT (id + 1) AS last_id,
					'2020-09-09',
					'09:00',
					'126',
					'',
					'10',
					'1983509',
					'',
					'343',
					NULL
					FROM frontmed.neural_appointment ORDER BY id DESC LIMIT 1 RETURNING id AS last_id
ERROR - 2020-08-26 10:56:36 --> Severity: Warning --> pg_query() [<a href='function.pg-query'>function.pg-query</a>]: Query failed: ERROR:  invalid input syntax for integer: &quot;&quot;
LINE 9:      '',
             ^ /home/miracle/public_html/ci3_cgi/system/database/drivers/postgre/postgre_driver.php 242
ERROR - 2020-08-26 10:56:36 --> Query error: ERROR:  invalid input syntax for integer: ""
LINE 9:      '',
             ^ - Invalid query: INSERT INTO frontmed.neural_appointment (id, appointment_date, appointment_time, user_id, comment, component_id, visit_id, patient_id, created_by, select_option)
					SELECT (id + 1) AS last_id,
					'2020-09-09',
					'09:00',
					'126',
					'',
					'10',
					'1983509',
					'',
					'343',
					NULL
					FROM frontmed.neural_appointment ORDER BY id DESC LIMIT 1 RETURNING id AS last_id
ERROR - 2020-08-26 11:14:14 --> Could not find the language line "admin dashboard jsi18n-sample"
ERROR - 2020-08-26 11:14:33 --> Could not find the language line "admin dashboard jsi18n-sample"
ERROR - 2020-08-26 11:17:14 --> Could not find the language line "admin dashboard jsi18n-sample"
ERROR - 2020-08-26 11:28:55 --> Could not find the language line "admin dashboard jsi18n-sample"
ERROR - 2020-08-26 12:23:21 --> Could not find the language line "admin dashboard jsi18n-sample"
ERROR - 2020-08-26 12:23:47 --> Could not find the language line "admin dashboard jsi18n-sample"
ERROR - 2020-08-26 12:23:52 --> Could not find the language line "admin dashboard jsi18n-sample"
ERROR - 2020-08-26 12:23:57 --> Could not find the language line "admin dashboard jsi18n-sample"
ERROR - 2020-08-26 12:24:03 --> Could not find the language line "admin dashboard jsi18n-sample"
ERROR - 2020-08-26 12:24:07 --> Could not find the language line "admin dashboard jsi18n-sample"
ERROR - 2020-08-26 12:24:10 --> Could not find the language line "admin dashboard jsi18n-sample"
ERROR - 2020-08-26 12:24:12 --> Could not find the language line "admin dashboard jsi18n-sample"
ERROR - 2020-08-26 12:24:15 --> Could not find the language line "admin dashboard jsi18n-sample"
ERROR - 2020-08-26 13:48:46 --> Could not find the language line "admin dashboard jsi18n-sample"
ERROR - 2020-08-26 15:10:55 --> Could not find the language line "admin dashboard jsi18n-sample"
ERROR - 2020-08-26 15:11:14 --> Could not find the language line "admin dashboard jsi18n-sample"
ERROR - 2020-08-26 15:11:35 --> Could not find the language line "admin dashboard jsi18n-sample"
ERROR - 2020-08-26 15:11:57 --> Could not find the language line "admin dashboard jsi18n-sample"
ERROR - 2020-08-26 15:12:21 --> Could not find the language line "admin dashboard jsi18n-sample"
ERROR - 2020-08-26 15:12:54 --> Could not find the language line "admin dashboard jsi18n-sample"
ERROR - 2020-08-26 15:15:20 --> Could not find the language line "admin dashboard jsi18n-sample"
