ERROR - 2020-08-05 08:22:07 --> Could not find the language line "admin dashboard jsi18n-sample"
ERROR - 2020-08-05 08:22:11 --> Could not find the language line "admin dashboard jsi18n-sample"
ERROR - 2020-08-05 08:24:25 --> Could not find the language line "admin dashboard jsi18n-sample"
ERROR - 2020-08-05 08:28:00 --> Could not find the language line "admin dashboard jsi18n-sample"
ERROR - 2020-08-05 09:24:53 --> Could not find the language line "admin dashboard jsi18n-sample"
ERROR - 2020-08-05 09:26:04 --> Could not find the language line "admin dashboard jsi18n-sample"
ERROR - 2020-08-05 09:26:08 --> Could not find the language line "admin dashboard jsi18n-sample"
ERROR - 2020-08-05 09:26:25 --> Could not find the language line "admin dashboard jsi18n-sample"
ERROR - 2020-08-05 10:19:55 --> Could not find the language line "admin dashboard jsi18n-sample"
ERROR - 2020-08-05 10:29:58 --> Could not find the language line "admin dashboard jsi18n-sample"
ERROR - 2020-08-05 10:30:46 --> Severity: Warning --> pg_query() [<a href='function.pg-query'>function.pg-query</a>]: Query failed: ERROR:  invalid input syntax for integer: &quot;&quot;
LINE 1: ...09-02', &quot;appointment_time&quot; = '08:30', &quot;user_id&quot; = '', &quot;comme...
                                                             ^ /home/miracle/public_html/ci3_cgi/system/database/drivers/postgre/postgre_driver.php 242
ERROR - 2020-08-05 10:30:46 --> Query error: ERROR:  invalid input syntax for integer: ""
LINE 1: ...09-02', "appointment_time" = '08:30', "user_id" = '', "comme...
                                                             ^ - Invalid query: UPDATE "frontmed"."neural_appointment" SET "appointment_date" = '2020-09-02', "appointment_time" = '08:30', "user_id" = '', "comment" = 'MMSE ก่อนพบแพทย์', "component_id" = '19', "visit_id" = '1977858', "patient_id" = '194851', "created_by" = '142', "update_date" = '2020-08-05 10:30:46'
WHERE "neural_appointment"."id" = '818657'
ERROR - 2020-08-05 10:30:48 --> Severity: Warning --> pg_query() [<a href='function.pg-query'>function.pg-query</a>]: Query failed: ERROR:  invalid input syntax for integer: &quot;&quot;
LINE 1: ...09-02', &quot;appointment_time&quot; = '08:30', &quot;user_id&quot; = '', &quot;comme...
                                                             ^ /home/miracle/public_html/ci3_cgi/system/database/drivers/postgre/postgre_driver.php 242
ERROR - 2020-08-05 10:30:48 --> Query error: ERROR:  invalid input syntax for integer: ""
LINE 1: ...09-02', "appointment_time" = '08:30', "user_id" = '', "comme...
                                                             ^ - Invalid query: UPDATE "frontmed"."neural_appointment" SET "appointment_date" = '2020-09-02', "appointment_time" = '08:30', "user_id" = '', "comment" = 'MMSE ก่อนพบแพทย์', "component_id" = '19', "visit_id" = '1977858', "patient_id" = '194851', "created_by" = '142', "update_date" = '2020-08-05 10:30:48'
WHERE "neural_appointment"."id" = '818657'
ERROR - 2020-08-05 10:30:54 --> Severity: Warning --> pg_query() [<a href='function.pg-query'>function.pg-query</a>]: Query failed: ERROR:  invalid input syntax for integer: &quot;&quot;
LINE 1: ...09-02', &quot;appointment_time&quot; = '08:30', &quot;user_id&quot; = '', &quot;comme...
                                                             ^ /home/miracle/public_html/ci3_cgi/system/database/drivers/postgre/postgre_driver.php 242
ERROR - 2020-08-05 10:30:54 --> Query error: ERROR:  invalid input syntax for integer: ""
LINE 1: ...09-02', "appointment_time" = '08:30', "user_id" = '', "comme...
                                                             ^ - Invalid query: UPDATE "frontmed"."neural_appointment" SET "appointment_date" = '2020-09-02', "appointment_time" = '08:30', "user_id" = '', "comment" = 'MMSE ก่อนพบแพทย์', "component_id" = '19', "visit_id" = '1977858', "patient_id" = '194851', "created_by" = '142', "update_date" = '2020-08-05 10:30:54'
WHERE "neural_appointment"."id" = '818657'
ERROR - 2020-08-05 10:45:42 --> Could not find the language line "admin dashboard jsi18n-sample"
ERROR - 2020-08-05 10:59:54 --> Could not find the language line "admin dashboard jsi18n-sample"
ERROR - 2020-08-05 11:14:25 --> Could not find the language line "admin dashboard jsi18n-sample"
ERROR - 2020-08-05 11:31:20 --> Could not find the language line "admin dashboard jsi18n-sample"
ERROR - 2020-08-05 11:50:16 --> Could not find the language line "admin dashboard jsi18n-sample"
ERROR - 2020-08-05 12:05:37 --> Could not find the language line "admin dashboard jsi18n-sample"
ERROR - 2020-08-05 12:07:40 --> Could not find the language line "admin dashboard jsi18n-sample"
ERROR - 2020-08-05 13:09:35 --> Could not find the language line "admin dashboard jsi18n-sample"
ERROR - 2020-08-05 13:19:53 --> Could not find the language line "admin dashboard jsi18n-sample"
ERROR - 2020-08-05 13:21:06 --> Could not find the language line "admin dashboard jsi18n-sample"
ERROR - 2020-08-05 13:29:34 --> Could not find the language line "admin dashboard jsi18n-sample"
ERROR - 2020-08-05 13:33:33 --> Could not find the language line "admin dashboard jsi18n-sample"
ERROR - 2020-08-05 13:34:58 --> Could not find the language line "admin dashboard jsi18n-sample"
ERROR - 2020-08-05 14:26:52 --> Could not find the language line "admin dashboard jsi18n-sample"
ERROR - 2020-08-05 14:28:20 --> Could not find the language line "admin dashboard jsi18n-sample"
ERROR - 2020-08-05 15:42:50 --> Could not find the language line "admin dashboard jsi18n-sample"
ERROR - 2020-08-05 16:06:59 --> Could not find the language line "admin dashboard jsi18n-sample"
ERROR - 2020-08-05 16:23:22 --> Could not find the language line "admin dashboard jsi18n-sample"
ERROR - 2020-08-05 19:27:56 --> Could not find the language line "admin dashboard jsi18n-sample"
ERROR - 2020-08-05 19:28:14 --> Could not find the language line "admin dashboard jsi18n-sample"
ERROR - 2020-08-05 19:29:28 --> Could not find the language line "admin dashboard jsi18n-sample"
