ERROR - 2021-04-17 09:20:04 --> Could not find the language line "admin dashboard jsi18n-sample"
ERROR - 2021-04-17 09:20:14 --> Could not find the language line "admin dashboard jsi18n-sample"
ERROR - 2021-04-17 09:20:18 --> Could not find the language line "admin dashboard jsi18n-sample"
ERROR - 2021-04-17 09:22:09 --> Could not find the language line "admin dashboard jsi18n-sample"
ERROR - 2021-04-17 10:55:38 --> Could not find the language line "admin dashboard jsi18n-sample"
ERROR - 2021-04-17 10:57:58 --> Could not find the language line "admin dashboard jsi18n-sample"
ERROR - 2021-04-17 10:58:11 --> Could not find the language line "admin dashboard jsi18n-sample"
ERROR - 2021-04-17 10:58:32 --> Could not find the language line "admin dashboard jsi18n-sample"
ERROR - 2021-04-17 10:58:35 --> Could not find the language line "admin dashboard jsi18n-sample"
ERROR - 2021-04-17 14:00:02 --> Severity: Warning --> pg_query() [<a href='function.pg-query'>function.pg-query</a>]: Query failed: FATAL:  terminating connection due to administrator command
server closed the connection unexpectedly
	This probably means the server terminated abnormally
	before or while processing the request. /home/miracle/public_html/ci3_cgi/system/database/drivers/postgre/postgre_driver.php 242
ERROR - 2021-04-17 14:00:02 --> Severity: Warning --> pg_query() [<a href='function.pg-query'>function.pg-query</a>]: Query failed: FATAL:  terminating connection due to administrator command
server closed the connection unexpectedly
	This probably means the server terminated abnormally
	before or while processing the request. /home/miracle/public_html/ci3_cgi/system/database/drivers/postgre/postgre_driver.php 242
ERROR - 2021-04-17 14:00:02 --> Severity: Warning --> pg_query() [<a href='function.pg-query'>function.pg-query</a>]: Query failed: FATAL:  terminating connection due to administrator command
server closed the connection unexpectedly
	This probably means the server terminated abnormally
	before or while processing the request. /home/miracle/public_html/ci3_cgi/system/database/drivers/postgre/postgre_driver.php 242
ERROR - 2021-04-17 14:00:02 --> Severity: Warning --> pg_query() [<a href='function.pg-query'>function.pg-query</a>]: Query failed: FATAL:  terminating connection due to administrator command
server closed the connection unexpectedly
	This probably means the server terminated abnormally
	before or while processing the request. /home/miracle/public_html/ci3_cgi/system/database/drivers/postgre/postgre_driver.php 242
ERROR - 2021-04-17 14:00:02 --> Query error: FATAL:  terminating connection due to administrator command
server closed the connection unexpectedly
	This probably means the server terminated abnormally
	before or while processing the request. - Invalid query: SELECT log.vn_id, log.vn, to_char(log.date_add, 'HH24:MI') AS time_th, patient.hn, patient.pa_pre_name || patient.pa_name || ' ' || patient.pa_lastname AS patient_name, log.station_id, appointment.id AS appointment_id, log.nano_queue_id AS queue_id
				FROM jvkk.nano_queue_log AS log
				INNER JOIN medrec.nano_visit AS visit ON visit.vn = log.vn
				INNER JOIN medrec.nano_patient AS patient ON patient.id = visit.id_patient
				INNER JOIN (SELECT vn, MAX(id) AS max_id FROM jvkk.nano_queue_log WHERE to_char(date_add, 'YYYY-MM-DD') = '2021-04-17' GROUP BY vn) AS queue_max ON (queue_max.max_id=log.id)
				LEFT JOIN frontmed.neural_appointment AS appointment ON appointment.visit_id = visit.id
				WHERE log.com_id2 IN ('27', '19') AND log.com_id1 IN (2, 11, 14, 19, 27, 46, 48, 49, 58) OR visit.hn = '121008' GROUP BY log.vn_id, log.vn, log.date_add, patient.hn, patient.pa_pre_name, patient.pa_name, patient.pa_lastname, log.station_id, appointment.id, log.nano_queue_id
				 ORDER BY time_th ASC
ERROR - 2021-04-17 14:00:02 --> Severity: Notice --> pg_query() [<a href='function.pg-query'>function.pg-query</a>]: Cannot set connection to blocking mode /home/miracle/public_html/ci3_cgi/system/database/drivers/postgre/postgre_driver.php 242
ERROR - 2021-04-17 14:00:02 --> Query error: FATAL:  terminating connection due to administrator command
server closed the connection unexpectedly
	This probably means the server terminated abnormally
	before or while processing the request. - Invalid query: SELECT "session"."id"
FROM "jvkk"."nano_session" AS "session"
WHERE "session"."session_user_id" IS NULL
ERROR - 2021-04-17 14:00:02 --> Severity: Notice --> pg_query() [<a href='function.pg-query'>function.pg-query</a>]: Cannot set connection to blocking mode /home/miracle/public_html/ci3_cgi/system/database/drivers/postgre/postgre_driver.php 242
ERROR - 2021-04-17 14:00:02 --> Severity: Notice --> pg_query() [<a href='function.pg-query'>function.pg-query</a>]: Cannot set connection to blocking mode /home/miracle/public_html/ci3_cgi/system/database/drivers/postgre/postgre_driver.php 242
ERROR - 2021-04-17 14:00:02 --> Query error: FATAL:  terminating connection due to administrator command
server closed the connection unexpectedly
	This probably means the server terminated abnormally
	before or while processing the request. - Invalid query: SELECT * FROM public.settings ORDER BY sort_order ASC
ERROR - 2021-04-17 14:00:02 --> Query error: FATAL:  terminating connection due to administrator command
server closed the connection unexpectedly
	This probably means the server terminated abnormally
	before or while processing the request. - Invalid query: SELECT * FROM public.settings ORDER BY sort_order ASC
ERROR - 2021-04-17 14:00:02 --> Severity: Warning --> Unknown: Failed to write session data (user). Please verify that the current setting of session.save_path is correct () Unknown 0
ERROR - 2021-04-17 14:00:02 --> Severity: Warning --> Unknown: Failed to write session data (user). Please verify that the current setting of session.save_path is correct () Unknown 0
ERROR - 2021-04-17 14:00:02 --> Severity: Warning --> Unknown: Failed to write session data (user). Please verify that the current setting of session.save_path is correct () Unknown 0
ERROR - 2021-04-17 14:00:02 --> Severity: Notice --> pg_query() [<a href='function.pg-query'>function.pg-query</a>]: Cannot set connection to blocking mode /home/miracle/public_html/ci3_cgi/system/database/drivers/postgre/postgre_driver.php 242
ERROR - 2021-04-17 14:00:02 --> Query error: FATAL:  terminating connection due to administrator command
server closed the connection unexpectedly
	This probably means the server terminated abnormally
	before or while processing the request. - Invalid query: UPDATE "frontmed"."ci_sessions" SET "timestamp" = 1618642802
WHERE "id" = 'r2b9ujl7otphquhb7kma5q30bkqq5m4c'
AND "ip_address" = '192.168.10.118'
ERROR - 2021-04-17 14:00:02 --> Severity: Notice --> pg_query() [<a href='function.pg-query'>function.pg-query</a>]: Cannot set connection to blocking mode /home/miracle/public_html/ci3_cgi/system/database/drivers/postgre/postgre_driver.php 242
