ERROR - 2021-01-21 01:17:18 --> Could not find the language line "admin dashboard jsi18n-sample"
ERROR - 2021-01-21 01:17:21 --> Could not find the language line "admin dashboard jsi18n-sample"
ERROR - 2021-01-21 08:26:12 --> Could not find the language line "admin dashboard jsi18n-sample"
ERROR - 2021-01-21 08:26:29 --> Could not find the language line "admin dashboard jsi18n-sample"
ERROR - 2021-01-21 08:26:33 --> Could not find the language line "admin dashboard jsi18n-sample"
ERROR - 2021-01-21 08:26:39 --> Could not find the language line "admin dashboard jsi18n-sample"
ERROR - 2021-01-21 08:26:41 --> Could not find the language line "admin dashboard jsi18n-sample"
ERROR - 2021-01-21 08:26:43 --> Could not find the language line "admin dashboard jsi18n-sample"
ERROR - 2021-01-21 08:27:32 --> Could not find the language line "admin dashboard jsi18n-sample"
ERROR - 2021-01-21 08:27:35 --> Could not find the language line "admin dashboard jsi18n-sample"
ERROR - 2021-01-21 09:01:50 --> Could not find the language line "admin dashboard jsi18n-sample"
ERROR - 2021-01-21 09:12:46 --> Could not find the language line "admin dashboard jsi18n-sample"
ERROR - 2021-01-21 09:55:59 --> Severity: Warning --> pg_query() [<a href='function.pg-query'>function.pg-query</a>]: Query failed: ERROR:  invalid input syntax for integer: &quot;&quot;
LINE 9:      '',
             ^ /home/miracle/public_html/ci3_cgi/system/database/drivers/postgre/postgre_driver.php 242
ERROR - 2021-01-21 09:55:59 --> Query error: ERROR:  invalid input syntax for integer: ""
LINE 9:      '',
             ^ - Invalid query: INSERT INTO frontmed.neural_appointment (id, appointment_date, appointment_time, user_id, comment, component_id, visit_id, patient_id, created_by, select_option)
					SELECT (id + 1) AS last_id,
					'2021-01-21',
					'10:00',
					'78',
					'',
					'10',
					'2022775',
					'',
					'725',
					NULL
					FROM frontmed.neural_appointment ORDER BY id DESC LIMIT 1 RETURNING id AS last_id
ERROR - 2021-01-21 09:56:00 --> Severity: Warning --> pg_query() [<a href='function.pg-query'>function.pg-query</a>]: Query failed: ERROR:  invalid input syntax for integer: &quot;&quot;
LINE 9:      '',
             ^ /home/miracle/public_html/ci3_cgi/system/database/drivers/postgre/postgre_driver.php 242
ERROR - 2021-01-21 09:56:00 --> Query error: ERROR:  invalid input syntax for integer: ""
LINE 9:      '',
             ^ - Invalid query: INSERT INTO frontmed.neural_appointment (id, appointment_date, appointment_time, user_id, comment, component_id, visit_id, patient_id, created_by, select_option)
					SELECT (id + 1) AS last_id,
					'2021-01-21',
					'10:00',
					'78',
					'',
					'10',
					'2022775',
					'',
					'725',
					NULL
					FROM frontmed.neural_appointment ORDER BY id DESC LIMIT 1 RETURNING id AS last_id
ERROR - 2021-01-21 09:56:01 --> Severity: Warning --> pg_query() [<a href='function.pg-query'>function.pg-query</a>]: Query failed: ERROR:  invalid input syntax for integer: &quot;&quot;
LINE 9:      '',
             ^ /home/miracle/public_html/ci3_cgi/system/database/drivers/postgre/postgre_driver.php 242
ERROR - 2021-01-21 09:56:01 --> Query error: ERROR:  invalid input syntax for integer: ""
LINE 9:      '',
             ^ - Invalid query: INSERT INTO frontmed.neural_appointment (id, appointment_date, appointment_time, user_id, comment, component_id, visit_id, patient_id, created_by, select_option)
					SELECT (id + 1) AS last_id,
					'2021-01-21',
					'10:00',
					'78',
					'',
					'10',
					'2022775',
					'',
					'725',
					NULL
					FROM frontmed.neural_appointment ORDER BY id DESC LIMIT 1 RETURNING id AS last_id
ERROR - 2021-01-21 09:56:02 --> Severity: Warning --> pg_query() [<a href='function.pg-query'>function.pg-query</a>]: Query failed: ERROR:  invalid input syntax for integer: &quot;&quot;
LINE 9:      '',
             ^ /home/miracle/public_html/ci3_cgi/system/database/drivers/postgre/postgre_driver.php 242
ERROR - 2021-01-21 09:56:02 --> Query error: ERROR:  invalid input syntax for integer: ""
LINE 9:      '',
             ^ - Invalid query: INSERT INTO frontmed.neural_appointment (id, appointment_date, appointment_time, user_id, comment, component_id, visit_id, patient_id, created_by, select_option)
					SELECT (id + 1) AS last_id,
					'2021-01-21',
					'10:00',
					'78',
					'',
					'10',
					'2022775',
					'',
					'725',
					NULL
					FROM frontmed.neural_appointment ORDER BY id DESC LIMIT 1 RETURNING id AS last_id
ERROR - 2021-01-21 09:56:02 --> Severity: Warning --> pg_query() [<a href='function.pg-query'>function.pg-query</a>]: Query failed: ERROR:  invalid input syntax for integer: &quot;&quot;
LINE 9:      '',
             ^ /home/miracle/public_html/ci3_cgi/system/database/drivers/postgre/postgre_driver.php 242
ERROR - 2021-01-21 09:56:02 --> Query error: ERROR:  invalid input syntax for integer: ""
LINE 9:      '',
             ^ - Invalid query: INSERT INTO frontmed.neural_appointment (id, appointment_date, appointment_time, user_id, comment, component_id, visit_id, patient_id, created_by, select_option)
					SELECT (id + 1) AS last_id,
					'2021-01-21',
					'10:00',
					'78',
					'',
					'10',
					'2022775',
					'',
					'725',
					NULL
					FROM frontmed.neural_appointment ORDER BY id DESC LIMIT 1 RETURNING id AS last_id
ERROR - 2021-01-21 10:07:17 --> Could not find the language line "admin dashboard jsi18n-sample"
ERROR - 2021-01-21 10:10:50 --> Could not find the language line "admin dashboard jsi18n-sample"
ERROR - 2021-01-21 10:41:59 --> Could not find the language line "admin dashboard jsi18n-sample"
ERROR - 2021-01-21 10:50:15 --> Could not find the language line "admin dashboard jsi18n-sample"
ERROR - 2021-01-21 10:51:34 --> Could not find the language line "admin dashboard jsi18n-sample"
ERROR - 2021-01-21 10:51:58 --> Could not find the language line "admin dashboard jsi18n-sample"
ERROR - 2021-01-21 11:37:04 --> Could not find the language line "admin dashboard jsi18n-sample"
ERROR - 2021-01-21 11:37:58 --> Could not find the language line "admin dashboard jsi18n-sample"
ERROR - 2021-01-21 11:41:06 --> Could not find the language line "admin dashboard jsi18n-sample"
ERROR - 2021-01-21 13:21:57 --> Could not find the language line "admin dashboard jsi18n-sample"
ERROR - 2021-01-21 13:22:04 --> Could not find the language line "admin dashboard jsi18n-sample"
ERROR - 2021-01-21 13:22:07 --> Could not find the language line "admin dashboard jsi18n-sample"
ERROR - 2021-01-21 13:22:10 --> Could not find the language line "admin dashboard jsi18n-sample"
ERROR - 2021-01-21 14:13:58 --> Could not find the language line "admin dashboard jsi18n-sample"
ERROR - 2021-01-21 15:06:58 --> Could not find the language line "admin dashboard jsi18n-sample"
ERROR - 2021-01-21 15:13:07 --> Could not find the language line "admin dashboard jsi18n-sample"
ERROR - 2021-01-21 15:25:03 --> Could not find the language line "admin dashboard jsi18n-sample"
