ERROR - 2020-12-15 08:33:15 --> Could not find the language line "admin dashboard jsi18n-sample"
ERROR - 2020-12-15 08:33:20 --> Could not find the language line "admin dashboard jsi18n-sample"
ERROR - 2020-12-15 08:43:11 --> Could not find the language line "admin dashboard jsi18n-sample"
ERROR - 2020-12-15 08:43:42 --> Could not find the language line "admin dashboard jsi18n-sample"
ERROR - 2020-12-15 09:06:45 --> Could not find the language line "admin dashboard jsi18n-sample"
ERROR - 2020-12-15 09:29:34 --> Could not find the language line "admin dashboard jsi18n-sample"
ERROR - 2020-12-15 09:35:18 --> Could not find the language line "admin dashboard jsi18n-sample"
ERROR - 2020-12-15 10:00:40 --> Could not find the language line "admin dashboard jsi18n-sample"
ERROR - 2020-12-15 10:41:29 --> Could not find the language line "admin dashboard jsi18n-sample"
ERROR - 2020-12-15 11:53:50 --> Could not find the language line "admin dashboard jsi18n-sample"
ERROR - 2020-12-15 11:54:21 --> Could not find the language line "admin dashboard jsi18n-sample"
ERROR - 2020-12-15 12:09:39 --> Could not find the language line "admin dashboard jsi18n-sample"
ERROR - 2020-12-15 12:10:23 --> Could not find the language line "admin dashboard jsi18n-sample"
ERROR - 2020-12-15 12:11:05 --> Could not find the language line "admin dashboard jsi18n-sample"
ERROR - 2020-12-15 12:58:05 --> Could not find the language line "admin dashboard jsi18n-sample"
ERROR - 2020-12-15 12:58:51 --> Could not find the language line "admin dashboard jsi18n-sample"
ERROR - 2020-12-15 12:59:05 --> Could not find the language line "admin dashboard jsi18n-sample"
ERROR - 2020-12-15 12:59:18 --> Could not find the language line "admin dashboard jsi18n-sample"
ERROR - 2020-12-15 12:59:23 --> Could not find the language line "admin dashboard jsi18n-sample"
ERROR - 2020-12-15 12:59:29 --> Could not find the language line "admin dashboard jsi18n-sample"
ERROR - 2020-12-15 13:18:21 --> Could not find the language line "admin dashboard jsi18n-sample"
ERROR - 2020-12-15 13:19:18 --> Severity: Warning --> pg_query() [<a href='function.pg-query'>function.pg-query</a>]: Query failed: ERROR:  invalid input syntax for integer: &quot;&quot;
LINE 5:      '',
             ^ /home/miracle/public_html/ci3_cgi/system/database/drivers/postgre/postgre_driver.php 242
ERROR - 2020-12-15 13:19:18 --> Query error: ERROR:  invalid input syntax for integer: ""
LINE 5:      '',
             ^ - Invalid query: INSERT INTO frontmed.neural_appointment (id, appointment_date, appointment_time, user_id, comment, component_id, visit_id, patient_id, created_by, select_option)
					SELECT (id + 1) AS last_id,
					'2021-01-12',
					'10:00',
					'',
					'',
					'10',
					'2013389',
					'139960',
					'460',
					NULL
					FROM frontmed.neural_appointment ORDER BY id DESC LIMIT 1 RETURNING id AS last_id
ERROR - 2020-12-15 13:19:33 --> Could not find the language line "admin dashboard jsi18n-sample"
ERROR - 2020-12-15 13:24:43 --> Severity: Warning --> pg_query() [<a href='function.pg-query'>function.pg-query</a>]: Query failed: ERROR:  invalid input syntax for integer: &quot;&quot;
LINE 5:      '',
             ^ /home/miracle/public_html/ci3_cgi/system/database/drivers/postgre/postgre_driver.php 242
ERROR - 2020-12-15 13:24:43 --> Query error: ERROR:  invalid input syntax for integer: ""
LINE 5:      '',
             ^ - Invalid query: INSERT INTO frontmed.neural_appointment (id, appointment_date, appointment_time, user_id, comment, component_id, visit_id, patient_id, created_by, select_option)
					SELECT (id + 1) AS last_id,
					'2021-01-12',
					'10:00',
					'',
					'',
					'10',
					'2013389',
					'139960',
					'460',
					NULL
					FROM frontmed.neural_appointment ORDER BY id DESC LIMIT 1 RETURNING id AS last_id
ERROR - 2020-12-15 13:24:48 --> Severity: Warning --> pg_query() [<a href='function.pg-query'>function.pg-query</a>]: Query failed: ERROR:  invalid input syntax for integer: &quot;&quot;
LINE 5:      '',
             ^ /home/miracle/public_html/ci3_cgi/system/database/drivers/postgre/postgre_driver.php 242
ERROR - 2020-12-15 13:24:48 --> Query error: ERROR:  invalid input syntax for integer: ""
LINE 5:      '',
             ^ - Invalid query: INSERT INTO frontmed.neural_appointment (id, appointment_date, appointment_time, user_id, comment, component_id, visit_id, patient_id, created_by, select_option)
					SELECT (id + 1) AS last_id,
					'2021-01-12',
					'10:00',
					'',
					'',
					'10',
					'2013389',
					'139960',
					'460',
					NULL
					FROM frontmed.neural_appointment ORDER BY id DESC LIMIT 1 RETURNING id AS last_id
ERROR - 2020-12-15 13:37:12 --> Could not find the language line "admin dashboard jsi18n-sample"
ERROR - 2020-12-15 13:59:49 --> Could not find the language line "admin dashboard jsi18n-sample"
ERROR - 2020-12-15 14:15:35 --> Could not find the language line "admin dashboard jsi18n-sample"
ERROR - 2020-12-15 14:23:41 --> Could not find the language line "admin dashboard jsi18n-sample"
