ERROR - 2020-04-10 08:03:10 --> Could not find the language line "admin dashboard jsi18n-sample"
ERROR - 2020-04-10 08:04:44 --> Could not find the language line "admin dashboard jsi18n-sample"
ERROR - 2020-04-10 08:12:50 --> Could not find the language line "admin dashboard jsi18n-sample"
ERROR - 2020-04-10 08:13:11 --> Could not find the language line "admin dashboard jsi18n-sample"
ERROR - 2020-04-10 10:23:37 --> Could not find the language line "admin dashboard jsi18n-sample"
ERROR - 2020-04-10 10:27:19 --> Could not find the language line "admin dashboard jsi18n-sample"
ERROR - 2020-04-10 10:27:34 --> Could not find the language line "admin dashboard jsi18n-sample"
ERROR - 2020-04-10 10:29:18 --> Could not find the language line "admin dashboard jsi18n-sample"
ERROR - 2020-04-10 10:33:29 --> Could not find the language line "admin dashboard jsi18n-sample"
ERROR - 2020-04-10 10:44:03 --> Could not find the language line "admin dashboard jsi18n-sample"
ERROR - 2020-04-10 10:56:44 --> Could not find the language line "admin dashboard jsi18n-sample"
ERROR - 2020-04-10 11:54:20 --> Could not find the language line "admin dashboard jsi18n-sample"
ERROR - 2020-04-10 11:54:49 --> Severity: Warning --> pg_query() [<a href='function.pg-query'>function.pg-query</a>]: Query failed: ERROR:  invalid input syntax for integer: &quot;&quot;
LINE 1: ...04-24', &quot;appointment_time&quot; = '09:00', &quot;user_id&quot; = '', &quot;comme...
                                                             ^ /home/miracle/public_html/ci3_cgi/system/database/drivers/postgre/postgre_driver.php 242
ERROR - 2020-04-10 11:54:49 --> Query error: ERROR:  invalid input syntax for integer: ""
LINE 1: ...04-24', "appointment_time" = '09:00', "user_id" = '', "comme...
                                                             ^ - Invalid query: UPDATE "frontmed"."neural_appointment" SET "appointment_date" = '2020-04-24', "appointment_time" = '09:00', "user_id" = '', "comment" = 'จิตบำบัด อัจฉริยา', "component_id" = '19', "visit_id" = '1948372', "patient_id" = '191137', "created_by" = '60', "update_date" = '2020-04-10 11:54:49'
WHERE "neural_appointment"."id" = '806451'
ERROR - 2020-04-10 11:54:55 --> Severity: Warning --> pg_query() [<a href='function.pg-query'>function.pg-query</a>]: Query failed: ERROR:  invalid input syntax for integer: &quot;&quot;
LINE 1: ...04-24', &quot;appointment_time&quot; = '09:00', &quot;user_id&quot; = '', &quot;comme...
                                                             ^ /home/miracle/public_html/ci3_cgi/system/database/drivers/postgre/postgre_driver.php 242
ERROR - 2020-04-10 11:54:55 --> Query error: ERROR:  invalid input syntax for integer: ""
LINE 1: ...04-24', "appointment_time" = '09:00', "user_id" = '', "comme...
                                                             ^ - Invalid query: UPDATE "frontmed"."neural_appointment" SET "appointment_date" = '2020-04-24', "appointment_time" = '09:00', "user_id" = '', "comment" = 'จิตบำบัด อัจฉริยา', "component_id" = '19', "visit_id" = '1948372', "patient_id" = '191137', "created_by" = '60', "update_date" = '2020-04-10 11:54:55'
WHERE "neural_appointment"."id" = '806451'
ERROR - 2020-04-10 11:55:05 --> Severity: Warning --> pg_query() [<a href='function.pg-query'>function.pg-query</a>]: Query failed: ERROR:  invalid input syntax for integer: &quot;&quot;
LINE 1: ...04-24', &quot;appointment_time&quot; = '09:00', &quot;user_id&quot; = '', &quot;comme...
                                                             ^ /home/miracle/public_html/ci3_cgi/system/database/drivers/postgre/postgre_driver.php 242
ERROR - 2020-04-10 11:55:05 --> Query error: ERROR:  invalid input syntax for integer: ""
LINE 1: ...04-24', "appointment_time" = '09:00', "user_id" = '', "comme...
                                                             ^ - Invalid query: UPDATE "frontmed"."neural_appointment" SET "appointment_date" = '2020-04-24', "appointment_time" = '09:00', "user_id" = '', "comment" = 'จิตบำบัด อัจฉริยา', "component_id" = '19', "visit_id" = '1948372', "patient_id" = '191137', "created_by" = '60', "update_date" = '2020-04-10 11:55:05'
WHERE "neural_appointment"."id" = '806451'
ERROR - 2020-04-10 11:55:14 --> Severity: Warning --> pg_query() [<a href='function.pg-query'>function.pg-query</a>]: Query failed: ERROR:  invalid input syntax for integer: &quot;&quot;
LINE 1: ...04-24', &quot;appointment_time&quot; = '09:00', &quot;user_id&quot; = '', &quot;comme...
                                                             ^ /home/miracle/public_html/ci3_cgi/system/database/drivers/postgre/postgre_driver.php 242
ERROR - 2020-04-10 11:55:14 --> Query error: ERROR:  invalid input syntax for integer: ""
LINE 1: ...04-24', "appointment_time" = '09:00', "user_id" = '', "comme...
                                                             ^ - Invalid query: UPDATE "frontmed"."neural_appointment" SET "appointment_date" = '2020-04-24', "appointment_time" = '09:00', "user_id" = '', "comment" = 'จิตบำบัด อัจฉริยา', "component_id" = '19', "visit_id" = '1948372', "patient_id" = '191137', "created_by" = '60', "update_date" = '2020-04-10 11:55:14'
WHERE "neural_appointment"."id" = '806451'
ERROR - 2020-04-10 11:55:17 --> Severity: Warning --> pg_query() [<a href='function.pg-query'>function.pg-query</a>]: Query failed: ERROR:  invalid input syntax for integer: &quot;&quot;
LINE 1: ...04-24', &quot;appointment_time&quot; = '09:00', &quot;user_id&quot; = '', &quot;comme...
                                                             ^ /home/miracle/public_html/ci3_cgi/system/database/drivers/postgre/postgre_driver.php 242
ERROR - 2020-04-10 11:55:17 --> Query error: ERROR:  invalid input syntax for integer: ""
LINE 1: ...04-24', "appointment_time" = '09:00', "user_id" = '', "comme...
                                                             ^ - Invalid query: UPDATE "frontmed"."neural_appointment" SET "appointment_date" = '2020-04-24', "appointment_time" = '09:00', "user_id" = '', "comment" = 'จิตบำบัด อัจฉริยา', "component_id" = '19', "visit_id" = '1948372', "patient_id" = '191137', "created_by" = '60', "update_date" = '2020-04-10 11:55:17'
WHERE "neural_appointment"."id" = '806451'
ERROR - 2020-04-10 13:34:42 --> Could not find the language line "admin dashboard jsi18n-sample"
ERROR - 2020-04-10 13:39:05 --> Could not find the language line "admin dashboard jsi18n-sample"
ERROR - 2020-04-10 13:39:21 --> Could not find the language line "admin dashboard jsi18n-sample"
ERROR - 2020-04-10 13:39:33 --> Could not find the language line "admin dashboard jsi18n-sample"
ERROR - 2020-04-10 13:39:46 --> Could not find the language line "admin dashboard jsi18n-sample"
ERROR - 2020-04-10 13:39:52 --> Could not find the language line "admin dashboard jsi18n-sample"
ERROR - 2020-04-10 13:39:55 --> Could not find the language line "admin dashboard jsi18n-sample"
ERROR - 2020-04-10 13:40:22 --> Severity: Warning --> pg_query() [<a href='function.pg-query'>function.pg-query</a>]: Query failed: ERROR:  invalid input syntax for integer: &quot;&quot;
LINE 1: ...ET &quot;check_out_date&quot; = '2020-04-10', &quot;doctor_id&quot; = '', &quot;updat...
                                                             ^ /home/miracle/public_html/ci3_cgi/system/database/drivers/postgre/postgre_driver.php 242
ERROR - 2020-04-10 13:40:22 --> Query error: ERROR:  invalid input syntax for integer: ""
LINE 1: ...ET "check_out_date" = '2020-04-10', "doctor_id" = '', "updat...
                                                             ^ - Invalid query: UPDATE "med"."neural_med_station" SET "check_out_date" = '2020-04-10', "doctor_id" = '', "updated_by" = '530', "updated_date" = '2020-04-10 13:40:22'
WHERE "med"."neural_med_station"."id" = 2546
ERROR - 2020-04-10 13:40:31 --> Could not find the language line "admin dashboard jsi18n-sample"
ERROR - 2020-04-10 13:40:42 --> Could not find the language line "admin dashboard jsi18n-sample"
ERROR - 2020-04-10 13:40:49 --> Could not find the language line "admin dashboard jsi18n-sample"
ERROR - 2020-04-10 13:41:01 --> Could not find the language line "admin dashboard jsi18n-sample"
ERROR - 2020-04-10 15:23:32 --> Could not find the language line "admin dashboard jsi18n-sample"
ERROR - 2020-04-10 16:03:49 --> Could not find the language line "admin dashboard jsi18n-sample"
ERROR - 2020-04-10 17:22:27 --> Could not find the language line "admin dashboard jsi18n-sample"
ERROR - 2020-04-10 17:22:46 --> Could not find the language line "admin dashboard jsi18n-sample"
ERROR - 2020-04-10 17:23:06 --> Could not find the language line "admin dashboard jsi18n-sample"
ERROR - 2020-04-10 17:23:17 --> Could not find the language line "admin dashboard jsi18n-sample"
ERROR - 2020-04-10 22:54:50 --> Could not find the language line "admin dashboard jsi18n-sample"
