ERROR - 2021-02-03 08:04:23 --> Could not find the language line "admin dashboard jsi18n-sample"
ERROR - 2021-02-03 08:04:26 --> Could not find the language line "admin dashboard jsi18n-sample"
ERROR - 2021-02-03 08:50:42 --> Could not find the language line "admin dashboard jsi18n-sample"
ERROR - 2021-02-03 09:28:10 --> Could not find the language line "admin dashboard jsi18n-sample"
ERROR - 2021-02-03 09:46:44 --> Could not find the language line "admin dashboard jsi18n-sample"
ERROR - 2021-02-03 10:21:10 --> Could not find the language line "admin dashboard jsi18n-sample"
ERROR - 2021-02-03 10:45:30 --> Could not find the language line "admin dashboard jsi18n-sample"
ERROR - 2021-02-03 10:56:36 --> Could not find the language line "admin dashboard jsi18n-sample"
ERROR - 2021-02-03 11:25:03 --> Could not find the language line "admin dashboard jsi18n-sample"
ERROR - 2021-02-03 11:37:50 --> Could not find the language line "admin dashboard jsi18n-sample"
ERROR - 2021-02-03 11:49:34 --> Could not find the language line "admin dashboard jsi18n-sample"
ERROR - 2021-02-03 11:50:57 --> Could not find the language line "admin dashboard jsi18n-sample"
ERROR - 2021-02-03 11:58:26 --> Could not find the language line "admin dashboard jsi18n-sample"
ERROR - 2021-02-03 12:00:20 --> Could not find the language line "admin dashboard jsi18n-sample"
ERROR - 2021-02-03 13:51:09 --> Could not find the language line "admin dashboard jsi18n-sample"
ERROR - 2021-02-03 13:51:16 --> Could not find the language line "admin dashboard jsi18n-sample"
ERROR - 2021-02-03 13:51:21 --> Could not find the language line "admin dashboard jsi18n-sample"
ERROR - 2021-02-03 13:51:23 --> Could not find the language line "admin dashboard jsi18n-sample"
ERROR - 2021-02-03 13:51:26 --> Could not find the language line "admin dashboard jsi18n-sample"
ERROR - 2021-02-03 13:51:28 --> Could not find the language line "admin dashboard jsi18n-sample"
ERROR - 2021-02-03 13:57:07 --> Severity: Warning --> pg_connect() [<a href='function.pg-connect'>function.pg-connect</a>]: Unable to connect to PostgreSQL server: server closed the connection unexpectedly
	This probably means the server terminated abnormally
	before or while processing the request. /home/miracle/public_html/ci3_cgi/system/database/drivers/postgre/postgre_driver.php 154
ERROR - 2021-02-03 13:57:07 --> Unable to connect to the database
ERROR - 2021-02-03 13:58:51 --> Could not find the language line "admin dashboard jsi18n-sample"
ERROR - 2021-02-03 14:00:48 --> Could not find the language line "admin dashboard jsi18n-sample"
ERROR - 2021-02-03 14:01:22 --> Could not find the language line "admin dashboard jsi18n-sample"
ERROR - 2021-02-03 14:50:03 --> Could not find the language line "admin dashboard jsi18n-sample"
ERROR - 2021-02-03 15:03:45 --> Could not find the language line "admin dashboard jsi18n-sample"
ERROR - 2021-02-03 15:05:53 --> Could not find the language line "admin dashboard jsi18n-sample"
ERROR - 2021-02-03 17:21:54 --> Could not find the language line "admin dashboard jsi18n-sample"
ERROR - 2021-02-03 17:23:29 --> Could not find the language line "admin dashboard jsi18n-sample"
ERROR - 2021-02-03 17:53:39 --> Could not find the language line "admin dashboard jsi18n-sample"
ERROR - 2021-02-03 19:03:16 --> Could not find the language line "admin dashboard jsi18n-sample"
