ERROR - 2020-04-21 08:06:09 --> Could not find the language line "admin dashboard jsi18n-sample"
ERROR - 2020-04-21 08:06:11 --> Could not find the language line "admin dashboard jsi18n-sample"
ERROR - 2020-04-21 08:14:05 --> Could not find the language line "admin dashboard jsi18n-sample"
ERROR - 2020-04-21 09:52:57 --> Could not find the language line "admin dashboard jsi18n-sample"
ERROR - 2020-04-21 09:52:59 --> Could not find the language line "admin dashboard jsi18n-sample"
ERROR - 2020-04-21 10:04:24 --> Could not find the language line "admin dashboard jsi18n-sample"
ERROR - 2020-04-21 10:07:02 --> Could not find the language line "admin dashboard jsi18n-sample"
ERROR - 2020-04-21 10:13:45 --> Could not find the language line "admin dashboard jsi18n-sample"
ERROR - 2020-04-21 10:29:00 --> Could not find the language line "admin dashboard jsi18n-sample"
ERROR - 2020-04-21 11:13:25 --> Could not find the language line "admin dashboard jsi18n-sample"
ERROR - 2020-04-21 11:29:42 --> Could not find the language line "admin dashboard jsi18n-sample"
ERROR - 2020-04-21 11:33:02 --> Could not find the language line "admin dashboard jsi18n-sample"
ERROR - 2020-04-21 11:54:55 --> Severity: Warning --> pg_query() [<a href='function.pg-query'>function.pg-query</a>]: Query failed: ERROR:  invalid input syntax for integer: &quot;&quot;
LINE 1: ...06-16', &quot;appointment_time&quot; = '08:30', &quot;user_id&quot; = '', &quot;comme...
                                                             ^ /home/miracle/public_html/ci3_cgi/system/database/drivers/postgre/postgre_driver.php 242
ERROR - 2020-04-21 11:54:55 --> Query error: ERROR:  invalid input syntax for integer: ""
LINE 1: ...06-16', "appointment_time" = '08:30', "user_id" = '', "comme...
                                                             ^ - Invalid query: UPDATE "frontmed"."neural_appointment" SET "appointment_date" = '2020-06-16', "appointment_time" = '08:30', "user_id" = '', "comment" = 'จิตบำบัด อัจฉริยา', "component_id" = '19', "visit_id" = '1950404', "patient_id" = '189851', "created_by" = '60', "update_date" = '2020-04-21 11:54:55'
WHERE "neural_appointment"."id" = '807052'
ERROR - 2020-04-21 11:55:04 --> Severity: Warning --> pg_query() [<a href='function.pg-query'>function.pg-query</a>]: Query failed: ERROR:  invalid input syntax for integer: &quot;&quot;
LINE 1: ...06-16', &quot;appointment_time&quot; = '08:30', &quot;user_id&quot; = '', &quot;comme...
                                                             ^ /home/miracle/public_html/ci3_cgi/system/database/drivers/postgre/postgre_driver.php 242
ERROR - 2020-04-21 11:55:04 --> Query error: ERROR:  invalid input syntax for integer: ""
LINE 1: ...06-16', "appointment_time" = '08:30', "user_id" = '', "comme...
                                                             ^ - Invalid query: UPDATE "frontmed"."neural_appointment" SET "appointment_date" = '2020-06-16', "appointment_time" = '08:30', "user_id" = '', "comment" = 'จิตบำบัด อัจฉริยา', "component_id" = '19', "visit_id" = '1950404', "patient_id" = '189851', "created_by" = '60', "update_date" = '2020-04-21 11:55:04'
WHERE "neural_appointment"."id" = '807052'
ERROR - 2020-04-21 11:55:43 --> Severity: Warning --> pg_query() [<a href='function.pg-query'>function.pg-query</a>]: Query failed: ERROR:  invalid input syntax for integer: &quot;&quot;
LINE 1: ...06-16', &quot;appointment_time&quot; = '08:30', &quot;user_id&quot; = '', &quot;comme...
                                                             ^ /home/miracle/public_html/ci3_cgi/system/database/drivers/postgre/postgre_driver.php 242
ERROR - 2020-04-21 11:55:43 --> Query error: ERROR:  invalid input syntax for integer: ""
LINE 1: ...06-16', "appointment_time" = '08:30', "user_id" = '', "comme...
                                                             ^ - Invalid query: UPDATE "frontmed"."neural_appointment" SET "appointment_date" = '2020-06-16', "appointment_time" = '08:30', "user_id" = '', "comment" = 'จิตบำบัด อัจฉริยา', "component_id" = '19', "visit_id" = '1950404', "patient_id" = '189851', "created_by" = '60', "update_date" = '2020-04-21 11:55:43'
WHERE "neural_appointment"."id" = '807052'
ERROR - 2020-04-21 11:55:53 --> Could not find the language line "admin dashboard jsi18n-sample"
ERROR - 2020-04-21 13:45:27 --> Could not find the language line "admin dashboard jsi18n-sample"
ERROR - 2020-04-21 13:46:41 --> Could not find the language line "admin dashboard jsi18n-sample"
ERROR - 2020-04-21 13:46:52 --> Could not find the language line "admin dashboard jsi18n-sample"
ERROR - 2020-04-21 15:50:46 --> Could not find the language line "admin dashboard jsi18n-sample"
ERROR - 2020-04-21 15:52:20 --> Could not find the language line "admin dashboard jsi18n-sample"
