ERROR - 2020-11-27 07:52:45 --> Could not find the language line "admin dashboard jsi18n-sample"
ERROR - 2020-11-27 07:52:49 --> Could not find the language line "admin dashboard jsi18n-sample"
ERROR - 2020-11-27 08:16:28 --> Could not find the language line "admin dashboard jsi18n-sample"
ERROR - 2020-11-27 08:21:48 --> Could not find the language line "admin dashboard jsi18n-sample"
ERROR - 2020-11-27 08:47:01 --> Could not find the language line "admin dashboard jsi18n-sample"
ERROR - 2020-11-27 09:10:18 --> Could not find the language line "admin dashboard jsi18n-sample"
ERROR - 2020-11-27 09:41:25 --> Could not find the language line "admin dashboard jsi18n-sample"
ERROR - 2020-11-27 10:10:48 --> Could not find the language line "admin dashboard jsi18n-sample"
ERROR - 2020-11-27 10:24:49 --> Could not find the language line "admin dashboard jsi18n-sample"
ERROR - 2020-11-27 10:38:04 --> Could not find the language line "admin dashboard jsi18n-sample"
ERROR - 2020-11-27 10:41:44 --> Could not find the language line "admin dashboard jsi18n-sample"
ERROR - 2020-11-27 10:48:20 --> Severity: Warning --> pg_query() [<a href='function.pg-query'>function.pg-query</a>]: Query failed: ERROR:  invalid input syntax for integer: &quot;&quot;
LINE 9:      '',
             ^ /home/miracle/public_html/ci3_cgi/system/database/drivers/postgre/postgre_driver.php 242
ERROR - 2020-11-27 10:48:20 --> Query error: ERROR:  invalid input syntax for integer: ""
LINE 9:      '',
             ^ - Invalid query: INSERT INTO frontmed.neural_appointment (id, appointment_date, appointment_time, user_id, comment, component_id, visit_id, patient_id, created_by, select_option)
					SELECT (id + 1) AS last_id,
					'2020-12-18',
					'09:00',
					'708',
					'ติดตามผลการบำบัด/เปี่ยมศักดิ์',
					'19',
					'2008697',
					'',
					'708',
					NULL
					FROM frontmed.neural_appointment ORDER BY id DESC LIMIT 1 RETURNING id AS last_id
ERROR - 2020-11-27 10:48:26 --> Severity: Warning --> pg_query() [<a href='function.pg-query'>function.pg-query</a>]: Query failed: ERROR:  invalid input syntax for integer: &quot;&quot;
LINE 9:      '',
             ^ /home/miracle/public_html/ci3_cgi/system/database/drivers/postgre/postgre_driver.php 242
ERROR - 2020-11-27 10:48:26 --> Query error: ERROR:  invalid input syntax for integer: ""
LINE 9:      '',
             ^ - Invalid query: INSERT INTO frontmed.neural_appointment (id, appointment_date, appointment_time, user_id, comment, component_id, visit_id, patient_id, created_by, select_option)
					SELECT (id + 1) AS last_id,
					'2020-12-18',
					'09:00',
					'708',
					'ติดตามผลการบำบัด/เปี่ยมศักดิ์',
					'19',
					'2008697',
					'',
					'708',
					NULL
					FROM frontmed.neural_appointment ORDER BY id DESC LIMIT 1 RETURNING id AS last_id
ERROR - 2020-11-27 10:51:47 --> Could not find the language line "admin dashboard jsi18n-sample"
ERROR - 2020-11-27 11:17:54 --> Severity: Warning --> pg_query() [<a href='function.pg-query'>function.pg-query</a>]: Query failed: ERROR:  invalid input syntax for integer: &quot;&quot;
LINE 9:      '',
             ^ /home/miracle/public_html/ci3_cgi/system/database/drivers/postgre/postgre_driver.php 242
ERROR - 2020-11-27 11:17:54 --> Query error: ERROR:  invalid input syntax for integer: ""
LINE 9:      '',
             ^ - Invalid query: INSERT INTO frontmed.neural_appointment (id, appointment_date, appointment_time, user_id, comment, component_id, visit_id, patient_id, created_by, select_option)
					SELECT (id + 1) AS last_id,
					'2020-12-18',
					'13:00',
					'708',
					'ติดตามผลการบำบัด/เปี่ยมศักดิ์',
					'19',
					'2008697',
					'',
					'708',
					NULL
					FROM frontmed.neural_appointment ORDER BY id DESC LIMIT 1 RETURNING id AS last_id
ERROR - 2020-11-27 12:35:57 --> Could not find the language line "admin dashboard jsi18n-sample"
ERROR - 2020-11-27 12:36:02 --> Could not find the language line "admin dashboard jsi18n-sample"
ERROR - 2020-11-27 12:36:04 --> Could not find the language line "admin dashboard jsi18n-sample"
ERROR - 2020-11-27 12:36:06 --> Could not find the language line "admin dashboard jsi18n-sample"
ERROR - 2020-11-27 12:36:08 --> Could not find the language line "admin dashboard jsi18n-sample"
ERROR - 2020-11-27 12:36:14 --> Could not find the language line "admin dashboard jsi18n-sample"
ERROR - 2020-11-27 12:36:22 --> Could not find the language line "admin dashboard jsi18n-sample"
ERROR - 2020-11-27 12:36:25 --> Could not find the language line "admin dashboard jsi18n-sample"
ERROR - 2020-11-27 13:34:15 --> Could not find the language line "admin dashboard jsi18n-sample"
ERROR - 2020-11-27 13:35:27 --> Severity: Warning --> pg_query() [<a href='function.pg-query'>function.pg-query</a>]: Query failed: ERROR:  invalid input syntax for integer: &quot;&quot;
LINE 9:      '',
             ^ /home/miracle/public_html/ci3_cgi/system/database/drivers/postgre/postgre_driver.php 242
ERROR - 2020-11-27 13:35:27 --> Query error: ERROR:  invalid input syntax for integer: ""
LINE 9:      '',
             ^ - Invalid query: INSERT INTO frontmed.neural_appointment (id, appointment_date, appointment_time, user_id, comment, component_id, visit_id, patient_id, created_by, select_option)
					SELECT (id + 1) AS last_id,
					'2020-12-18',
					'13:00',
					'708',
					'ติดตามผลการบำบัด/เปี่ยมศักดิ์',
					'19',
					'2008697',
					'',
					'708',
					NULL
					FROM frontmed.neural_appointment ORDER BY id DESC LIMIT 1 RETURNING id AS last_id
ERROR - 2020-11-27 14:04:32 --> Could not find the language line "admin dashboard jsi18n-sample"
ERROR - 2020-11-27 14:05:32 --> Could not find the language line "admin dashboard jsi18n-sample"
ERROR - 2020-11-27 14:29:40 --> Could not find the language line "admin dashboard jsi18n-sample"
ERROR - 2020-11-27 14:43:06 --> Could not find the language line "admin dashboard jsi18n-sample"
ERROR - 2020-11-27 14:48:21 --> Could not find the language line "admin dashboard jsi18n-sample"
ERROR - 2020-11-27 14:55:32 --> Could not find the language line "admin dashboard jsi18n-sample"
