ERROR - 2021-05-13 08:11:10 --> Could not find the language line "admin dashboard jsi18n-sample"
ERROR - 2021-05-13 08:11:14 --> Could not find the language line "admin dashboard jsi18n-sample"
ERROR - 2021-05-13 09:12:07 --> Could not find the language line "admin dashboard jsi18n-sample"
ERROR - 2021-05-13 09:45:08 --> Could not find the language line "admin dashboard jsi18n-sample"
ERROR - 2021-05-13 10:05:27 --> Could not find the language line "admin dashboard jsi18n-sample"
ERROR - 2021-05-13 10:36:27 --> Could not find the language line "admin dashboard jsi18n-sample"
ERROR - 2021-05-13 10:39:05 --> Could not find the language line "admin dashboard jsi18n-sample"
ERROR - 2021-05-13 10:53:24 --> Could not find the language line "admin dashboard jsi18n-sample"
ERROR - 2021-05-13 10:53:44 --> Could not find the language line "admin dashboard jsi18n-sample"
ERROR - 2021-05-13 10:54:40 --> Could not find the language line "admin dashboard jsi18n-sample"
ERROR - 2021-05-13 10:55:45 --> Severity: Warning --> pg_query() [<a href='function.pg-query'>function.pg-query</a>]: Query failed: ERROR:  invalid input syntax for integer: &quot;&quot;
LINE 1: ...06-16', &quot;appointment_time&quot; = '09:00', &quot;user_id&quot; = '', &quot;comme...
                                                             ^ /home/miracle/public_html/ci3_cgi/system/database/drivers/postgre/postgre_driver.php 242
ERROR - 2021-05-13 10:55:45 --> Query error: ERROR:  invalid input syntax for integer: ""
LINE 1: ...06-16', "appointment_time" = '09:00', "user_id" = '', "comme...
                                                             ^ - Invalid query: UPDATE "frontmed"."neural_appointment" SET "appointment_date" = '2021-06-16', "appointment_time" = '09:00', "user_id" = '', "comment" = 'นัดบำบัดหลังพบแพทย์', "component_id" = '10', "visit_id" = '2051854', "patient_id" = '197175', "created_by" = '762', "update_date" = '2021-05-13 10:55:45'
WHERE "neural_appointment"."id" = '864077'
ERROR - 2021-05-13 10:56:04 --> Severity: Warning --> pg_query() [<a href='function.pg-query'>function.pg-query</a>]: Query failed: ERROR:  invalid input syntax for integer: &quot;&quot;
LINE 1: ...06-16', &quot;appointment_time&quot; = '09:00', &quot;user_id&quot; = '', &quot;comme...
                                                             ^ /home/miracle/public_html/ci3_cgi/system/database/drivers/postgre/postgre_driver.php 242
ERROR - 2021-05-13 10:56:04 --> Query error: ERROR:  invalid input syntax for integer: ""
LINE 1: ...06-16', "appointment_time" = '09:00', "user_id" = '', "comme...
                                                             ^ - Invalid query: UPDATE "frontmed"."neural_appointment" SET "appointment_date" = '2021-06-16', "appointment_time" = '09:00', "user_id" = '', "comment" = 'นัดบำบัดหลังพบแพทย์', "component_id" = '10', "visit_id" = '2051854', "patient_id" = '197175', "created_by" = '762', "update_date" = '2021-05-13 10:56:04'
WHERE "neural_appointment"."id" = '864077'
ERROR - 2021-05-13 10:56:04 --> Severity: Warning --> pg_query() [<a href='function.pg-query'>function.pg-query</a>]: Query failed: ERROR:  invalid input syntax for integer: &quot;&quot;
LINE 1: ...06-16', &quot;appointment_time&quot; = '09:00', &quot;user_id&quot; = '', &quot;comme...
                                                             ^ /home/miracle/public_html/ci3_cgi/system/database/drivers/postgre/postgre_driver.php 242
ERROR - 2021-05-13 10:56:04 --> Query error: ERROR:  invalid input syntax for integer: ""
LINE 1: ...06-16', "appointment_time" = '09:00', "user_id" = '', "comme...
                                                             ^ - Invalid query: UPDATE "frontmed"."neural_appointment" SET "appointment_date" = '2021-06-16', "appointment_time" = '09:00', "user_id" = '', "comment" = 'นัดบำบัดหลังพบแพทย์', "component_id" = '10', "visit_id" = '2051854', "patient_id" = '197175', "created_by" = '762', "update_date" = '2021-05-13 10:56:04'
WHERE "neural_appointment"."id" = '864077'
ERROR - 2021-05-13 10:56:07 --> Severity: Warning --> pg_query() [<a href='function.pg-query'>function.pg-query</a>]: Query failed: ERROR:  invalid input syntax for integer: &quot;&quot;
LINE 1: ...06-16', &quot;appointment_time&quot; = '09:00', &quot;user_id&quot; = '', &quot;comme...
                                                             ^ /home/miracle/public_html/ci3_cgi/system/database/drivers/postgre/postgre_driver.php 242
ERROR - 2021-05-13 10:56:07 --> Query error: ERROR:  invalid input syntax for integer: ""
LINE 1: ...06-16', "appointment_time" = '09:00', "user_id" = '', "comme...
                                                             ^ - Invalid query: UPDATE "frontmed"."neural_appointment" SET "appointment_date" = '2021-06-16', "appointment_time" = '09:00', "user_id" = '', "comment" = 'นัดบำบัดหลังพบแพทย์', "component_id" = '10', "visit_id" = '2051854', "patient_id" = '197175', "created_by" = '762', "update_date" = '2021-05-13 10:56:07'
WHERE "neural_appointment"."id" = '864077'
ERROR - 2021-05-13 10:56:13 --> Could not find the language line "admin dashboard jsi18n-sample"
ERROR - 2021-05-13 10:56:31 --> Severity: Warning --> pg_query() [<a href='function.pg-query'>function.pg-query</a>]: Query failed: ERROR:  invalid input syntax for integer: &quot;&quot;
LINE 1: ...06-16', &quot;appointment_time&quot; = '09:00', &quot;user_id&quot; = '', &quot;comme...
                                                             ^ /home/miracle/public_html/ci3_cgi/system/database/drivers/postgre/postgre_driver.php 242
ERROR - 2021-05-13 10:56:31 --> Query error: ERROR:  invalid input syntax for integer: ""
LINE 1: ...06-16', "appointment_time" = '09:00', "user_id" = '', "comme...
                                                             ^ - Invalid query: UPDATE "frontmed"."neural_appointment" SET "appointment_date" = '2021-06-16', "appointment_time" = '09:00', "user_id" = '', "comment" = 'นัดบำบัดหลังพบแพทย์', "component_id" = '10', "visit_id" = '2051854', "patient_id" = '197175', "created_by" = '762', "update_date" = '2021-05-13 10:56:31'
WHERE "neural_appointment"."id" = '864077'
ERROR - 2021-05-13 10:56:43 --> Severity: Warning --> pg_query() [<a href='function.pg-query'>function.pg-query</a>]: Query failed: ERROR:  invalid input syntax for integer: &quot;&quot;
LINE 1: ...06-16', &quot;appointment_time&quot; = '09:00', &quot;user_id&quot; = '', &quot;comme...
                                                             ^ /home/miracle/public_html/ci3_cgi/system/database/drivers/postgre/postgre_driver.php 242
ERROR - 2021-05-13 10:56:43 --> Query error: ERROR:  invalid input syntax for integer: ""
LINE 1: ...06-16', "appointment_time" = '09:00', "user_id" = '', "comme...
                                                             ^ - Invalid query: UPDATE "frontmed"."neural_appointment" SET "appointment_date" = '2021-06-16', "appointment_time" = '09:00', "user_id" = '', "comment" = 'นัดบำบัดหลังพบแพทย์', "component_id" = '10', "visit_id" = '2051854', "patient_id" = '197175', "created_by" = '762', "update_date" = '2021-05-13 10:56:43'
WHERE "neural_appointment"."id" = '864077'
ERROR - 2021-05-13 10:58:29 --> Could not find the language line "admin dashboard jsi18n-sample"
ERROR - 2021-05-13 10:59:40 --> Could not find the language line "admin dashboard jsi18n-sample"
ERROR - 2021-05-13 11:00:50 --> Could not find the language line "admin dashboard jsi18n-sample"
ERROR - 2021-05-13 12:23:56 --> Could not find the language line "admin dashboard jsi18n-sample"
ERROR - 2021-05-13 13:39:41 --> Could not find the language line "admin dashboard jsi18n-sample"
ERROR - 2021-05-13 14:08:12 --> Could not find the language line "admin dashboard jsi18n-sample"
ERROR - 2021-05-13 14:09:55 --> Could not find the language line "admin dashboard jsi18n-sample"
ERROR - 2021-05-13 14:29:16 --> Could not find the language line "admin dashboard jsi18n-sample"
ERROR - 2021-05-13 15:08:42 --> Could not find the language line "admin dashboard jsi18n-sample"
ERROR - 2021-05-13 15:09:04 --> Could not find the language line "admin dashboard jsi18n-sample"
ERROR - 2021-05-13 15:13:22 --> Severity: Warning --> pg_query() [<a href='function.pg-query'>function.pg-query</a>]: Query failed: ERROR:  invalid input syntax for integer: &quot;&quot;
LINE 9:      '',
             ^ /home/miracle/public_html/ci3_cgi/system/database/drivers/postgre/postgre_driver.php 242
ERROR - 2021-05-13 15:13:22 --> Query error: ERROR:  invalid input syntax for integer: ""
LINE 9:      '',
             ^ - Invalid query: INSERT INTO frontmed.neural_appointment (id, appointment_date, appointment_time, user_id, comment, component_id, visit_id, patient_id, created_by, select_option)
					SELECT (id + 1) AS last_id,
					'2021-05-27',
					'08:00',
					'85',
					'',
					'10',
					'2052083',
					'',
					'627',
					NULL
					FROM frontmed.neural_appointment ORDER BY id DESC LIMIT 1 RETURNING id AS last_id
ERROR - 2021-05-13 15:13:22 --> Severity: Warning --> pg_query() [<a href='function.pg-query'>function.pg-query</a>]: Query failed: ERROR:  invalid input syntax for integer: &quot;&quot;
LINE 9:      '',
             ^ /home/miracle/public_html/ci3_cgi/system/database/drivers/postgre/postgre_driver.php 242
ERROR - 2021-05-13 15:13:22 --> Query error: ERROR:  invalid input syntax for integer: ""
LINE 9:      '',
             ^ - Invalid query: INSERT INTO frontmed.neural_appointment (id, appointment_date, appointment_time, user_id, comment, component_id, visit_id, patient_id, created_by, select_option)
					SELECT (id + 1) AS last_id,
					'2021-05-27',
					'08:00',
					'85',
					'',
					'10',
					'2052083',
					'',
					'627',
					NULL
					FROM frontmed.neural_appointment ORDER BY id DESC LIMIT 1 RETURNING id AS last_id
ERROR - 2021-05-13 15:13:22 --> Severity: Warning --> pg_query() [<a href='function.pg-query'>function.pg-query</a>]: Query failed: ERROR:  invalid input syntax for integer: &quot;&quot;
LINE 9:      '',
             ^ /home/miracle/public_html/ci3_cgi/system/database/drivers/postgre/postgre_driver.php 242
ERROR - 2021-05-13 15:13:22 --> Query error: ERROR:  invalid input syntax for integer: ""
LINE 9:      '',
             ^ - Invalid query: INSERT INTO frontmed.neural_appointment (id, appointment_date, appointment_time, user_id, comment, component_id, visit_id, patient_id, created_by, select_option)
					SELECT (id + 1) AS last_id,
					'2021-05-27',
					'08:00',
					'85',
					'',
					'10',
					'2052083',
					'',
					'627',
					NULL
					FROM frontmed.neural_appointment ORDER BY id DESC LIMIT 1 RETURNING id AS last_id
ERROR - 2021-05-13 15:13:40 --> Severity: Warning --> pg_query() [<a href='function.pg-query'>function.pg-query</a>]: Query failed: ERROR:  invalid input syntax for integer: &quot;&quot;
LINE 9:      '',
             ^ /home/miracle/public_html/ci3_cgi/system/database/drivers/postgre/postgre_driver.php 242
ERROR - 2021-05-13 15:13:40 --> Query error: ERROR:  invalid input syntax for integer: ""
LINE 9:      '',
             ^ - Invalid query: INSERT INTO frontmed.neural_appointment (id, appointment_date, appointment_time, user_id, comment, component_id, visit_id, patient_id, created_by, select_option)
					SELECT (id + 1) AS last_id,
					'2021-05-27',
					'08:00',
					'85',
					'',
					'10',
					'2052083',
					'',
					'627',
					NULL
					FROM frontmed.neural_appointment ORDER BY id DESC LIMIT 1 RETURNING id AS last_id
ERROR - 2021-05-13 15:13:41 --> Severity: Warning --> pg_query() [<a href='function.pg-query'>function.pg-query</a>]: Query failed: ERROR:  invalid input syntax for integer: &quot;&quot;
LINE 9:      '',
             ^ /home/miracle/public_html/ci3_cgi/system/database/drivers/postgre/postgre_driver.php 242
ERROR - 2021-05-13 15:13:41 --> Query error: ERROR:  invalid input syntax for integer: ""
LINE 9:      '',
             ^ - Invalid query: INSERT INTO frontmed.neural_appointment (id, appointment_date, appointment_time, user_id, comment, component_id, visit_id, patient_id, created_by, select_option)
					SELECT (id + 1) AS last_id,
					'2021-05-27',
					'08:00',
					'85',
					'',
					'10',
					'2052083',
					'',
					'627',
					NULL
					FROM frontmed.neural_appointment ORDER BY id DESC LIMIT 1 RETURNING id AS last_id
ERROR - 2021-05-13 15:13:42 --> Severity: Warning --> pg_query() [<a href='function.pg-query'>function.pg-query</a>]: Query failed: ERROR:  invalid input syntax for integer: &quot;&quot;
LINE 9:      '',
             ^ /home/miracle/public_html/ci3_cgi/system/database/drivers/postgre/postgre_driver.php 242
ERROR - 2021-05-13 15:13:42 --> Query error: ERROR:  invalid input syntax for integer: ""
LINE 9:      '',
             ^ - Invalid query: INSERT INTO frontmed.neural_appointment (id, appointment_date, appointment_time, user_id, comment, component_id, visit_id, patient_id, created_by, select_option)
					SELECT (id + 1) AS last_id,
					'2021-05-27',
					'08:00',
					'85',
					'',
					'10',
					'2052083',
					'',
					'627',
					NULL
					FROM frontmed.neural_appointment ORDER BY id DESC LIMIT 1 RETURNING id AS last_id
ERROR - 2021-05-13 15:13:50 --> Severity: Warning --> pg_query() [<a href='function.pg-query'>function.pg-query</a>]: Query failed: ERROR:  invalid input syntax for integer: &quot;&quot;
LINE 9:      '',
             ^ /home/miracle/public_html/ci3_cgi/system/database/drivers/postgre/postgre_driver.php 242
ERROR - 2021-05-13 15:13:50 --> Query error: ERROR:  invalid input syntax for integer: ""
LINE 9:      '',
             ^ - Invalid query: INSERT INTO frontmed.neural_appointment (id, appointment_date, appointment_time, user_id, comment, component_id, visit_id, patient_id, created_by, select_option)
					SELECT (id + 1) AS last_id,
					'2021-05-27',
					'08:00',
					'85',
					'',
					'10',
					'2052083',
					'',
					'627',
					NULL
					FROM frontmed.neural_appointment ORDER BY id DESC LIMIT 1 RETURNING id AS last_id
ERROR - 2021-05-13 15:13:52 --> Severity: Warning --> pg_query() [<a href='function.pg-query'>function.pg-query</a>]: Query failed: ERROR:  invalid input syntax for integer: &quot;&quot;
LINE 9:      '',
             ^ /home/miracle/public_html/ci3_cgi/system/database/drivers/postgre/postgre_driver.php 242
ERROR - 2021-05-13 15:13:52 --> Query error: ERROR:  invalid input syntax for integer: ""
LINE 9:      '',
             ^ - Invalid query: INSERT INTO frontmed.neural_appointment (id, appointment_date, appointment_time, user_id, comment, component_id, visit_id, patient_id, created_by, select_option)
					SELECT (id + 1) AS last_id,
					'2021-05-27',
					'08:00',
					'85',
					'',
					'10',
					'2052083',
					'',
					'627',
					NULL
					FROM frontmed.neural_appointment ORDER BY id DESC LIMIT 1 RETURNING id AS last_id
ERROR - 2021-05-13 15:13:52 --> Severity: Warning --> pg_query() [<a href='function.pg-query'>function.pg-query</a>]: Query failed: ERROR:  invalid input syntax for integer: &quot;&quot;
LINE 9:      '',
             ^ /home/miracle/public_html/ci3_cgi/system/database/drivers/postgre/postgre_driver.php 242
ERROR - 2021-05-13 15:13:52 --> Query error: ERROR:  invalid input syntax for integer: ""
LINE 9:      '',
             ^ - Invalid query: INSERT INTO frontmed.neural_appointment (id, appointment_date, appointment_time, user_id, comment, component_id, visit_id, patient_id, created_by, select_option)
					SELECT (id + 1) AS last_id,
					'2021-05-27',
					'08:00',
					'85',
					'',
					'10',
					'2052083',
					'',
					'627',
					NULL
					FROM frontmed.neural_appointment ORDER BY id DESC LIMIT 1 RETURNING id AS last_id
ERROR - 2021-05-13 15:13:52 --> Severity: Warning --> pg_query() [<a href='function.pg-query'>function.pg-query</a>]: Query failed: ERROR:  invalid input syntax for integer: &quot;&quot;
LINE 9:      '',
             ^ /home/miracle/public_html/ci3_cgi/system/database/drivers/postgre/postgre_driver.php 242
ERROR - 2021-05-13 15:13:52 --> Query error: ERROR:  invalid input syntax for integer: ""
LINE 9:      '',
             ^ - Invalid query: INSERT INTO frontmed.neural_appointment (id, appointment_date, appointment_time, user_id, comment, component_id, visit_id, patient_id, created_by, select_option)
					SELECT (id + 1) AS last_id,
					'2021-05-27',
					'08:00',
					'85',
					'',
					'10',
					'2052083',
					'',
					'627',
					NULL
					FROM frontmed.neural_appointment ORDER BY id DESC LIMIT 1 RETURNING id AS last_id
ERROR - 2021-05-13 15:13:53 --> Severity: Warning --> pg_query() [<a href='function.pg-query'>function.pg-query</a>]: Query failed: ERROR:  invalid input syntax for integer: &quot;&quot;
LINE 9:      '',
             ^ /home/miracle/public_html/ci3_cgi/system/database/drivers/postgre/postgre_driver.php 242
ERROR - 2021-05-13 15:13:53 --> Query error: ERROR:  invalid input syntax for integer: ""
LINE 9:      '',
             ^ - Invalid query: INSERT INTO frontmed.neural_appointment (id, appointment_date, appointment_time, user_id, comment, component_id, visit_id, patient_id, created_by, select_option)
					SELECT (id + 1) AS last_id,
					'2021-05-27',
					'08:00',
					'85',
					'',
					'10',
					'2052083',
					'',
					'627',
					NULL
					FROM frontmed.neural_appointment ORDER BY id DESC LIMIT 1 RETURNING id AS last_id
ERROR - 2021-05-13 15:13:54 --> Severity: Warning --> pg_query() [<a href='function.pg-query'>function.pg-query</a>]: Query failed: ERROR:  invalid input syntax for integer: &quot;&quot;
LINE 9:      '',
             ^ /home/miracle/public_html/ci3_cgi/system/database/drivers/postgre/postgre_driver.php 242
ERROR - 2021-05-13 15:13:54 --> Query error: ERROR:  invalid input syntax for integer: ""
LINE 9:      '',
             ^ - Invalid query: INSERT INTO frontmed.neural_appointment (id, appointment_date, appointment_time, user_id, comment, component_id, visit_id, patient_id, created_by, select_option)
					SELECT (id + 1) AS last_id,
					'2021-05-27',
					'08:00',
					'85',
					'',
					'10',
					'2052083',
					'',
					'627',
					NULL
					FROM frontmed.neural_appointment ORDER BY id DESC LIMIT 1 RETURNING id AS last_id
ERROR - 2021-05-13 15:13:57 --> Severity: Warning --> pg_query() [<a href='function.pg-query'>function.pg-query</a>]: Query failed: ERROR:  invalid input syntax for integer: &quot;&quot;
LINE 9:      '',
             ^ /home/miracle/public_html/ci3_cgi/system/database/drivers/postgre/postgre_driver.php 242
ERROR - 2021-05-13 15:13:57 --> Query error: ERROR:  invalid input syntax for integer: ""
LINE 9:      '',
             ^ - Invalid query: INSERT INTO frontmed.neural_appointment (id, appointment_date, appointment_time, user_id, comment, component_id, visit_id, patient_id, created_by, select_option)
					SELECT (id + 1) AS last_id,
					'2021-05-27',
					'08:00',
					'85',
					'',
					'10',
					'2052083',
					'',
					'627',
					NULL
					FROM frontmed.neural_appointment ORDER BY id DESC LIMIT 1 RETURNING id AS last_id
