ERROR - 2021-04-18 10:26:44 --> Could not find the language line "admin dashboard jsi18n-sample"
ERROR - 2021-04-18 10:27:31 --> Could not find the language line "admin dashboard jsi18n-sample"
ERROR - 2021-04-18 10:27:40 --> Could not find the language line "admin dashboard jsi18n-sample"
ERROR - 2021-04-18 10:28:31 --> Could not find the language line "admin dashboard jsi18n-sample"
ERROR - 2021-04-18 10:29:07 --> Could not find the language line "admin dashboard jsi18n-sample"
ERROR - 2021-04-18 10:29:23 --> Could not find the language line "admin dashboard jsi18n-sample"
ERROR - 2021-04-18 10:29:35 --> Could not find the language line "admin dashboard jsi18n-sample"
ERROR - 2021-04-18 10:29:39 --> Could not find the language line "admin dashboard jsi18n-sample"
ERROR - 2021-04-18 10:29:39 --> Could not find the language line "admin dashboard jsi18n-sample"
ERROR - 2021-04-18 10:29:54 --> Could not find the language line "admin dashboard jsi18n-sample"
ERROR - 2021-04-18 10:30:05 --> Could not find the language line "admin dashboard jsi18n-sample"
ERROR - 2021-04-18 10:30:14 --> Could not find the language line "admin dashboard jsi18n-sample"
ERROR - 2021-04-18 10:30:14 --> Severity: Warning --> pg_query() [<a href='function.pg-query'>function.pg-query</a>]: Query failed: ERROR:  invalid input syntax for type date: &quot;126&quot;
LINE 5: WHERE &quot;neural_med_station&quot;.&quot;check_out_date&quot; = '126'
                                                      ^ /home/miracle/public_html/ci3_cgi/system/database/drivers/postgre/postgre_driver.php 242
ERROR - 2021-04-18 10:30:14 --> Query error: ERROR:  invalid input syntax for type date: "126"
LINE 5: WHERE "neural_med_station"."check_out_date" = '126'
                                                      ^ - Invalid query: SELECT "neural_med_station"."id" AS "med_station_id", to_char(neural_med_station.check_out_date, 'DD-MM-YYYY') AS check_out_date_th, "neural_med_station"."check_out_date", "users"."id" AS "user_id", users.title || users.name || ' ' || users.lastname AS fullname, "station"."id" AS "station_id", "station"."name" AS "station_name"
FROM "med"."neural_med_station"
JOIN "med"."neural_station" AS "station" ON "station"."id" = "neural_med_station"."station_id"
LEFT JOIN "jvkk"."nano_user" AS "users" ON "users"."id" = "neural_med_station"."doctor_id"
WHERE "neural_med_station"."check_out_date" = '126'
AND "neural_med_station"."deleted" = 'f'
ORDER BY "med"."neural_med_station"."id" ASC
ERROR - 2021-04-18 10:30:39 --> Could not find the language line "admin dashboard jsi18n-sample"
ERROR - 2021-04-18 10:32:10 --> Could not find the language line "admin dashboard jsi18n-sample"
ERROR - 2021-04-18 11:36:53 --> Could not find the language line "admin dashboard jsi18n-sample"
ERROR - 2021-04-18 11:51:31 --> Could not find the language line "admin dashboard jsi18n-sample"
ERROR - 2021-04-18 11:52:56 --> Could not find the language line "admin dashboard jsi18n-sample"
ERROR - 2021-04-18 11:53:59 --> Could not find the language line "admin dashboard jsi18n-sample"
ERROR - 2021-04-18 11:54:43 --> Could not find the language line "admin dashboard jsi18n-sample"
ERROR - 2021-04-18 11:54:43 --> Could not find the language line "admin dashboard jsi18n-sample"
ERROR - 2021-04-18 11:54:45 --> Could not find the language line "admin dashboard jsi18n-sample"
