ERROR - 2020-03-29 17:28:01 --> Could not find the language line "admin dashboard jsi18n-sample"
ERROR - 2020-03-29 17:28:21 --> Could not find the language line "admin dashboard jsi18n-sample"
ERROR - 2020-03-29 17:28:36 --> Could not find the language line "admin dashboard jsi18n-sample"
ERROR - 2020-03-29 17:29:14 --> Could not find the language line "admin dashboard jsi18n-sample"
ERROR - 2020-03-29 17:29:34 --> Could not find the language line "admin dashboard jsi18n-sample"
ERROR - 2020-03-29 17:31:16 --> Could not find the language line "admin dashboard jsi18n-sample"
ERROR - 2020-03-29 17:31:38 --> Could not find the language line "admin dashboard jsi18n-sample"
ERROR - 2020-03-29 17:31:43 --> Could not find the language line "admin dashboard jsi18n-sample"
ERROR - 2020-03-29 17:32:03 --> Severity: Warning --> pg_query() [<a href='function.pg-query'>function.pg-query</a>]: Query failed: ERROR:  invalid input syntax for type date: &quot;686&quot;
LINE 5: WHERE &quot;neural_med_station&quot;.&quot;check_out_date&quot; = '686'
                                                      ^ /home/miracle/public_html/ci3_cgi/system/database/drivers/postgre/postgre_driver.php 242
ERROR - 2020-03-29 17:32:03 --> Query error: ERROR:  invalid input syntax for type date: "686"
LINE 5: WHERE "neural_med_station"."check_out_date" = '686'
                                                      ^ - Invalid query: SELECT "neural_med_station"."id" AS "med_station_id", to_char(neural_med_station.check_out_date, 'DD-MM-YYYY') AS check_out_date_th, "neural_med_station"."check_out_date", "users"."id" AS "user_id", users.title || users.name || ' ' || users.lastname AS fullname, "station"."id" AS "station_id", "station"."name" AS "station_name"
FROM "med"."neural_med_station"
JOIN "med"."neural_station" AS "station" ON "station"."id" = "neural_med_station"."station_id"
LEFT JOIN "jvkk"."nano_user" AS "users" ON "users"."id" = "neural_med_station"."doctor_id"
WHERE "neural_med_station"."check_out_date" = '686'
AND "neural_med_station"."deleted" = 'f'
ORDER BY "med"."neural_med_station"."id" ASC
ERROR - 2020-03-29 17:32:37 --> Could not find the language line "admin dashboard jsi18n-sample"
