ERROR - 2020-09-10 08:37:32 --> Could not find the language line "admin dashboard jsi18n-sample"
ERROR - 2020-09-10 08:37:36 --> Could not find the language line "admin dashboard jsi18n-sample"
ERROR - 2020-09-10 09:13:00 --> Could not find the language line "admin dashboard jsi18n-sample"
ERROR - 2020-09-10 09:29:53 --> Could not find the language line "admin dashboard jsi18n-sample"
ERROR - 2020-09-10 09:31:09 --> Could not find the language line "admin dashboard jsi18n-sample"
ERROR - 2020-09-10 09:50:06 --> Could not find the language line "admin dashboard jsi18n-sample"
ERROR - 2020-09-10 09:50:49 --> Could not find the language line "admin dashboard jsi18n-sample"
ERROR - 2020-09-10 09:57:18 --> Could not find the language line "admin dashboard jsi18n-sample"
ERROR - 2020-09-10 09:58:45 --> Could not find the language line "admin dashboard jsi18n-sample"
ERROR - 2020-09-10 09:59:08 --> Could not find the language line "admin dashboard jsi18n-sample"
ERROR - 2020-09-10 10:10:02 --> Could not find the language line "admin dashboard jsi18n-sample"
ERROR - 2020-09-10 10:23:50 --> Could not find the language line "admin dashboard jsi18n-sample"
ERROR - 2020-09-10 10:28:32 --> Could not find the language line "admin dashboard jsi18n-sample"
ERROR - 2020-09-10 10:37:56 --> Could not find the language line "admin dashboard jsi18n-sample"
ERROR - 2020-09-10 10:44:28 --> Could not find the language line "admin dashboard jsi18n-sample"
ERROR - 2020-09-10 10:57:50 --> Could not find the language line "admin dashboard jsi18n-sample"
ERROR - 2020-09-10 11:00:44 --> Could not find the language line "admin dashboard jsi18n-sample"
ERROR - 2020-09-10 11:04:34 --> Could not find the language line "admin dashboard jsi18n-sample"
ERROR - 2020-09-10 11:23:31 --> Could not find the language line "admin dashboard jsi18n-sample"
ERROR - 2020-09-10 11:47:38 --> Could not find the language line "admin dashboard jsi18n-sample"
ERROR - 2020-09-10 11:56:12 --> Could not find the language line "admin dashboard jsi18n-sample"
ERROR - 2020-09-10 12:36:23 --> Could not find the language line "admin dashboard jsi18n-sample"
ERROR - 2020-09-10 12:56:49 --> Could not find the language line "admin dashboard jsi18n-sample"
ERROR - 2020-09-10 12:56:52 --> Could not find the language line "admin dashboard jsi18n-sample"
ERROR - 2020-09-10 12:56:55 --> Could not find the language line "admin dashboard jsi18n-sample"
ERROR - 2020-09-10 12:57:03 --> Could not find the language line "admin dashboard jsi18n-sample"
ERROR - 2020-09-10 12:57:06 --> Could not find the language line "admin dashboard jsi18n-sample"
ERROR - 2020-09-10 12:57:08 --> Could not find the language line "admin dashboard jsi18n-sample"
ERROR - 2020-09-10 12:57:12 --> Could not find the language line "admin dashboard jsi18n-sample"
ERROR - 2020-09-10 13:49:31 --> Could not find the language line "admin dashboard jsi18n-sample"
ERROR - 2020-09-10 14:50:17 --> Could not find the language line "admin dashboard jsi18n-sample"
ERROR - 2020-09-10 14:55:22 --> Could not find the language line "admin dashboard jsi18n-sample"
ERROR - 2020-09-10 20:50:42 --> Could not find the language line "admin dashboard jsi18n-sample"
ERROR - 2020-09-10 20:51:58 --> Severity: Warning --> pg_query() [<a href='function.pg-query'>function.pg-query</a>]: Query failed: ERROR:  invalid input syntax for integer: &quot;&quot;
LINE 9:      '',
             ^ /home/miracle/public_html/ci3_cgi/system/database/drivers/postgre/postgre_driver.php 242
ERROR - 2020-09-10 20:51:58 --> Query error: ERROR:  invalid input syntax for integer: ""
LINE 9:      '',
             ^ - Invalid query: INSERT INTO frontmed.neural_appointment (id, appointment_date, appointment_time, user_id, comment, component_id, visit_id, patient_id, created_by, select_option)
					SELECT (id + 1) AS last_id,
					'2020-09-15',
					'10:00',
					'536',
					'',
					'10',
					'1988017',
					'',
					'201',
					NULL
					FROM frontmed.neural_appointment ORDER BY id DESC LIMIT 1 RETURNING id AS last_id
ERROR - 2020-09-10 20:52:02 --> Severity: Warning --> pg_query() [<a href='function.pg-query'>function.pg-query</a>]: Query failed: ERROR:  invalid input syntax for integer: &quot;&quot;
LINE 9:      '',
             ^ /home/miracle/public_html/ci3_cgi/system/database/drivers/postgre/postgre_driver.php 242
ERROR - 2020-09-10 20:52:02 --> Query error: ERROR:  invalid input syntax for integer: ""
LINE 9:      '',
             ^ - Invalid query: INSERT INTO frontmed.neural_appointment (id, appointment_date, appointment_time, user_id, comment, component_id, visit_id, patient_id, created_by, select_option)
					SELECT (id + 1) AS last_id,
					'2020-09-15',
					'10:00',
					'536',
					'',
					'10',
					'1988017',
					'',
					'201',
					NULL
					FROM frontmed.neural_appointment ORDER BY id DESC LIMIT 1 RETURNING id AS last_id
ERROR - 2020-09-10 20:52:06 --> Severity: Warning --> pg_query() [<a href='function.pg-query'>function.pg-query</a>]: Query failed: ERROR:  invalid input syntax for integer: &quot;&quot;
LINE 9:      '',
             ^ /home/miracle/public_html/ci3_cgi/system/database/drivers/postgre/postgre_driver.php 242
ERROR - 2020-09-10 20:52:06 --> Query error: ERROR:  invalid input syntax for integer: ""
LINE 9:      '',
             ^ - Invalid query: INSERT INTO frontmed.neural_appointment (id, appointment_date, appointment_time, user_id, comment, component_id, visit_id, patient_id, created_by, select_option)
					SELECT (id + 1) AS last_id,
					'2020-09-15',
					'10:00',
					'536',
					'',
					'10',
					'1988017',
					'',
					'201',
					NULL
					FROM frontmed.neural_appointment ORDER BY id DESC LIMIT 1 RETURNING id AS last_id
ERROR - 2020-09-10 20:52:10 --> Severity: Warning --> pg_query() [<a href='function.pg-query'>function.pg-query</a>]: Query failed: ERROR:  invalid input syntax for integer: &quot;&quot;
LINE 9:      '',
             ^ /home/miracle/public_html/ci3_cgi/system/database/drivers/postgre/postgre_driver.php 242
ERROR - 2020-09-10 20:52:10 --> Query error: ERROR:  invalid input syntax for integer: ""
LINE 9:      '',
             ^ - Invalid query: INSERT INTO frontmed.neural_appointment (id, appointment_date, appointment_time, user_id, comment, component_id, visit_id, patient_id, created_by, select_option)
					SELECT (id + 1) AS last_id,
					'2020-09-15',
					'10:00',
					'536',
					'',
					'10',
					'1988017',
					'',
					'201',
					NULL
					FROM frontmed.neural_appointment ORDER BY id DESC LIMIT 1 RETURNING id AS last_id
ERROR - 2020-09-10 20:52:12 --> Severity: Warning --> pg_query() [<a href='function.pg-query'>function.pg-query</a>]: Query failed: ERROR:  invalid input syntax for integer: &quot;&quot;
LINE 9:      '',
             ^ /home/miracle/public_html/ci3_cgi/system/database/drivers/postgre/postgre_driver.php 242
ERROR - 2020-09-10 20:52:12 --> Query error: ERROR:  invalid input syntax for integer: ""
LINE 9:      '',
             ^ - Invalid query: INSERT INTO frontmed.neural_appointment (id, appointment_date, appointment_time, user_id, comment, component_id, visit_id, patient_id, created_by, select_option)
					SELECT (id + 1) AS last_id,
					'2020-09-15',
					'10:00',
					'536',
					'',
					'10',
					'1988017',
					'',
					'201',
					NULL
					FROM frontmed.neural_appointment ORDER BY id DESC LIMIT 1 RETURNING id AS last_id
ERROR - 2020-09-10 20:52:13 --> Severity: Warning --> pg_query() [<a href='function.pg-query'>function.pg-query</a>]: Query failed: ERROR:  invalid input syntax for integer: &quot;&quot;
LINE 9:      '',
             ^ /home/miracle/public_html/ci3_cgi/system/database/drivers/postgre/postgre_driver.php 242
ERROR - 2020-09-10 20:52:13 --> Query error: ERROR:  invalid input syntax for integer: ""
LINE 9:      '',
             ^ - Invalid query: INSERT INTO frontmed.neural_appointment (id, appointment_date, appointment_time, user_id, comment, component_id, visit_id, patient_id, created_by, select_option)
					SELECT (id + 1) AS last_id,
					'2020-09-15',
					'10:00',
					'536',
					'',
					'10',
					'1988017',
					'',
					'201',
					NULL
					FROM frontmed.neural_appointment ORDER BY id DESC LIMIT 1 RETURNING id AS last_id
ERROR - 2020-09-10 20:52:13 --> Severity: Warning --> pg_query() [<a href='function.pg-query'>function.pg-query</a>]: Query failed: ERROR:  invalid input syntax for integer: &quot;&quot;
LINE 9:      '',
             ^ /home/miracle/public_html/ci3_cgi/system/database/drivers/postgre/postgre_driver.php 242
ERROR - 2020-09-10 20:52:13 --> Query error: ERROR:  invalid input syntax for integer: ""
LINE 9:      '',
             ^ - Invalid query: INSERT INTO frontmed.neural_appointment (id, appointment_date, appointment_time, user_id, comment, component_id, visit_id, patient_id, created_by, select_option)
					SELECT (id + 1) AS last_id,
					'2020-09-15',
					'10:00',
					'536',
					'',
					'10',
					'1988017',
					'',
					'201',
					NULL
					FROM frontmed.neural_appointment ORDER BY id DESC LIMIT 1 RETURNING id AS last_id
ERROR - 2020-09-10 20:52:17 --> Severity: Warning --> pg_query() [<a href='function.pg-query'>function.pg-query</a>]: Query failed: ERROR:  invalid input syntax for integer: &quot;&quot;
LINE 9:      '',
             ^ /home/miracle/public_html/ci3_cgi/system/database/drivers/postgre/postgre_driver.php 242
ERROR - 2020-09-10 20:52:17 --> Query error: ERROR:  invalid input syntax for integer: ""
LINE 9:      '',
             ^ - Invalid query: INSERT INTO frontmed.neural_appointment (id, appointment_date, appointment_time, user_id, comment, component_id, visit_id, patient_id, created_by, select_option)
					SELECT (id + 1) AS last_id,
					'2020-09-15',
					'10:00',
					'536',
					'',
					'10',
					'1988017',
					'',
					'201',
					NULL
					FROM frontmed.neural_appointment ORDER BY id DESC LIMIT 1 RETURNING id AS last_id
ERROR - 2020-09-10 20:52:18 --> Severity: Warning --> pg_query() [<a href='function.pg-query'>function.pg-query</a>]: Query failed: ERROR:  invalid input syntax for integer: &quot;&quot;
LINE 9:      '',
             ^ /home/miracle/public_html/ci3_cgi/system/database/drivers/postgre/postgre_driver.php 242
ERROR - 2020-09-10 20:52:18 --> Query error: ERROR:  invalid input syntax for integer: ""
LINE 9:      '',
             ^ - Invalid query: INSERT INTO frontmed.neural_appointment (id, appointment_date, appointment_time, user_id, comment, component_id, visit_id, patient_id, created_by, select_option)
					SELECT (id + 1) AS last_id,
					'2020-09-15',
					'10:00',
					'536',
					'',
					'10',
					'1988017',
					'',
					'201',
					NULL
					FROM frontmed.neural_appointment ORDER BY id DESC LIMIT 1 RETURNING id AS last_id
ERROR - 2020-09-10 20:52:35 --> Could not find the language line "admin dashboard jsi18n-sample"
ERROR - 2020-09-10 20:53:34 --> Could not find the language line "admin dashboard jsi18n-sample"
ERROR - 2020-09-10 20:53:48 --> Could not find the language line "admin dashboard jsi18n-sample"
ERROR - 2020-09-10 20:54:43 --> Could not find the language line "admin dashboard jsi18n-sample"
ERROR - 2020-09-10 20:55:30 --> Could not find the language line "admin dashboard jsi18n-sample"
ERROR - 2020-09-10 20:56:11 --> Severity: Warning --> pg_query() [<a href='function.pg-query'>function.pg-query</a>]: Query failed: ERROR:  invalid input syntax for integer: &quot;&quot;
LINE 9:      '',
             ^ /home/miracle/public_html/ci3_cgi/system/database/drivers/postgre/postgre_driver.php 242
ERROR - 2020-09-10 20:56:11 --> Query error: ERROR:  invalid input syntax for integer: ""
LINE 9:      '',
             ^ - Invalid query: INSERT INTO frontmed.neural_appointment (id, appointment_date, appointment_time, user_id, comment, component_id, visit_id, patient_id, created_by, select_option)
					SELECT (id + 1) AS last_id,
					'2020-09-15',
					'10:00',
					'536',
					'',
					'10',
					'1988017',
					'',
					'201',
					NULL
					FROM frontmed.neural_appointment ORDER BY id DESC LIMIT 1 RETURNING id AS last_id
ERROR - 2020-09-10 20:56:13 --> Severity: Warning --> pg_query() [<a href='function.pg-query'>function.pg-query</a>]: Query failed: ERROR:  invalid input syntax for integer: &quot;&quot;
LINE 9:      '',
             ^ /home/miracle/public_html/ci3_cgi/system/database/drivers/postgre/postgre_driver.php 242
ERROR - 2020-09-10 20:56:13 --> Query error: ERROR:  invalid input syntax for integer: ""
LINE 9:      '',
             ^ - Invalid query: INSERT INTO frontmed.neural_appointment (id, appointment_date, appointment_time, user_id, comment, component_id, visit_id, patient_id, created_by, select_option)
					SELECT (id + 1) AS last_id,
					'2020-09-15',
					'10:00',
					'536',
					'',
					'10',
					'1988017',
					'',
					'201',
					NULL
					FROM frontmed.neural_appointment ORDER BY id DESC LIMIT 1 RETURNING id AS last_id
ERROR - 2020-09-10 20:56:16 --> Severity: Warning --> pg_query() [<a href='function.pg-query'>function.pg-query</a>]: Query failed: ERROR:  invalid input syntax for integer: &quot;&quot;
LINE 9:      '',
             ^ /home/miracle/public_html/ci3_cgi/system/database/drivers/postgre/postgre_driver.php 242
ERROR - 2020-09-10 20:56:16 --> Query error: ERROR:  invalid input syntax for integer: ""
LINE 9:      '',
             ^ - Invalid query: INSERT INTO frontmed.neural_appointment (id, appointment_date, appointment_time, user_id, comment, component_id, visit_id, patient_id, created_by, select_option)
					SELECT (id + 1) AS last_id,
					'2020-09-15',
					'10:00',
					'536',
					'',
					'10',
					'1988017',
					'',
					'201',
					NULL
					FROM frontmed.neural_appointment ORDER BY id DESC LIMIT 1 RETURNING id AS last_id
ERROR - 2020-09-10 20:56:33 --> Could not find the language line "admin dashboard jsi18n-sample"
ERROR - 2020-09-10 20:56:33 --> Could not find the language line "admin dashboard jsi18n-sample"
ERROR - 2020-09-10 20:56:45 --> Could not find the language line "admin dashboard jsi18n-sample"
ERROR - 2020-09-10 20:57:32 --> Could not find the language line "admin dashboard jsi18n-sample"
ERROR - 2020-09-10 20:57:36 --> Could not find the language line "admin dashboard jsi18n-sample"
ERROR - 2020-09-10 20:58:39 --> Could not find the language line "admin dashboard jsi18n-sample"
ERROR - 2020-09-10 20:59:18 --> Could not find the language line "admin dashboard jsi18n-sample"
