ERROR - 2021-01-04 08:01:26 --> Could not find the language line "admin dashboard jsi18n-sample"
ERROR - 2021-01-04 08:01:37 --> Could not find the language line "admin dashboard jsi18n-sample"
ERROR - 2021-01-04 08:52:12 --> Could not find the language line "admin dashboard jsi18n-sample"
ERROR - 2021-01-04 09:05:26 --> Could not find the language line "admin dashboard jsi18n-sample"
ERROR - 2021-01-04 09:19:41 --> Could not find the language line "admin dashboard jsi18n-sample"
ERROR - 2021-01-04 09:39:41 --> Could not find the language line "admin dashboard jsi18n-sample"
ERROR - 2021-01-04 10:41:46 --> Could not find the language line "admin dashboard jsi18n-sample"
ERROR - 2021-01-04 10:55:20 --> Could not find the language line "admin dashboard jsi18n-sample"
ERROR - 2021-01-04 11:01:31 --> Could not find the language line "admin dashboard jsi18n-sample"
ERROR - 2021-01-04 12:42:02 --> Could not find the language line "admin dashboard jsi18n-sample"
ERROR - 2021-01-04 12:42:05 --> Could not find the language line "admin dashboard jsi18n-sample"
ERROR - 2021-01-04 12:42:08 --> Could not find the language line "admin dashboard jsi18n-sample"
ERROR - 2021-01-04 12:42:11 --> Could not find the language line "admin dashboard jsi18n-sample"
ERROR - 2021-01-04 13:13:00 --> Could not find the language line "admin dashboard jsi18n-sample"
ERROR - 2021-01-04 13:13:04 --> Could not find the language line "admin dashboard jsi18n-sample"
ERROR - 2021-01-04 13:23:27 --> Could not find the language line "admin dashboard jsi18n-sample"
ERROR - 2021-01-04 13:57:49 --> Could not find the language line "admin dashboard jsi18n-sample"
ERROR - 2021-01-04 13:58:12 --> Could not find the language line "admin dashboard jsi18n-sample"
ERROR - 2021-01-04 14:06:42 --> Could not find the language line "admin dashboard jsi18n-sample"
ERROR - 2021-01-04 14:46:17 --> Could not find the language line "admin dashboard jsi18n-sample"
ERROR - 2021-01-04 14:47:52 --> Could not find the language line "admin dashboard jsi18n-sample"
ERROR - 2021-01-04 15:08:42 --> Could not find the language line "admin dashboard jsi18n-sample"
ERROR - 2021-01-04 16:44:44 --> Could not find the language line "admin dashboard jsi18n-sample"
ERROR - 2021-01-04 17:14:54 --> Could not find the language line "admin dashboard jsi18n-sample"
ERROR - 2021-01-04 17:17:46 --> Could not find the language line "admin dashboard jsi18n-sample"
ERROR - 2021-01-04 17:18:03 --> Could not find the language line "admin dashboard jsi18n-sample"
ERROR - 2021-01-04 17:31:58 --> Could not find the language line "admin dashboard jsi18n-sample"
ERROR - 2021-01-04 17:41:52 --> Could not find the language line "admin dashboard jsi18n-sample"
ERROR - 2021-01-04 17:45:33 --> Could not find the language line "admin dashboard jsi18n-sample"
ERROR - 2021-01-04 17:48:06 --> Severity: Warning --> pg_query() [<a href='function.pg-query'>function.pg-query</a>]: Query failed: ERROR:  invalid input syntax for integer: &quot;&quot;
LINE 5:      '',
             ^ /home/miracle/public_html/ci3_cgi/system/database/drivers/postgre/postgre_driver.php 242
ERROR - 2021-01-04 17:48:06 --> Query error: ERROR:  invalid input syntax for integer: ""
LINE 5:      '',
             ^ - Invalid query: INSERT INTO frontmed.neural_appointment (id, appointment_date, appointment_time, user_id, comment, component_id, visit_id, patient_id, created_by, select_option)
					SELECT (id + 1) AS last_id,
					'2021-03-29',
					'10:00',
					'',
					'SMC',
					'10',
					'2018266',
					'195690',
					'150',
					NULL
					FROM frontmed.neural_appointment ORDER BY id DESC LIMIT 1 RETURNING id AS last_id
ERROR - 2021-01-04 17:48:08 --> Severity: Warning --> pg_query() [<a href='function.pg-query'>function.pg-query</a>]: Query failed: ERROR:  invalid input syntax for integer: &quot;&quot;
LINE 5:      '',
             ^ /home/miracle/public_html/ci3_cgi/system/database/drivers/postgre/postgre_driver.php 242
ERROR - 2021-01-04 17:48:08 --> Query error: ERROR:  invalid input syntax for integer: ""
LINE 5:      '',
             ^ - Invalid query: INSERT INTO frontmed.neural_appointment (id, appointment_date, appointment_time, user_id, comment, component_id, visit_id, patient_id, created_by, select_option)
					SELECT (id + 1) AS last_id,
					'2021-03-29',
					'10:00',
					'',
					'SMC',
					'10',
					'2018266',
					'195690',
					'150',
					NULL
					FROM frontmed.neural_appointment ORDER BY id DESC LIMIT 1 RETURNING id AS last_id
ERROR - 2021-01-04 17:48:20 --> Severity: Warning --> pg_query() [<a href='function.pg-query'>function.pg-query</a>]: Query failed: ERROR:  invalid input syntax for integer: &quot;&quot;
LINE 5:      '',
             ^ /home/miracle/public_html/ci3_cgi/system/database/drivers/postgre/postgre_driver.php 242
ERROR - 2021-01-04 17:48:20 --> Query error: ERROR:  invalid input syntax for integer: ""
LINE 5:      '',
             ^ - Invalid query: INSERT INTO frontmed.neural_appointment (id, appointment_date, appointment_time, user_id, comment, component_id, visit_id, patient_id, created_by, select_option)
					SELECT (id + 1) AS last_id,
					'2021-03-29',
					'10:00',
					'',
					'SMC',
					'10',
					'2018266',
					'195690',
					'150',
					NULL
					FROM frontmed.neural_appointment ORDER BY id DESC LIMIT 1 RETURNING id AS last_id
ERROR - 2021-01-04 17:53:26 --> Could not find the language line "admin dashboard jsi18n-sample"
ERROR - 2021-01-04 17:57:15 --> Could not find the language line "admin dashboard jsi18n-sample"
ERROR - 2021-01-04 18:07:23 --> Could not find the language line "admin dashboard jsi18n-sample"
ERROR - 2021-01-04 18:09:17 --> Could not find the language line "admin dashboard jsi18n-sample"
ERROR - 2021-01-04 18:09:22 --> Could not find the language line "admin dashboard jsi18n-sample"
ERROR - 2021-01-04 18:17:57 --> Could not find the language line "admin dashboard jsi18n-sample"
ERROR - 2021-01-04 18:18:20 --> Could not find the language line "admin dashboard jsi18n-sample"
ERROR - 2021-01-04 18:18:44 --> Could not find the language line "admin dashboard jsi18n-sample"
ERROR - 2021-01-04 18:24:58 --> Could not find the language line "admin dashboard jsi18n-sample"
ERROR - 2021-01-04 18:34:02 --> Could not find the language line "admin dashboard jsi18n-sample"
ERROR - 2021-01-04 18:41:16 --> Could not find the language line "admin dashboard jsi18n-sample"
ERROR - 2021-01-04 18:43:16 --> Could not find the language line "admin dashboard jsi18n-sample"
ERROR - 2021-01-04 18:54:42 --> Could not find the language line "admin dashboard jsi18n-sample"
ERROR - 2021-01-04 18:58:45 --> Could not find the language line "admin dashboard jsi18n-sample"
ERROR - 2021-01-04 19:03:59 --> Could not find the language line "admin dashboard jsi18n-sample"
ERROR - 2021-01-04 19:06:59 --> Could not find the language line "admin dashboard jsi18n-sample"
ERROR - 2021-01-04 19:24:47 --> Could not find the language line "admin dashboard jsi18n-sample"
ERROR - 2021-01-04 20:26:30 --> Could not find the language line "admin dashboard jsi18n-sample"
ERROR - 2021-01-04 22:50:53 --> Could not find the language line "admin dashboard jsi18n-sample"
ERROR - 2021-01-04 22:52:21 --> Could not find the language line "admin dashboard jsi18n-sample"
ERROR - 2021-01-04 22:53:40 --> Could not find the language line "admin dashboard jsi18n-sample"
