ERROR - 2020-06-01 08:14:08 --> Could not find the language line "admin dashboard jsi18n-sample"
ERROR - 2020-06-01 08:14:24 --> Could not find the language line "admin dashboard jsi18n-sample"
ERROR - 2020-06-01 08:31:43 --> Could not find the language line "admin dashboard jsi18n-sample"
ERROR - 2020-06-01 08:37:14 --> Could not find the language line "admin dashboard jsi18n-sample"
ERROR - 2020-06-01 08:46:01 --> Could not find the language line "admin dashboard jsi18n-sample"
ERROR - 2020-06-01 09:00:22 --> Could not find the language line "admin dashboard jsi18n-sample"
ERROR - 2020-06-01 09:34:15 --> Could not find the language line "admin dashboard jsi18n-sample"
ERROR - 2020-06-01 11:35:27 --> Could not find the language line "admin dashboard jsi18n-sample"
ERROR - 2020-06-01 12:02:40 --> Could not find the language line "admin dashboard jsi18n-sample"
ERROR - 2020-06-01 12:03:44 --> Could not find the language line "admin dashboard jsi18n-sample"
ERROR - 2020-06-01 12:32:21 --> Could not find the language line "admin dashboard jsi18n-sample"
ERROR - 2020-06-01 12:32:24 --> Could not find the language line "admin dashboard jsi18n-sample"
ERROR - 2020-06-01 12:32:27 --> Could not find the language line "admin dashboard jsi18n-sample"
ERROR - 2020-06-01 12:32:30 --> Could not find the language line "admin dashboard jsi18n-sample"
ERROR - 2020-06-01 12:32:32 --> Could not find the language line "admin dashboard jsi18n-sample"
ERROR - 2020-06-01 13:16:58 --> Could not find the language line "admin dashboard jsi18n-sample"
ERROR - 2020-06-01 13:17:14 --> Could not find the language line "admin dashboard jsi18n-sample"
ERROR - 2020-06-01 13:17:21 --> Could not find the language line "admin dashboard jsi18n-sample"
ERROR - 2020-06-01 13:17:23 --> Could not find the language line "admin dashboard jsi18n-sample"
ERROR - 2020-06-01 13:17:25 --> Could not find the language line "admin dashboard jsi18n-sample"
ERROR - 2020-06-01 13:17:37 --> Could not find the language line "admin dashboard jsi18n-sample"
ERROR - 2020-06-01 13:17:42 --> Could not find the language line "admin dashboard jsi18n-sample"
ERROR - 2020-06-01 13:30:57 --> Could not find the language line "admin dashboard jsi18n-sample"
ERROR - 2020-06-01 16:07:57 --> Could not find the language line "admin dashboard jsi18n-sample"
ERROR - 2020-06-01 16:09:28 --> Severity: Warning --> pg_query() [<a href='function.pg-query'>function.pg-query</a>]: Query failed: ERROR:  invalid input syntax for integer: &quot;&quot;
LINE 9:      '',
             ^ /home/miracle/public_html/ci3_cgi/system/database/drivers/postgre/postgre_driver.php 242
ERROR - 2020-06-01 16:09:28 --> Query error: ERROR:  invalid input syntax for integer: ""
LINE 9:      '',
             ^ - Invalid query: INSERT INTO frontmed.neural_appointment (id, appointment_date, appointment_time, user_id, comment, component_id, visit_id, patient_id, created_by, select_option)
					SELECT (id + 1) AS last_id,
					'2020-06-29',
					'10:00',
					'127',
					'',
					'10',
					'1960256',
					'',
					'343',
					NULL
					FROM frontmed.neural_appointment ORDER BY id DESC LIMIT 1 RETURNING id AS last_id
ERROR - 2020-06-01 16:09:34 --> Severity: Warning --> pg_query() [<a href='function.pg-query'>function.pg-query</a>]: Query failed: ERROR:  invalid input syntax for integer: &quot;&quot;
LINE 9:      '',
             ^ /home/miracle/public_html/ci3_cgi/system/database/drivers/postgre/postgre_driver.php 242
ERROR - 2020-06-01 16:09:34 --> Query error: ERROR:  invalid input syntax for integer: ""
LINE 9:      '',
             ^ - Invalid query: INSERT INTO frontmed.neural_appointment (id, appointment_date, appointment_time, user_id, comment, component_id, visit_id, patient_id, created_by, select_option)
					SELECT (id + 1) AS last_id,
					'2020-06-29',
					'10:00',
					'127',
					'',
					'10',
					'1960256',
					'',
					'343',
					NULL
					FROM frontmed.neural_appointment ORDER BY id DESC LIMIT 1 RETURNING id AS last_id
ERROR - 2020-06-01 16:09:39 --> Severity: Warning --> pg_query() [<a href='function.pg-query'>function.pg-query</a>]: Query failed: ERROR:  invalid input syntax for integer: &quot;&quot;
LINE 9:      '',
             ^ /home/miracle/public_html/ci3_cgi/system/database/drivers/postgre/postgre_driver.php 242
ERROR - 2020-06-01 16:09:39 --> Query error: ERROR:  invalid input syntax for integer: ""
LINE 9:      '',
             ^ - Invalid query: INSERT INTO frontmed.neural_appointment (id, appointment_date, appointment_time, user_id, comment, component_id, visit_id, patient_id, created_by, select_option)
					SELECT (id + 1) AS last_id,
					'2020-06-29',
					'10:00',
					'127',
					'',
					'10',
					'1960256',
					'',
					'343',
					NULL
					FROM frontmed.neural_appointment ORDER BY id DESC LIMIT 1 RETURNING id AS last_id
ERROR - 2020-06-01 16:09:50 --> Severity: Warning --> pg_query() [<a href='function.pg-query'>function.pg-query</a>]: Query failed: ERROR:  invalid input syntax for integer: &quot;&quot;
LINE 9:      '',
             ^ /home/miracle/public_html/ci3_cgi/system/database/drivers/postgre/postgre_driver.php 242
ERROR - 2020-06-01 16:09:50 --> Query error: ERROR:  invalid input syntax for integer: ""
LINE 9:      '',
             ^ - Invalid query: INSERT INTO frontmed.neural_appointment (id, appointment_date, appointment_time, user_id, comment, component_id, visit_id, patient_id, created_by, select_option)
					SELECT (id + 1) AS last_id,
					'2020-06-29',
					'09:30',
					'127',
					'',
					'10',
					'1960256',
					'',
					'343',
					NULL
					FROM frontmed.neural_appointment ORDER BY id DESC LIMIT 1 RETURNING id AS last_id
ERROR - 2020-06-01 17:11:45 --> Could not find the language line "admin dashboard jsi18n-sample"
ERROR - 2020-06-01 17:14:09 --> Could not find the language line "admin dashboard jsi18n-sample"
ERROR - 2020-06-01 17:14:33 --> Could not find the language line "admin dashboard jsi18n-sample"
ERROR - 2020-06-01 17:15:17 --> Could not find the language line "admin dashboard jsi18n-sample"
ERROR - 2020-06-01 17:15:34 --> Could not find the language line "admin dashboard jsi18n-sample"
ERROR - 2020-06-01 17:15:34 --> Could not find the language line "admin dashboard jsi18n-sample"
ERROR - 2020-06-01 17:15:50 --> Could not find the language line "admin dashboard jsi18n-sample"
ERROR - 2020-06-01 17:15:52 --> Could not find the language line "admin dashboard jsi18n-sample"
ERROR - 2020-06-01 17:16:12 --> Could not find the language line "admin dashboard jsi18n-sample"
ERROR - 2020-06-01 17:16:27 --> Could not find the language line "admin dashboard jsi18n-sample"
ERROR - 2020-06-01 17:16:35 --> Could not find the language line "admin dashboard jsi18n-sample"
ERROR - 2020-06-01 17:16:38 --> Could not find the language line "admin dashboard jsi18n-sample"
ERROR - 2020-06-01 17:17:34 --> Could not find the language line "admin dashboard jsi18n-sample"
ERROR - 2020-06-01 17:17:55 --> Could not find the language line "admin dashboard jsi18n-sample"
ERROR - 2020-06-01 17:20:34 --> Could not find the language line "admin dashboard jsi18n-sample"
ERROR - 2020-06-01 17:21:59 --> Could not find the language line "admin dashboard jsi18n-sample"
ERROR - 2020-06-01 17:51:28 --> Could not find the language line "admin dashboard jsi18n-sample"
ERROR - 2020-06-01 18:10:41 --> Severity: Warning --> pg_query() [<a href='function.pg-query'>function.pg-query</a>]: Query failed: ERROR:  syntax error at or near &quot;LFT&quot;
LINE 6:      'เจาะ CBC BUN Cr E'lyte LFT Lithium',
                                     ^ /home/miracle/public_html/ci3_cgi/system/database/drivers/postgre/postgre_driver.php 242
ERROR - 2020-06-01 18:10:41 --> Query error: ERROR:  syntax error at or near "LFT"
LINE 6:      'เจาะ CBC BUN Cr E'lyte LFT Lithium',
                                     ^ - Invalid query: INSERT INTO frontmed.neural_appointment (id, appointment_date, appointment_time, user_id, comment, component_id, visit_id, patient_id, created_by, select_option)
					SELECT (id + 1) AS last_id,
					'2020-07-27',
					'08:00',
					'661',
					'เจาะ CBC BUN Cr E'lyte LFT Lithium',
					'10',
					'1960268',
					'96900',
					'570',
					'{5}'
					FROM frontmed.neural_appointment ORDER BY id DESC LIMIT 1 RETURNING id AS last_id
ERROR - 2020-06-01 18:10:57 --> Severity: Warning --> pg_query() [<a href='function.pg-query'>function.pg-query</a>]: Query failed: ERROR:  syntax error at or near &quot;LFT&quot;
LINE 6:      'เจาะ CBC BUN Cr E'lyte LFT Lithium',
                                     ^ /home/miracle/public_html/ci3_cgi/system/database/drivers/postgre/postgre_driver.php 242
ERROR - 2020-06-01 18:10:57 --> Query error: ERROR:  syntax error at or near "LFT"
LINE 6:      'เจาะ CBC BUN Cr E'lyte LFT Lithium',
                                     ^ - Invalid query: INSERT INTO frontmed.neural_appointment (id, appointment_date, appointment_time, user_id, comment, component_id, visit_id, patient_id, created_by, select_option)
					SELECT (id + 1) AS last_id,
					'2020-07-27',
					'08:00',
					'661',
					'เจาะ CBC BUN Cr E'lyte LFT Lithium',
					'10',
					'1960268',
					'96900',
					'570',
					'{5}'
					FROM frontmed.neural_appointment ORDER BY id DESC LIMIT 1 RETURNING id AS last_id
ERROR - 2020-06-01 18:11:10 --> Severity: Warning --> pg_query() [<a href='function.pg-query'>function.pg-query</a>]: Query failed: ERROR:  syntax error at or near &quot;LFT&quot;
LINE 6:      'เจาะ CBC BUN Cr E'lyte LFT Lithium',
                                     ^ /home/miracle/public_html/ci3_cgi/system/database/drivers/postgre/postgre_driver.php 242
ERROR - 2020-06-01 18:11:10 --> Query error: ERROR:  syntax error at or near "LFT"
LINE 6:      'เจาะ CBC BUN Cr E'lyte LFT Lithium',
                                     ^ - Invalid query: INSERT INTO frontmed.neural_appointment (id, appointment_date, appointment_time, user_id, comment, component_id, visit_id, patient_id, created_by, select_option)
					SELECT (id + 1) AS last_id,
					'2020-07-27',
					'08:00',
					'661',
					'เจาะ CBC BUN Cr E'lyte LFT Lithium',
					'10',
					'1960268',
					'96900',
					'570',
					'{5}'
					FROM frontmed.neural_appointment ORDER BY id DESC LIMIT 1 RETURNING id AS last_id
ERROR - 2020-06-01 18:11:17 --> Could not find the language line "admin dashboard jsi18n-sample"
ERROR - 2020-06-01 18:15:30 --> Severity: Warning --> pg_query() [<a href='function.pg-query'>function.pg-query</a>]: Query failed: ERROR:  invalid input syntax for integer: &quot;&quot;
LINE 5:      '',
             ^ /home/miracle/public_html/ci3_cgi/system/database/drivers/postgre/postgre_driver.php 242
ERROR - 2020-06-01 18:15:30 --> Query error: ERROR:  invalid input syntax for integer: ""
LINE 5:      '',
             ^ - Invalid query: INSERT INTO frontmed.neural_appointment (id, appointment_date, appointment_time, user_id, comment, component_id, visit_id, patient_id, created_by, select_option)
					SELECT (id + 1) AS last_id,
					'2020-06-29',
					'10:00',
					'',
					'',
					'10',
					'1960261',
					'193693',
					'570',
					NULL
					FROM frontmed.neural_appointment ORDER BY id DESC LIMIT 1 RETURNING id AS last_id
ERROR - 2020-06-01 18:41:03 --> Severity: Warning --> pg_query() [<a href='function.pg-query'>function.pg-query</a>]: Query failed: ERROR:  invalid input syntax for integer: &quot;&quot;
LINE 5:      '',
             ^ /home/miracle/public_html/ci3_cgi/system/database/drivers/postgre/postgre_driver.php 242
ERROR - 2020-06-01 18:41:03 --> Query error: ERROR:  invalid input syntax for integer: ""
LINE 5:      '',
             ^ - Invalid query: INSERT INTO frontmed.neural_appointment (id, appointment_date, appointment_time, user_id, comment, component_id, visit_id, patient_id, created_by, select_option)
					SELECT (id + 1) AS last_id,
					'2020-06-29',
					'10:00',
					'',
					'',
					'10',
					'1960265',
					'193695',
					'570',
					NULL
					FROM frontmed.neural_appointment ORDER BY id DESC LIMIT 1 RETURNING id AS last_id
ERROR - 2020-06-01 19:00:57 --> Severity: Warning --> pg_query() [<a href='function.pg-query'>function.pg-query</a>]: Query failed: ERROR:  invalid input syntax for integer: &quot;&quot;
LINE 5:      '',
             ^ /home/miracle/public_html/ci3_cgi/system/database/drivers/postgre/postgre_driver.php 242
ERROR - 2020-06-01 19:00:57 --> Query error: ERROR:  invalid input syntax for integer: ""
LINE 5:      '',
             ^ - Invalid query: INSERT INTO frontmed.neural_appointment (id, appointment_date, appointment_time, user_id, comment, component_id, visit_id, patient_id, created_by, select_option)
					SELECT (id + 1) AS last_id,
					'2020-07-27',
					'10:00',
					'',
					'',
					'10',
					'1960266',
					'192507',
					'570',
					NULL
					FROM frontmed.neural_appointment ORDER BY id DESC LIMIT 1 RETURNING id AS last_id
ERROR - 2020-06-01 20:40:36 --> Could not find the language line "admin dashboard jsi18n-sample"
