ERROR - 2021-06-14 09:03:04 --> Could not find the language line "admin dashboard jsi18n-sample"
ERROR - 2021-06-14 09:03:25 --> Could not find the language line "admin dashboard jsi18n-sample"
ERROR - 2021-06-14 09:18:40 --> Could not find the language line "admin dashboard jsi18n-sample"
ERROR - 2021-06-14 09:21:36 --> Could not find the language line "admin dashboard jsi18n-sample"
ERROR - 2021-06-14 09:43:30 --> Could not find the language line "admin dashboard jsi18n-sample"
ERROR - 2021-06-14 09:53:13 --> Could not find the language line "admin dashboard jsi18n-sample"
ERROR - 2021-06-14 09:55:29 --> Could not find the language line "admin dashboard jsi18n-sample"
ERROR - 2021-06-14 10:24:33 --> Could not find the language line "admin dashboard jsi18n-sample"
ERROR - 2021-06-14 10:28:25 --> Could not find the language line "admin dashboard jsi18n-sample"
ERROR - 2021-06-14 10:29:23 --> Could not find the language line "admin dashboard jsi18n-sample"
ERROR - 2021-06-14 11:12:46 --> Could not find the language line "admin dashboard jsi18n-sample"
ERROR - 2021-06-14 11:16:38 --> Could not find the language line "admin dashboard jsi18n-sample"
ERROR - 2021-06-14 11:21:32 --> Could not find the language line "admin dashboard jsi18n-sample"
ERROR - 2021-06-14 11:58:11 --> Could not find the language line "admin dashboard jsi18n-sample"
ERROR - 2021-06-14 13:14:21 --> Severity: Notice --> Trying to get property of non-object /home/miracle/public_html/ci3_cgi/application/modules/Pressure/controllers/Pressure.php 53
ERROR - 2021-06-14 13:14:21 --> Severity: Notice --> Trying to get property of non-object /home/miracle/public_html/ci3_cgi/application/modules/Pressure/controllers/Pressure.php 53
ERROR - 2021-06-14 13:14:21 --> Severity: Notice --> Trying to get property of non-object /home/miracle/public_html/ci3_cgi/application/modules/Pressure/controllers/Pressure.php 61
ERROR - 2021-06-14 13:14:21 --> Severity: Notice --> Trying to get property of non-object /home/miracle/public_html/ci3_cgi/application/modules/Pressure/controllers/Pressure.php 62
ERROR - 2021-06-14 13:14:21 --> Severity: Notice --> Trying to get property of non-object /home/miracle/public_html/ci3_cgi/application/modules/Pressure/controllers/Pressure.php 69
ERROR - 2021-06-14 13:14:21 --> Severity: Notice --> Trying to get property of non-object /home/miracle/public_html/ci3_cgi/application/modules/Pressure/controllers/Pressure.php 70
ERROR - 2021-06-14 13:23:55 --> Could not find the language line "admin dashboard jsi18n-sample"
ERROR - 2021-06-14 14:32:49 --> Could not find the language line "admin dashboard jsi18n-sample"
ERROR - 2021-06-14 14:57:11 --> Could not find the language line "admin dashboard jsi18n-sample"
ERROR - 2021-06-14 15:09:21 --> Could not find the language line "admin dashboard jsi18n-sample"
ERROR - 2021-06-14 16:03:25 --> Could not find the language line "admin dashboard jsi18n-sample"
ERROR - 2021-06-14 16:18:42 --> Could not find the language line "admin dashboard jsi18n-sample"
ERROR - 2021-06-14 17:08:33 --> Could not find the language line "admin dashboard jsi18n-sample"
ERROR - 2021-06-14 17:44:29 --> Severity: Warning --> pg_query() [<a href='function.pg-query'>function.pg-query</a>]: Query failed: ERROR:  invalid input syntax for integer: &quot;&quot;
LINE 9:      '',
             ^ /home/miracle/public_html/ci3_cgi/system/database/drivers/postgre/postgre_driver.php 242
ERROR - 2021-06-14 17:44:29 --> Query error: ERROR:  invalid input syntax for integer: ""
LINE 9:      '',
             ^ - Invalid query: INSERT INTO frontmed.neural_appointment (id, appointment_date, appointment_time, user_id, comment, component_id, visit_id, patient_id, created_by, select_option)
					SELECT (id + 1) AS last_id,
					'2021-06-29',
					'08:30',
					'708',
					'จิตบำบัด/เปี่ยมศักดิ์',
					'19',
					'2059997',
					'',
					'708',
					NULL
					FROM frontmed.neural_appointment ORDER BY id DESC LIMIT 1 RETURNING id AS last_id
ERROR - 2021-06-14 17:44:55 --> Severity: Warning --> pg_query() [<a href='function.pg-query'>function.pg-query</a>]: Query failed: ERROR:  invalid input syntax for integer: &quot;&quot;
LINE 9:      '',
             ^ /home/miracle/public_html/ci3_cgi/system/database/drivers/postgre/postgre_driver.php 242
ERROR - 2021-06-14 17:44:55 --> Query error: ERROR:  invalid input syntax for integer: ""
LINE 9:      '',
             ^ - Invalid query: INSERT INTO frontmed.neural_appointment (id, appointment_date, appointment_time, user_id, comment, component_id, visit_id, patient_id, created_by, select_option)
					SELECT (id + 1) AS last_id,
					'2021-06-29',
					'08:30',
					'708',
					'จิตบำบัด/เปี่ยมศักดิ์',
					'19',
					'2059997',
					'',
					'708',
					NULL
					FROM frontmed.neural_appointment ORDER BY id DESC LIMIT 1 RETURNING id AS last_id
