ERROR - 2021-02-18 08:35:00 --> Could not find the language line "admin dashboard jsi18n-sample"
ERROR - 2021-02-18 08:35:07 --> Could not find the language line "admin dashboard jsi18n-sample"
ERROR - 2021-02-18 08:45:02 --> Could not find the language line "admin dashboard jsi18n-sample"
ERROR - 2021-02-18 09:17:50 --> Could not find the language line "admin dashboard jsi18n-sample"
ERROR - 2021-02-18 09:22:59 --> Could not find the language line "admin dashboard jsi18n-sample"
ERROR - 2021-02-18 09:42:01 --> Could not find the language line "admin dashboard jsi18n-sample"
ERROR - 2021-02-18 10:01:23 --> Could not find the language line "admin dashboard jsi18n-sample"
ERROR - 2021-02-18 10:08:46 --> Could not find the language line "admin dashboard jsi18n-sample"
ERROR - 2021-02-18 10:10:35 --> Could not find the language line "admin dashboard jsi18n-sample"
ERROR - 2021-02-18 10:12:35 --> Could not find the language line "admin dashboard jsi18n-sample"
ERROR - 2021-02-18 10:17:13 --> Could not find the language line "admin dashboard jsi18n-sample"
ERROR - 2021-02-18 10:17:26 --> Could not find the language line "admin dashboard jsi18n-sample"
ERROR - 2021-02-18 10:25:20 --> Could not find the language line "admin dashboard jsi18n-sample"
ERROR - 2021-02-18 10:36:28 --> Could not find the language line "admin dashboard jsi18n-sample"
ERROR - 2021-02-18 10:38:00 --> Could not find the language line "admin dashboard jsi18n-sample"
ERROR - 2021-02-18 10:43:12 --> Severity: Warning --> pg_query() [<a href='function.pg-query'>function.pg-query</a>]: Query failed: FATAL:  terminating connection due to administrator command
server closed the connection unexpectedly
	This probably means the server terminated abnormally
	before or while processing the request. /home/miracle/public_html/ci3_cgi/system/database/drivers/postgre/postgre_driver.php 242
ERROR - 2021-02-18 10:43:12 --> Severity: Warning --> pg_query() [<a href='function.pg-query'>function.pg-query</a>]: Query failed: FATAL:  terminating connection due to administrator command
server closed the connection unexpectedly
	This probably means the server terminated abnormally
	before or while processing the request. /home/miracle/public_html/ci3_cgi/system/database/drivers/postgre/postgre_driver.php 242
ERROR - 2021-02-18 10:43:12 --> Severity: Warning --> pg_query() [<a href='function.pg-query'>function.pg-query</a>]: Query failed: FATAL:  terminating connection due to administrator command
server closed the connection unexpectedly
	This probably means the server terminated abnormally
	before or while processing the request. /home/miracle/public_html/ci3_cgi/system/database/drivers/postgre/postgre_driver.php 242
ERROR - 2021-02-18 10:43:12 --> Severity: Warning --> pg_query() [<a href='function.pg-query'>function.pg-query</a>]: Query failed: FATAL:  terminating connection due to administrator command
server closed the connection unexpectedly
	This probably means the server terminated abnormally
	before or while processing the request. /home/miracle/public_html/ci3_cgi/system/database/drivers/postgre/postgre_driver.php 242
ERROR - 2021-02-18 10:43:12 --> Severity: Warning --> pg_query() [<a href='function.pg-query'>function.pg-query</a>]: Query failed: FATAL:  terminating connection due to administrator command
server closed the connection unexpectedly
	This probably means the server terminated abnormally
	before or while processing the request. /home/miracle/public_html/ci3_cgi/system/database/drivers/postgre/postgre_driver.php 242
ERROR - 2021-02-18 10:43:12 --> Severity: Warning --> pg_query() [<a href='function.pg-query'>function.pg-query</a>]: Query failed: FATAL:  terminating connection due to administrator command
server closed the connection unexpectedly
	This probably means the server terminated abnormally
	before or while processing the request. /home/miracle/public_html/ci3_cgi/system/database/drivers/postgre/postgre_driver.php 242
ERROR - 2021-02-18 10:43:12 --> Severity: Warning --> pg_query() [<a href='function.pg-query'>function.pg-query</a>]: Query failed: FATAL:  terminating connection due to administrator command
server closed the connection unexpectedly
	This probably means the server terminated abnormally
	before or while processing the request. /home/miracle/public_html/ci3_cgi/system/database/drivers/postgre/postgre_driver.php 242
ERROR - 2021-02-18 10:43:12 --> Severity: Warning --> pg_query() [<a href='function.pg-query'>function.pg-query</a>]: Query failed: FATAL:  terminating connection due to administrator command
server closed the connection unexpectedly
	This probably means the server terminated abnormally
	before or while processing the request. /home/miracle/public_html/ci3_cgi/system/database/drivers/postgre/postgre_driver.php 242
ERROR - 2021-02-18 10:43:12 --> Severity: Warning --> pg_query() [<a href='function.pg-query'>function.pg-query</a>]: Query failed: FATAL:  terminating connection due to administrator command
server closed the connection unexpectedly
	This probably means the server terminated abnormally
	before or while processing the request. /home/miracle/public_html/ci3_cgi/system/database/drivers/postgre/postgre_driver.php 242
ERROR - 2021-02-18 10:43:12 --> Severity: Warning --> pg_query() [<a href='function.pg-query'>function.pg-query</a>]: Query failed: FATAL:  terminating connection due to administrator command
server closed the connection unexpectedly
	This probably means the server terminated abnormally
	before or while processing the request. /home/miracle/public_html/ci3_cgi/system/database/drivers/postgre/postgre_driver.php 242
ERROR - 2021-02-18 10:43:12 --> Severity: Warning --> pg_query() [<a href='function.pg-query'>function.pg-query</a>]: Query failed: FATAL:  terminating connection due to administrator command
server closed the connection unexpectedly
	This probably means the server terminated abnormally
	before or while processing the request. /home/miracle/public_html/ci3_cgi/system/database/drivers/postgre/postgre_driver.php 242
ERROR - 2021-02-18 10:43:12 --> Severity: Warning --> pg_query() [<a href='function.pg-query'>function.pg-query</a>]: Query failed: FATAL:  terminating connection due to administrator command
server closed the connection unexpectedly
	This probably means the server terminated abnormally
	before or while processing the request. /home/miracle/public_html/ci3_cgi/system/database/drivers/postgre/postgre_driver.php 242
ERROR - 2021-02-18 10:43:12 --> Severity: Warning --> pg_query() [<a href='function.pg-query'>function.pg-query</a>]: Query failed: FATAL:  terminating connection due to administrator command
server closed the connection unexpectedly
	This probably means the server terminated abnormally
	before or while processing the request. /home/miracle/public_html/ci3_cgi/system/database/drivers/postgre/postgre_driver.php 242
ERROR - 2021-02-18 10:43:12 --> Severity: Warning --> pg_query() [<a href='function.pg-query'>function.pg-query</a>]: Query failed: FATAL:  terminating connection due to administrator command
server closed the connection unexpectedly
	This probably means the server terminated abnormally
	before or while processing the request. /home/miracle/public_html/ci3_cgi/system/database/drivers/postgre/postgre_driver.php 242
ERROR - 2021-02-18 10:43:12 --> Severity: Warning --> pg_query() [<a href='function.pg-query'>function.pg-query</a>]: Query failed: FATAL:  terminating connection due to administrator command
server closed the connection unexpectedly
	This probably means the server terminated abnormally
	before or while processing the request. /home/miracle/public_html/ci3_cgi/system/database/drivers/postgre/postgre_driver.php 242
ERROR - 2021-02-18 10:43:12 --> Severity: Warning --> pg_query() [<a href='function.pg-query'>function.pg-query</a>]: Query failed: FATAL:  terminating connection due to administrator command
server closed the connection unexpectedly
	This probably means the server terminated abnormally
	before or while processing the request. /home/miracle/public_html/ci3_cgi/system/database/drivers/postgre/postgre_driver.php 242
ERROR - 2021-02-18 10:43:12 --> Severity: Warning --> pg_query() [<a href='function.pg-query'>function.pg-query</a>]: Query failed: FATAL:  terminating connection due to administrator command
server closed the connection unexpectedly
	This probably means the server terminated abnormally
	before or while processing the request. /home/miracle/public_html/ci3_cgi/system/database/drivers/postgre/postgre_driver.php 242
ERROR - 2021-02-18 10:43:12 --> Severity: Warning --> pg_query() [<a href='function.pg-query'>function.pg-query</a>]: Query failed: FATAL:  terminating connection due to administrator command
server closed the connection unexpectedly
	This probably means the server terminated abnormally
	before or while processing the request. /home/miracle/public_html/ci3_cgi/system/database/drivers/postgre/postgre_driver.php 242
ERROR - 2021-02-18 10:43:12 --> Severity: Warning --> pg_query() [<a href='function.pg-query'>function.pg-query</a>]: Query failed: FATAL:  terminating connection due to administrator command
server closed the connection unexpectedly
	This probably means the server terminated abnormally
	before or while processing the request. /home/miracle/public_html/ci3_cgi/system/database/drivers/postgre/postgre_driver.php 242
ERROR - 2021-02-18 10:43:12 --> Severity: Warning --> pg_query() [<a href='function.pg-query'>function.pg-query</a>]: Query failed: FATAL:  terminating connection due to administrator command
server closed the connection unexpectedly
	This probably means the server terminated abnormally
	before or while processing the request. /home/miracle/public_html/ci3_cgi/system/database/drivers/postgre/postgre_driver.php 242
ERROR - 2021-02-18 10:43:12 --> Severity: Warning --> pg_query() [<a href='function.pg-query'>function.pg-query</a>]: Query failed: FATAL:  terminating connection due to administrator command
server closed the connection unexpectedly
	This probably means the server terminated abnormally
	before or while processing the request. /home/miracle/public_html/ci3_cgi/system/database/drivers/postgre/postgre_driver.php 242
ERROR - 2021-02-18 10:43:12 --> Severity: Warning --> pg_query() [<a href='function.pg-query'>function.pg-query</a>]: Query failed: FATAL:  terminating connection due to administrator command
server closed the connection unexpectedly
	This probably means the server terminated abnormally
	before or while processing the request. /home/miracle/public_html/ci3_cgi/system/database/drivers/postgre/postgre_driver.php 242
ERROR - 2021-02-18 10:43:12 --> Query error: FATAL:  terminating connection due to administrator command
server closed the connection unexpectedly
	This probably means the server terminated abnormally
	before or while processing the request. - Invalid query: SELECT log.vn_id, log.vn, to_char(log.date_add, 'HH24:MI') AS time_th, patient.hn, patient.pa_pre_name || patient.pa_name || ' ' || patient.pa_lastname AS patient_name, log.station_id, appointment.id AS appointment_id, log.nano_queue_id AS queue_id
				FROM jvkk.nano_queue_log AS log
				INNER JOIN medrec.nano_visit AS visit ON visit.vn = log.vn
				INNER JOIN medrec.nano_patient AS patient ON patient.id = visit.id_patient
				INNER JOIN (SELECT vn, MAX(id) AS max_id FROM jvkk.nano_queue_log WHERE to_char(date_add, 'YYYY-MM-DD') = '2021-02-18' AND station_id IS NOT NULL GROUP BY vn) AS queue_max ON (queue_max.max_id=log.id)
				LEFT JOIN frontmed.neural_appointment AS appointment ON appointment.visit_id = visit.id
				WHERE log.com_id1 = '10' AND log.com_id2 = '27' AND log.station_id = '10'
				GROUP BY log.vn_id, log.vn, log.date_add, patient.hn, patient.pa_pre_name, patient.pa_name, patient.pa_lastname, log.station_id, appointment.id, log.nano_queue_id
				ORDER BY time_th ASC
ERROR - 2021-02-18 10:43:12 --> Query error: FATAL:  terminating connection due to administrator command
server closed the connection unexpectedly
	This probably means the server terminated abnormally
	before or while processing the request. - Invalid query: SELECT log.vn_id, log.vn, to_char(log.date_add, 'HH24:MI') AS time_th, patient.hn, patient.pa_pre_name || patient.pa_name || ' ' || patient.pa_lastname AS patient_name, log.station_id, appointment.id AS appointment_id, log.nano_queue_id AS queue_id
				FROM jvkk.nano_queue_log AS log
				INNER JOIN medrec.nano_visit AS visit ON visit.vn = log.vn
				INNER JOIN medrec.nano_patient AS patient ON patient.id = visit.id_patient
				INNER JOIN (SELECT vn, MAX(id) AS max_id FROM jvkk.nano_queue_log WHERE to_char(date_add, 'YYYY-MM-DD') = '2021-02-18' AND station_id IS NOT NULL GROUP BY vn) AS queue_max ON (queue_max.max_id=log.id)
				LEFT JOIN frontmed.neural_appointment AS appointment ON appointment.visit_id = visit.id
				WHERE log.com_id1 = '10' AND log.com_id2 = '27' AND log.station_id = '7'
				GROUP BY log.vn_id, log.vn, log.date_add, patient.hn, patient.pa_pre_name, patient.pa_name, patient.pa_lastname, log.station_id, appointment.id, log.nano_queue_id
				ORDER BY time_th ASC
ERROR - 2021-02-18 10:43:12 --> Query error: FATAL:  terminating connection due to administrator command
server closed the connection unexpectedly
	This probably means the server terminated abnormally
	before or while processing the request. - Invalid query: SELECT "session"."id"
FROM "jvkk"."nano_session" AS "session"
WHERE "session"."session_user_id" IS NULL
ERROR - 2021-02-18 10:43:12 --> Query error: FATAL:  terminating connection due to administrator command
server closed the connection unexpectedly
	This probably means the server terminated abnormally
	before or while processing the request. - Invalid query: SELECT log.vn_id, log.vn, to_char(log.date_add, 'HH24:MI') AS time_th, patient.hn, patient.pa_pre_name || patient.pa_name || ' ' || patient.pa_lastname AS patient_name, log.station_id, appointment.id AS appointment_id, log.nano_queue_id AS queue_id
				FROM jvkk.nano_queue_log AS log
				INNER JOIN medrec.nano_visit AS visit ON visit.vn = log.vn
				INNER JOIN medrec.nano_patient AS patient ON patient.id = visit.id_patient
				INNER JOIN (SELECT vn, MAX(id) AS max_id FROM jvkk.nano_queue_log WHERE to_char(date_add, 'YYYY-MM-DD') = '2021-02-18' GROUP BY vn) AS queue_max ON (queue_max.max_id=log.id)
				LEFT JOIN frontmed.neural_appointment AS appointment ON appointment.visit_id = visit.id
				WHERE log.com_id2 IN ('27', '19') AND log.com_id1 = '25' GROUP BY log.vn_id, log.vn, log.date_add, patient.hn, patient.pa_pre_name, patient.pa_name, patient.pa_lastname, log.station_id, appointment.id, log.nano_queue_id
				 ORDER BY time_th ASC
ERROR - 2021-02-18 10:43:12 --> Query error: FATAL:  terminating connection due to administrator command
server closed the connection unexpectedly
	This probably means the server terminated abnormally
	before or while processing the request. - Invalid query: SELECT log.vn_id, log.vn, to_char(log.date_add, 'HH24:MI') AS time_th, patient.hn, patient.pa_pre_name || patient.pa_name || ' ' || patient.pa_lastname AS patient_name, log.station_id, appointment.id AS appointment_id, log.nano_queue_id AS queue_id
				FROM jvkk.nano_queue_log AS log
				INNER JOIN medrec.nano_visit AS visit ON visit.vn = log.vn
				INNER JOIN medrec.nano_patient AS patient ON patient.id = visit.id_patient
				INNER JOIN (SELECT vn, MAX(id) AS max_id FROM jvkk.nano_queue_log WHERE to_char(date_add, 'YYYY-MM-DD') = '2021-02-18' GROUP BY vn) AS queue_max ON (queue_max.max_id=log.id)
				LEFT JOIN frontmed.neural_appointment AS appointment ON appointment.visit_id = visit.id
				WHERE log.com_id2 IN ('27', '19') AND log.com_id1 = '25' GROUP BY log.vn_id, log.vn, log.date_add, patient.hn, patient.pa_pre_name, patient.pa_name, patient.pa_lastname, log.station_id, appointment.id, log.nano_queue_id
				 ORDER BY time_th ASC
ERROR - 2021-02-18 10:43:12 --> Severity: Warning --> pg_query() [<a href='function.pg-query'>function.pg-query</a>]: Query failed: FATAL:  terminating connection due to administrator command
server closed the connection unexpectedly
	This probably means the server terminated abnormally
	before or while processing the request. /home/miracle/public_html/ci3_cgi/system/database/drivers/postgre/postgre_driver.php 242
ERROR - 2021-02-18 10:43:12 --> Query error: FATAL:  terminating connection due to administrator command
server closed the connection unexpectedly
	This probably means the server terminated abnormally
	before or while processing the request. - Invalid query: SELECT "session"."id"
FROM "jvkk"."nano_session" AS "session"
WHERE "session"."session_user_id" IS NULL
ERROR - 2021-02-18 10:43:12 --> Query error: FATAL:  terminating connection due to administrator command
server closed the connection unexpectedly
	This probably means the server terminated abnormally
	before or while processing the request. - Invalid query: SELECT "session"."id"
FROM "jvkk"."nano_session" AS "session"
WHERE "session"."session_user_id" IS NULL
ERROR - 2021-02-18 10:43:12 --> Query error: FATAL:  terminating connection due to administrator command
server closed the connection unexpectedly
	This probably means the server terminated abnormally
	before or while processing the request. - Invalid query: SELECT "session"."id"
FROM "jvkk"."nano_session" AS "session"
WHERE "session"."session_user_id" IS NULL
ERROR - 2021-02-18 10:43:12 --> Query error: FATAL:  terminating connection due to administrator command
server closed the connection unexpectedly
	This probably means the server terminated abnormally
	before or while processing the request. - Invalid query: SELECT * FROM public.settings ORDER BY sort_order ASC
ERROR - 2021-02-18 10:43:12 --> Query error: FATAL:  terminating connection due to administrator command
server closed the connection unexpectedly
	This probably means the server terminated abnormally
	before or while processing the request. - Invalid query: SELECT * FROM public.settings ORDER BY sort_order ASC
ERROR - 2021-02-18 10:43:12 --> Query error: FATAL:  terminating connection due to administrator command
server closed the connection unexpectedly
	This probably means the server terminated abnormally
	before or while processing the request. - Invalid query: SELECT * FROM public.settings ORDER BY sort_order ASC
ERROR - 2021-02-18 10:43:12 --> Query error: FATAL:  terminating connection due to administrator command
server closed the connection unexpectedly
	This probably means the server terminated abnormally
	before or while processing the request. - Invalid query: SELECT * FROM public.settings ORDER BY sort_order ASC
ERROR - 2021-02-18 10:43:12 --> Query error: FATAL:  terminating connection due to administrator command
server closed the connection unexpectedly
	This probably means the server terminated abnormally
	before or while processing the request. - Invalid query: SELECT * FROM public.settings ORDER BY sort_order ASC
ERROR - 2021-02-18 10:43:12 --> Query error: FATAL:  terminating connection due to administrator command
server closed the connection unexpectedly
	This probably means the server terminated abnormally
	before or while processing the request. - Invalid query: SELECT * FROM public.settings ORDER BY sort_order ASC
ERROR - 2021-02-18 10:43:12 --> Query error: FATAL:  terminating connection due to administrator command
server closed the connection unexpectedly
	This probably means the server terminated abnormally
	before or while processing the request. - Invalid query: SELECT * FROM public.settings ORDER BY sort_order ASC
ERROR - 2021-02-18 10:43:12 --> Query error: FATAL:  terminating connection due to administrator command
server closed the connection unexpectedly
	This probably means the server terminated abnormally
	before or while processing the request. - Invalid query: SELECT * FROM public.settings ORDER BY sort_order ASC
ERROR - 2021-02-18 10:43:12 --> Query error: FATAL:  terminating connection due to administrator command
server closed the connection unexpectedly
	This probably means the server terminated abnormally
	before or while processing the request. - Invalid query: SELECT * FROM public.settings ORDER BY sort_order ASC
ERROR - 2021-02-18 10:43:12 --> Query error: FATAL:  terminating connection due to administrator command
server closed the connection unexpectedly
	This probably means the server terminated abnormally
	before or while processing the request. - Invalid query: SELECT * FROM public.settings ORDER BY sort_order ASC
ERROR - 2021-02-18 10:43:12 --> Query error: FATAL:  terminating connection due to administrator command
server closed the connection unexpectedly
	This probably means the server terminated abnormally
	before or while processing the request. - Invalid query: SELECT * FROM public.settings ORDER BY sort_order ASC
ERROR - 2021-02-18 10:43:12 --> Query error: FATAL:  terminating connection due to administrator command
server closed the connection unexpectedly
	This probably means the server terminated abnormally
	before or while processing the request. - Invalid query: SELECT * FROM public.settings ORDER BY sort_order ASC
ERROR - 2021-02-18 10:43:12 --> Query error: FATAL:  terminating connection due to administrator command
server closed the connection unexpectedly
	This probably means the server terminated abnormally
	before or while processing the request. - Invalid query: SELECT * FROM public.settings ORDER BY sort_order ASC
ERROR - 2021-02-18 10:43:12 --> Query error: FATAL:  terminating connection due to administrator command
server closed the connection unexpectedly
	This probably means the server terminated abnormally
	before or while processing the request. - Invalid query: SELECT * FROM public.settings ORDER BY sort_order ASC
ERROR - 2021-02-18 10:43:12 --> Query error: FATAL:  terminating connection due to administrator command
server closed the connection unexpectedly
	This probably means the server terminated abnormally
	before or while processing the request. - Invalid query: SELECT * FROM public.settings ORDER BY sort_order ASC
ERROR - 2021-02-18 10:43:12 --> Severity: Warning --> Unknown: Failed to write session data (user). Please verify that the current setting of session.save_path is correct () Unknown 0
ERROR - 2021-02-18 10:43:12 --> Severity: Warning --> Unknown: Failed to write session data (user). Please verify that the current setting of session.save_path is correct () Unknown 0
ERROR - 2021-02-18 10:43:12 --> Severity: Warning --> Unknown: Failed to write session data (user). Please verify that the current setting of session.save_path is correct () Unknown 0
ERROR - 2021-02-18 10:43:12 --> Severity: Warning --> Unknown: Failed to write session data (user). Please verify that the current setting of session.save_path is correct () Unknown 0
ERROR - 2021-02-18 10:43:12 --> Severity: Warning --> Unknown: Failed to write session data (user). Please verify that the current setting of session.save_path is correct () Unknown 0
ERROR - 2021-02-18 10:43:12 --> Severity: Warning --> Unknown: Failed to write session data (user). Please verify that the current setting of session.save_path is correct () Unknown 0
ERROR - 2021-02-18 10:43:12 --> Severity: Warning --> Unknown: Failed to write session data (user). Please verify that the current setting of session.save_path is correct () Unknown 0
ERROR - 2021-02-18 10:43:12 --> Severity: Warning --> Unknown: Failed to write session data (user). Please verify that the current setting of session.save_path is correct () Unknown 0
ERROR - 2021-02-18 10:43:12 --> Severity: Warning --> Unknown: Failed to write session data (user). Please verify that the current setting of session.save_path is correct () Unknown 0
ERROR - 2021-02-18 10:43:12 --> Severity: Warning --> Unknown: Failed to write session data (user). Please verify that the current setting of session.save_path is correct () Unknown 0
ERROR - 2021-02-18 10:43:12 --> Severity: Warning --> Unknown: Failed to write session data (user). Please verify that the current setting of session.save_path is correct () Unknown 0
ERROR - 2021-02-18 10:43:12 --> Severity: Warning --> Unknown: Failed to write session data (user). Please verify that the current setting of session.save_path is correct () Unknown 0
ERROR - 2021-02-18 10:43:12 --> Severity: Warning --> Unknown: Failed to write session data (user). Please verify that the current setting of session.save_path is correct () Unknown 0
ERROR - 2021-02-18 10:43:12 --> Severity: Warning --> Unknown: Failed to write session data (user). Please verify that the current setting of session.save_path is correct () Unknown 0
ERROR - 2021-02-18 10:43:12 --> Severity: Warning --> Unknown: Failed to write session data (user). Please verify that the current setting of session.save_path is correct () Unknown 0
ERROR - 2021-02-18 10:43:12 --> Severity: Warning --> Unknown: Failed to write session data (user). Please verify that the current setting of session.save_path is correct () Unknown 0
ERROR - 2021-02-18 10:43:12 --> Severity: Warning --> Unknown: Failed to write session data (user). Please verify that the current setting of session.save_path is correct () Unknown 0
ERROR - 2021-02-18 10:43:12 --> Severity: Warning --> Unknown: Failed to write session data (user). Please verify that the current setting of session.save_path is correct () Unknown 0
ERROR - 2021-02-18 10:43:12 --> Query error: FATAL:  terminating connection due to administrator command
server closed the connection unexpectedly
	This probably means the server terminated abnormally
	before or while processing the request. - Invalid query: UPDATE "frontmed"."ci_sessions" SET "timestamp" = 1613619792
WHERE "id" = '0vs472m1drvb16dbsoq6sa1rka9dgahf'
AND "ip_address" = '192.168.20.141'
ERROR - 2021-02-18 10:43:12 --> Severity: Warning --> Unknown: Failed to write session data (user). Please verify that the current setting of session.save_path is correct () Unknown 0
ERROR - 2021-02-18 10:43:12 --> Severity: Warning --> pg_query() [<a href='function.pg-query'>function.pg-query</a>]: Query failed: FATAL:  terminating connection due to administrator command
server closed the connection unexpectedly
	This probably means the server terminated abnormally
	before or while processing the request. /home/miracle/public_html/ci3_cgi/system/database/drivers/postgre/postgre_driver.php 242
ERROR - 2021-02-18 10:43:12 --> Query error: FATAL:  terminating connection due to administrator command
server closed the connection unexpectedly
	This probably means the server terminated abnormally
	before or while processing the request. - Invalid query: UPDATE "frontmed"."ci_sessions" SET "timestamp" = 1613619792
WHERE "id" = 'qi79qvmgf3ukvb8b1hrqifq5u8oattmo'
AND "ip_address" = '192.168.10.55'
ERROR - 2021-02-18 10:43:12 --> Query error: FATAL:  terminating connection due to administrator command
server closed the connection unexpectedly
	This probably means the server terminated abnormally
	before or while processing the request. - Invalid query: SELECT log.vn_id, log.vn, to_char(log.date_add, 'HH24:MI') AS time_th, patient.hn, patient.pa_pre_name || patient.pa_name || ' ' || patient.pa_lastname AS patient_name, log.station_id, appointment.id AS appointment_id, log.nano_queue_id AS queue_id
				FROM jvkk.nano_queue_log AS log
				INNER JOIN medrec.nano_visit AS visit ON visit.vn = log.vn
				INNER JOIN medrec.nano_patient AS patient ON patient.id = visit.id_patient
				INNER JOIN (SELECT vn, MAX(id) AS max_id FROM jvkk.nano_queue_log WHERE to_char(date_add, 'YYYY-MM-DD') = '2021-02-18' AND station_id IS NOT NULL GROUP BY vn) AS queue_max ON (queue_max.max_id=log.id)
				LEFT JOIN frontmed.neural_appointment AS appointment ON appointment.visit_id = visit.id
				WHERE log.com_id1 = '10' AND log.com_id2 = '27' AND log.station_id = '4'
				GROUP BY log.vn_id, log.vn, log.date_add, patient.hn, patient.pa_pre_name, patient.pa_name, patient.pa_lastname, log.station_id, appointment.id, log.nano_queue_id
				ORDER BY time_th ASC
ERROR - 2021-02-18 10:43:12 --> Query error: FATAL:  terminating connection due to administrator command
server closed the connection unexpectedly
	This probably means the server terminated abnormally
	before or while processing the request. - Invalid query: UPDATE "frontmed"."ci_sessions" SET "timestamp" = 1613619792
WHERE "id" = 'kiloe593u0u0sgqnkgafruq42fu1snk3'
AND "ip_address" = '192.168.10.153'
ERROR - 2021-02-18 10:43:12 --> Query error: FATAL:  terminating connection due to administrator command
server closed the connection unexpectedly
	This probably means the server terminated abnormally
	before or while processing the request. - Invalid query: UPDATE "frontmed"."ci_sessions" SET "timestamp" = 1613619792
WHERE "id" = 'ro2d3i0rohuior2cuulfoo2r95kqtbok'
AND "ip_address" = '192.168.20.155'
ERROR - 2021-02-18 10:43:12 --> Query error: FATAL:  terminating connection due to administrator command
server closed the connection unexpectedly
	This probably means the server terminated abnormally
	before or while processing the request. - Invalid query: UPDATE "frontmed"."ci_sessions" SET "timestamp" = 1613619792
WHERE "id" = 'c0birf8a0ghv32jihe05ec1kunq2b5ih'
AND "ip_address" = '192.168.10.52'
ERROR - 2021-02-18 10:43:13 --> Severity: Warning --> pg_connect() [<a href='function.pg-connect'>function.pg-connect</a>]: Unable to connect to PostgreSQL server: FATAL:  the database system is shutting down /home/miracle/public_html/ci3_cgi/system/database/drivers/postgre/postgre_driver.php 154
ERROR - 2021-02-18 10:43:13 --> Unable to connect to the database
ERROR - 2021-02-18 10:43:14 --> Severity: Warning --> pg_connect() [<a href='function.pg-connect'>function.pg-connect</a>]: Unable to connect to PostgreSQL server: server closed the connection unexpectedly
	This probably means the server terminated abnormally
	before or while processing the request. /home/miracle/public_html/ci3_cgi/system/database/drivers/postgre/postgre_driver.php 154
ERROR - 2021-02-18 10:43:14 --> Severity: Warning --> pg_connect() [<a href='function.pg-connect'>function.pg-connect</a>]: Unable to connect to PostgreSQL server: server closed the connection unexpectedly
	This probably means the server terminated abnormally
	before or while processing the request. /home/miracle/public_html/ci3_cgi/system/database/drivers/postgre/postgre_driver.php 154
ERROR - 2021-02-18 10:43:14 --> Severity: Warning --> pg_connect() [<a href='function.pg-connect'>function.pg-connect</a>]: Unable to connect to PostgreSQL server: server closed the connection unexpectedly
	This probably means the server terminated abnormally
	before or while processing the request. /home/miracle/public_html/ci3_cgi/system/database/drivers/postgre/postgre_driver.php 154
ERROR - 2021-02-18 10:43:14 --> Severity: Warning --> pg_connect() [<a href='function.pg-connect'>function.pg-connect</a>]: Unable to connect to PostgreSQL server: server closed the connection unexpectedly
	This probably means the server terminated abnormally
	before or while processing the request. /home/miracle/public_html/ci3_cgi/system/database/drivers/postgre/postgre_driver.php 154
ERROR - 2021-02-18 10:43:14 --> Severity: Warning --> pg_connect() [<a href='function.pg-connect'>function.pg-connect</a>]: Unable to connect to PostgreSQL server: server closed the connection unexpectedly
	This probably means the server terminated abnormally
	before or while processing the request. /home/miracle/public_html/ci3_cgi/system/database/drivers/postgre/postgre_driver.php 154
ERROR - 2021-02-18 10:43:14 --> Unable to connect to the database
ERROR - 2021-02-18 10:43:14 --> Unable to connect to the database
ERROR - 2021-02-18 10:43:14 --> Severity: Warning --> pg_connect() [<a href='function.pg-connect'>function.pg-connect</a>]: Unable to connect to PostgreSQL server: server closed the connection unexpectedly
	This probably means the server terminated abnormally
	before or while processing the request. /home/miracle/public_html/ci3_cgi/system/database/drivers/postgre/postgre_driver.php 154
ERROR - 2021-02-18 10:43:14 --> Unable to connect to the database
ERROR - 2021-02-18 10:43:14 --> Unable to connect to the database
ERROR - 2021-02-18 10:43:14 --> Unable to connect to the database
ERROR - 2021-02-18 10:43:14 --> Unable to connect to the database
ERROR - 2021-02-18 10:43:14 --> Severity: Warning --> pg_connect() [<a href='function.pg-connect'>function.pg-connect</a>]: Unable to connect to PostgreSQL server: could not connect to server: Connection refused
	Is the server running on host &quot;localhost&quot; (127.0.0.1) and accepting
	TCP/IP connections on port 5432? /home/miracle/public_html/ci3_cgi/system/database/drivers/postgre/postgre_driver.php 154
ERROR - 2021-02-18 10:43:14 --> Unable to connect to the database
ERROR - 2021-02-18 10:44:46 --> Severity: Warning --> pg_query() [<a href='function.pg-query'>function.pg-query</a>]: Query failed: FATAL:  terminating connection due to administrator command
server closed the connection unexpectedly
	This probably means the server terminated abnormally
	before or while processing the request. /home/miracle/public_html/ci3_cgi/system/database/drivers/postgre/postgre_driver.php 242
ERROR - 2021-02-18 10:44:46 --> Query error: FATAL:  terminating connection due to administrator command
server closed the connection unexpectedly
	This probably means the server terminated abnormally
	before or while processing the request. - Invalid query: SELECT "session"."id"
FROM "jvkk"."nano_session" AS "session"
WHERE "session"."session_user_id" IS NULL
ERROR - 2021-02-18 10:44:46 --> Severity: Warning --> Unknown: Failed to write session data (user). Please verify that the current setting of session.save_path is correct () Unknown 0
ERROR - 2021-02-18 10:44:46 --> Severity: Warning --> pg_query() [<a href='function.pg-query'>function.pg-query</a>]: Query failed: FATAL:  terminating connection due to administrator command
server closed the connection unexpectedly
	This probably means the server terminated abnormally
	before or while processing the request. /home/miracle/public_html/ci3_cgi/system/database/drivers/postgre/postgre_driver.php 242
ERROR - 2021-02-18 10:44:46 --> Query error: FATAL:  terminating connection due to administrator command
server closed the connection unexpectedly
	This probably means the server terminated abnormally
	before or while processing the request. - Invalid query: SELECT log.vn_id, log.vn, to_char(log.date_add, 'HH24:MI') AS time_th, patient.hn, patient.pa_pre_name || patient.pa_name || ' ' || patient.pa_lastname AS patient_name, log.station_id, appointment.id AS appointment_id, log.nano_queue_id AS queue_id
				FROM jvkk.nano_queue_log AS log
				INNER JOIN medrec.nano_visit AS visit ON visit.vn = log.vn
				INNER JOIN medrec.nano_patient AS patient ON patient.id = visit.id_patient
				INNER JOIN (SELECT vn, MAX(id) AS max_id FROM jvkk.nano_queue_log WHERE to_char(date_add, 'YYYY-MM-DD') = '2021-02-18' AND station_id IS NOT NULL GROUP BY vn) AS queue_max ON (queue_max.max_id=log.id)
				LEFT JOIN frontmed.neural_appointment AS appointment ON appointment.visit_id = visit.id
				WHERE log.com_id1 = '10' AND log.com_id2 = '27' AND log.station_id = '5'
				GROUP BY log.vn_id, log.vn, log.date_add, patient.hn, patient.pa_pre_name, patient.pa_name, patient.pa_lastname, log.station_id, appointment.id, log.nano_queue_id
				ORDER BY time_th ASC
ERROR - 2021-02-18 10:44:46 --> Query error: FATAL:  terminating connection due to administrator command
server closed the connection unexpectedly
	This probably means the server terminated abnormally
	before or while processing the request. - Invalid query: UPDATE "frontmed"."ci_sessions" SET "timestamp" = 1613619886
WHERE "id" = 'sjlvoqe4npici5q0r173f5kug2aj1f9c'
AND "ip_address" = '192.168.10.114'
ERROR - 2021-02-18 10:49:08 --> Could not find the language line "admin dashboard jsi18n-sample"
ERROR - 2021-02-18 11:27:34 --> Could not find the language line "admin dashboard jsi18n-sample"
ERROR - 2021-02-18 11:36:25 --> Could not find the language line "admin dashboard jsi18n-sample"
ERROR - 2021-02-18 11:38:20 --> Severity: Warning --> pg_query() [<a href='function.pg-query'>function.pg-query</a>]: Query failed: FATAL:  terminating connection due to administrator command
server closed the connection unexpectedly
	This probably means the server terminated abnormally
	before or while processing the request. /home/miracle/public_html/ci3_cgi/system/database/drivers/postgre/postgre_driver.php 242
ERROR - 2021-02-18 11:38:20 --> Severity: Warning --> pg_query() [<a href='function.pg-query'>function.pg-query</a>]: Query failed: FATAL:  terminating connection due to administrator command
server closed the connection unexpectedly
	This probably means the server terminated abnormally
	before or while processing the request. /home/miracle/public_html/ci3_cgi/system/database/drivers/postgre/postgre_driver.php 242
ERROR - 2021-02-18 11:38:20 --> Severity: Warning --> pg_query() [<a href='function.pg-query'>function.pg-query</a>]: Query failed: FATAL:  terminating connection due to administrator command
server closed the connection unexpectedly
	This probably means the server terminated abnormally
	before or while processing the request. /home/miracle/public_html/ci3_cgi/system/database/drivers/postgre/postgre_driver.php 242
ERROR - 2021-02-18 11:38:20 --> Severity: Warning --> pg_query() [<a href='function.pg-query'>function.pg-query</a>]: Query failed: FATAL:  terminating connection due to administrator command
server closed the connection unexpectedly
	This probably means the server terminated abnormally
	before or while processing the request. /home/miracle/public_html/ci3_cgi/system/database/drivers/postgre/postgre_driver.php 242
ERROR - 2021-02-18 11:38:20 --> Severity: Warning --> pg_query() [<a href='function.pg-query'>function.pg-query</a>]: Query failed: FATAL:  terminating connection due to administrator command
server closed the connection unexpectedly
	This probably means the server terminated abnormally
	before or while processing the request. /home/miracle/public_html/ci3_cgi/system/database/drivers/postgre/postgre_driver.php 242
ERROR - 2021-02-18 11:38:20 --> Severity: Warning --> pg_query() [<a href='function.pg-query'>function.pg-query</a>]: Query failed: FATAL:  terminating connection due to administrator command
server closed the connection unexpectedly
	This probably means the server terminated abnormally
	before or while processing the request. /home/miracle/public_html/ci3_cgi/system/database/drivers/postgre/postgre_driver.php 242
ERROR - 2021-02-18 11:38:20 --> Severity: Warning --> pg_query() [<a href='function.pg-query'>function.pg-query</a>]: Query failed: FATAL:  terminating connection due to administrator command
server closed the connection unexpectedly
	This probably means the server terminated abnormally
	before or while processing the request. /home/miracle/public_html/ci3_cgi/system/database/drivers/postgre/postgre_driver.php 242
ERROR - 2021-02-18 11:38:20 --> Query error: FATAL:  terminating connection due to administrator command
server closed the connection unexpectedly
	This probably means the server terminated abnormally
	before or while processing the request. - Invalid query: SELECT "session"."id"
FROM "jvkk"."nano_session" AS "session"
WHERE "session"."session_user_id" IS NULL
ERROR - 2021-02-18 11:38:20 --> Severity: Warning --> Unknown: Failed to write session data (user). Please verify that the current setting of session.save_path is correct () Unknown 0
ERROR - 2021-02-18 11:38:20 --> Query error: FATAL:  terminating connection due to administrator command
server closed the connection unexpectedly
	This probably means the server terminated abnormally
	before or while processing the request. - Invalid query: SELECT "session"."id"
FROM "jvkk"."nano_session" AS "session"
WHERE "session"."session_user_id" IS NULL
ERROR - 2021-02-18 11:38:20 --> Query error: FATAL:  terminating connection due to administrator command
server closed the connection unexpectedly
	This probably means the server terminated abnormally
	before or while processing the request. - Invalid query: SELECT "session"."id"
FROM "jvkk"."nano_session" AS "session"
WHERE "session"."session_user_id" IS NULL
ERROR - 2021-02-18 11:38:20 --> Severity: Warning --> Unknown: Failed to write session data (user). Please verify that the current setting of session.save_path is correct () Unknown 0
ERROR - 2021-02-18 11:38:20 --> Severity: Warning --> Unknown: Failed to write session data (user). Please verify that the current setting of session.save_path is correct () Unknown 0
ERROR - 2021-02-18 11:38:20 --> Severity: Warning --> pg_query() [<a href='function.pg-query'>function.pg-query</a>]: Query failed: FATAL:  terminating connection due to administrator command
server closed the connection unexpectedly
	This probably means the server terminated abnormally
	before or while processing the request. /home/miracle/public_html/ci3_cgi/system/database/drivers/postgre/postgre_driver.php 242
ERROR - 2021-02-18 11:38:20 --> Query error: FATAL:  terminating connection due to administrator command
server closed the connection unexpectedly
	This probably means the server terminated abnormally
	before or while processing the request. - Invalid query: SELECT log.vn_id, log.vn, to_char(log.date_add, 'HH24:MI') AS time_th, patient.hn, patient.pa_pre_name || patient.pa_name || ' ' || patient.pa_lastname AS patient_name, log.station_id, appointment.id AS appointment_id, log.nano_queue_id AS queue_id
				FROM jvkk.nano_queue_log AS log
				INNER JOIN medrec.nano_visit AS visit ON visit.vn = log.vn
				INNER JOIN medrec.nano_patient AS patient ON patient.id = visit.id_patient
				INNER JOIN (SELECT vn, MAX(id) AS max_id FROM jvkk.nano_queue_log WHERE to_char(date_add, 'YYYY-MM-DD') = '2021-02-18' AND station_id IS NOT NULL GROUP BY vn) AS queue_max ON (queue_max.max_id=log.id)
				LEFT JOIN frontmed.neural_appointment AS appointment ON appointment.visit_id = visit.id
				WHERE log.com_id1 = '10' AND log.com_id2 = '27' AND log.station_id = '4'
				GROUP BY log.vn_id, log.vn, log.date_add, patient.hn, patient.pa_pre_name, patient.pa_name, patient.pa_lastname, log.station_id, appointment.id, log.nano_queue_id
				ORDER BY time_th ASC
ERROR - 2021-02-18 11:38:20 --> Query error: FATAL:  terminating connection due to administrator command
server closed the connection unexpectedly
	This probably means the server terminated abnormally
	before or while processing the request. - Invalid query: UPDATE "frontmed"."ci_sessions" SET "timestamp" = 1613623100
WHERE "id" = '0vs472m1drvb16dbsoq6sa1rka9dgahf'
AND "ip_address" = '192.168.20.141'
ERROR - 2021-02-18 11:38:20 --> Query error: FATAL:  terminating connection due to administrator command
server closed the connection unexpectedly
	This probably means the server terminated abnormally
	before or while processing the request. - Invalid query: SELECT * FROM public.settings ORDER BY sort_order ASC
ERROR - 2021-02-18 11:38:20 --> Severity: Warning --> Unknown: Failed to write session data (user). Please verify that the current setting of session.save_path is correct () Unknown 0
ERROR - 2021-02-18 11:38:20 --> Query error: FATAL:  terminating connection due to administrator command
server closed the connection unexpectedly
	This probably means the server terminated abnormally
	before or while processing the request. - Invalid query: SELECT * FROM public.settings ORDER BY sort_order ASC
ERROR - 2021-02-18 11:38:20 --> Severity: Warning --> Unknown: Failed to write session data (user). Please verify that the current setting of session.save_path is correct () Unknown 0
ERROR - 2021-02-18 11:38:20 --> Query error: FATAL:  terminating connection due to administrator command
server closed the connection unexpectedly
	This probably means the server terminated abnormally
	before or while processing the request. - Invalid query: SELECT * FROM public.settings ORDER BY sort_order ASC
ERROR - 2021-02-18 11:38:20 --> Severity: Warning --> Unknown: Failed to write session data (user). Please verify that the current setting of session.save_path is correct () Unknown 0
ERROR - 2021-02-18 11:38:20 --> Query error: FATAL:  terminating connection due to administrator command
server closed the connection unexpectedly
	This probably means the server terminated abnormally
	before or while processing the request. - Invalid query: SELECT * FROM public.settings ORDER BY sort_order ASC
ERROR - 2021-02-18 11:38:20 --> Severity: Warning --> Unknown: Failed to write session data (user). Please verify that the current setting of session.save_path is correct () Unknown 0
ERROR - 2021-02-18 11:38:20 --> Severity: Warning --> pg_query() [<a href='function.pg-query'>function.pg-query</a>]: Query failed: FATAL:  terminating connection due to administrator command
server closed the connection unexpectedly
	This probably means the server terminated abnormally
	before or while processing the request. /home/miracle/public_html/ci3_cgi/system/database/drivers/postgre/postgre_driver.php 242
ERROR - 2021-02-18 11:38:20 --> Query error: FATAL:  terminating connection due to administrator command
server closed the connection unexpectedly
	This probably means the server terminated abnormally
	before or while processing the request. - Invalid query: SELECT log.vn_id, log.vn, to_char(log.date_add, 'HH24:MI') AS time_th, patient.hn, patient.pa_pre_name || patient.pa_name || ' ' || patient.pa_lastname AS patient_name, log.station_id, appointment.id AS appointment_id, log.nano_queue_id AS queue_id
				FROM jvkk.nano_queue_log AS log
				INNER JOIN medrec.nano_visit AS visit ON visit.vn = log.vn
				INNER JOIN medrec.nano_patient AS patient ON patient.id = visit.id_patient
				INNER JOIN (SELECT vn, MAX(id) AS max_id FROM jvkk.nano_queue_log WHERE to_char(date_add, 'YYYY-MM-DD') = '2021-02-18' AND station_id IS NOT NULL GROUP BY vn) AS queue_max ON (queue_max.max_id=log.id)
				LEFT JOIN frontmed.neural_appointment AS appointment ON appointment.visit_id = visit.id
				WHERE log.com_id1 = '10' AND log.com_id2 = '27' AND log.station_id = '7'
				GROUP BY log.vn_id, log.vn, log.date_add, patient.hn, patient.pa_pre_name, patient.pa_name, patient.pa_lastname, log.station_id, appointment.id, log.nano_queue_id
				ORDER BY time_th ASC
ERROR - 2021-02-18 11:38:20 --> Query error: FATAL:  terminating connection due to administrator command
server closed the connection unexpectedly
	This probably means the server terminated abnormally
	before or while processing the request. - Invalid query: UPDATE "frontmed"."ci_sessions" SET "timestamp" = 1613623100
WHERE "id" = 'ktg3hi5f034ldures4fc7s2udn5e1f8u'
AND "ip_address" = '192.168.10.52'
ERROR - 2021-02-18 11:38:20 --> Severity: Warning --> pg_query() [<a href='function.pg-query'>function.pg-query</a>]: Query failed: FATAL:  terminating connection due to administrator command
server closed the connection unexpectedly
	This probably means the server terminated abnormally
	before or while processing the request. /home/miracle/public_html/ci3_cgi/system/database/drivers/postgre/postgre_driver.php 242
ERROR - 2021-02-18 11:38:20 --> Query error: FATAL:  terminating connection due to administrator command
server closed the connection unexpectedly
	This probably means the server terminated abnormally
	before or while processing the request. - Invalid query: SELECT log.vn_id, log.vn, to_char(log.date_add, 'HH24:MI') AS time_th, patient.hn, patient.pa_pre_name || patient.pa_name || ' ' || patient.pa_lastname AS patient_name, log.station_id, appointment.id AS appointment_id, log.nano_queue_id AS queue_id
				FROM jvkk.nano_queue_log AS log
				INNER JOIN medrec.nano_visit AS visit ON visit.vn = log.vn
				INNER JOIN medrec.nano_patient AS patient ON patient.id = visit.id_patient
				INNER JOIN (SELECT vn, MAX(id) AS max_id FROM jvkk.nano_queue_log WHERE to_char(date_add, 'YYYY-MM-DD') = '2021-02-18' AND station_id IS NOT NULL GROUP BY vn) AS queue_max ON (queue_max.max_id=log.id)
				LEFT JOIN frontmed.neural_appointment AS appointment ON appointment.visit_id = visit.id
				WHERE log.com_id1 = '10' AND log.com_id2 = '27' AND log.station_id = '7'
				GROUP BY log.vn_id, log.vn, log.date_add, patient.hn, patient.pa_pre_name, patient.pa_name, patient.pa_lastname, log.station_id, appointment.id, log.nano_queue_id
				ORDER BY time_th ASC
ERROR - 2021-02-18 11:38:20 --> Query error: FATAL:  terminating connection due to administrator command
server closed the connection unexpectedly
	This probably means the server terminated abnormally
	before or while processing the request. - Invalid query: UPDATE "frontmed"."ci_sessions" SET "timestamp" = 1613623100
WHERE "id" = '53c3dkclmss5kteosjcua93n877d2l3b'
AND "ip_address" = '192.168.10.55'
ERROR - 2021-02-18 11:52:20 --> Severity: Warning --> pg_query() [<a href='function.pg-query'>function.pg-query</a>]: Query failed: FATAL:  terminating connection due to administrator command
server closed the connection unexpectedly
	This probably means the server terminated abnormally
	before or while processing the request. /home/miracle/public_html/ci3_cgi/system/database/drivers/postgre/postgre_driver.php 242
ERROR - 2021-02-18 11:52:20 --> Severity: Warning --> pg_query() [<a href='function.pg-query'>function.pg-query</a>]: Query failed: FATAL:  terminating connection due to administrator command
server closed the connection unexpectedly
	This probably means the server terminated abnormally
	before or while processing the request. /home/miracle/public_html/ci3_cgi/system/database/drivers/postgre/postgre_driver.php 242
ERROR - 2021-02-18 11:52:20 --> Severity: Warning --> pg_query() [<a href='function.pg-query'>function.pg-query</a>]: Query failed: FATAL:  terminating connection due to administrator command
server closed the connection unexpectedly
	This probably means the server terminated abnormally
	before or while processing the request. /home/miracle/public_html/ci3_cgi/system/database/drivers/postgre/postgre_driver.php 242
ERROR - 2021-02-18 11:52:20 --> Severity: Warning --> pg_query() [<a href='function.pg-query'>function.pg-query</a>]: Query failed: FATAL:  terminating connection due to administrator command
server closed the connection unexpectedly
	This probably means the server terminated abnormally
	before or while processing the request. /home/miracle/public_html/ci3_cgi/system/database/drivers/postgre/postgre_driver.php 242
ERROR - 2021-02-18 11:52:20 --> Query error: FATAL:  terminating connection due to administrator command
server closed the connection unexpectedly
	This probably means the server terminated abnormally
	before or while processing the request. - Invalid query: SELECT "session"."id"
FROM "jvkk"."nano_session" AS "session"
WHERE "session"."session_user_id" IS NULL
ERROR - 2021-02-18 11:52:20 --> Severity: Warning --> pg_query() [<a href='function.pg-query'>function.pg-query</a>]: Query failed: FATAL:  terminating connection due to administrator command
server closed the connection unexpectedly
	This probably means the server terminated abnormally
	before or while processing the request. /home/miracle/public_html/ci3_cgi/system/database/drivers/postgre/postgre_driver.php 242
ERROR - 2021-02-18 11:52:20 --> Severity: Warning --> Unknown: Failed to write session data (user). Please verify that the current setting of session.save_path is correct () Unknown 0
ERROR - 2021-02-18 11:52:20 --> Severity: Warning --> pg_query() [<a href='function.pg-query'>function.pg-query</a>]: Query failed: FATAL:  terminating connection due to administrator command
server closed the connection unexpectedly
	This probably means the server terminated abnormally
	before or while processing the request. /home/miracle/public_html/ci3_cgi/system/database/drivers/postgre/postgre_driver.php 242
ERROR - 2021-02-18 11:52:20 --> Severity: Warning --> pg_query() [<a href='function.pg-query'>function.pg-query</a>]: Query failed: FATAL:  terminating connection due to administrator command
server closed the connection unexpectedly
	This probably means the server terminated abnormally
	before or while processing the request. /home/miracle/public_html/ci3_cgi/system/database/drivers/postgre/postgre_driver.php 242
ERROR - 2021-02-18 11:52:20 --> Query error: FATAL:  terminating connection due to administrator command
server closed the connection unexpectedly
	This probably means the server terminated abnormally
	before or while processing the request. - Invalid query: SELECT log.vn_id, log.vn, to_char(log.date_add, 'HH24:MI') AS time_th, patient.hn, patient.pa_pre_name || patient.pa_name || ' ' || patient.pa_lastname AS patient_name, log.station_id, appointment.id AS appointment_id, log.nano_queue_id AS queue_id
				FROM jvkk.nano_queue_log AS log
				INNER JOIN medrec.nano_visit AS visit ON visit.vn = log.vn
				INNER JOIN medrec.nano_patient AS patient ON patient.id = visit.id_patient
				INNER JOIN (SELECT vn, MAX(id) AS max_id FROM jvkk.nano_queue_log WHERE to_char(date_add, 'YYYY-MM-DD') = '2021-02-18' GROUP BY vn) AS queue_max ON (queue_max.max_id=log.id)
				LEFT JOIN frontmed.neural_appointment AS appointment ON appointment.visit_id = visit.id
				WHERE log.com_id2 IN ('27', '19') AND log.com_id1 = '25' GROUP BY log.vn_id, log.vn, log.date_add, patient.hn, patient.pa_pre_name, patient.pa_name, patient.pa_lastname, log.station_id, appointment.id, log.nano_queue_id
				 ORDER BY time_th ASC
ERROR - 2021-02-18 11:52:20 --> Query error: FATAL:  terminating connection due to administrator command
server closed the connection unexpectedly
	This probably means the server terminated abnormally
	before or while processing the request. - Invalid query: SELECT * FROM public.settings ORDER BY sort_order ASC
ERROR - 2021-02-18 11:52:20 --> Query error: FATAL:  terminating connection due to administrator command
server closed the connection unexpectedly
	This probably means the server terminated abnormally
	before or while processing the request. - Invalid query: SELECT * FROM public.settings ORDER BY sort_order ASC
ERROR - 2021-02-18 11:52:20 --> Severity: Warning --> Unknown: Failed to write session data (user). Please verify that the current setting of session.save_path is correct () Unknown 0
ERROR - 2021-02-18 11:52:20 --> Severity: Warning --> Unknown: Failed to write session data (user). Please verify that the current setting of session.save_path is correct () Unknown 0
ERROR - 2021-02-18 11:52:20 --> Query error: FATAL:  terminating connection due to administrator command
server closed the connection unexpectedly
	This probably means the server terminated abnormally
	before or while processing the request. - Invalid query: UPDATE "frontmed"."ci_sessions" SET "timestamp" = 1613623940
WHERE "id" = '0vs472m1drvb16dbsoq6sa1rka9dgahf'
AND "ip_address" = '192.168.20.141'
ERROR - 2021-02-18 11:52:20 --> Query error: FATAL:  terminating connection due to administrator command
server closed the connection unexpectedly
	This probably means the server terminated abnormally
	before or while processing the request. - Invalid query: SELECT * FROM public.settings ORDER BY sort_order ASC
ERROR - 2021-02-18 11:52:20 --> Query error: FATAL:  terminating connection due to administrator command
server closed the connection unexpectedly
	This probably means the server terminated abnormally
	before or while processing the request. - Invalid query: SELECT * FROM public.settings ORDER BY sort_order ASC
ERROR - 2021-02-18 11:52:20 --> Severity: Warning --> Unknown: Failed to write session data (user). Please verify that the current setting of session.save_path is correct () Unknown 0
ERROR - 2021-02-18 11:52:20 --> Severity: Warning --> Unknown: Failed to write session data (user). Please verify that the current setting of session.save_path is correct () Unknown 0
ERROR - 2021-02-18 11:52:20 --> Query error: FATAL:  terminating connection due to administrator command
server closed the connection unexpectedly
	This probably means the server terminated abnormally
	before or while processing the request. - Invalid query: SELECT * FROM public.settings ORDER BY sort_order ASC
ERROR - 2021-02-18 11:52:20 --> Severity: Warning --> Unknown: Failed to write session data (user). Please verify that the current setting of session.save_path is correct () Unknown 0
ERROR - 2021-02-18 11:52:20 --> Severity: Warning --> pg_query() [<a href='function.pg-query'>function.pg-query</a>]: Query failed: FATAL:  terminating connection due to administrator command
server closed the connection unexpectedly
	This probably means the server terminated abnormally
	before or while processing the request. /home/miracle/public_html/ci3_cgi/system/database/drivers/postgre/postgre_driver.php 242
ERROR - 2021-02-18 11:52:20 --> Query error: FATAL:  terminating connection due to administrator command
server closed the connection unexpectedly
	This probably means the server terminated abnormally
	before or while processing the request. - Invalid query: SELECT log.vn_id, log.vn, to_char(log.date_add, 'HH24:MI') AS time_th, patient.hn, patient.pa_pre_name || patient.pa_name || ' ' || patient.pa_lastname AS patient_name, log.station_id, appointment.id AS appointment_id, log.nano_queue_id AS queue_id
				FROM jvkk.nano_queue_log AS log
				INNER JOIN medrec.nano_visit AS visit ON visit.vn = log.vn
				INNER JOIN medrec.nano_patient AS patient ON patient.id = visit.id_patient
				INNER JOIN (SELECT vn, MAX(id) AS max_id FROM jvkk.nano_queue_log WHERE to_char(date_add, 'YYYY-MM-DD') = '2021-02-18' GROUP BY vn) AS queue_max ON (queue_max.max_id=log.id)
				LEFT JOIN frontmed.neural_appointment AS appointment ON appointment.visit_id = visit.id
				WHERE log.com_id2 IN ('27', '19') AND log.com_id1 = '25' GROUP BY log.vn_id, log.vn, log.date_add, patient.hn, patient.pa_pre_name, patient.pa_name, patient.pa_lastname, log.station_id, appointment.id, log.nano_queue_id
				 ORDER BY time_th ASC
ERROR - 2021-02-18 11:52:20 --> Query error: FATAL:  terminating connection due to administrator command
server closed the connection unexpectedly
	This probably means the server terminated abnormally
	before or while processing the request. - Invalid query: UPDATE "frontmed"."ci_sessions" SET "timestamp" = 1613623940
WHERE "id" = 'tmnnv2n255ttj9im1gu2gdgnjfn7pd46'
AND "ip_address" = '192.168.10.52'
ERROR - 2021-02-18 11:52:20 --> Severity: Warning --> pg_query() [<a href='function.pg-query'>function.pg-query</a>]: Query failed: FATAL:  terminating connection due to administrator command
server closed the connection unexpectedly
	This probably means the server terminated abnormally
	before or while processing the request. /home/miracle/public_html/ci3_cgi/system/database/drivers/postgre/postgre_driver.php 242
ERROR - 2021-02-18 11:52:20 --> Query error: FATAL:  terminating connection due to administrator command
server closed the connection unexpectedly
	This probably means the server terminated abnormally
	before or while processing the request. - Invalid query: SELECT log.vn_id, log.vn, to_char(log.date_add, 'HH24:MI') AS time_th, patient.hn, patient.pa_pre_name || patient.pa_name || ' ' || patient.pa_lastname AS patient_name, log.station_id, appointment.id AS appointment_id, log.nano_queue_id AS queue_id
				FROM jvkk.nano_queue_log AS log
				INNER JOIN medrec.nano_visit AS visit ON visit.vn = log.vn
				INNER JOIN medrec.nano_patient AS patient ON patient.id = visit.id_patient
				INNER JOIN (SELECT vn, MAX(id) AS max_id FROM jvkk.nano_queue_log WHERE to_char(date_add, 'YYYY-MM-DD') = '2021-02-18' GROUP BY vn) AS queue_max ON (queue_max.max_id=log.id)
				LEFT JOIN frontmed.neural_appointment AS appointment ON appointment.visit_id = visit.id
				WHERE log.com_id2 IN ('27', '19') AND log.com_id1 IN (2, 11, 14, 19, 27, 46, 48, 49, 58) OR visit.hn = '114932' GROUP BY log.vn_id, log.vn, log.date_add, patient.hn, patient.pa_pre_name, patient.pa_name, patient.pa_lastname, log.station_id, appointment.id, log.nano_queue_id
				 ORDER BY time_th ASC
ERROR - 2021-02-18 11:52:20 --> Query error: FATAL:  terminating connection due to administrator command
server closed the connection unexpectedly
	This probably means the server terminated abnormally
	before or while processing the request. - Invalid query: UPDATE "frontmed"."ci_sessions" SET "timestamp" = 1613623940
WHERE "id" = '53c3dkclmss5kteosjcua93n877d2l3b'
AND "ip_address" = '192.168.10.55'
ERROR - 2021-02-18 11:52:20 --> Severity: Warning --> pg_connect() [<a href='function.pg-connect'>function.pg-connect</a>]: Unable to connect to PostgreSQL server: FATAL:  the database system is shutting down /home/miracle/public_html/ci3_cgi/system/database/drivers/postgre/postgre_driver.php 154
ERROR - 2021-02-18 11:52:20 --> Unable to connect to the database
ERROR - 2021-02-18 11:52:20 --> Severity: Warning --> pg_connect() [<a href='function.pg-connect'>function.pg-connect</a>]: Unable to connect to PostgreSQL server: FATAL:  the database system is shutting down /home/miracle/public_html/ci3_cgi/system/database/drivers/postgre/postgre_driver.php 154
ERROR - 2021-02-18 11:52:20 --> Unable to connect to the database
ERROR - 2021-02-18 11:52:20 --> Severity: Warning --> pg_connect() [<a href='function.pg-connect'>function.pg-connect</a>]: Unable to connect to PostgreSQL server: FATAL:  the database system is shutting down /home/miracle/public_html/ci3_cgi/system/database/drivers/postgre/postgre_driver.php 154
ERROR - 2021-02-18 11:52:20 --> Unable to connect to the database
ERROR - 2021-02-18 11:52:20 --> Severity: Warning --> pg_connect() [<a href='function.pg-connect'>function.pg-connect</a>]: Unable to connect to PostgreSQL server: FATAL:  the database system is shutting down /home/miracle/public_html/ci3_cgi/system/database/drivers/postgre/postgre_driver.php 154
ERROR - 2021-02-18 11:52:20 --> Unable to connect to the database
ERROR - 2021-02-18 11:52:21 --> Severity: Warning --> pg_connect() [<a href='function.pg-connect'>function.pg-connect</a>]: Unable to connect to PostgreSQL server: FATAL:  the database system is shutting down /home/miracle/public_html/ci3_cgi/system/database/drivers/postgre/postgre_driver.php 154
ERROR - 2021-02-18 11:52:21 --> Unable to connect to the database
ERROR - 2021-02-18 11:52:21 --> Severity: Warning --> pg_connect() [<a href='function.pg-connect'>function.pg-connect</a>]: Unable to connect to PostgreSQL server: FATAL:  the database system is shutting down /home/miracle/public_html/ci3_cgi/system/database/drivers/postgre/postgre_driver.php 154
ERROR - 2021-02-18 11:52:21 --> Unable to connect to the database
ERROR - 2021-02-18 11:52:21 --> Severity: Warning --> pg_connect() [<a href='function.pg-connect'>function.pg-connect</a>]: Unable to connect to PostgreSQL server: FATAL:  the database system is shutting down /home/miracle/public_html/ci3_cgi/system/database/drivers/postgre/postgre_driver.php 154
ERROR - 2021-02-18 11:52:21 --> Unable to connect to the database
ERROR - 2021-02-18 11:52:21 --> Severity: Warning --> pg_connect() [<a href='function.pg-connect'>function.pg-connect</a>]: Unable to connect to PostgreSQL server: FATAL:  the database system is shutting down /home/miracle/public_html/ci3_cgi/system/database/drivers/postgre/postgre_driver.php 154
ERROR - 2021-02-18 11:52:21 --> Unable to connect to the database
ERROR - 2021-02-18 11:52:21 --> Severity: Warning --> pg_connect() [<a href='function.pg-connect'>function.pg-connect</a>]: Unable to connect to PostgreSQL server: FATAL:  the database system is shutting down /home/miracle/public_html/ci3_cgi/system/database/drivers/postgre/postgre_driver.php 154
ERROR - 2021-02-18 11:52:21 --> Unable to connect to the database
ERROR - 2021-02-18 11:52:21 --> Severity: Warning --> pg_connect() [<a href='function.pg-connect'>function.pg-connect</a>]: Unable to connect to PostgreSQL server: FATAL:  the database system is shutting down /home/miracle/public_html/ci3_cgi/system/database/drivers/postgre/postgre_driver.php 154
ERROR - 2021-02-18 11:52:21 --> Unable to connect to the database
ERROR - 2021-02-18 11:52:21 --> Severity: Warning --> pg_connect() [<a href='function.pg-connect'>function.pg-connect</a>]: Unable to connect to PostgreSQL server: FATAL:  the database system is shutting down /home/miracle/public_html/ci3_cgi/system/database/drivers/postgre/postgre_driver.php 154
ERROR - 2021-02-18 11:52:21 --> Unable to connect to the database
ERROR - 2021-02-18 11:52:21 --> Severity: Warning --> pg_connect() [<a href='function.pg-connect'>function.pg-connect</a>]: Unable to connect to PostgreSQL server: FATAL:  the database system is shutting down /home/miracle/public_html/ci3_cgi/system/database/drivers/postgre/postgre_driver.php 154
ERROR - 2021-02-18 11:52:21 --> Unable to connect to the database
ERROR - 2021-02-18 13:09:26 --> Could not find the language line "admin dashboard jsi18n-sample"
ERROR - 2021-02-18 13:41:07 --> Could not find the language line "admin dashboard jsi18n-sample"
ERROR - 2021-02-18 13:41:11 --> Could not find the language line "admin dashboard jsi18n-sample"
ERROR - 2021-02-18 13:41:13 --> Could not find the language line "admin dashboard jsi18n-sample"
ERROR - 2021-02-18 13:41:46 --> Could not find the language line "admin dashboard jsi18n-sample"
ERROR - 2021-02-18 13:44:10 --> Could not find the language line "admin dashboard jsi18n-sample"
ERROR - 2021-02-18 13:49:02 --> Could not find the language line "admin dashboard jsi18n-sample"
ERROR - 2021-02-18 13:52:00 --> Could not find the language line "admin dashboard jsi18n-sample"
ERROR - 2021-02-18 13:53:11 --> Could not find the language line "admin dashboard jsi18n-sample"
ERROR - 2021-02-18 13:54:45 --> Could not find the language line "admin dashboard jsi18n-sample"
ERROR - 2021-02-18 13:55:33 --> Could not find the language line "admin dashboard jsi18n-sample"
ERROR - 2021-02-18 13:55:38 --> Could not find the language line "admin dashboard jsi18n-sample"
ERROR - 2021-02-18 14:01:02 --> Could not find the language line "admin dashboard jsi18n-sample"
ERROR - 2021-02-18 14:15:49 --> Severity: Warning --> pg_query() [<a href='function.pg-query'>function.pg-query</a>]: Query failed: FATAL:  terminating connection due to administrator command
server closed the connection unexpectedly
	This probably means the server terminated abnormally
	before or while processing the request. /home/miracle/public_html/ci3_cgi/system/database/drivers/postgre/postgre_driver.php 242
ERROR - 2021-02-18 14:15:49 --> Severity: Warning --> pg_query() [<a href='function.pg-query'>function.pg-query</a>]: Query failed: FATAL:  terminating connection due to administrator command
server closed the connection unexpectedly
	This probably means the server terminated abnormally
	before or while processing the request. /home/miracle/public_html/ci3_cgi/system/database/drivers/postgre/postgre_driver.php 242
ERROR - 2021-02-18 14:15:49 --> Severity: Warning --> pg_query() [<a href='function.pg-query'>function.pg-query</a>]: Query failed: FATAL:  terminating connection due to administrator command
server closed the connection unexpectedly
	This probably means the server terminated abnormally
	before or while processing the request. /home/miracle/public_html/ci3_cgi/system/database/drivers/postgre/postgre_driver.php 242
ERROR - 2021-02-18 14:15:49 --> Severity: Warning --> pg_query() [<a href='function.pg-query'>function.pg-query</a>]: Query failed: FATAL:  terminating connection due to administrator command
server closed the connection unexpectedly
	This probably means the server terminated abnormally
	before or while processing the request. /home/miracle/public_html/ci3_cgi/system/database/drivers/postgre/postgre_driver.php 242
ERROR - 2021-02-18 14:15:49 --> Query error: FATAL:  terminating connection due to administrator command
server closed the connection unexpectedly
	This probably means the server terminated abnormally
	before or while processing the request. - Invalid query: SELECT "session"."id"
FROM "jvkk"."nano_session" AS "session"
WHERE "session"."session_user_id" IS NULL
ERROR - 2021-02-18 14:15:49 --> Severity: Warning --> Unknown: Failed to write session data (user). Please verify that the current setting of session.save_path is correct () Unknown 0
ERROR - 2021-02-18 14:15:49 --> Severity: Warning --> pg_query() [<a href='function.pg-query'>function.pg-query</a>]: Query failed: FATAL:  terminating connection due to administrator command
server closed the connection unexpectedly
	This probably means the server terminated abnormally
	before or while processing the request. /home/miracle/public_html/ci3_cgi/system/database/drivers/postgre/postgre_driver.php 242
ERROR - 2021-02-18 14:15:49 --> Query error: FATAL:  terminating connection due to administrator command
server closed the connection unexpectedly
	This probably means the server terminated abnormally
	before or while processing the request. - Invalid query: SELECT * FROM public.settings ORDER BY sort_order ASC
ERROR - 2021-02-18 14:15:49 --> Query error: FATAL:  terminating connection due to administrator command
server closed the connection unexpectedly
	This probably means the server terminated abnormally
	before or while processing the request. - Invalid query: SELECT log.vn_id, log.vn, to_char(log.date_add, 'HH24:MI') AS time_th, patient.hn, patient.pa_pre_name || patient.pa_name || ' ' || patient.pa_lastname AS patient_name, log.station_id, appointment.id AS appointment_id, log.nano_queue_id AS queue_id
				FROM jvkk.nano_queue_log AS log
				INNER JOIN medrec.nano_visit AS visit ON visit.vn = log.vn
				INNER JOIN medrec.nano_patient AS patient ON patient.id = visit.id_patient
				INNER JOIN (SELECT vn, MAX(id) AS max_id FROM jvkk.nano_queue_log WHERE to_char(date_add, 'YYYY-MM-DD') = '2021-02-18' GROUP BY vn) AS queue_max ON (queue_max.max_id=log.id)
				LEFT JOIN frontmed.neural_appointment AS appointment ON appointment.visit_id = visit.id
				WHERE log.com_id2 IN ('27', '19') AND log.com_id1 = '25' GROUP BY log.vn_id, log.vn, log.date_add, patient.hn, patient.pa_pre_name, patient.pa_name, patient.pa_lastname, log.station_id, appointment.id, log.nano_queue_id
				 ORDER BY time_th ASC
ERROR - 2021-02-18 14:15:49 --> Query error: FATAL:  terminating connection due to administrator command
server closed the connection unexpectedly
	This probably means the server terminated abnormally
	before or while processing the request. - Invalid query: SELECT * FROM public.settings ORDER BY sort_order ASC
ERROR - 2021-02-18 14:15:49 --> Severity: Warning --> Unknown: Failed to write session data (user). Please verify that the current setting of session.save_path is correct () Unknown 0
ERROR - 2021-02-18 14:15:49 --> Severity: Warning --> Unknown: Failed to write session data (user). Please verify that the current setting of session.save_path is correct () Unknown 0
ERROR - 2021-02-18 14:15:49 --> Query error: FATAL:  terminating connection due to administrator command
server closed the connection unexpectedly
	This probably means the server terminated abnormally
	before or while processing the request. - Invalid query: UPDATE "frontmed"."ci_sessions" SET "timestamp" = 1613632549
WHERE "id" = '82q8v8i4dsftrdru8pljq628tltlue18'
AND "ip_address" = '192.168.10.110'
ERROR - 2021-02-18 14:15:49 --> Query error: FATAL:  terminating connection due to administrator command
server closed the connection unexpectedly
	This probably means the server terminated abnormally
	before or while processing the request. - Invalid query: SELECT * FROM public.settings ORDER BY sort_order ASC
ERROR - 2021-02-18 14:15:49 --> Severity: Warning --> Unknown: Failed to write session data (user). Please verify that the current setting of session.save_path is correct () Unknown 0
ERROR - 2021-02-18 14:32:15 --> Could not find the language line "admin dashboard jsi18n-sample"
ERROR - 2021-02-18 14:37:28 --> Could not find the language line "admin dashboard jsi18n-sample"
ERROR - 2021-02-18 14:38:46 --> Could not find the language line "admin dashboard jsi18n-sample"
ERROR - 2021-02-18 14:39:07 --> Severity: Warning --> pg_query() [<a href='function.pg-query'>function.pg-query</a>]: Query failed: FATAL:  terminating connection due to administrator command
server closed the connection unexpectedly
	This probably means the server terminated abnormally
	before or while processing the request. /home/miracle/public_html/ci3_cgi/system/database/drivers/postgre/postgre_driver.php 242
ERROR - 2021-02-18 14:39:07 --> Severity: Warning --> pg_query() [<a href='function.pg-query'>function.pg-query</a>]: Query failed: FATAL:  terminating connection due to administrator command
server closed the connection unexpectedly
	This probably means the server terminated abnormally
	before or while processing the request. /home/miracle/public_html/ci3_cgi/system/database/drivers/postgre/postgre_driver.php 242
ERROR - 2021-02-18 14:39:07 --> Severity: Warning --> pg_query() [<a href='function.pg-query'>function.pg-query</a>]: Query failed: FATAL:  terminating connection due to administrator command
server closed the connection unexpectedly
	This probably means the server terminated abnormally
	before or while processing the request. /home/miracle/public_html/ci3_cgi/system/database/drivers/postgre/postgre_driver.php 242
ERROR - 2021-02-18 14:39:07 --> Severity: Warning --> pg_query() [<a href='function.pg-query'>function.pg-query</a>]: Query failed: FATAL:  terminating connection due to administrator command
server closed the connection unexpectedly
	This probably means the server terminated abnormally
	before or while processing the request. /home/miracle/public_html/ci3_cgi/system/database/drivers/postgre/postgre_driver.php 242
ERROR - 2021-02-18 14:39:07 --> Query error: FATAL:  terminating connection due to administrator command
server closed the connection unexpectedly
	This probably means the server terminated abnormally
	before or while processing the request. - Invalid query: SELECT "session"."id"
FROM "jvkk"."nano_session" AS "session"
WHERE "session"."session_user_id" IS NULL
ERROR - 2021-02-18 14:39:07 --> Severity: Warning --> Unknown: Failed to write session data (user). Please verify that the current setting of session.save_path is correct () Unknown 0
ERROR - 2021-02-18 14:39:07 --> Severity: Warning --> pg_query() [<a href='function.pg-query'>function.pg-query</a>]: Query failed: FATAL:  terminating connection due to administrator command
server closed the connection unexpectedly
	This probably means the server terminated abnormally
	before or while processing the request. /home/miracle/public_html/ci3_cgi/system/database/drivers/postgre/postgre_driver.php 242
ERROR - 2021-02-18 14:39:07 --> Query error: FATAL:  terminating connection due to administrator command
server closed the connection unexpectedly
	This probably means the server terminated abnormally
	before or while processing the request. - Invalid query: SELECT log.vn_id, log.vn, to_char(log.date_add, 'HH24:MI') AS time_th, patient.hn, patient.pa_pre_name || patient.pa_name || ' ' || patient.pa_lastname AS patient_name, log.station_id, appointment.id AS appointment_id, log.nano_queue_id AS queue_id
				FROM jvkk.nano_queue_log AS log
				INNER JOIN medrec.nano_visit AS visit ON visit.vn = log.vn
				INNER JOIN medrec.nano_patient AS patient ON patient.id = visit.id_patient
				INNER JOIN (SELECT vn, MAX(id) AS max_id FROM jvkk.nano_queue_log WHERE to_char(date_add, 'YYYY-MM-DD') = '2021-02-18' AND station_id IS NOT NULL GROUP BY vn) AS queue_max ON (queue_max.max_id=log.id)
				LEFT JOIN frontmed.neural_appointment AS appointment ON appointment.visit_id = visit.id
				WHERE log.com_id1 = '10' AND log.com_id2 = '27' AND log.station_id = '10'
				GROUP BY log.vn_id, log.vn, log.date_add, patient.hn, patient.pa_pre_name, patient.pa_name, patient.pa_lastname, log.station_id, appointment.id, log.nano_queue_id
				ORDER BY time_th ASC
ERROR - 2021-02-18 14:39:07 --> Query error: FATAL:  terminating connection due to administrator command
server closed the connection unexpectedly
	This probably means the server terminated abnormally
	before or while processing the request. - Invalid query: SELECT * FROM public.settings ORDER BY sort_order ASC
ERROR - 2021-02-18 14:39:07 --> Query error: FATAL:  terminating connection due to administrator command
server closed the connection unexpectedly
	This probably means the server terminated abnormally
	before or while processing the request. - Invalid query: SELECT * FROM public.settings ORDER BY sort_order ASC
ERROR - 2021-02-18 14:39:07 --> Query error: FATAL:  terminating connection due to administrator command
server closed the connection unexpectedly
	This probably means the server terminated abnormally
	before or while processing the request. - Invalid query: SELECT * FROM public.settings ORDER BY sort_order ASC
ERROR - 2021-02-18 14:39:07 --> Severity: Warning --> Unknown: Failed to write session data (user). Please verify that the current setting of session.save_path is correct () Unknown 0
ERROR - 2021-02-18 14:39:07 --> Severity: Warning --> Unknown: Failed to write session data (user). Please verify that the current setting of session.save_path is correct () Unknown 0
ERROR - 2021-02-18 14:39:07 --> Severity: Warning --> Unknown: Failed to write session data (user). Please verify that the current setting of session.save_path is correct () Unknown 0
ERROR - 2021-02-18 14:39:07 --> Query error: FATAL:  terminating connection due to administrator command
server closed the connection unexpectedly
	This probably means the server terminated abnormally
	before or while processing the request. - Invalid query: UPDATE "frontmed"."ci_sessions" SET "timestamp" = 1613633947
WHERE "id" = '9dccqblloaebd0usc5bhme5uf1leafoa'
AND "ip_address" = '192.168.10.110'
ERROR - 2021-02-18 14:39:07 --> Severity: Warning --> pg_query() [<a href='function.pg-query'>function.pg-query</a>]: Query failed: FATAL:  terminating connection due to administrator command
server closed the connection unexpectedly
	This probably means the server terminated abnormally
	before or while processing the request. /home/miracle/public_html/ci3_cgi/system/database/drivers/postgre/postgre_driver.php 242
ERROR - 2021-02-18 14:39:07 --> Query error: FATAL:  terminating connection due to administrator command
server closed the connection unexpectedly
	This probably means the server terminated abnormally
	before or while processing the request. - Invalid query: SELECT log.vn_id, log.vn, to_char(log.date_add, 'HH24:MI') AS time_th, patient.hn, patient.pa_pre_name || patient.pa_name || ' ' || patient.pa_lastname AS patient_name, log.station_id, appointment.id AS appointment_id, log.nano_queue_id AS queue_id
				FROM jvkk.nano_queue_log AS log
				INNER JOIN medrec.nano_visit AS visit ON visit.vn = log.vn
				INNER JOIN medrec.nano_patient AS patient ON patient.id = visit.id_patient
				INNER JOIN (SELECT vn, MAX(id) AS max_id FROM jvkk.nano_queue_log WHERE to_char(date_add, 'YYYY-MM-DD') = '2021-02-18' GROUP BY vn) AS queue_max ON (queue_max.max_id=log.id)
				LEFT JOIN frontmed.neural_appointment AS appointment ON appointment.visit_id = visit.id
				WHERE log.com_id2 IN ('27', '19') AND log.com_id1 IN (2, 11, 14, 19, 27, 46, 48, 49, 58) OR visit.hn = '195108' GROUP BY log.vn_id, log.vn, log.date_add, patient.hn, patient.pa_pre_name, patient.pa_name, patient.pa_lastname, log.station_id, appointment.id, log.nano_queue_id
				 ORDER BY time_th ASC
ERROR - 2021-02-18 14:39:07 --> Query error: FATAL:  terminating connection due to administrator command
server closed the connection unexpectedly
	This probably means the server terminated abnormally
	before or while processing the request. - Invalid query: UPDATE "frontmed"."ci_sessions" SET "timestamp" = 1613633947
WHERE "id" = '06naa2ucavvin5t073vlaj37cjmj34lq'
AND "ip_address" = '192.168.10.156'
ERROR - 2021-02-18 14:39:08 --> Severity: Warning --> pg_connect() [<a href='function.pg-connect'>function.pg-connect</a>]: Unable to connect to PostgreSQL server: FATAL:  the database system is shutting down /home/miracle/public_html/ci3_cgi/system/database/drivers/postgre/postgre_driver.php 154
ERROR - 2021-02-18 14:39:08 --> Unable to connect to the database
ERROR - 2021-02-18 14:39:10 --> Severity: Warning --> pg_connect() [<a href='function.pg-connect'>function.pg-connect</a>]: Unable to connect to PostgreSQL server: could not connect to server: Connection refused
	Is the server running on host &quot;localhost&quot; (127.0.0.1) and accepting
	TCP/IP connections on port 5432? /home/miracle/public_html/ci3_cgi/system/database/drivers/postgre/postgre_driver.php 154
ERROR - 2021-02-18 14:39:10 --> Unable to connect to the database
ERROR - 2021-02-18 14:39:11 --> Severity: Warning --> pg_connect() [<a href='function.pg-connect'>function.pg-connect</a>]: Unable to connect to PostgreSQL server: FATAL:  the database system is starting up /home/miracle/public_html/ci3_cgi/system/database/drivers/postgre/postgre_driver.php 154
ERROR - 2021-02-18 14:39:11 --> Severity: Warning --> pg_connect() [<a href='function.pg-connect'>function.pg-connect</a>]: Unable to connect to PostgreSQL server: FATAL:  the database system is starting up /home/miracle/public_html/ci3_cgi/system/database/drivers/postgre/postgre_driver.php 154
ERROR - 2021-02-18 14:39:11 --> Severity: Warning --> pg_connect() [<a href='function.pg-connect'>function.pg-connect</a>]: Unable to connect to PostgreSQL server: FATAL:  the database system is starting up /home/miracle/public_html/ci3_cgi/system/database/drivers/postgre/postgre_driver.php 154
ERROR - 2021-02-18 14:39:11 --> Unable to connect to the database
ERROR - 2021-02-18 14:39:11 --> Unable to connect to the database
ERROR - 2021-02-18 14:39:11 --> Severity: Warning --> pg_connect() [<a href='function.pg-connect'>function.pg-connect</a>]: Unable to connect to PostgreSQL server: FATAL:  the database system is starting up /home/miracle/public_html/ci3_cgi/system/database/drivers/postgre/postgre_driver.php 154
ERROR - 2021-02-18 14:39:11 --> Unable to connect to the database
ERROR - 2021-02-18 14:39:11 --> Unable to connect to the database
ERROR - 2021-02-18 14:40:04 --> Could not find the language line "admin dashboard jsi18n-sample"
ERROR - 2021-02-18 14:40:25 --> Could not find the language line "admin dashboard jsi18n-sample"
ERROR - 2021-02-18 15:48:11 --> Could not find the language line "admin dashboard jsi18n-sample"
