ERROR - 2021-01-19 07:55:59 --> Could not find the language line "admin dashboard jsi18n-sample"
ERROR - 2021-01-19 07:56:03 --> Could not find the language line "admin dashboard jsi18n-sample"
ERROR - 2021-01-19 08:30:25 --> Could not find the language line "admin dashboard jsi18n-sample"
ERROR - 2021-01-19 09:17:48 --> Could not find the language line "admin dashboard jsi18n-sample"
ERROR - 2021-01-19 09:20:56 --> Could not find the language line "admin dashboard jsi18n-sample"
ERROR - 2021-01-19 09:36:18 --> Could not find the language line "admin dashboard jsi18n-sample"
ERROR - 2021-01-19 09:58:41 --> Could not find the language line "admin dashboard jsi18n-sample"
ERROR - 2021-01-19 09:59:34 --> Could not find the language line "admin dashboard jsi18n-sample"
ERROR - 2021-01-19 09:59:34 --> Could not find the language line "admin dashboard jsi18n-sample"
ERROR - 2021-01-19 09:59:41 --> Could not find the language line "admin dashboard jsi18n-sample"
ERROR - 2021-01-19 09:59:44 --> Could not find the language line "admin dashboard jsi18n-sample"
ERROR - 2021-01-19 10:13:51 --> Could not find the language line "admin dashboard jsi18n-sample"
ERROR - 2021-01-19 10:20:45 --> Could not find the language line "admin dashboard jsi18n-sample"
ERROR - 2021-01-19 10:24:06 --> Could not find the language line "admin dashboard jsi18n-sample"
ERROR - 2021-01-19 10:26:16 --> Could not find the language line "admin dashboard jsi18n-sample"
ERROR - 2021-01-19 10:33:30 --> Could not find the language line "admin dashboard jsi18n-sample"
ERROR - 2021-01-19 11:27:42 --> Could not find the language line "admin dashboard jsi18n-sample"
ERROR - 2021-01-19 11:31:47 --> Could not find the language line "admin dashboard jsi18n-sample"
ERROR - 2021-01-19 11:57:48 --> Could not find the language line "admin dashboard jsi18n-sample"
ERROR - 2021-01-19 11:58:52 --> Could not find the language line "admin dashboard jsi18n-sample"
ERROR - 2021-01-19 12:00:20 --> Could not find the language line "admin dashboard jsi18n-sample"
ERROR - 2021-01-19 12:01:55 --> Could not find the language line "admin dashboard jsi18n-sample"
ERROR - 2021-01-19 13:07:12 --> Could not find the language line "admin dashboard jsi18n-sample"
ERROR - 2021-01-19 13:07:19 --> Could not find the language line "admin dashboard jsi18n-sample"
ERROR - 2021-01-19 13:07:21 --> Could not find the language line "admin dashboard jsi18n-sample"
ERROR - 2021-01-19 13:07:28 --> Could not find the language line "admin dashboard jsi18n-sample"
ERROR - 2021-01-19 13:07:30 --> Could not find the language line "admin dashboard jsi18n-sample"
ERROR - 2021-01-19 13:08:33 --> Could not find the language line "admin dashboard jsi18n-sample"
ERROR - 2021-01-19 13:34:45 --> Could not find the language line "admin dashboard jsi18n-sample"
ERROR - 2021-01-19 13:35:01 --> Could not find the language line "admin dashboard jsi18n-sample"
ERROR - 2021-01-19 13:35:05 --> Could not find the language line "admin dashboard jsi18n-sample"
ERROR - 2021-01-19 13:35:07 --> Could not find the language line "admin dashboard jsi18n-sample"
ERROR - 2021-01-19 13:44:46 --> Could not find the language line "admin dashboard jsi18n-sample"
ERROR - 2021-01-19 13:54:49 --> Could not find the language line "admin dashboard jsi18n-sample"
ERROR - 2021-01-19 13:58:05 --> Could not find the language line "admin dashboard jsi18n-sample"
ERROR - 2021-01-19 14:02:40 --> Could not find the language line "admin dashboard jsi18n-sample"
ERROR - 2021-01-19 14:08:45 --> Could not find the language line "admin dashboard jsi18n-sample"
ERROR - 2021-01-19 19:04:52 --> Could not find the language line "admin dashboard jsi18n-sample"
ERROR - 2021-01-19 19:09:06 --> Severity: Warning --> pg_query() [<a href='function.pg-query'>function.pg-query</a>]: Query failed: ERROR:  invalid input syntax for integer: &quot;&quot;
LINE 9:      '',
             ^ /home/miracle/public_html/ci3_cgi/system/database/drivers/postgre/postgre_driver.php 242
ERROR - 2021-01-19 19:09:06 --> Query error: ERROR:  invalid input syntax for integer: ""
LINE 9:      '',
             ^ - Invalid query: INSERT INTO frontmed.neural_appointment (id, appointment_date, appointment_time, user_id, comment, component_id, visit_id, patient_id, created_by, select_option)
					SELECT (id + 1) AS last_id,
					'2021-01-25',
					'08:00',
					'661',
					'',
					'10',
					'2022390',
					'',
					'515',
					NULL
					FROM frontmed.neural_appointment ORDER BY id DESC LIMIT 1 RETURNING id AS last_id
ERROR - 2021-01-19 19:09:06 --> Severity: Warning --> pg_query() [<a href='function.pg-query'>function.pg-query</a>]: Query failed: ERROR:  invalid input syntax for integer: &quot;&quot;
LINE 9:      '',
             ^ /home/miracle/public_html/ci3_cgi/system/database/drivers/postgre/postgre_driver.php 242
ERROR - 2021-01-19 19:09:06 --> Query error: ERROR:  invalid input syntax for integer: ""
LINE 9:      '',
             ^ - Invalid query: INSERT INTO frontmed.neural_appointment (id, appointment_date, appointment_time, user_id, comment, component_id, visit_id, patient_id, created_by, select_option)
					SELECT (id + 1) AS last_id,
					'2021-01-25',
					'08:00',
					'661',
					'',
					'10',
					'2022390',
					'',
					'515',
					NULL
					FROM frontmed.neural_appointment ORDER BY id DESC LIMIT 1 RETURNING id AS last_id
ERROR - 2021-01-19 19:09:33 --> Severity: Warning --> pg_query() [<a href='function.pg-query'>function.pg-query</a>]: Query failed: ERROR:  invalid input syntax for integer: &quot;&quot;
LINE 9:      '',
             ^ /home/miracle/public_html/ci3_cgi/system/database/drivers/postgre/postgre_driver.php 242
ERROR - 2021-01-19 19:09:33 --> Query error: ERROR:  invalid input syntax for integer: ""
LINE 9:      '',
             ^ - Invalid query: INSERT INTO frontmed.neural_appointment (id, appointment_date, appointment_time, user_id, comment, component_id, visit_id, patient_id, created_by, select_option)
					SELECT (id + 1) AS last_id,
					'2021-01-25',
					'08:00',
					'661',
					'',
					'10',
					'2022390',
					'',
					'515',
					NULL
					FROM frontmed.neural_appointment ORDER BY id DESC LIMIT 1 RETURNING id AS last_id
ERROR - 2021-01-19 19:09:49 --> Severity: Warning --> pg_query() [<a href='function.pg-query'>function.pg-query</a>]: Query failed: ERROR:  invalid input syntax for integer: &quot;&quot;
LINE 9:      '',
             ^ /home/miracle/public_html/ci3_cgi/system/database/drivers/postgre/postgre_driver.php 242
ERROR - 2021-01-19 19:09:49 --> Query error: ERROR:  invalid input syntax for integer: ""
LINE 9:      '',
             ^ - Invalid query: INSERT INTO frontmed.neural_appointment (id, appointment_date, appointment_time, user_id, comment, component_id, visit_id, patient_id, created_by, select_option)
					SELECT (id + 1) AS last_id,
					'2021-01-25',
					'08:00',
					'661',
					'',
					'10',
					'2022390',
					'',
					'515',
					NULL
					FROM frontmed.neural_appointment ORDER BY id DESC LIMIT 1 RETURNING id AS last_id
ERROR - 2021-01-19 19:10:06 --> Severity: Warning --> pg_query() [<a href='function.pg-query'>function.pg-query</a>]: Query failed: ERROR:  invalid input syntax for integer: &quot;&quot;
LINE 9:      '',
             ^ /home/miracle/public_html/ci3_cgi/system/database/drivers/postgre/postgre_driver.php 242
ERROR - 2021-01-19 19:10:06 --> Query error: ERROR:  invalid input syntax for integer: ""
LINE 9:      '',
             ^ - Invalid query: INSERT INTO frontmed.neural_appointment (id, appointment_date, appointment_time, user_id, comment, component_id, visit_id, patient_id, created_by, select_option)
					SELECT (id + 1) AS last_id,
					'2021-01-25',
					'08:00',
					'661',
					'',
					'10',
					'2022390',
					'',
					'515',
					NULL
					FROM frontmed.neural_appointment ORDER BY id DESC LIMIT 1 RETURNING id AS last_id
ERROR - 2021-01-19 19:10:06 --> Severity: Warning --> pg_query() [<a href='function.pg-query'>function.pg-query</a>]: Query failed: ERROR:  invalid input syntax for integer: &quot;&quot;
LINE 9:      '',
             ^ /home/miracle/public_html/ci3_cgi/system/database/drivers/postgre/postgre_driver.php 242
ERROR - 2021-01-19 19:10:06 --> Query error: ERROR:  invalid input syntax for integer: ""
LINE 9:      '',
             ^ - Invalid query: INSERT INTO frontmed.neural_appointment (id, appointment_date, appointment_time, user_id, comment, component_id, visit_id, patient_id, created_by, select_option)
					SELECT (id + 1) AS last_id,
					'2021-01-25',
					'08:00',
					'661',
					'',
					'10',
					'2022390',
					'',
					'515',
					NULL
					FROM frontmed.neural_appointment ORDER BY id DESC LIMIT 1 RETURNING id AS last_id
ERROR - 2021-01-19 19:10:06 --> Severity: Warning --> pg_query() [<a href='function.pg-query'>function.pg-query</a>]: Query failed: ERROR:  invalid input syntax for integer: &quot;&quot;
LINE 9:      '',
             ^ /home/miracle/public_html/ci3_cgi/system/database/drivers/postgre/postgre_driver.php 242
ERROR - 2021-01-19 19:10:06 --> Query error: ERROR:  invalid input syntax for integer: ""
LINE 9:      '',
             ^ - Invalid query: INSERT INTO frontmed.neural_appointment (id, appointment_date, appointment_time, user_id, comment, component_id, visit_id, patient_id, created_by, select_option)
					SELECT (id + 1) AS last_id,
					'2021-01-25',
					'08:00',
					'661',
					'',
					'10',
					'2022390',
					'',
					'515',
					NULL
					FROM frontmed.neural_appointment ORDER BY id DESC LIMIT 1 RETURNING id AS last_id
ERROR - 2021-01-19 19:10:06 --> Severity: Warning --> pg_query() [<a href='function.pg-query'>function.pg-query</a>]: Query failed: ERROR:  invalid input syntax for integer: &quot;&quot;
LINE 9:      '',
             ^ /home/miracle/public_html/ci3_cgi/system/database/drivers/postgre/postgre_driver.php 242
ERROR - 2021-01-19 19:10:06 --> Query error: ERROR:  invalid input syntax for integer: ""
LINE 9:      '',
             ^ - Invalid query: INSERT INTO frontmed.neural_appointment (id, appointment_date, appointment_time, user_id, comment, component_id, visit_id, patient_id, created_by, select_option)
					SELECT (id + 1) AS last_id,
					'2021-01-25',
					'08:00',
					'661',
					'',
					'10',
					'2022390',
					'',
					'515',
					NULL
					FROM frontmed.neural_appointment ORDER BY id DESC LIMIT 1 RETURNING id AS last_id
ERROR - 2021-01-19 19:10:06 --> Severity: Warning --> pg_query() [<a href='function.pg-query'>function.pg-query</a>]: Query failed: ERROR:  invalid input syntax for integer: &quot;&quot;
LINE 9:      '',
             ^ /home/miracle/public_html/ci3_cgi/system/database/drivers/postgre/postgre_driver.php 242
ERROR - 2021-01-19 19:10:06 --> Query error: ERROR:  invalid input syntax for integer: ""
LINE 9:      '',
             ^ - Invalid query: INSERT INTO frontmed.neural_appointment (id, appointment_date, appointment_time, user_id, comment, component_id, visit_id, patient_id, created_by, select_option)
					SELECT (id + 1) AS last_id,
					'2021-01-25',
					'08:00',
					'661',
					'',
					'10',
					'2022390',
					'',
					'515',
					NULL
					FROM frontmed.neural_appointment ORDER BY id DESC LIMIT 1 RETURNING id AS last_id
ERROR - 2021-01-19 19:10:06 --> Severity: Warning --> pg_query() [<a href='function.pg-query'>function.pg-query</a>]: Query failed: ERROR:  invalid input syntax for integer: &quot;&quot;
LINE 9:      '',
             ^ /home/miracle/public_html/ci3_cgi/system/database/drivers/postgre/postgre_driver.php 242
ERROR - 2021-01-19 19:10:06 --> Query error: ERROR:  invalid input syntax for integer: ""
LINE 9:      '',
             ^ - Invalid query: INSERT INTO frontmed.neural_appointment (id, appointment_date, appointment_time, user_id, comment, component_id, visit_id, patient_id, created_by, select_option)
					SELECT (id + 1) AS last_id,
					'2021-01-25',
					'08:00',
					'661',
					'',
					'10',
					'2022390',
					'',
					'515',
					NULL
					FROM frontmed.neural_appointment ORDER BY id DESC LIMIT 1 RETURNING id AS last_id
ERROR - 2021-01-19 19:10:26 --> Could not find the language line "admin dashboard jsi18n-sample"
ERROR - 2021-01-19 19:10:31 --> Could not find the language line "admin dashboard jsi18n-sample"
ERROR - 2021-01-19 19:11:30 --> Could not find the language line "admin dashboard jsi18n-sample"
