ERROR - 2020-10-08 08:54:39 --> Could not find the language line "admin dashboard jsi18n-sample"
ERROR - 2020-10-08 08:57:21 --> Could not find the language line "admin dashboard jsi18n-sample"
ERROR - 2020-10-08 09:03:13 --> Could not find the language line "admin dashboard jsi18n-sample"
ERROR - 2020-10-08 09:31:55 --> Could not find the language line "admin dashboard jsi18n-sample"
ERROR - 2020-10-08 09:39:32 --> Could not find the language line "admin dashboard jsi18n-sample"
ERROR - 2020-10-08 10:16:07 --> Could not find the language line "admin dashboard jsi18n-sample"
ERROR - 2020-10-08 11:46:55 --> Could not find the language line "admin dashboard jsi18n-sample"
ERROR - 2020-10-08 11:50:32 --> Could not find the language line "admin dashboard jsi18n-sample"
ERROR - 2020-10-08 12:52:51 --> Could not find the language line "admin dashboard jsi18n-sample"
ERROR - 2020-10-08 13:27:18 --> Could not find the language line "admin dashboard jsi18n-sample"
ERROR - 2020-10-08 13:27:22 --> Could not find the language line "admin dashboard jsi18n-sample"
ERROR - 2020-10-08 13:27:28 --> Could not find the language line "admin dashboard jsi18n-sample"
ERROR - 2020-10-08 13:27:37 --> Could not find the language line "admin dashboard jsi18n-sample"
ERROR - 2020-10-08 13:27:41 --> Could not find the language line "admin dashboard jsi18n-sample"
ERROR - 2020-10-08 13:27:43 --> Could not find the language line "admin dashboard jsi18n-sample"
ERROR - 2020-10-08 13:27:47 --> Could not find the language line "admin dashboard jsi18n-sample"
ERROR - 2020-10-08 13:28:13 --> Could not find the language line "admin dashboard jsi18n-sample"
ERROR - 2020-10-08 14:20:23 --> Could not find the language line "admin dashboard jsi18n-sample"
ERROR - 2020-10-08 15:31:21 --> Could not find the language line "admin dashboard jsi18n-sample"
ERROR - 2020-10-08 15:32:40 --> Could not find the language line "admin dashboard jsi18n-sample"
ERROR - 2020-10-08 15:33:04 --> Could not find the language line "admin dashboard jsi18n-sample"
ERROR - 2020-10-08 15:33:56 --> Could not find the language line "admin dashboard jsi18n-sample"
ERROR - 2020-10-08 17:38:23 --> Could not find the language line "admin dashboard jsi18n-sample"
ERROR - 2020-10-08 17:40:36 --> Severity: Warning --> pg_query() [<a href='function.pg-query'>function.pg-query</a>]: Query failed: ERROR:  invalid input syntax for integer: &quot;&quot;
LINE 9:      '',
             ^ /home/miracle/public_html/ci3_cgi/system/database/drivers/postgre/postgre_driver.php 242
ERROR - 2020-10-08 17:40:36 --> Query error: ERROR:  invalid input syntax for integer: ""
LINE 9:      '',
             ^ - Invalid query: INSERT INTO frontmed.neural_appointment (id, appointment_date, appointment_time, user_id, comment, component_id, visit_id, patient_id, created_by, select_option)
					SELECT (id + 1) AS last_id,
					'2020-10-22',
					'08:00',
					'536',
					'',
					'10',
					'1995857',
					'',
					'201',
					NULL
					FROM frontmed.neural_appointment ORDER BY id DESC LIMIT 1 RETURNING id AS last_id
ERROR - 2020-10-08 17:41:05 --> Severity: Warning --> pg_query() [<a href='function.pg-query'>function.pg-query</a>]: Query failed: ERROR:  invalid input syntax for integer: &quot;&quot;
LINE 9:      '',
             ^ /home/miracle/public_html/ci3_cgi/system/database/drivers/postgre/postgre_driver.php 242
ERROR - 2020-10-08 17:41:05 --> Query error: ERROR:  invalid input syntax for integer: ""
LINE 9:      '',
             ^ - Invalid query: INSERT INTO frontmed.neural_appointment (id, appointment_date, appointment_time, user_id, comment, component_id, visit_id, patient_id, created_by, select_option)
					SELECT (id + 1) AS last_id,
					'2020-10-22',
					'08:00',
					'536',
					'MMSE ก่อนพบแพทย์',
					'10',
					'1995857',
					'',
					'201',
					NULL
					FROM frontmed.neural_appointment ORDER BY id DESC LIMIT 1 RETURNING id AS last_id
ERROR - 2020-10-08 17:41:06 --> Severity: Warning --> pg_query() [<a href='function.pg-query'>function.pg-query</a>]: Query failed: ERROR:  invalid input syntax for integer: &quot;&quot;
LINE 9:      '',
             ^ /home/miracle/public_html/ci3_cgi/system/database/drivers/postgre/postgre_driver.php 242
ERROR - 2020-10-08 17:41:06 --> Query error: ERROR:  invalid input syntax for integer: ""
LINE 9:      '',
             ^ - Invalid query: INSERT INTO frontmed.neural_appointment (id, appointment_date, appointment_time, user_id, comment, component_id, visit_id, patient_id, created_by, select_option)
					SELECT (id + 1) AS last_id,
					'2020-10-22',
					'08:00',
					'536',
					'MMSE ก่อนพบแพทย์',
					'10',
					'1995857',
					'',
					'201',
					NULL
					FROM frontmed.neural_appointment ORDER BY id DESC LIMIT 1 RETURNING id AS last_id
ERROR - 2020-10-08 17:41:15 --> Severity: Warning --> pg_query() [<a href='function.pg-query'>function.pg-query</a>]: Query failed: ERROR:  invalid input syntax for integer: &quot;&quot;
LINE 9:      '',
             ^ /home/miracle/public_html/ci3_cgi/system/database/drivers/postgre/postgre_driver.php 242
ERROR - 2020-10-08 17:41:15 --> Query error: ERROR:  invalid input syntax for integer: ""
LINE 9:      '',
             ^ - Invalid query: INSERT INTO frontmed.neural_appointment (id, appointment_date, appointment_time, user_id, comment, component_id, visit_id, patient_id, created_by, select_option)
					SELECT (id + 1) AS last_id,
					'2020-10-22',
					'08:00',
					'536',
					'MMSE ก่อนพบแพทย์',
					'10',
					'1995857',
					'',
					'201',
					NULL
					FROM frontmed.neural_appointment ORDER BY id DESC LIMIT 1 RETURNING id AS last_id
ERROR - 2020-10-08 17:41:36 --> Severity: Warning --> pg_query() [<a href='function.pg-query'>function.pg-query</a>]: Query failed: ERROR:  invalid input syntax for integer: &quot;&quot;
LINE 9:      '',
             ^ /home/miracle/public_html/ci3_cgi/system/database/drivers/postgre/postgre_driver.php 242
ERROR - 2020-10-08 17:41:36 --> Query error: ERROR:  invalid input syntax for integer: ""
LINE 9:      '',
             ^ - Invalid query: INSERT INTO frontmed.neural_appointment (id, appointment_date, appointment_time, user_id, comment, component_id, visit_id, patient_id, created_by, select_option)
					SELECT (id + 1) AS last_id,
					'2020-10-22',
					'08:00',
					'536',
					'MMSE ก่อนพบแพทย์',
					'10',
					'1995857',
					'',
					'201',
					NULL
					FROM frontmed.neural_appointment ORDER BY id DESC LIMIT 1 RETURNING id AS last_id
ERROR - 2020-10-08 17:42:11 --> Severity: Warning --> pg_query() [<a href='function.pg-query'>function.pg-query</a>]: Query failed: ERROR:  invalid input syntax for integer: &quot;&quot;
LINE 9:      '',
             ^ /home/miracle/public_html/ci3_cgi/system/database/drivers/postgre/postgre_driver.php 242
ERROR - 2020-10-08 17:42:11 --> Query error: ERROR:  invalid input syntax for integer: ""
LINE 9:      '',
             ^ - Invalid query: INSERT INTO frontmed.neural_appointment (id, appointment_date, appointment_time, user_id, comment, component_id, visit_id, patient_id, created_by, select_option)
					SELECT (id + 1) AS last_id,
					'2020-10-22',
					'10:00',
					'536',
					'MMSEก่อนพบแพทย์',
					'10',
					'1995857',
					'',
					'201',
					NULL
					FROM frontmed.neural_appointment ORDER BY id DESC LIMIT 1 RETURNING id AS last_id
ERROR - 2020-10-08 17:45:36 --> Could not find the language line "admin dashboard jsi18n-sample"
ERROR - 2020-10-08 17:45:52 --> Could not find the language line "admin dashboard jsi18n-sample"
