ERROR - 2020-04-16 07:57:39 --> Could not find the language line "admin dashboard jsi18n-sample"
ERROR - 2020-04-16 07:57:53 --> Could not find the language line "admin dashboard jsi18n-sample"
ERROR - 2020-04-16 08:03:39 --> Could not find the language line "admin dashboard jsi18n-sample"
ERROR - 2020-04-16 08:03:52 --> Could not find the language line "admin dashboard jsi18n-sample"
ERROR - 2020-04-16 08:08:07 --> Could not find the language line "admin dashboard jsi18n-sample"
ERROR - 2020-04-16 10:04:27 --> Could not find the language line "admin dashboard jsi18n-sample"
ERROR - 2020-04-16 10:04:43 --> Could not find the language line "admin dashboard jsi18n-sample"
ERROR - 2020-04-16 10:54:56 --> Could not find the language line "admin dashboard jsi18n-sample"
ERROR - 2020-04-16 10:55:22 --> Could not find the language line "admin dashboard jsi18n-sample"
ERROR - 2020-04-16 10:55:26 --> Could not find the language line "admin dashboard jsi18n-sample"
ERROR - 2020-04-16 12:05:05 --> Could not find the language line "admin dashboard jsi18n-sample"
ERROR - 2020-04-16 12:05:20 --> Could not find the language line "admin dashboard jsi18n-sample"
ERROR - 2020-04-16 12:05:38 --> Could not find the language line "admin dashboard jsi18n-sample"
ERROR - 2020-04-16 12:05:40 --> Could not find the language line "admin dashboard jsi18n-sample"
ERROR - 2020-04-16 12:05:46 --> Could not find the language line "admin dashboard jsi18n-sample"
ERROR - 2020-04-16 12:05:48 --> Could not find the language line "admin dashboard jsi18n-sample"
ERROR - 2020-04-16 12:05:50 --> Could not find the language line "admin dashboard jsi18n-sample"
ERROR - 2020-04-16 12:05:53 --> Could not find the language line "admin dashboard jsi18n-sample"
ERROR - 2020-04-16 12:06:18 --> Could not find the language line "admin dashboard jsi18n-sample"
ERROR - 2020-04-16 12:06:33 --> Could not find the language line "admin dashboard jsi18n-sample"
ERROR - 2020-04-16 12:06:40 --> Could not find the language line "admin dashboard jsi18n-sample"
ERROR - 2020-04-16 12:06:48 --> Could not find the language line "admin dashboard jsi18n-sample"
ERROR - 2020-04-16 12:06:58 --> Could not find the language line "admin dashboard jsi18n-sample"
ERROR - 2020-04-16 13:29:49 --> Severity: Warning --> pg_query() [<a href='function.pg-query'>function.pg-query</a>]: Query failed: FATAL:  terminating connection due to administrator command
server closed the connection unexpectedly
	This probably means the server terminated abnormally
	before or while processing the request. /home/miracle/public_html/ci3_cgi/system/database/drivers/postgre/postgre_driver.php 242
ERROR - 2020-04-16 13:29:49 --> Severity: Warning --> pg_query() [<a href='function.pg-query'>function.pg-query</a>]: Query failed: FATAL:  terminating connection due to administrator command
server closed the connection unexpectedly
	This probably means the server terminated abnormally
	before or while processing the request. /home/miracle/public_html/ci3_cgi/system/database/drivers/postgre/postgre_driver.php 242
ERROR - 2020-04-16 13:29:49 --> Severity: Warning --> pg_query() [<a href='function.pg-query'>function.pg-query</a>]: Query failed: FATAL:  terminating connection due to administrator command
server closed the connection unexpectedly
	This probably means the server terminated abnormally
	before or while processing the request. /home/miracle/public_html/ci3_cgi/system/database/drivers/postgre/postgre_driver.php 242
ERROR - 2020-04-16 13:29:49 --> Query error: FATAL:  terminating connection due to administrator command
server closed the connection unexpectedly
	This probably means the server terminated abnormally
	before or while processing the request. - Invalid query: SELECT log.vn_id, log.vn, to_char(log.date_add, 'HH24:MI') AS time_th, patient.hn, patient.pa_pre_name || patient.pa_name || ' ' || patient.pa_lastname AS patient_name, log.station_id, appointment.id AS appointment_id, log.nano_queue_id AS queue_id
				FROM jvkk.nano_queue_log AS log
				INNER JOIN medrec.nano_visit AS visit ON visit.vn = log.vn
				INNER JOIN medrec.nano_patient AS patient ON patient.id = visit.id_patient
				INNER JOIN (SELECT vn, MAX(id) AS max_id FROM jvkk.nano_queue_log WHERE to_char(date_add, 'YYYY-MM-DD') = '2020-04-16' GROUP BY vn) AS queue_max ON (queue_max.max_id=log.id)
				LEFT JOIN frontmed.neural_appointment AS appointment ON appointment.visit_id = visit.id
				WHERE log.com_id2 IN ('27', '19') AND log.com_id1 IN (2, 11, 14, 19, 27, 46, 48, 49, 58) GROUP BY log.vn_id, log.vn, log.date_add, patient.hn, patient.pa_pre_name, patient.pa_name, patient.pa_lastname, log.station_id, appointment.id, log.nano_queue_id
				 ORDER BY time_th ASC
ERROR - 2020-04-16 13:29:49 --> Severity: Warning --> pg_query() [<a href='function.pg-query'>function.pg-query</a>]: Query failed: FATAL:  terminating connection due to administrator command
server closed the connection unexpectedly
	This probably means the server terminated abnormally
	before or while processing the request. /home/miracle/public_html/ci3_cgi/system/database/drivers/postgre/postgre_driver.php 242
ERROR - 2020-04-16 13:29:49 --> Severity: Warning --> pg_query() [<a href='function.pg-query'>function.pg-query</a>]: Query failed: FATAL:  terminating connection due to administrator command
server closed the connection unexpectedly
	This probably means the server terminated abnormally
	before or while processing the request. /home/miracle/public_html/ci3_cgi/system/database/drivers/postgre/postgre_driver.php 242
ERROR - 2020-04-16 13:29:49 --> Severity: Warning --> pg_query() [<a href='function.pg-query'>function.pg-query</a>]: Query failed: FATAL:  terminating connection due to administrator command
server closed the connection unexpectedly
	This probably means the server terminated abnormally
	before or while processing the request. /home/miracle/public_html/ci3_cgi/system/database/drivers/postgre/postgre_driver.php 242
ERROR - 2020-04-16 13:29:49 --> Query error: FATAL:  terminating connection due to administrator command
server closed the connection unexpectedly
	This probably means the server terminated abnormally
	before or while processing the request. - Invalid query: SELECT * FROM public.settings ORDER BY sort_order ASC
ERROR - 2020-04-16 13:29:49 --> Query error: FATAL:  terminating connection due to administrator command
server closed the connection unexpectedly
	This probably means the server terminated abnormally
	before or while processing the request. - Invalid query: SELECT * FROM public.settings ORDER BY sort_order ASC
ERROR - 2020-04-16 13:29:49 --> Query error: FATAL:  terminating connection due to administrator command
server closed the connection unexpectedly
	This probably means the server terminated abnormally
	before or while processing the request. - Invalid query: SELECT * FROM public.settings ORDER BY sort_order ASC
ERROR - 2020-04-16 13:29:49 --> Query error: FATAL:  terminating connection due to administrator command
server closed the connection unexpectedly
	This probably means the server terminated abnormally
	before or while processing the request. - Invalid query: SELECT * FROM public.settings ORDER BY sort_order ASC
ERROR - 2020-04-16 13:29:49 --> Query error: FATAL:  terminating connection due to administrator command
server closed the connection unexpectedly
	This probably means the server terminated abnormally
	before or while processing the request. - Invalid query: SELECT * FROM public.settings ORDER BY sort_order ASC
ERROR - 2020-04-16 13:29:49 --> Severity: Warning --> Unknown: Failed to write session data (user). Please verify that the current setting of session.save_path is correct () Unknown 0
ERROR - 2020-04-16 13:29:49 --> Severity: Warning --> Unknown: Failed to write session data (user). Please verify that the current setting of session.save_path is correct () Unknown 0
ERROR - 2020-04-16 13:29:49 --> Severity: Warning --> Unknown: Failed to write session data (user). Please verify that the current setting of session.save_path is correct () Unknown 0
ERROR - 2020-04-16 13:29:49 --> Severity: Warning --> Unknown: Failed to write session data (user). Please verify that the current setting of session.save_path is correct () Unknown 0
ERROR - 2020-04-16 13:29:49 --> Severity: Warning --> Unknown: Failed to write session data (user). Please verify that the current setting of session.save_path is correct () Unknown 0
ERROR - 2020-04-16 13:29:49 --> Query error: FATAL:  terminating connection due to administrator command
server closed the connection unexpectedly
	This probably means the server terminated abnormally
	before or while processing the request. - Invalid query: UPDATE "frontmed"."ci_sessions" SET "timestamp" = 1587018589
WHERE "id" = '36uaiqhuf0nal9cemg33fvlrdkj53t46'
AND "ip_address" = '192.168.10.52'
ERROR - 2020-04-16 13:29:49 --> Severity: Warning --> pg_connect() [<a href='function.pg-connect'>function.pg-connect</a>]: Unable to connect to PostgreSQL server: FATAL:  the database system is shutting down /home/miracle/public_html/ci3_cgi/system/database/drivers/postgre/postgre_driver.php 154
ERROR - 2020-04-16 13:29:49 --> Unable to connect to the database
ERROR - 2020-04-16 14:25:04 --> Could not find the language line "admin dashboard jsi18n-sample"
ERROR - 2020-04-16 14:54:43 --> Could not find the language line "admin dashboard jsi18n-sample"
ERROR - 2020-04-16 14:54:58 --> Could not find the language line "admin dashboard jsi18n-sample"
ERROR - 2020-04-16 15:12:56 --> Could not find the language line "admin dashboard jsi18n-sample"
ERROR - 2020-04-16 15:13:17 --> Could not find the language line "admin dashboard jsi18n-sample"
ERROR - 2020-04-16 15:18:17 --> Could not find the language line "admin dashboard jsi18n-sample"
ERROR - 2020-04-16 15:18:32 --> Could not find the language line "admin dashboard jsi18n-sample"
ERROR - 2020-04-16 15:19:15 --> Could not find the language line "admin dashboard jsi18n-sample"
ERROR - 2020-04-16 15:19:28 --> Could not find the language line "admin dashboard jsi18n-sample"
ERROR - 2020-04-16 17:32:24 --> Could not find the language line "admin dashboard jsi18n-sample"
