ERROR - 2021-04-29 08:28:19 --> Could not find the language line "admin dashboard jsi18n-sample"
ERROR - 2021-04-29 08:28:24 --> Could not find the language line "admin dashboard jsi18n-sample"
ERROR - 2021-04-29 08:29:40 --> Severity: Warning --> pg_query() [<a href='function.pg-query'>function.pg-query</a>]: Query failed: ERROR:  invalid input syntax for integer: &quot;&quot;
LINE 5:      '',
             ^ /home/miracle/public_html/ci3_cgi/system/database/drivers/postgre/postgre_driver.php 242
ERROR - 2021-04-29 08:29:40 --> Query error: ERROR:  invalid input syntax for integer: ""
LINE 5:      '',
             ^ - Invalid query: INSERT INTO frontmed.neural_appointment (id, appointment_date, appointment_time, user_id, comment, component_id, visit_id, patient_id, created_by, select_option)
					SELECT (id + 1) AS last_id,
					'2021-06-24',
					'10:00',
					'',
					'',
					'10',
					'2048605',
					'36363',
					'460',
					NULL
					FROM frontmed.neural_appointment ORDER BY id DESC LIMIT 1 RETURNING id AS last_id
ERROR - 2021-04-29 08:33:31 --> Could not find the language line "admin dashboard jsi18n-sample"
ERROR - 2021-04-29 08:33:47 --> Could not find the language line "admin dashboard jsi18n-sample"
ERROR - 2021-04-29 08:34:13 --> Could not find the language line "admin dashboard jsi18n-sample"
ERROR - 2021-04-29 08:34:15 --> Could not find the language line "admin dashboard jsi18n-sample"
ERROR - 2021-04-29 08:34:53 --> Could not find the language line "admin dashboard jsi18n-sample"
ERROR - 2021-04-29 08:34:55 --> Could not find the language line "admin dashboard jsi18n-sample"
ERROR - 2021-04-29 08:50:25 --> Could not find the language line "admin dashboard jsi18n-sample"
ERROR - 2021-04-29 08:57:38 --> Could not find the language line "admin dashboard jsi18n-sample"
ERROR - 2021-04-29 08:57:59 --> Could not find the language line "admin dashboard jsi18n-sample"
ERROR - 2021-04-29 09:38:26 --> Could not find the language line "admin dashboard jsi18n-sample"
ERROR - 2021-04-29 09:45:51 --> Could not find the language line "admin dashboard jsi18n-sample"
ERROR - 2021-04-29 11:11:08 --> Could not find the language line "admin dashboard jsi18n-sample"
ERROR - 2021-04-29 13:39:18 --> Could not find the language line "admin dashboard jsi18n-sample"
ERROR - 2021-04-29 13:41:58 --> Could not find the language line "admin dashboard jsi18n-sample"
ERROR - 2021-04-29 14:01:56 --> Could not find the language line "admin dashboard jsi18n-sample"
