ERROR - 2021-06-18 08:41:30 --> Could not find the language line "admin dashboard jsi18n-sample"
ERROR - 2021-06-18 08:42:16 --> Could not find the language line "admin dashboard jsi18n-sample"
ERROR - 2021-06-18 08:50:02 --> Could not find the language line "admin dashboard jsi18n-sample"
ERROR - 2021-06-18 09:14:57 --> Could not find the language line "admin dashboard jsi18n-sample"
ERROR - 2021-06-18 09:54:18 --> Could not find the language line "admin dashboard jsi18n-sample"
ERROR - 2021-06-18 09:55:57 --> Could not find the language line "admin dashboard jsi18n-sample"
ERROR - 2021-06-18 10:10:14 --> Could not find the language line "admin dashboard jsi18n-sample"
ERROR - 2021-06-18 10:14:55 --> Could not find the language line "admin dashboard jsi18n-sample"
ERROR - 2021-06-18 10:15:23 --> Could not find the language line "admin dashboard jsi18n-sample"
ERROR - 2021-06-18 10:17:01 --> Could not find the language line "admin dashboard jsi18n-sample"
ERROR - 2021-06-18 10:43:47 --> Could not find the language line "admin dashboard jsi18n-sample"
ERROR - 2021-06-18 10:44:23 --> Could not find the language line "admin dashboard jsi18n-sample"
ERROR - 2021-06-18 10:44:27 --> Could not find the language line "admin dashboard jsi18n-sample"
ERROR - 2021-06-18 10:51:26 --> Could not find the language line "admin dashboard jsi18n-sample"
ERROR - 2021-06-18 11:51:37 --> Severity: Warning --> pg_query() [<a href='function.pg-query'>function.pg-query</a>]: Query failed: ERROR:  invalid input syntax for integer: &quot;&quot;
LINE 1: ...07-16', &quot;appointment_time&quot; = '08:00', &quot;user_id&quot; = '', &quot;comme...
                                                             ^ /home/miracle/public_html/ci3_cgi/system/database/drivers/postgre/postgre_driver.php 242
ERROR - 2021-06-18 11:51:37 --> Query error: ERROR:  invalid input syntax for integer: ""
LINE 1: ...07-16', "appointment_time" = '08:00', "user_id" = '', "comme...
                                                             ^ - Invalid query: UPDATE "frontmed"."neural_appointment" SET "appointment_date" = '2021-07-16', "appointment_time" = '08:00', "user_id" = '', "comment" = 'จิตบำบัดหลังพบแพทย์', "component_id" = '19', "visit_id" = '2061328', "patient_id" = '194809', "created_by" = '708', "update_date" = '2021-06-18 11:51:37'
WHERE "neural_appointment"."id" = '868901'
ERROR - 2021-06-18 11:51:40 --> Severity: Warning --> pg_query() [<a href='function.pg-query'>function.pg-query</a>]: Query failed: ERROR:  invalid input syntax for integer: &quot;&quot;
LINE 1: ...07-16', &quot;appointment_time&quot; = '08:00', &quot;user_id&quot; = '', &quot;comme...
                                                             ^ /home/miracle/public_html/ci3_cgi/system/database/drivers/postgre/postgre_driver.php 242
ERROR - 2021-06-18 11:51:40 --> Query error: ERROR:  invalid input syntax for integer: ""
LINE 1: ...07-16', "appointment_time" = '08:00', "user_id" = '', "comme...
                                                             ^ - Invalid query: UPDATE "frontmed"."neural_appointment" SET "appointment_date" = '2021-07-16', "appointment_time" = '08:00', "user_id" = '', "comment" = 'จิตบำบัดหลังพบแพทย์', "component_id" = '19', "visit_id" = '2061328', "patient_id" = '194809', "created_by" = '708', "update_date" = '2021-06-18 11:51:40'
WHERE "neural_appointment"."id" = '868901'
ERROR - 2021-06-18 11:52:21 --> Severity: Warning --> pg_query() [<a href='function.pg-query'>function.pg-query</a>]: Query failed: ERROR:  invalid input syntax for integer: &quot;&quot;
LINE 1: ...07-16', &quot;appointment_time&quot; = '08:00', &quot;user_id&quot; = '', &quot;comme...
                                                             ^ /home/miracle/public_html/ci3_cgi/system/database/drivers/postgre/postgre_driver.php 242
ERROR - 2021-06-18 11:52:21 --> Query error: ERROR:  invalid input syntax for integer: ""
LINE 1: ...07-16', "appointment_time" = '08:00', "user_id" = '', "comme...
                                                             ^ - Invalid query: UPDATE "frontmed"."neural_appointment" SET "appointment_date" = '2021-07-16', "appointment_time" = '08:00', "user_id" = '', "comment" = 'จิตบำบัดหลังพบแพทย์', "component_id" = '19', "visit_id" = '2061328', "patient_id" = '194809', "created_by" = '708', "update_date" = '2021-06-18 11:52:21'
WHERE "neural_appointment"."id" = '868901'
ERROR - 2021-06-18 11:54:22 --> Severity: Warning --> pg_query() [<a href='function.pg-query'>function.pg-query</a>]: Query failed: ERROR:  invalid input syntax for integer: &quot;&quot;
LINE 1: ...07-16', &quot;appointment_time&quot; = '08:00', &quot;user_id&quot; = '', &quot;comme...
                                                             ^ /home/miracle/public_html/ci3_cgi/system/database/drivers/postgre/postgre_driver.php 242
ERROR - 2021-06-18 11:54:22 --> Query error: ERROR:  invalid input syntax for integer: ""
LINE 1: ...07-16', "appointment_time" = '08:00', "user_id" = '', "comme...
                                                             ^ - Invalid query: UPDATE "frontmed"."neural_appointment" SET "appointment_date" = '2021-07-16', "appointment_time" = '08:00', "user_id" = '', "comment" = 'จิตบำบัดหลังพบแพทย์', "component_id" = '19', "visit_id" = '2061328', "patient_id" = '194809', "created_by" = '708', "update_date" = '2021-06-18 11:54:22'
WHERE "neural_appointment"."id" = '868901'
ERROR - 2021-06-18 13:07:53 --> Could not find the language line "admin dashboard jsi18n-sample"
ERROR - 2021-06-18 13:09:29 --> Could not find the language line "admin dashboard jsi18n-sample"
ERROR - 2021-06-18 13:56:28 --> Could not find the language line "admin dashboard jsi18n-sample"
ERROR - 2021-06-18 14:12:47 --> Could not find the language line "admin dashboard jsi18n-sample"
ERROR - 2021-06-18 14:17:07 --> Could not find the language line "admin dashboard jsi18n-sample"
ERROR - 2021-06-18 14:49:12 --> Could not find the language line "admin dashboard jsi18n-sample"
ERROR - 2021-06-18 14:50:41 --> Could not find the language line "admin dashboard jsi18n-sample"
ERROR - 2021-06-18 14:54:58 --> Could not find the language line "admin dashboard jsi18n-sample"
ERROR - 2021-06-18 14:55:53 --> Could not find the language line "admin dashboard jsi18n-sample"
ERROR - 2021-06-18 14:56:32 --> Could not find the language line "admin dashboard jsi18n-sample"
ERROR - 2021-06-18 15:25:21 --> Could not find the language line "admin dashboard jsi18n-sample"
ERROR - 2021-06-18 15:30:39 --> Could not find the language line "admin dashboard jsi18n-sample"
