ERROR - 2020-04-08 08:02:32 --> Could not find the language line "admin dashboard jsi18n-sample"
ERROR - 2020-04-08 08:02:39 --> Could not find the language line "admin dashboard jsi18n-sample"
ERROR - 2020-04-08 08:05:28 --> Could not find the language line "admin dashboard jsi18n-sample"
ERROR - 2020-04-08 08:05:33 --> Could not find the language line "admin dashboard jsi18n-sample"
ERROR - 2020-04-08 08:05:52 --> Could not find the language line "admin dashboard jsi18n-sample"
ERROR - 2020-04-08 08:06:20 --> Could not find the language line "admin dashboard jsi18n-sample"
ERROR - 2020-04-08 08:06:26 --> Could not find the language line "admin dashboard jsi18n-sample"
ERROR - 2020-04-08 08:06:31 --> Could not find the language line "admin dashboard jsi18n-sample"
ERROR - 2020-04-08 08:07:27 --> Could not find the language line "admin dashboard jsi18n-sample"
ERROR - 2020-04-08 08:07:51 --> Could not find the language line "admin dashboard jsi18n-sample"
ERROR - 2020-04-08 08:09:04 --> Could not find the language line "admin dashboard jsi18n-sample"
ERROR - 2020-04-08 08:09:31 --> Could not find the language line "admin dashboard jsi18n-sample"
ERROR - 2020-04-08 08:09:56 --> Could not find the language line "admin dashboard jsi18n-sample"
ERROR - 2020-04-08 08:10:38 --> Could not find the language line "admin dashboard jsi18n-sample"
ERROR - 2020-04-08 08:10:59 --> Could not find the language line "admin dashboard jsi18n-sample"
ERROR - 2020-04-08 08:11:12 --> Could not find the language line "admin dashboard jsi18n-sample"
ERROR - 2020-04-08 08:11:17 --> Could not find the language line "admin dashboard jsi18n-sample"
ERROR - 2020-04-08 08:11:17 --> Could not find the language line "admin dashboard jsi18n-sample"
ERROR - 2020-04-08 08:11:26 --> Could not find the language line "admin dashboard jsi18n-sample"
ERROR - 2020-04-08 08:11:49 --> Could not find the language line "admin dashboard jsi18n-sample"
ERROR - 2020-04-08 08:12:11 --> Could not find the language line "admin dashboard jsi18n-sample"
ERROR - 2020-04-08 08:12:12 --> Could not find the language line "admin dashboard jsi18n-sample"
ERROR - 2020-04-08 08:12:12 --> Could not find the language line "admin dashboard jsi18n-sample"
ERROR - 2020-04-08 08:12:32 --> Could not find the language line "admin dashboard jsi18n-sample"
ERROR - 2020-04-08 08:12:41 --> Could not find the language line "admin dashboard jsi18n-sample"
ERROR - 2020-04-08 08:12:58 --> Could not find the language line "admin dashboard jsi18n-sample"
ERROR - 2020-04-08 08:13:07 --> Could not find the language line "admin dashboard jsi18n-sample"
ERROR - 2020-04-08 08:13:09 --> Could not find the language line "admin dashboard jsi18n-sample"
ERROR - 2020-04-08 08:13:29 --> Could not find the language line "admin dashboard jsi18n-sample"
ERROR - 2020-04-08 08:13:34 --> Could not find the language line "admin dashboard jsi18n-sample"
ERROR - 2020-04-08 08:13:39 --> Could not find the language line "admin dashboard jsi18n-sample"
ERROR - 2020-04-08 08:13:59 --> Severity: Warning --> pg_query() [<a href='function.pg-query'>function.pg-query</a>]: Query failed: ERROR:  invalid input syntax for integer: &quot;&quot;
LINE 5:      '',
             ^ /home/miracle/public_html/ci3_cgi/system/database/drivers/postgre/postgre_driver.php 242
ERROR - 2020-04-08 08:13:59 --> Query error: ERROR:  invalid input syntax for integer: ""
LINE 5:      '',
             ^ - Invalid query: INSERT INTO frontmed.neural_appointment (id, appointment_date, appointment_time, user_id, comment, component_id, visit_id, patient_id, created_by, select_option)
					SELECT (id + 1) AS last_id,
					'2020-07-01',
					'10:00',
					'',
					'',
					'10',
					'1947242',
					'36363',
					'460',
					NULL
					FROM frontmed.neural_appointment ORDER BY id DESC LIMIT 1 RETURNING id AS last_id
ERROR - 2020-04-08 08:45:18 --> Could not find the language line "admin dashboard jsi18n-sample"
ERROR - 2020-04-08 08:51:59 --> Could not find the language line "admin dashboard jsi18n-sample"
ERROR - 2020-04-08 09:13:17 --> Could not find the language line "admin dashboard jsi18n-sample"
ERROR - 2020-04-08 09:55:24 --> Could not find the language line "admin dashboard jsi18n-sample"
ERROR - 2020-04-08 09:55:27 --> Could not find the language line "admin dashboard jsi18n-sample"
ERROR - 2020-04-08 10:55:46 --> Could not find the language line "admin dashboard jsi18n-sample"
ERROR - 2020-04-08 11:43:17 --> Could not find the language line "admin dashboard jsi18n-sample"
ERROR - 2020-04-08 12:17:27 --> Could not find the language line "admin dashboard jsi18n-sample"
ERROR - 2020-04-08 12:19:45 --> Could not find the language line "admin dashboard jsi18n-sample"
ERROR - 2020-04-08 13:33:08 --> Could not find the language line "admin dashboard jsi18n-sample"
ERROR - 2020-04-08 13:34:20 --> Could not find the language line "admin dashboard jsi18n-sample"
ERROR - 2020-04-08 13:36:10 --> Could not find the language line "admin dashboard jsi18n-sample"
ERROR - 2020-04-08 13:36:58 --> Could not find the language line "admin dashboard jsi18n-sample"
ERROR - 2020-04-08 13:38:07 --> Could not find the language line "admin dashboard jsi18n-sample"
ERROR - 2020-04-08 13:38:51 --> Could not find the language line "admin dashboard jsi18n-sample"
ERROR - 2020-04-08 13:44:56 --> Could not find the language line "admin dashboard jsi18n-sample"
ERROR - 2020-04-08 13:45:48 --> Could not find the language line "admin dashboard jsi18n-sample"
ERROR - 2020-04-08 13:46:00 --> Could not find the language line "admin dashboard jsi18n-sample"
ERROR - 2020-04-08 13:46:29 --> Could not find the language line "admin dashboard jsi18n-sample"
ERROR - 2020-04-08 13:46:37 --> Could not find the language line "admin dashboard jsi18n-sample"
ERROR - 2020-04-08 13:55:43 --> Could not find the language line "admin dashboard jsi18n-sample"
ERROR - 2020-04-08 13:56:19 --> Could not find the language line "admin dashboard jsi18n-sample"
ERROR - 2020-04-08 13:56:32 --> Could not find the language line "admin dashboard jsi18n-sample"
ERROR - 2020-04-08 13:57:11 --> Could not find the language line "admin dashboard jsi18n-sample"
ERROR - 2020-04-08 13:57:22 --> Could not find the language line "admin dashboard jsi18n-sample"
ERROR - 2020-04-08 13:57:32 --> Could not find the language line "admin dashboard jsi18n-sample"
ERROR - 2020-04-08 14:07:18 --> Could not find the language line "admin dashboard jsi18n-sample"
ERROR - 2020-04-08 14:09:17 --> Could not find the language line "admin dashboard jsi18n-sample"
ERROR - 2020-04-08 14:25:30 --> Could not find the language line "admin dashboard jsi18n-sample"
ERROR - 2020-04-08 14:49:55 --> Could not find the language line "admin dashboard jsi18n-sample"
