ERROR - 2021-05-18 07:50:47 --> Could not find the language line "admin dashboard jsi18n-sample"
ERROR - 2021-05-18 07:50:50 --> Could not find the language line "admin dashboard jsi18n-sample"
ERROR - 2021-05-18 07:51:14 --> Could not find the language line "admin dashboard jsi18n-sample"
ERROR - 2021-05-18 08:51:23 --> Could not find the language line "admin dashboard jsi18n-sample"
ERROR - 2021-05-18 08:57:19 --> Severity: Notice --> Trying to get property of non-object /home/miracle/public_html/ci3_cgi/application/modules/Pressure/controllers/Pressure.php 53
ERROR - 2021-05-18 08:57:19 --> Severity: Notice --> Trying to get property of non-object /home/miracle/public_html/ci3_cgi/application/modules/Pressure/controllers/Pressure.php 53
ERROR - 2021-05-18 08:57:19 --> Severity: Notice --> Trying to get property of non-object /home/miracle/public_html/ci3_cgi/application/modules/Pressure/controllers/Pressure.php 61
ERROR - 2021-05-18 08:57:19 --> Severity: Notice --> Trying to get property of non-object /home/miracle/public_html/ci3_cgi/application/modules/Pressure/controllers/Pressure.php 62
ERROR - 2021-05-18 08:57:19 --> Severity: Notice --> Trying to get property of non-object /home/miracle/public_html/ci3_cgi/application/modules/Pressure/controllers/Pressure.php 69
ERROR - 2021-05-18 08:57:19 --> Severity: Notice --> Trying to get property of non-object /home/miracle/public_html/ci3_cgi/application/modules/Pressure/controllers/Pressure.php 70
ERROR - 2021-05-18 09:37:24 --> Could not find the language line "admin dashboard jsi18n-sample"
ERROR - 2021-05-18 10:39:47 --> Could not find the language line "admin dashboard jsi18n-sample"
ERROR - 2021-05-18 11:29:39 --> Could not find the language line "admin dashboard jsi18n-sample"
ERROR - 2021-05-18 16:17:13 --> Severity: Warning --> pg_query() [<a href='function.pg-query'>function.pg-query</a>]: Query failed: ERROR:  invalid input syntax for integer: &quot;&quot;
LINE 9:      '',
             ^ /home/miracle/public_html/ci3_cgi/system/database/drivers/postgre/postgre_driver.php 242
ERROR - 2021-05-18 16:17:13 --> Query error: ERROR:  invalid input syntax for integer: ""
LINE 9:      '',
             ^ - Invalid query: INSERT INTO frontmed.neural_appointment (id, appointment_date, appointment_time, user_id, comment, component_id, visit_id, patient_id, created_by, select_option)
					SELECT (id + 1) AS last_id,
					'2021-06-07',
					'13:00',
					'73',
					'SMCจิตบำบัด อัจฉริยา',
					'19',
					'2053121',
					'',
					'73',
					NULL
					FROM frontmed.neural_appointment ORDER BY id DESC LIMIT 1 RETURNING id AS last_id
ERROR - 2021-05-18 16:17:15 --> Severity: Warning --> pg_query() [<a href='function.pg-query'>function.pg-query</a>]: Query failed: ERROR:  invalid input syntax for integer: &quot;&quot;
LINE 9:      '',
             ^ /home/miracle/public_html/ci3_cgi/system/database/drivers/postgre/postgre_driver.php 242
ERROR - 2021-05-18 16:17:15 --> Query error: ERROR:  invalid input syntax for integer: ""
LINE 9:      '',
             ^ - Invalid query: INSERT INTO frontmed.neural_appointment (id, appointment_date, appointment_time, user_id, comment, component_id, visit_id, patient_id, created_by, select_option)
					SELECT (id + 1) AS last_id,
					'2021-06-07',
					'13:00',
					'73',
					'SMCจิตบำบัด อัจฉริยา',
					'19',
					'2053121',
					'',
					'73',
					NULL
					FROM frontmed.neural_appointment ORDER BY id DESC LIMIT 1 RETURNING id AS last_id
ERROR - 2021-05-18 16:17:16 --> Severity: Warning --> pg_query() [<a href='function.pg-query'>function.pg-query</a>]: Query failed: ERROR:  invalid input syntax for integer: &quot;&quot;
LINE 9:      '',
             ^ /home/miracle/public_html/ci3_cgi/system/database/drivers/postgre/postgre_driver.php 242
ERROR - 2021-05-18 16:17:16 --> Query error: ERROR:  invalid input syntax for integer: ""
LINE 9:      '',
             ^ - Invalid query: INSERT INTO frontmed.neural_appointment (id, appointment_date, appointment_time, user_id, comment, component_id, visit_id, patient_id, created_by, select_option)
					SELECT (id + 1) AS last_id,
					'2021-06-07',
					'13:00',
					'73',
					'SMCจิตบำบัด อัจฉริยา',
					'19',
					'2053121',
					'',
					'73',
					NULL
					FROM frontmed.neural_appointment ORDER BY id DESC LIMIT 1 RETURNING id AS last_id
ERROR - 2021-05-18 16:17:17 --> Severity: Warning --> pg_query() [<a href='function.pg-query'>function.pg-query</a>]: Query failed: ERROR:  invalid input syntax for integer: &quot;&quot;
LINE 9:      '',
             ^ /home/miracle/public_html/ci3_cgi/system/database/drivers/postgre/postgre_driver.php 242
ERROR - 2021-05-18 16:17:17 --> Query error: ERROR:  invalid input syntax for integer: ""
LINE 9:      '',
             ^ - Invalid query: INSERT INTO frontmed.neural_appointment (id, appointment_date, appointment_time, user_id, comment, component_id, visit_id, patient_id, created_by, select_option)
					SELECT (id + 1) AS last_id,
					'2021-06-07',
					'13:00',
					'73',
					'SMCจิตบำบัด อัจฉริยา',
					'19',
					'2053121',
					'',
					'73',
					NULL
					FROM frontmed.neural_appointment ORDER BY id DESC LIMIT 1 RETURNING id AS last_id
ERROR - 2021-05-18 16:17:26 --> Severity: Warning --> pg_query() [<a href='function.pg-query'>function.pg-query</a>]: Query failed: ERROR:  invalid input syntax for integer: &quot;&quot;
LINE 9:      '',
             ^ /home/miracle/public_html/ci3_cgi/system/database/drivers/postgre/postgre_driver.php 242
ERROR - 2021-05-18 16:17:26 --> Query error: ERROR:  invalid input syntax for integer: ""
LINE 9:      '',
             ^ - Invalid query: INSERT INTO frontmed.neural_appointment (id, appointment_date, appointment_time, user_id, comment, component_id, visit_id, patient_id, created_by, select_option)
					SELECT (id + 1) AS last_id,
					'2021-06-07',
					'13:00',
					'73',
					'SMCจิตบำบัด อัจฉริยา',
					'19',
					'2053121',
					'',
					'73',
					NULL
					FROM frontmed.neural_appointment ORDER BY id DESC LIMIT 1 RETURNING id AS last_id
ERROR - 2021-05-18 16:17:27 --> Severity: Warning --> pg_query() [<a href='function.pg-query'>function.pg-query</a>]: Query failed: ERROR:  invalid input syntax for integer: &quot;&quot;
LINE 9:      '',
             ^ /home/miracle/public_html/ci3_cgi/system/database/drivers/postgre/postgre_driver.php 242
ERROR - 2021-05-18 16:17:27 --> Query error: ERROR:  invalid input syntax for integer: ""
LINE 9:      '',
             ^ - Invalid query: INSERT INTO frontmed.neural_appointment (id, appointment_date, appointment_time, user_id, comment, component_id, visit_id, patient_id, created_by, select_option)
					SELECT (id + 1) AS last_id,
					'2021-06-07',
					'13:00',
					'73',
					'SMCจิตบำบัด อัจฉริยา',
					'19',
					'2053121',
					'',
					'73',
					NULL
					FROM frontmed.neural_appointment ORDER BY id DESC LIMIT 1 RETURNING id AS last_id
ERROR - 2021-05-18 16:17:27 --> Severity: Warning --> pg_query() [<a href='function.pg-query'>function.pg-query</a>]: Query failed: ERROR:  invalid input syntax for integer: &quot;&quot;
LINE 9:      '',
             ^ /home/miracle/public_html/ci3_cgi/system/database/drivers/postgre/postgre_driver.php 242
ERROR - 2021-05-18 16:17:27 --> Query error: ERROR:  invalid input syntax for integer: ""
LINE 9:      '',
             ^ - Invalid query: INSERT INTO frontmed.neural_appointment (id, appointment_date, appointment_time, user_id, comment, component_id, visit_id, patient_id, created_by, select_option)
					SELECT (id + 1) AS last_id,
					'2021-06-07',
					'13:00',
					'73',
					'SMCจิตบำบัด อัจฉริยา',
					'19',
					'2053121',
					'',
					'73',
					NULL
					FROM frontmed.neural_appointment ORDER BY id DESC LIMIT 1 RETURNING id AS last_id
ERROR - 2021-05-18 16:17:27 --> Severity: Warning --> pg_query() [<a href='function.pg-query'>function.pg-query</a>]: Query failed: ERROR:  invalid input syntax for integer: &quot;&quot;
LINE 9:      '',
             ^ /home/miracle/public_html/ci3_cgi/system/database/drivers/postgre/postgre_driver.php 242
ERROR - 2021-05-18 16:17:27 --> Query error: ERROR:  invalid input syntax for integer: ""
LINE 9:      '',
             ^ - Invalid query: INSERT INTO frontmed.neural_appointment (id, appointment_date, appointment_time, user_id, comment, component_id, visit_id, patient_id, created_by, select_option)
					SELECT (id + 1) AS last_id,
					'2021-06-07',
					'13:00',
					'73',
					'SMCจิตบำบัด อัจฉริยา',
					'19',
					'2053121',
					'',
					'73',
					NULL
					FROM frontmed.neural_appointment ORDER BY id DESC LIMIT 1 RETURNING id AS last_id
ERROR - 2021-05-18 16:17:28 --> Severity: Warning --> pg_query() [<a href='function.pg-query'>function.pg-query</a>]: Query failed: ERROR:  invalid input syntax for integer: &quot;&quot;
LINE 9:      '',
             ^ /home/miracle/public_html/ci3_cgi/system/database/drivers/postgre/postgre_driver.php 242
ERROR - 2021-05-18 16:17:28 --> Query error: ERROR:  invalid input syntax for integer: ""
LINE 9:      '',
             ^ - Invalid query: INSERT INTO frontmed.neural_appointment (id, appointment_date, appointment_time, user_id, comment, component_id, visit_id, patient_id, created_by, select_option)
					SELECT (id + 1) AS last_id,
					'2021-06-07',
					'13:00',
					'73',
					'SMCจิตบำบัด อัจฉริยา',
					'19',
					'2053121',
					'',
					'73',
					NULL
					FROM frontmed.neural_appointment ORDER BY id DESC LIMIT 1 RETURNING id AS last_id
ERROR - 2021-05-18 16:17:28 --> Severity: Warning --> pg_query() [<a href='function.pg-query'>function.pg-query</a>]: Query failed: ERROR:  invalid input syntax for integer: &quot;&quot;
LINE 9:      '',
             ^ /home/miracle/public_html/ci3_cgi/system/database/drivers/postgre/postgre_driver.php 242
ERROR - 2021-05-18 16:17:28 --> Query error: ERROR:  invalid input syntax for integer: ""
LINE 9:      '',
             ^ - Invalid query: INSERT INTO frontmed.neural_appointment (id, appointment_date, appointment_time, user_id, comment, component_id, visit_id, patient_id, created_by, select_option)
					SELECT (id + 1) AS last_id,
					'2021-06-07',
					'13:00',
					'73',
					'SMCจิตบำบัด อัจฉริยา',
					'19',
					'2053121',
					'',
					'73',
					NULL
					FROM frontmed.neural_appointment ORDER BY id DESC LIMIT 1 RETURNING id AS last_id
ERROR - 2021-05-18 16:20:41 --> Severity: Warning --> pg_query() [<a href='function.pg-query'>function.pg-query</a>]: Query failed: ERROR:  invalid input syntax for integer: &quot;&quot;
LINE 9:      '',
             ^ /home/miracle/public_html/ci3_cgi/system/database/drivers/postgre/postgre_driver.php 242
ERROR - 2021-05-18 16:20:41 --> Query error: ERROR:  invalid input syntax for integer: ""
LINE 9:      '',
             ^ - Invalid query: INSERT INTO frontmed.neural_appointment (id, appointment_date, appointment_time, user_id, comment, component_id, visit_id, patient_id, created_by, select_option)
					SELECT (id + 1) AS last_id,
					'2021-06-07',
					'13:00',
					'73',
					'SMCจิตบำบัด อัจฉริยา',
					'19',
					'2053121',
					'',
					'73',
					NULL
					FROM frontmed.neural_appointment ORDER BY id DESC LIMIT 1 RETURNING id AS last_id
ERROR - 2021-05-18 16:20:41 --> Severity: Warning --> pg_query() [<a href='function.pg-query'>function.pg-query</a>]: Query failed: ERROR:  invalid input syntax for integer: &quot;&quot;
LINE 9:      '',
             ^ /home/miracle/public_html/ci3_cgi/system/database/drivers/postgre/postgre_driver.php 242
ERROR - 2021-05-18 16:20:41 --> Query error: ERROR:  invalid input syntax for integer: ""
LINE 9:      '',
             ^ - Invalid query: INSERT INTO frontmed.neural_appointment (id, appointment_date, appointment_time, user_id, comment, component_id, visit_id, patient_id, created_by, select_option)
					SELECT (id + 1) AS last_id,
					'2021-06-07',
					'13:00',
					'73',
					'SMCจิตบำบัด อัจฉริยา',
					'19',
					'2053121',
					'',
					'73',
					NULL
					FROM frontmed.neural_appointment ORDER BY id DESC LIMIT 1 RETURNING id AS last_id
ERROR - 2021-05-18 16:20:42 --> Severity: Warning --> pg_query() [<a href='function.pg-query'>function.pg-query</a>]: Query failed: ERROR:  invalid input syntax for integer: &quot;&quot;
LINE 9:      '',
             ^ /home/miracle/public_html/ci3_cgi/system/database/drivers/postgre/postgre_driver.php 242
ERROR - 2021-05-18 16:20:42 --> Query error: ERROR:  invalid input syntax for integer: ""
LINE 9:      '',
             ^ - Invalid query: INSERT INTO frontmed.neural_appointment (id, appointment_date, appointment_time, user_id, comment, component_id, visit_id, patient_id, created_by, select_option)
					SELECT (id + 1) AS last_id,
					'2021-06-07',
					'13:00',
					'73',
					'SMCจิตบำบัด อัจฉริยา',
					'19',
					'2053121',
					'',
					'73',
					NULL
					FROM frontmed.neural_appointment ORDER BY id DESC LIMIT 1 RETURNING id AS last_id
ERROR - 2021-05-18 16:49:26 --> Could not find the language line "admin dashboard jsi18n-sample"
ERROR - 2021-05-18 16:50:42 --> Could not find the language line "admin dashboard jsi18n-sample"
ERROR - 2021-05-18 16:50:42 --> Could not find the language line "admin dashboard jsi18n-sample"
ERROR - 2021-05-18 16:52:07 --> Could not find the language line "admin dashboard jsi18n-sample"
ERROR - 2021-05-18 16:52:07 --> Could not find the language line "admin dashboard jsi18n-sample"
ERROR - 2021-05-18 16:52:34 --> Could not find the language line "admin dashboard jsi18n-sample"
ERROR - 2021-05-18 17:18:10 --> Could not find the language line "admin dashboard jsi18n-sample"
ERROR - 2021-05-18 17:21:53 --> Could not find the language line "admin dashboard jsi18n-sample"
ERROR - 2021-05-18 17:22:01 --> Could not find the language line "admin dashboard jsi18n-sample"
ERROR - 2021-05-18 17:23:56 --> Could not find the language line "admin dashboard jsi18n-sample"
ERROR - 2021-05-18 17:24:53 --> Could not find the language line "admin dashboard jsi18n-sample"
ERROR - 2021-05-18 17:27:18 --> Could not find the language line "admin dashboard jsi18n-sample"
ERROR - 2021-05-18 18:42:31 --> Could not find the language line "admin dashboard jsi18n-sample"
ERROR - 2021-05-18 18:43:53 --> Could not find the language line "admin dashboard jsi18n-sample"
