ERROR - 2020-07-17 08:16:52 --> Could not find the language line "admin dashboard jsi18n-sample"
ERROR - 2020-07-17 08:16:55 --> Could not find the language line "admin dashboard jsi18n-sample"
ERROR - 2020-07-17 08:22:43 --> Could not find the language line "admin dashboard jsi18n-sample"
ERROR - 2020-07-17 08:23:01 --> Could not find the language line "admin dashboard jsi18n-sample"
ERROR - 2020-07-17 08:31:02 --> Could not find the language line "admin dashboard jsi18n-sample"
ERROR - 2020-07-17 08:31:05 --> Could not find the language line "admin dashboard jsi18n-sample"
ERROR - 2020-07-17 08:31:07 --> Could not find the language line "admin dashboard jsi18n-sample"
ERROR - 2020-07-17 08:31:09 --> Could not find the language line "admin dashboard jsi18n-sample"
ERROR - 2020-07-17 08:31:11 --> Could not find the language line "admin dashboard jsi18n-sample"
ERROR - 2020-07-17 08:31:12 --> Could not find the language line "admin dashboard jsi18n-sample"
ERROR - 2020-07-17 08:31:28 --> Could not find the language line "admin dashboard jsi18n-sample"
ERROR - 2020-07-17 08:31:32 --> Could not find the language line "admin dashboard jsi18n-sample"
ERROR - 2020-07-17 09:02:52 --> Could not find the language line "admin dashboard jsi18n-sample"
ERROR - 2020-07-17 11:07:35 --> Could not find the language line "admin dashboard jsi18n-sample"
ERROR - 2020-07-17 11:52:13 --> Could not find the language line "admin dashboard jsi18n-sample"
ERROR - 2020-07-17 12:15:26 --> Could not find the language line "admin dashboard jsi18n-sample"
ERROR - 2020-07-17 13:11:16 --> Could not find the language line "admin dashboard jsi18n-sample"
ERROR - 2020-07-17 13:11:19 --> Could not find the language line "admin dashboard jsi18n-sample"
ERROR - 2020-07-17 13:11:27 --> Could not find the language line "admin dashboard jsi18n-sample"
ERROR - 2020-07-17 13:11:30 --> Could not find the language line "admin dashboard jsi18n-sample"
ERROR - 2020-07-17 13:11:33 --> Could not find the language line "admin dashboard jsi18n-sample"
ERROR - 2020-07-17 13:11:41 --> Could not find the language line "admin dashboard jsi18n-sample"
ERROR - 2020-07-17 13:11:45 --> Could not find the language line "admin dashboard jsi18n-sample"
ERROR - 2020-07-17 13:49:01 --> Could not find the language line "admin dashboard jsi18n-sample"
ERROR - 2020-07-17 13:50:24 --> Could not find the language line "admin dashboard jsi18n-sample"
ERROR - 2020-07-17 13:52:35 --> Could not find the language line "admin dashboard jsi18n-sample"
ERROR - 2020-07-17 13:52:44 --> Could not find the language line "admin dashboard jsi18n-sample"
ERROR - 2020-07-17 13:53:20 --> Could not find the language line "admin dashboard jsi18n-sample"
ERROR - 2020-07-17 13:53:31 --> Could not find the language line "admin dashboard jsi18n-sample"
ERROR - 2020-07-17 13:53:38 --> Could not find the language line "admin dashboard jsi18n-sample"
ERROR - 2020-07-17 13:54:27 --> Could not find the language line "admin dashboard jsi18n-sample"
ERROR - 2020-07-17 14:00:08 --> Could not find the language line "admin dashboard jsi18n-sample"
ERROR - 2020-07-17 14:22:08 --> Could not find the language line "admin dashboard jsi18n-sample"
ERROR - 2020-07-17 14:23:04 --> Severity: Warning --> pg_query() [<a href='function.pg-query'>function.pg-query</a>]: Query failed: ERROR:  invalid input syntax for integer: &quot;&quot;
LINE 9:      '',
             ^ /home/miracle/public_html/ci3_cgi/system/database/drivers/postgre/postgre_driver.php 242
ERROR - 2020-07-17 14:23:04 --> Query error: ERROR:  invalid input syntax for integer: ""
LINE 9:      '',
             ^ - Invalid query: INSERT INTO frontmed.neural_appointment (id, appointment_date, appointment_time, user_id, comment, component_id, visit_id, patient_id, created_by, select_option)
					SELECT (id + 1) AS last_id,
					'2020-07-24',
					'13:00',
					'60',
					'นัดจิตบำบัดต่อเนื่อง(ไม่พบแพทย์)',
					'19',
					'1973105',
					'',
					'60',
					NULL
					FROM frontmed.neural_appointment ORDER BY id DESC LIMIT 1 RETURNING id AS last_id
ERROR - 2020-07-17 14:23:22 --> Severity: Warning --> pg_query() [<a href='function.pg-query'>function.pg-query</a>]: Query failed: ERROR:  invalid input syntax for integer: &quot;&quot;
LINE 9:      '',
             ^ /home/miracle/public_html/ci3_cgi/system/database/drivers/postgre/postgre_driver.php 242
ERROR - 2020-07-17 14:23:22 --> Query error: ERROR:  invalid input syntax for integer: ""
LINE 9:      '',
             ^ - Invalid query: INSERT INTO frontmed.neural_appointment (id, appointment_date, appointment_time, user_id, comment, component_id, visit_id, patient_id, created_by, select_option)
					SELECT (id + 1) AS last_id,
					'2020-07-24',
					'13:00',
					'60',
					'นัดจิตบำบัดต่อเนื่อง 1 (ไม่พบแพทย์)',
					'19',
					'1973105',
					'',
					'60',
					NULL
					FROM frontmed.neural_appointment ORDER BY id DESC LIMIT 1 RETURNING id AS last_id
ERROR - 2020-07-17 14:23:23 --> Severity: Warning --> pg_query() [<a href='function.pg-query'>function.pg-query</a>]: Query failed: ERROR:  invalid input syntax for integer: &quot;&quot;
LINE 9:      '',
             ^ /home/miracle/public_html/ci3_cgi/system/database/drivers/postgre/postgre_driver.php 242
ERROR - 2020-07-17 14:23:23 --> Query error: ERROR:  invalid input syntax for integer: ""
LINE 9:      '',
             ^ - Invalid query: INSERT INTO frontmed.neural_appointment (id, appointment_date, appointment_time, user_id, comment, component_id, visit_id, patient_id, created_by, select_option)
					SELECT (id + 1) AS last_id,
					'2020-07-24',
					'13:00',
					'60',
					'นัดจิตบำบัดต่อเนื่อง 1 (ไม่พบแพทย์)',
					'19',
					'1973105',
					'',
					'60',
					NULL
					FROM frontmed.neural_appointment ORDER BY id DESC LIMIT 1 RETURNING id AS last_id
ERROR - 2020-07-17 14:23:26 --> Severity: Warning --> pg_query() [<a href='function.pg-query'>function.pg-query</a>]: Query failed: ERROR:  invalid input syntax for integer: &quot;&quot;
LINE 9:      '',
             ^ /home/miracle/public_html/ci3_cgi/system/database/drivers/postgre/postgre_driver.php 242
ERROR - 2020-07-17 14:23:26 --> Query error: ERROR:  invalid input syntax for integer: ""
LINE 9:      '',
             ^ - Invalid query: INSERT INTO frontmed.neural_appointment (id, appointment_date, appointment_time, user_id, comment, component_id, visit_id, patient_id, created_by, select_option)
					SELECT (id + 1) AS last_id,
					'2020-07-24',
					'13:00',
					'60',
					'นัดจิตบำบัดต่อเนื่อง 1 (ไม่พบแพทย์)',
					'19',
					'1973105',
					'',
					'60',
					NULL
					FROM frontmed.neural_appointment ORDER BY id DESC LIMIT 1 RETURNING id AS last_id
ERROR - 2020-07-17 14:23:26 --> Severity: Warning --> pg_query() [<a href='function.pg-query'>function.pg-query</a>]: Query failed: ERROR:  invalid input syntax for integer: &quot;&quot;
LINE 9:      '',
             ^ /home/miracle/public_html/ci3_cgi/system/database/drivers/postgre/postgre_driver.php 242
ERROR - 2020-07-17 14:23:26 --> Query error: ERROR:  invalid input syntax for integer: ""
LINE 9:      '',
             ^ - Invalid query: INSERT INTO frontmed.neural_appointment (id, appointment_date, appointment_time, user_id, comment, component_id, visit_id, patient_id, created_by, select_option)
					SELECT (id + 1) AS last_id,
					'2020-07-24',
					'13:00',
					'60',
					'นัดจิตบำบัดต่อเนื่อง 1 (ไม่พบแพทย์)',
					'19',
					'1973105',
					'',
					'60',
					NULL
					FROM frontmed.neural_appointment ORDER BY id DESC LIMIT 1 RETURNING id AS last_id
ERROR - 2020-07-17 14:23:36 --> Severity: Warning --> pg_query() [<a href='function.pg-query'>function.pg-query</a>]: Query failed: ERROR:  invalid input syntax for integer: &quot;&quot;
LINE 9:      '',
             ^ /home/miracle/public_html/ci3_cgi/system/database/drivers/postgre/postgre_driver.php 242
ERROR - 2020-07-17 14:23:36 --> Query error: ERROR:  invalid input syntax for integer: ""
LINE 9:      '',
             ^ - Invalid query: INSERT INTO frontmed.neural_appointment (id, appointment_date, appointment_time, user_id, comment, component_id, visit_id, patient_id, created_by, select_option)
					SELECT (id + 1) AS last_id,
					'2020-07-24',
					'13:00',
					'60',
					'นัดจิตบำบัดต่อเนื่อง 1 (ไม่พบแพทย์)',
					'19',
					'1973105',
					'',
					'60',
					NULL
					FROM frontmed.neural_appointment ORDER BY id DESC LIMIT 1 RETURNING id AS last_id
ERROR - 2020-07-17 14:24:22 --> Severity: Warning --> pg_query() [<a href='function.pg-query'>function.pg-query</a>]: Query failed: ERROR:  invalid input syntax for integer: &quot;&quot;
LINE 9:      '',
             ^ /home/miracle/public_html/ci3_cgi/system/database/drivers/postgre/postgre_driver.php 242
ERROR - 2020-07-17 14:24:22 --> Query error: ERROR:  invalid input syntax for integer: ""
LINE 9:      '',
             ^ - Invalid query: INSERT INTO frontmed.neural_appointment (id, appointment_date, appointment_time, user_id, comment, component_id, visit_id, patient_id, created_by, select_option)
					SELECT (id + 1) AS last_id,
					'2020-07-24',
					'13:00',
					'60',
					'จิตบำบัดต่อเนื่อง 1 (ไม่พบแพทย์)',
					'19',
					'1973105',
					'',
					'60',
					NULL
					FROM frontmed.neural_appointment ORDER BY id DESC LIMIT 1 RETURNING id AS last_id
ERROR - 2020-07-17 14:24:22 --> Severity: Warning --> pg_query() [<a href='function.pg-query'>function.pg-query</a>]: Query failed: ERROR:  invalid input syntax for integer: &quot;&quot;
LINE 9:      '',
             ^ /home/miracle/public_html/ci3_cgi/system/database/drivers/postgre/postgre_driver.php 242
ERROR - 2020-07-17 14:24:22 --> Query error: ERROR:  invalid input syntax for integer: ""
LINE 9:      '',
             ^ - Invalid query: INSERT INTO frontmed.neural_appointment (id, appointment_date, appointment_time, user_id, comment, component_id, visit_id, patient_id, created_by, select_option)
					SELECT (id + 1) AS last_id,
					'2020-07-24',
					'13:00',
					'60',
					'จิตบำบัดต่อเนื่อง 1 (ไม่พบแพทย์)',
					'19',
					'1973105',
					'',
					'60',
					NULL
					FROM frontmed.neural_appointment ORDER BY id DESC LIMIT 1 RETURNING id AS last_id
ERROR - 2020-07-17 14:24:22 --> Severity: Warning --> pg_query() [<a href='function.pg-query'>function.pg-query</a>]: Query failed: ERROR:  invalid input syntax for integer: &quot;&quot;
LINE 9:      '',
             ^ /home/miracle/public_html/ci3_cgi/system/database/drivers/postgre/postgre_driver.php 242
ERROR - 2020-07-17 14:24:22 --> Query error: ERROR:  invalid input syntax for integer: ""
LINE 9:      '',
             ^ - Invalid query: INSERT INTO frontmed.neural_appointment (id, appointment_date, appointment_time, user_id, comment, component_id, visit_id, patient_id, created_by, select_option)
					SELECT (id + 1) AS last_id,
					'2020-07-24',
					'13:00',
					'60',
					'จิตบำบัดต่อเนื่อง 1 (ไม่พบแพทย์)',
					'19',
					'1973105',
					'',
					'60',
					NULL
					FROM frontmed.neural_appointment ORDER BY id DESC LIMIT 1 RETURNING id AS last_id
ERROR - 2020-07-17 16:03:23 --> Could not find the language line "admin dashboard jsi18n-sample"
