ERROR - 2021-02-01 08:42:45 --> Could not find the language line "admin dashboard jsi18n-sample"
ERROR - 2021-02-01 08:42:47 --> Could not find the language line "admin dashboard jsi18n-sample"
ERROR - 2021-02-01 09:14:58 --> Could not find the language line "admin dashboard jsi18n-sample"
ERROR - 2021-02-01 09:20:56 --> Could not find the language line "admin dashboard jsi18n-sample"
ERROR - 2021-02-01 09:38:32 --> Could not find the language line "admin dashboard jsi18n-sample"
ERROR - 2021-02-01 10:26:56 --> Could not find the language line "admin dashboard jsi18n-sample"
ERROR - 2021-02-01 10:26:56 --> Could not find the language line "admin dashboard jsi18n-sample"
ERROR - 2021-02-01 10:32:42 --> Could not find the language line "admin dashboard jsi18n-sample"
ERROR - 2021-02-01 11:05:19 --> Could not find the language line "admin dashboard jsi18n-sample"
ERROR - 2021-02-01 12:02:54 --> Could not find the language line "admin dashboard jsi18n-sample"
ERROR - 2021-02-01 12:44:01 --> Could not find the language line "admin dashboard jsi18n-sample"
ERROR - 2021-02-01 12:44:05 --> Could not find the language line "admin dashboard jsi18n-sample"
ERROR - 2021-02-01 12:44:08 --> Could not find the language line "admin dashboard jsi18n-sample"
ERROR - 2021-02-01 12:44:11 --> Could not find the language line "admin dashboard jsi18n-sample"
ERROR - 2021-02-01 12:44:14 --> Could not find the language line "admin dashboard jsi18n-sample"
ERROR - 2021-02-01 13:03:23 --> Could not find the language line "admin dashboard jsi18n-sample"
ERROR - 2021-02-01 13:44:35 --> Could not find the language line "admin dashboard jsi18n-sample"
ERROR - 2021-02-01 16:28:45 --> Could not find the language line "admin dashboard jsi18n-sample"
ERROR - 2021-02-01 17:25:25 --> Could not find the language line "admin dashboard jsi18n-sample"
ERROR - 2021-02-01 17:45:25 --> Could not find the language line "admin dashboard jsi18n-sample"
ERROR - 2021-02-01 17:45:40 --> Could not find the language line "admin dashboard jsi18n-sample"
ERROR - 2021-02-01 17:46:58 --> Could not find the language line "admin dashboard jsi18n-sample"
ERROR - 2021-02-01 17:59:35 --> Could not find the language line "admin dashboard jsi18n-sample"
ERROR - 2021-02-01 18:30:38 --> Could not find the language line "admin dashboard jsi18n-sample"
ERROR - 2021-02-01 18:43:21 --> Severity: Warning --> pg_query() [<a href='function.pg-query'>function.pg-query</a>]: Query failed: ERROR:  invalid input syntax for integer: &quot;&quot;
LINE 9:      '',
             ^ /home/miracle/public_html/ci3_cgi/system/database/drivers/postgre/postgre_driver.php 242
ERROR - 2021-02-01 18:43:21 --> Query error: ERROR:  invalid input syntax for integer: ""
LINE 9:      '',
             ^ - Invalid query: INSERT INTO frontmed.neural_appointment (id, appointment_date, appointment_time, user_id, comment, component_id, visit_id, patient_id, created_by, select_option)
					SELECT (id + 1) AS last_id,
					'2021-03-01',
					'10:30',
					'661',
					'',
					'10',
					'2025755',
					'',
					'599',
					NULL
					FROM frontmed.neural_appointment ORDER BY id DESC LIMIT 1 RETURNING id AS last_id
ERROR - 2021-02-01 18:43:22 --> Severity: Warning --> pg_query() [<a href='function.pg-query'>function.pg-query</a>]: Query failed: ERROR:  invalid input syntax for integer: &quot;&quot;
LINE 9:      '',
             ^ /home/miracle/public_html/ci3_cgi/system/database/drivers/postgre/postgre_driver.php 242
ERROR - 2021-02-01 18:43:22 --> Query error: ERROR:  invalid input syntax for integer: ""
LINE 9:      '',
             ^ - Invalid query: INSERT INTO frontmed.neural_appointment (id, appointment_date, appointment_time, user_id, comment, component_id, visit_id, patient_id, created_by, select_option)
					SELECT (id + 1) AS last_id,
					'2021-03-01',
					'10:30',
					'661',
					'',
					'10',
					'2025755',
					'',
					'599',
					NULL
					FROM frontmed.neural_appointment ORDER BY id DESC LIMIT 1 RETURNING id AS last_id
ERROR - 2021-02-01 18:43:27 --> Severity: Warning --> pg_query() [<a href='function.pg-query'>function.pg-query</a>]: Query failed: ERROR:  invalid input syntax for integer: &quot;&quot;
LINE 9:      '',
             ^ /home/miracle/public_html/ci3_cgi/system/database/drivers/postgre/postgre_driver.php 242
ERROR - 2021-02-01 18:43:27 --> Query error: ERROR:  invalid input syntax for integer: ""
LINE 9:      '',
             ^ - Invalid query: INSERT INTO frontmed.neural_appointment (id, appointment_date, appointment_time, user_id, comment, component_id, visit_id, patient_id, created_by, select_option)
					SELECT (id + 1) AS last_id,
					'2021-03-01',
					'13:00',
					'661',
					'',
					'10',
					'2025755',
					'',
					'599',
					NULL
					FROM frontmed.neural_appointment ORDER BY id DESC LIMIT 1 RETURNING id AS last_id
ERROR - 2021-02-01 18:44:09 --> Severity: Warning --> pg_query() [<a href='function.pg-query'>function.pg-query</a>]: Query failed: ERROR:  invalid input syntax for integer: &quot;&quot;
LINE 9:      '',
             ^ /home/miracle/public_html/ci3_cgi/system/database/drivers/postgre/postgre_driver.php 242
ERROR - 2021-02-01 18:44:09 --> Query error: ERROR:  invalid input syntax for integer: ""
LINE 9:      '',
             ^ - Invalid query: INSERT INTO frontmed.neural_appointment (id, appointment_date, appointment_time, user_id, comment, component_id, visit_id, patient_id, created_by, select_option)
					SELECT (id + 1) AS last_id,
					'2021-03-01',
					'13:00',
					'661',
					'',
					'10',
					'2025755',
					'',
					'599',
					NULL
					FROM frontmed.neural_appointment ORDER BY id DESC LIMIT 1 RETURNING id AS last_id
ERROR - 2021-02-01 18:44:09 --> Severity: Warning --> pg_query() [<a href='function.pg-query'>function.pg-query</a>]: Query failed: ERROR:  invalid input syntax for integer: &quot;&quot;
LINE 9:      '',
             ^ /home/miracle/public_html/ci3_cgi/system/database/drivers/postgre/postgre_driver.php 242
ERROR - 2021-02-01 18:44:09 --> Query error: ERROR:  invalid input syntax for integer: ""
LINE 9:      '',
             ^ - Invalid query: INSERT INTO frontmed.neural_appointment (id, appointment_date, appointment_time, user_id, comment, component_id, visit_id, patient_id, created_by, select_option)
					SELECT (id + 1) AS last_id,
					'2021-03-01',
					'13:00',
					'661',
					'',
					'10',
					'2025755',
					'',
					'599',
					NULL
					FROM frontmed.neural_appointment ORDER BY id DESC LIMIT 1 RETURNING id AS last_id
ERROR - 2021-02-01 18:45:21 --> Could not find the language line "admin dashboard jsi18n-sample"
ERROR - 2021-02-01 18:46:28 --> Could not find the language line "admin dashboard jsi18n-sample"
ERROR - 2021-02-01 19:56:10 --> Could not find the language line "admin dashboard jsi18n-sample"
ERROR - 2021-02-01 20:20:32 --> Could not find the language line "admin dashboard jsi18n-sample"
ERROR - 2021-02-01 20:23:31 --> Could not find the language line "admin dashboard jsi18n-sample"
ERROR - 2021-02-01 20:24:07 --> Could not find the language line "admin dashboard jsi18n-sample"
ERROR - 2021-02-01 20:25:27 --> Could not find the language line "admin dashboard jsi18n-sample"
ERROR - 2021-02-01 20:25:42 --> Could not find the language line "admin dashboard jsi18n-sample"
ERROR - 2021-02-01 20:25:42 --> Could not find the language line "admin dashboard jsi18n-sample"
ERROR - 2021-02-01 20:25:43 --> Could not find the language line "admin dashboard jsi18n-sample"
