ERROR - 2020-12-11 10:12:38 --> Could not find the language line "admin dashboard jsi18n-sample"
ERROR - 2020-12-11 10:53:27 --> Severity: Warning --> pg_query() [<a href='function.pg-query'>function.pg-query</a>]: Query failed: ERROR:  invalid input syntax for integer: &quot;&quot;
LINE 5:      '',
             ^ /home/miracle/public_html/ci3_cgi/system/database/drivers/postgre/postgre_driver.php 242
ERROR - 2020-12-11 10:53:27 --> Query error: ERROR:  invalid input syntax for integer: ""
LINE 5:      '',
             ^ - Invalid query: INSERT INTO frontmed.neural_appointment (id, appointment_date, appointment_time, user_id, comment, component_id, visit_id, patient_id, created_by, select_option)
					SELECT (id + 1) AS last_id,
					'2020-12-25',
					'10:00',
					'',
					'',
					'10',
					'2012405',
					'',
					'515',
					NULL
					FROM frontmed.neural_appointment ORDER BY id DESC LIMIT 1 RETURNING id AS last_id
ERROR - 2020-12-11 10:53:32 --> Severity: Warning --> pg_query() [<a href='function.pg-query'>function.pg-query</a>]: Query failed: ERROR:  invalid input syntax for integer: &quot;&quot;
LINE 9:      '',
             ^ /home/miracle/public_html/ci3_cgi/system/database/drivers/postgre/postgre_driver.php 242
ERROR - 2020-12-11 10:53:32 --> Query error: ERROR:  invalid input syntax for integer: ""
LINE 9:      '',
             ^ - Invalid query: INSERT INTO frontmed.neural_appointment (id, appointment_date, appointment_time, user_id, comment, component_id, visit_id, patient_id, created_by, select_option)
					SELECT (id + 1) AS last_id,
					'2020-12-25',
					'10:00',
					'85',
					'',
					'10',
					'2012405',
					'',
					'515',
					NULL
					FROM frontmed.neural_appointment ORDER BY id DESC LIMIT 1 RETURNING id AS last_id
ERROR - 2020-12-11 10:53:54 --> Severity: Warning --> pg_query() [<a href='function.pg-query'>function.pg-query</a>]: Query failed: ERROR:  invalid input syntax for integer: &quot;&quot;
LINE 9:      '',
             ^ /home/miracle/public_html/ci3_cgi/system/database/drivers/postgre/postgre_driver.php 242
ERROR - 2020-12-11 10:53:54 --> Query error: ERROR:  invalid input syntax for integer: ""
LINE 9:      '',
             ^ - Invalid query: INSERT INTO frontmed.neural_appointment (id, appointment_date, appointment_time, user_id, comment, component_id, visit_id, patient_id, created_by, select_option)
					SELECT (id + 1) AS last_id,
					'2020-12-25',
					'10:00',
					'85',
					'',
					'10',
					'2012405',
					'',
					'515',
					NULL
					FROM frontmed.neural_appointment ORDER BY id DESC LIMIT 1 RETURNING id AS last_id
ERROR - 2020-12-11 10:54:03 --> Severity: Warning --> pg_query() [<a href='function.pg-query'>function.pg-query</a>]: Query failed: ERROR:  invalid input syntax for integer: &quot;&quot;
LINE 9:      '',
             ^ /home/miracle/public_html/ci3_cgi/system/database/drivers/postgre/postgre_driver.php 242
ERROR - 2020-12-11 10:54:03 --> Query error: ERROR:  invalid input syntax for integer: ""
LINE 9:      '',
             ^ - Invalid query: INSERT INTO frontmed.neural_appointment (id, appointment_date, appointment_time, user_id, comment, component_id, visit_id, patient_id, created_by, select_option)
					SELECT (id + 1) AS last_id,
					'2020-12-25',
					'10:00',
					'85',
					'',
					'10',
					'2012405',
					'',
					'515',
					NULL
					FROM frontmed.neural_appointment ORDER BY id DESC LIMIT 1 RETURNING id AS last_id
ERROR - 2020-12-11 10:54:04 --> Severity: Warning --> pg_query() [<a href='function.pg-query'>function.pg-query</a>]: Query failed: ERROR:  invalid input syntax for integer: &quot;&quot;
LINE 9:      '',
             ^ /home/miracle/public_html/ci3_cgi/system/database/drivers/postgre/postgre_driver.php 242
ERROR - 2020-12-11 10:54:04 --> Query error: ERROR:  invalid input syntax for integer: ""
LINE 9:      '',
             ^ - Invalid query: INSERT INTO frontmed.neural_appointment (id, appointment_date, appointment_time, user_id, comment, component_id, visit_id, patient_id, created_by, select_option)
					SELECT (id + 1) AS last_id,
					'2020-12-25',
					'10:00',
					'85',
					'',
					'10',
					'2012405',
					'',
					'515',
					NULL
					FROM frontmed.neural_appointment ORDER BY id DESC LIMIT 1 RETURNING id AS last_id
ERROR - 2020-12-11 11:22:39 --> Could not find the language line "admin dashboard jsi18n-sample"
ERROR - 2020-12-11 11:27:44 --> Could not find the language line "admin dashboard jsi18n-sample"
ERROR - 2020-12-11 11:28:33 --> Could not find the language line "admin dashboard jsi18n-sample"
ERROR - 2020-12-11 11:29:27 --> Could not find the language line "admin dashboard jsi18n-sample"
ERROR - 2020-12-11 11:30:00 --> Could not find the language line "admin dashboard jsi18n-sample"
ERROR - 2020-12-11 11:30:29 --> Could not find the language line "admin dashboard jsi18n-sample"
ERROR - 2020-12-11 11:30:45 --> Could not find the language line "admin dashboard jsi18n-sample"
ERROR - 2020-12-11 12:08:28 --> Could not find the language line "admin dashboard jsi18n-sample"
ERROR - 2020-12-11 13:19:33 --> Could not find the language line "admin dashboard jsi18n-sample"
ERROR - 2020-12-11 13:22:01 --> Could not find the language line "admin dashboard jsi18n-sample"
ERROR - 2020-12-11 15:18:28 --> Could not find the language line "admin dashboard jsi18n-sample"
ERROR - 2020-12-11 15:24:18 --> Could not find the language line "admin dashboard jsi18n-sample"
ERROR - 2020-12-11 15:25:38 --> Could not find the language line "admin dashboard jsi18n-sample"
