ERROR - 2021-02-02 02:23:05 --> Could not find the language line "admin dashboard jsi18n-sample"
ERROR - 2021-02-02 02:23:17 --> Could not find the language line "admin dashboard jsi18n-sample"
ERROR - 2021-02-02 08:15:20 --> Could not find the language line "admin dashboard jsi18n-sample"
ERROR - 2021-02-02 08:15:38 --> Could not find the language line "admin dashboard jsi18n-sample"
ERROR - 2021-02-02 08:15:42 --> Could not find the language line "admin dashboard jsi18n-sample"
ERROR - 2021-02-02 08:15:44 --> Could not find the language line "admin dashboard jsi18n-sample"
ERROR - 2021-02-02 08:15:46 --> Could not find the language line "admin dashboard jsi18n-sample"
ERROR - 2021-02-02 08:16:05 --> Could not find the language line "admin dashboard jsi18n-sample"
ERROR - 2021-02-02 08:16:08 --> Could not find the language line "admin dashboard jsi18n-sample"
ERROR - 2021-02-02 08:51:54 --> Could not find the language line "admin dashboard jsi18n-sample"
ERROR - 2021-02-02 08:58:35 --> Could not find the language line "admin dashboard jsi18n-sample"
ERROR - 2021-02-02 09:17:01 --> Could not find the language line "admin dashboard jsi18n-sample"
ERROR - 2021-02-02 09:36:01 --> Could not find the language line "admin dashboard jsi18n-sample"
ERROR - 2021-02-02 09:42:48 --> Severity: Warning --> pg_connect() [<a href='function.pg-connect'>function.pg-connect</a>]: Unable to connect to PostgreSQL server: FATAL:  the database system is shutting down /home/miracle/public_html/ci3_cgi/system/database/drivers/postgre/postgre_driver.php 154
ERROR - 2021-02-02 09:42:48 --> Unable to connect to the database
ERROR - 2021-02-02 09:42:49 --> Severity: Warning --> pg_connect() [<a href='function.pg-connect'>function.pg-connect</a>]: Unable to connect to PostgreSQL server: FATAL:  the database system is shutting down /home/miracle/public_html/ci3_cgi/system/database/drivers/postgre/postgre_driver.php 154
ERROR - 2021-02-02 09:42:49 --> Unable to connect to the database
ERROR - 2021-02-02 09:42:49 --> Severity: Warning --> pg_connect() [<a href='function.pg-connect'>function.pg-connect</a>]: Unable to connect to PostgreSQL server: FATAL:  the database system is shutting down /home/miracle/public_html/ci3_cgi/system/database/drivers/postgre/postgre_driver.php 154
ERROR - 2021-02-02 09:42:49 --> Unable to connect to the database
ERROR - 2021-02-02 09:42:49 --> Severity: Warning --> pg_connect() [<a href='function.pg-connect'>function.pg-connect</a>]: Unable to connect to PostgreSQL server: FATAL:  the database system is shutting down /home/miracle/public_html/ci3_cgi/system/database/drivers/postgre/postgre_driver.php 154
ERROR - 2021-02-02 09:42:49 --> Unable to connect to the database
ERROR - 2021-02-02 09:42:49 --> Severity: Warning --> pg_connect() [<a href='function.pg-connect'>function.pg-connect</a>]: Unable to connect to PostgreSQL server: FATAL:  the database system is shutting down /home/miracle/public_html/ci3_cgi/system/database/drivers/postgre/postgre_driver.php 154
ERROR - 2021-02-02 09:42:49 --> Unable to connect to the database
ERROR - 2021-02-02 09:42:49 --> Severity: Warning --> pg_connect() [<a href='function.pg-connect'>function.pg-connect</a>]: Unable to connect to PostgreSQL server: FATAL:  the database system is shutting down /home/miracle/public_html/ci3_cgi/system/database/drivers/postgre/postgre_driver.php 154
ERROR - 2021-02-02 09:42:49 --> Unable to connect to the database
ERROR - 2021-02-02 09:42:49 --> Severity: Warning --> pg_connect() [<a href='function.pg-connect'>function.pg-connect</a>]: Unable to connect to PostgreSQL server: FATAL:  the database system is shutting down /home/miracle/public_html/ci3_cgi/system/database/drivers/postgre/postgre_driver.php 154
ERROR - 2021-02-02 09:42:49 --> Unable to connect to the database
ERROR - 2021-02-02 09:42:49 --> Severity: Warning --> pg_connect() [<a href='function.pg-connect'>function.pg-connect</a>]: Unable to connect to PostgreSQL server: FATAL:  the database system is shutting down /home/miracle/public_html/ci3_cgi/system/database/drivers/postgre/postgre_driver.php 154
ERROR - 2021-02-02 09:42:49 --> Unable to connect to the database
ERROR - 2021-02-02 10:15:52 --> Could not find the language line "admin dashboard jsi18n-sample"
ERROR - 2021-02-02 10:53:04 --> Could not find the language line "admin dashboard jsi18n-sample"
ERROR - 2021-02-02 11:12:31 --> Severity: Warning --> pg_query() [<a href='function.pg-query'>function.pg-query</a>]: Query failed: FATAL:  terminating connection due to administrator command
server closed the connection unexpectedly
	This probably means the server terminated abnormally
	before or while processing the request. /home/miracle/public_html/ci3_cgi/system/database/drivers/postgre/postgre_driver.php 242
ERROR - 2021-02-02 11:12:32 --> Severity: Warning --> pg_connect() [<a href='function.pg-connect'>function.pg-connect</a>]: Unable to connect to PostgreSQL server: FATAL:  the database system is shutting down /home/miracle/public_html/ci3_cgi/system/database/drivers/postgre/postgre_driver.php 154
ERROR - 2021-02-02 11:12:32 --> Unable to connect to the database
ERROR - 2021-02-02 11:12:32 --> Severity: Warning --> pg_connect() [<a href='function.pg-connect'>function.pg-connect</a>]: Unable to connect to PostgreSQL server: FATAL:  the database system is shutting down /home/miracle/public_html/ci3_cgi/system/database/drivers/postgre/postgre_driver.php 154
ERROR - 2021-02-02 11:12:32 --> Unable to connect to the database
ERROR - 2021-02-02 11:35:13 --> Could not find the language line "admin dashboard jsi18n-sample"
ERROR - 2021-02-02 11:55:21 --> Could not find the language line "admin dashboard jsi18n-sample"
ERROR - 2021-02-02 14:05:46 --> Could not find the language line "admin dashboard jsi18n-sample"
ERROR - 2021-02-02 14:06:00 --> Could not find the language line "admin dashboard jsi18n-sample"
ERROR - 2021-02-02 14:06:11 --> Could not find the language line "admin dashboard jsi18n-sample"
ERROR - 2021-02-02 14:06:14 --> Could not find the language line "admin dashboard jsi18n-sample"
ERROR - 2021-02-02 14:06:16 --> Could not find the language line "admin dashboard jsi18n-sample"
ERROR - 2021-02-02 14:06:18 --> Could not find the language line "admin dashboard jsi18n-sample"
ERROR - 2021-02-02 14:06:20 --> Could not find the language line "admin dashboard jsi18n-sample"
ERROR - 2021-02-02 14:46:34 --> Could not find the language line "admin dashboard jsi18n-sample"
ERROR - 2021-02-02 15:07:49 --> Could not find the language line "admin dashboard jsi18n-sample"
ERROR - 2021-02-02 18:26:47 --> Could not find the language line "admin dashboard jsi18n-sample"
ERROR - 2021-02-02 18:49:06 --> Could not find the language line "admin dashboard jsi18n-sample"
