ERROR - 2021-03-29 08:20:07 --> Could not find the language line "admin dashboard jsi18n-sample"
ERROR - 2021-03-29 08:20:09 --> Could not find the language line "admin dashboard jsi18n-sample"
ERROR - 2021-03-29 08:40:59 --> Could not find the language line "admin dashboard jsi18n-sample"
ERROR - 2021-03-29 09:33:07 --> Could not find the language line "admin dashboard jsi18n-sample"
ERROR - 2021-03-29 09:49:12 --> Could not find the language line "admin dashboard jsi18n-sample"
ERROR - 2021-03-29 09:54:52 --> Could not find the language line "admin dashboard jsi18n-sample"
ERROR - 2021-03-29 09:55:33 --> Could not find the language line "admin dashboard jsi18n-sample"
ERROR - 2021-03-29 09:57:17 --> Could not find the language line "admin dashboard jsi18n-sample"
ERROR - 2021-03-29 10:36:02 --> Could not find the language line "admin dashboard jsi18n-sample"
ERROR - 2021-03-29 12:25:20 --> Could not find the language line "admin dashboard jsi18n-sample"
ERROR - 2021-03-29 13:47:37 --> Could not find the language line "admin dashboard jsi18n-sample"
ERROR - 2021-03-29 13:47:37 --> Could not find the language line "admin dashboard jsi18n-sample"
ERROR - 2021-03-29 14:32:14 --> Could not find the language line "admin dashboard jsi18n-sample"
ERROR - 2021-03-29 14:34:17 --> Could not find the language line "admin dashboard jsi18n-sample"
ERROR - 2021-03-29 14:34:40 --> Could not find the language line "admin dashboard jsi18n-sample"
ERROR - 2021-03-29 14:36:19 --> Could not find the language line "admin dashboard jsi18n-sample"
ERROR - 2021-03-29 14:36:43 --> Could not find the language line "admin dashboard jsi18n-sample"
ERROR - 2021-03-29 14:38:07 --> Could not find the language line "admin dashboard jsi18n-sample"
ERROR - 2021-03-29 14:38:23 --> Could not find the language line "admin dashboard jsi18n-sample"
ERROR - 2021-03-29 14:38:27 --> Could not find the language line "admin dashboard jsi18n-sample"
ERROR - 2021-03-29 14:39:31 --> Could not find the language line "admin dashboard jsi18n-sample"
ERROR - 2021-03-29 14:42:40 --> Could not find the language line "admin dashboard jsi18n-sample"
ERROR - 2021-03-29 14:44:39 --> Could not find the language line "admin dashboard jsi18n-sample"
ERROR - 2021-03-29 14:46:05 --> Could not find the language line "admin dashboard jsi18n-sample"
ERROR - 2021-03-29 14:47:33 --> Could not find the language line "admin dashboard jsi18n-sample"
ERROR - 2021-03-29 15:52:27 --> Severity: Warning --> pg_query() [<a href='function.pg-query'>function.pg-query</a>]: Query failed: ERROR:  invalid input syntax for integer: &quot;&quot;
LINE 9:      '',
             ^ /home/miracle/public_html/ci3_cgi/system/database/drivers/postgre/postgre_driver.php 242
ERROR - 2021-03-29 15:52:27 --> Query error: ERROR:  invalid input syntax for integer: ""
LINE 9:      '',
             ^ - Invalid query: INSERT INTO frontmed.neural_appointment (id, appointment_date, appointment_time, user_id, comment, component_id, visit_id, patient_id, created_by, select_option)
					SELECT (id + 1) AS last_id,
					'2021-04-05',
					'09:30',
					'127',
					'',
					'10',
					'2040838',
					'',
					'150',
					NULL
					FROM frontmed.neural_appointment ORDER BY id DESC LIMIT 1 RETURNING id AS last_id
ERROR - 2021-03-29 15:52:27 --> Severity: Warning --> pg_query() [<a href='function.pg-query'>function.pg-query</a>]: Query failed: ERROR:  invalid input syntax for integer: &quot;&quot;
LINE 9:      '',
             ^ /home/miracle/public_html/ci3_cgi/system/database/drivers/postgre/postgre_driver.php 242
ERROR - 2021-03-29 15:52:27 --> Query error: ERROR:  invalid input syntax for integer: ""
LINE 9:      '',
             ^ - Invalid query: INSERT INTO frontmed.neural_appointment (id, appointment_date, appointment_time, user_id, comment, component_id, visit_id, patient_id, created_by, select_option)
					SELECT (id + 1) AS last_id,
					'2021-04-05',
					'09:30',
					'127',
					'',
					'10',
					'2040838',
					'',
					'150',
					NULL
					FROM frontmed.neural_appointment ORDER BY id DESC LIMIT 1 RETURNING id AS last_id
ERROR - 2021-03-29 15:53:51 --> Severity: Warning --> pg_query() [<a href='function.pg-query'>function.pg-query</a>]: Query failed: ERROR:  invalid input syntax for integer: &quot;&quot;
LINE 9:      '',
             ^ /home/miracle/public_html/ci3_cgi/system/database/drivers/postgre/postgre_driver.php 242
ERROR - 2021-03-29 15:53:51 --> Query error: ERROR:  invalid input syntax for integer: ""
LINE 9:      '',
             ^ - Invalid query: INSERT INTO frontmed.neural_appointment (id, appointment_date, appointment_time, user_id, comment, component_id, visit_id, patient_id, created_by, select_option)
					SELECT (id + 1) AS last_id,
					'2021-04-05',
					'09:30',
					'127',
					'',
					'10',
					'2040838',
					'',
					'150',
					NULL
					FROM frontmed.neural_appointment ORDER BY id DESC LIMIT 1 RETURNING id AS last_id
ERROR - 2021-03-29 15:53:52 --> Severity: Warning --> pg_query() [<a href='function.pg-query'>function.pg-query</a>]: Query failed: ERROR:  invalid input syntax for integer: &quot;&quot;
LINE 9:      '',
             ^ /home/miracle/public_html/ci3_cgi/system/database/drivers/postgre/postgre_driver.php 242
ERROR - 2021-03-29 15:53:52 --> Query error: ERROR:  invalid input syntax for integer: ""
LINE 9:      '',
             ^ - Invalid query: INSERT INTO frontmed.neural_appointment (id, appointment_date, appointment_time, user_id, comment, component_id, visit_id, patient_id, created_by, select_option)
					SELECT (id + 1) AS last_id,
					'2021-04-05',
					'09:30',
					'127',
					'',
					'10',
					'2040838',
					'',
					'150',
					NULL
					FROM frontmed.neural_appointment ORDER BY id DESC LIMIT 1 RETURNING id AS last_id
ERROR - 2021-03-29 15:54:03 --> Severity: Warning --> pg_query() [<a href='function.pg-query'>function.pg-query</a>]: Query failed: ERROR:  invalid input syntax for integer: &quot;&quot;
LINE 9:      '',
             ^ /home/miracle/public_html/ci3_cgi/system/database/drivers/postgre/postgre_driver.php 242
ERROR - 2021-03-29 15:54:03 --> Query error: ERROR:  invalid input syntax for integer: ""
LINE 9:      '',
             ^ - Invalid query: INSERT INTO frontmed.neural_appointment (id, appointment_date, appointment_time, user_id, comment, component_id, visit_id, patient_id, created_by, select_option)
					SELECT (id + 1) AS last_id,
					'2021-04-05',
					'09:30',
					'127',
					'',
					'10',
					'2040838',
					'',
					'150',
					NULL
					FROM frontmed.neural_appointment ORDER BY id DESC LIMIT 1 RETURNING id AS last_id
ERROR - 2021-03-29 15:54:04 --> Severity: Warning --> pg_query() [<a href='function.pg-query'>function.pg-query</a>]: Query failed: ERROR:  invalid input syntax for integer: &quot;&quot;
LINE 9:      '',
             ^ /home/miracle/public_html/ci3_cgi/system/database/drivers/postgre/postgre_driver.php 242
ERROR - 2021-03-29 15:54:04 --> Query error: ERROR:  invalid input syntax for integer: ""
LINE 9:      '',
             ^ - Invalid query: INSERT INTO frontmed.neural_appointment (id, appointment_date, appointment_time, user_id, comment, component_id, visit_id, patient_id, created_by, select_option)
					SELECT (id + 1) AS last_id,
					'2021-04-05',
					'09:30',
					'127',
					'',
					'10',
					'2040838',
					'',
					'150',
					NULL
					FROM frontmed.neural_appointment ORDER BY id DESC LIMIT 1 RETURNING id AS last_id
ERROR - 2021-03-29 15:55:02 --> Could not find the language line "admin dashboard jsi18n-sample"
ERROR - 2021-03-29 16:27:30 --> Could not find the language line "admin dashboard jsi18n-sample"
ERROR - 2021-03-29 17:09:52 --> Could not find the language line "admin dashboard jsi18n-sample"
ERROR - 2021-03-29 18:36:11 --> Could not find the language line "admin dashboard jsi18n-sample"
ERROR - 2021-03-29 18:36:35 --> Could not find the language line "admin dashboard jsi18n-sample"
ERROR - 2021-03-29 18:47:38 --> Could not find the language line "admin dashboard jsi18n-sample"
