ERROR - 2021-02-19 08:18:39 --> Could not find the language line "admin dashboard jsi18n-sample"
ERROR - 2021-02-19 08:18:42 --> Could not find the language line "admin dashboard jsi18n-sample"
ERROR - 2021-02-19 08:36:31 --> Could not find the language line "admin dashboard jsi18n-sample"
ERROR - 2021-02-19 09:13:40 --> Could not find the language line "admin dashboard jsi18n-sample"
ERROR - 2021-02-19 09:29:45 --> Could not find the language line "admin dashboard jsi18n-sample"
ERROR - 2021-02-19 09:38:08 --> Could not find the language line "admin dashboard jsi18n-sample"
ERROR - 2021-02-19 09:44:49 --> Could not find the language line "admin dashboard jsi18n-sample"
ERROR - 2021-02-19 10:10:35 --> Could not find the language line "admin dashboard jsi18n-sample"
ERROR - 2021-02-19 10:19:28 --> Could not find the language line "admin dashboard jsi18n-sample"
ERROR - 2021-02-19 10:19:36 --> Could not find the language line "admin dashboard jsi18n-sample"
ERROR - 2021-02-19 10:20:10 --> Severity: Warning --> pg_query() [<a href='function.pg-query'>function.pg-query</a>]: Query failed: ERROR:  invalid input syntax for integer: &quot;&quot;
LINE 9:      '',
             ^ /home/miracle/public_html/ci3_cgi/system/database/drivers/postgre/postgre_driver.php 242
ERROR - 2021-02-19 10:20:10 --> Query error: ERROR:  invalid input syntax for integer: ""
LINE 9:      '',
             ^ - Invalid query: INSERT INTO frontmed.neural_appointment (id, appointment_date, appointment_time, user_id, comment, component_id, visit_id, patient_id, created_by, select_option)
					SELECT (id + 1) AS last_id,
					'2021-02-19',
					'10:00',
					'60',
					'จิตบำบัด สรานุช',
					'19',
					'2030691',
					'',
					'60',
					NULL
					FROM frontmed.neural_appointment ORDER BY id DESC LIMIT 1 RETURNING id AS last_id
ERROR - 2021-02-19 10:20:11 --> Severity: Warning --> pg_query() [<a href='function.pg-query'>function.pg-query</a>]: Query failed: ERROR:  invalid input syntax for integer: &quot;&quot;
LINE 9:      '',
             ^ /home/miracle/public_html/ci3_cgi/system/database/drivers/postgre/postgre_driver.php 242
ERROR - 2021-02-19 10:20:11 --> Query error: ERROR:  invalid input syntax for integer: ""
LINE 9:      '',
             ^ - Invalid query: INSERT INTO frontmed.neural_appointment (id, appointment_date, appointment_time, user_id, comment, component_id, visit_id, patient_id, created_by, select_option)
					SELECT (id + 1) AS last_id,
					'2021-02-19',
					'10:00',
					'60',
					'จิตบำบัด สรานุช',
					'19',
					'2030691',
					'',
					'60',
					NULL
					FROM frontmed.neural_appointment ORDER BY id DESC LIMIT 1 RETURNING id AS last_id
ERROR - 2021-02-19 10:20:16 --> Severity: Warning --> pg_query() [<a href='function.pg-query'>function.pg-query</a>]: Query failed: ERROR:  invalid input syntax for integer: &quot;&quot;
LINE 9:      '',
             ^ /home/miracle/public_html/ci3_cgi/system/database/drivers/postgre/postgre_driver.php 242
ERROR - 2021-02-19 10:20:16 --> Query error: ERROR:  invalid input syntax for integer: ""
LINE 9:      '',
             ^ - Invalid query: INSERT INTO frontmed.neural_appointment (id, appointment_date, appointment_time, user_id, comment, component_id, visit_id, patient_id, created_by, select_option)
					SELECT (id + 1) AS last_id,
					'2021-02-19',
					'10:00',
					'60',
					'จิตบำบัด สรานุช',
					'19',
					'2030691',
					'',
					'60',
					NULL
					FROM frontmed.neural_appointment ORDER BY id DESC LIMIT 1 RETURNING id AS last_id
ERROR - 2021-02-19 10:27:16 --> Could not find the language line "admin dashboard jsi18n-sample"
ERROR - 2021-02-19 10:28:16 --> Could not find the language line "admin dashboard jsi18n-sample"
ERROR - 2021-02-19 10:29:01 --> Could not find the language line "admin dashboard jsi18n-sample"
ERROR - 2021-02-19 10:40:53 --> Could not find the language line "admin dashboard jsi18n-sample"
ERROR - 2021-02-19 10:41:14 --> Could not find the language line "admin dashboard jsi18n-sample"
ERROR - 2021-02-19 10:41:23 --> Could not find the language line "admin dashboard jsi18n-sample"
ERROR - 2021-02-19 10:41:43 --> Could not find the language line "admin dashboard jsi18n-sample"
ERROR - 2021-02-19 11:28:23 --> Could not find the language line "admin dashboard jsi18n-sample"
ERROR - 2021-02-19 11:30:08 --> Could not find the language line "admin dashboard jsi18n-sample"
ERROR - 2021-02-19 12:13:37 --> Could not find the language line "admin dashboard jsi18n-sample"
ERROR - 2021-02-19 12:13:42 --> Could not find the language line "admin dashboard jsi18n-sample"
ERROR - 2021-02-19 12:13:45 --> Could not find the language line "admin dashboard jsi18n-sample"
ERROR - 2021-02-19 12:13:47 --> Could not find the language line "admin dashboard jsi18n-sample"
ERROR - 2021-02-19 12:13:48 --> Could not find the language line "admin dashboard jsi18n-sample"
ERROR - 2021-02-19 12:14:06 --> Could not find the language line "admin dashboard jsi18n-sample"
ERROR - 2021-02-19 12:14:10 --> Could not find the language line "admin dashboard jsi18n-sample"
ERROR - 2021-02-19 12:21:01 --> Could not find the language line "admin dashboard jsi18n-sample"
ERROR - 2021-02-19 12:22:20 --> Could not find the language line "admin dashboard jsi18n-sample"
ERROR - 2021-02-19 12:23:42 --> Could not find the language line "admin dashboard jsi18n-sample"
ERROR - 2021-02-19 14:10:16 --> Could not find the language line "admin dashboard jsi18n-sample"
ERROR - 2021-02-19 15:04:45 --> Could not find the language line "admin dashboard jsi18n-sample"
ERROR - 2021-02-19 15:05:00 --> Could not find the language line "admin dashboard jsi18n-sample"
ERROR - 2021-02-19 15:05:15 --> Could not find the language line "admin dashboard jsi18n-sample"
ERROR - 2021-02-19 17:12:19 --> Could not find the language line "admin dashboard jsi18n-sample"
ERROR - 2021-02-19 17:32:54 --> Could not find the language line "admin dashboard jsi18n-sample"
