ERROR - 2020-09-02 08:26:27 --> Could not find the language line "admin dashboard jsi18n-sample"
ERROR - 2020-09-02 08:26:29 --> Could not find the language line "admin dashboard jsi18n-sample"
ERROR - 2020-09-02 08:28:30 --> Could not find the language line "admin dashboard jsi18n-sample"
ERROR - 2020-09-02 09:10:17 --> Could not find the language line "admin dashboard jsi18n-sample"
ERROR - 2020-09-02 09:10:35 --> Could not find the language line "admin dashboard jsi18n-sample"
ERROR - 2020-09-02 09:10:59 --> Could not find the language line "admin dashboard jsi18n-sample"
ERROR - 2020-09-02 09:11:06 --> Could not find the language line "admin dashboard jsi18n-sample"
ERROR - 2020-09-02 09:15:38 --> Could not find the language line "admin dashboard jsi18n-sample"
ERROR - 2020-09-02 09:29:09 --> Could not find the language line "admin dashboard jsi18n-sample"
ERROR - 2020-09-02 09:41:16 --> Could not find the language line "admin dashboard jsi18n-sample"
ERROR - 2020-09-02 09:48:41 --> Severity: Warning --> pg_query() [<a href='function.pg-query'>function.pg-query</a>]: Query failed: ERROR:  syntax error at or near &quot;',
					'&quot;
LINE 6:      'ตรวจเลือด CBC , E'lyte ',
                                     ^ /home/miracle/public_html/ci3_cgi/system/database/drivers/postgre/postgre_driver.php 242
ERROR - 2020-09-02 09:48:41 --> Query error: ERROR:  syntax error at or near "',
					'"
LINE 6:      'ตรวจเลือด CBC , E'lyte ',
                                     ^ - Invalid query: INSERT INTO frontmed.neural_appointment (id, appointment_date, appointment_time, user_id, comment, component_id, visit_id, patient_id, created_by, select_option)
					SELECT (id + 1) AS last_id,
					'2020-10-28',
					'08:00',
					'99',
					'ตรวจเลือด CBC , E'lyte ',
					'10',
					'1985274',
					'165745',
					'245',
					NULL
					FROM frontmed.neural_appointment ORDER BY id DESC LIMIT 1 RETURNING id AS last_id
ERROR - 2020-09-02 09:48:43 --> Severity: Warning --> pg_query() [<a href='function.pg-query'>function.pg-query</a>]: Query failed: ERROR:  syntax error at or near &quot;',
					'&quot;
LINE 6:      'ตรวจเลือด CBC , E'lyte ',
                                     ^ /home/miracle/public_html/ci3_cgi/system/database/drivers/postgre/postgre_driver.php 242
ERROR - 2020-09-02 09:48:43 --> Query error: ERROR:  syntax error at or near "',
					'"
LINE 6:      'ตรวจเลือด CBC , E'lyte ',
                                     ^ - Invalid query: INSERT INTO frontmed.neural_appointment (id, appointment_date, appointment_time, user_id, comment, component_id, visit_id, patient_id, created_by, select_option)
					SELECT (id + 1) AS last_id,
					'2020-10-28',
					'08:00',
					'99',
					'ตรวจเลือด CBC , E'lyte ',
					'10',
					'1985274',
					'165745',
					'245',
					NULL
					FROM frontmed.neural_appointment ORDER BY id DESC LIMIT 1 RETURNING id AS last_id
ERROR - 2020-09-02 09:48:45 --> Severity: Warning --> pg_query() [<a href='function.pg-query'>function.pg-query</a>]: Query failed: ERROR:  syntax error at or near &quot;',
					'&quot;
LINE 6:      'ตรวจเลือด CBC , E'lyte ',
                                     ^ /home/miracle/public_html/ci3_cgi/system/database/drivers/postgre/postgre_driver.php 242
ERROR - 2020-09-02 09:48:45 --> Query error: ERROR:  syntax error at or near "',
					'"
LINE 6:      'ตรวจเลือด CBC , E'lyte ',
                                     ^ - Invalid query: INSERT INTO frontmed.neural_appointment (id, appointment_date, appointment_time, user_id, comment, component_id, visit_id, patient_id, created_by, select_option)
					SELECT (id + 1) AS last_id,
					'2020-10-28',
					'08:30',
					'99',
					'ตรวจเลือด CBC , E'lyte ',
					'10',
					'1985274',
					'165745',
					'245',
					NULL
					FROM frontmed.neural_appointment ORDER BY id DESC LIMIT 1 RETURNING id AS last_id
ERROR - 2020-09-02 09:48:51 --> Severity: Warning --> pg_query() [<a href='function.pg-query'>function.pg-query</a>]: Query failed: ERROR:  syntax error at or near &quot;',
					'&quot;
LINE 6:      'ตรวจเลือด CBC , E'lyte ',
                                     ^ /home/miracle/public_html/ci3_cgi/system/database/drivers/postgre/postgre_driver.php 242
ERROR - 2020-09-02 09:48:51 --> Query error: ERROR:  syntax error at or near "',
					'"
LINE 6:      'ตรวจเลือด CBC , E'lyte ',
                                     ^ - Invalid query: INSERT INTO frontmed.neural_appointment (id, appointment_date, appointment_time, user_id, comment, component_id, visit_id, patient_id, created_by, select_option)
					SELECT (id + 1) AS last_id,
					'2020-10-28',
					'10:00',
					'99',
					'ตรวจเลือด CBC , E'lyte ',
					'10',
					'1985274',
					'165745',
					'245',
					NULL
					FROM frontmed.neural_appointment ORDER BY id DESC LIMIT 1 RETURNING id AS last_id
ERROR - 2020-09-02 09:48:52 --> Severity: Warning --> pg_query() [<a href='function.pg-query'>function.pg-query</a>]: Query failed: ERROR:  syntax error at or near &quot;',
					'&quot;
LINE 6:      'ตรวจเลือด CBC , E'lyte ',
                                     ^ /home/miracle/public_html/ci3_cgi/system/database/drivers/postgre/postgre_driver.php 242
ERROR - 2020-09-02 09:48:52 --> Query error: ERROR:  syntax error at or near "',
					'"
LINE 6:      'ตรวจเลือด CBC , E'lyte ',
                                     ^ - Invalid query: INSERT INTO frontmed.neural_appointment (id, appointment_date, appointment_time, user_id, comment, component_id, visit_id, patient_id, created_by, select_option)
					SELECT (id + 1) AS last_id,
					'2020-10-28',
					'10:00',
					'99',
					'ตรวจเลือด CBC , E'lyte ',
					'10',
					'1985274',
					'165745',
					'245',
					NULL
					FROM frontmed.neural_appointment ORDER BY id DESC LIMIT 1 RETURNING id AS last_id
ERROR - 2020-09-02 09:48:56 --> Severity: Warning --> pg_query() [<a href='function.pg-query'>function.pg-query</a>]: Query failed: ERROR:  syntax error at or near &quot;',
					'&quot;
LINE 6:      'ตรวจเลือด CBC , E'lyte ',
                                     ^ /home/miracle/public_html/ci3_cgi/system/database/drivers/postgre/postgre_driver.php 242
ERROR - 2020-09-02 09:48:56 --> Query error: ERROR:  syntax error at or near "',
					'"
LINE 6:      'ตรวจเลือด CBC , E'lyte ',
                                     ^ - Invalid query: INSERT INTO frontmed.neural_appointment (id, appointment_date, appointment_time, user_id, comment, component_id, visit_id, patient_id, created_by, select_option)
					SELECT (id + 1) AS last_id,
					'2020-10-28',
					'09:30',
					'99',
					'ตรวจเลือด CBC , E'lyte ',
					'10',
					'1985274',
					'165745',
					'245',
					NULL
					FROM frontmed.neural_appointment ORDER BY id DESC LIMIT 1 RETURNING id AS last_id
ERROR - 2020-09-02 09:48:57 --> Severity: Warning --> pg_query() [<a href='function.pg-query'>function.pg-query</a>]: Query failed: ERROR:  syntax error at or near &quot;',
					'&quot;
LINE 6:      'ตรวจเลือด CBC , E'lyte ',
                                     ^ /home/miracle/public_html/ci3_cgi/system/database/drivers/postgre/postgre_driver.php 242
ERROR - 2020-09-02 09:48:57 --> Query error: ERROR:  syntax error at or near "',
					'"
LINE 6:      'ตรวจเลือด CBC , E'lyte ',
                                     ^ - Invalid query: INSERT INTO frontmed.neural_appointment (id, appointment_date, appointment_time, user_id, comment, component_id, visit_id, patient_id, created_by, select_option)
					SELECT (id + 1) AS last_id,
					'2020-10-28',
					'09:30',
					'99',
					'ตรวจเลือด CBC , E'lyte ',
					'10',
					'1985274',
					'165745',
					'245',
					NULL
					FROM frontmed.neural_appointment ORDER BY id DESC LIMIT 1 RETURNING id AS last_id
ERROR - 2020-09-02 09:49:00 --> Severity: Warning --> pg_query() [<a href='function.pg-query'>function.pg-query</a>]: Query failed: ERROR:  syntax error at or near &quot;',
					'&quot;
LINE 6:      'ตรวจเลือด CBC , E'lyte ',
                                     ^ /home/miracle/public_html/ci3_cgi/system/database/drivers/postgre/postgre_driver.php 242
ERROR - 2020-09-02 09:49:00 --> Query error: ERROR:  syntax error at or near "',
					'"
LINE 6:      'ตรวจเลือด CBC , E'lyte ',
                                     ^ - Invalid query: INSERT INTO frontmed.neural_appointment (id, appointment_date, appointment_time, user_id, comment, component_id, visit_id, patient_id, created_by, select_option)
					SELECT (id + 1) AS last_id,
					'2020-10-28',
					'10:00',
					'99',
					'ตรวจเลือด CBC , E'lyte ',
					'10',
					'1985274',
					'165745',
					'245',
					NULL
					FROM frontmed.neural_appointment ORDER BY id DESC LIMIT 1 RETURNING id AS last_id
ERROR - 2020-09-02 09:49:05 --> Severity: Warning --> pg_query() [<a href='function.pg-query'>function.pg-query</a>]: Query failed: ERROR:  syntax error at or near &quot;',
					'&quot;
LINE 6:      'ตรวจเลือด CBC , E'lyte ',
                                     ^ /home/miracle/public_html/ci3_cgi/system/database/drivers/postgre/postgre_driver.php 242
ERROR - 2020-09-02 09:49:05 --> Query error: ERROR:  syntax error at or near "',
					'"
LINE 6:      'ตรวจเลือด CBC , E'lyte ',
                                     ^ - Invalid query: INSERT INTO frontmed.neural_appointment (id, appointment_date, appointment_time, user_id, comment, component_id, visit_id, patient_id, created_by, select_option)
					SELECT (id + 1) AS last_id,
					'2020-10-28',
					'10:30',
					'99',
					'ตรวจเลือด CBC , E'lyte ',
					'10',
					'1985274',
					'165745',
					'245',
					NULL
					FROM frontmed.neural_appointment ORDER BY id DESC LIMIT 1 RETURNING id AS last_id
ERROR - 2020-09-02 09:49:06 --> Severity: Warning --> pg_query() [<a href='function.pg-query'>function.pg-query</a>]: Query failed: ERROR:  syntax error at or near &quot;',
					'&quot;
LINE 6:      'ตรวจเลือด CBC , E'lyte ',
                                     ^ /home/miracle/public_html/ci3_cgi/system/database/drivers/postgre/postgre_driver.php 242
ERROR - 2020-09-02 09:49:06 --> Query error: ERROR:  syntax error at or near "',
					'"
LINE 6:      'ตรวจเลือด CBC , E'lyte ',
                                     ^ - Invalid query: INSERT INTO frontmed.neural_appointment (id, appointment_date, appointment_time, user_id, comment, component_id, visit_id, patient_id, created_by, select_option)
					SELECT (id + 1) AS last_id,
					'2020-10-28',
					'10:30',
					'99',
					'ตรวจเลือด CBC , E'lyte ',
					'10',
					'1985274',
					'165745',
					'245',
					NULL
					FROM frontmed.neural_appointment ORDER BY id DESC LIMIT 1 RETURNING id AS last_id
ERROR - 2020-09-02 09:49:33 --> Severity: Warning --> pg_query() [<a href='function.pg-query'>function.pg-query</a>]: Query failed: ERROR:  syntax error at or near &quot;',
					'&quot;
LINE 6:      'ตรวจเลือด CBC , E'lyte ',
                                     ^ /home/miracle/public_html/ci3_cgi/system/database/drivers/postgre/postgre_driver.php 242
ERROR - 2020-09-02 09:49:33 --> Query error: ERROR:  syntax error at or near "',
					'"
LINE 6:      'ตรวจเลือด CBC , E'lyte ',
                                     ^ - Invalid query: INSERT INTO frontmed.neural_appointment (id, appointment_date, appointment_time, user_id, comment, component_id, visit_id, patient_id, created_by, select_option)
					SELECT (id + 1) AS last_id,
					'2020-10-28',
					'08:00',
					'99',
					'ตรวจเลือด CBC , E'lyte ',
					'10',
					'1985274',
					'165745',
					'245',
					NULL
					FROM frontmed.neural_appointment ORDER BY id DESC LIMIT 1 RETURNING id AS last_id
ERROR - 2020-09-02 09:49:33 --> Severity: Warning --> pg_query() [<a href='function.pg-query'>function.pg-query</a>]: Query failed: ERROR:  syntax error at or near &quot;',
					'&quot;
LINE 6:      'ตรวจเลือด CBC , E'lyte ',
                                     ^ /home/miracle/public_html/ci3_cgi/system/database/drivers/postgre/postgre_driver.php 242
ERROR - 2020-09-02 09:49:33 --> Query error: ERROR:  syntax error at or near "',
					'"
LINE 6:      'ตรวจเลือด CBC , E'lyte ',
                                     ^ - Invalid query: INSERT INTO frontmed.neural_appointment (id, appointment_date, appointment_time, user_id, comment, component_id, visit_id, patient_id, created_by, select_option)
					SELECT (id + 1) AS last_id,
					'2020-10-28',
					'08:00',
					'99',
					'ตรวจเลือด CBC , E'lyte ',
					'10',
					'1985274',
					'165745',
					'245',
					NULL
					FROM frontmed.neural_appointment ORDER BY id DESC LIMIT 1 RETURNING id AS last_id
ERROR - 2020-09-02 09:49:33 --> Severity: Warning --> pg_query() [<a href='function.pg-query'>function.pg-query</a>]: Query failed: ERROR:  syntax error at or near &quot;',
					'&quot;
LINE 6:      'ตรวจเลือด CBC , E'lyte ',
                                     ^ /home/miracle/public_html/ci3_cgi/system/database/drivers/postgre/postgre_driver.php 242
ERROR - 2020-09-02 09:49:33 --> Query error: ERROR:  syntax error at or near "',
					'"
LINE 6:      'ตรวจเลือด CBC , E'lyte ',
                                     ^ - Invalid query: INSERT INTO frontmed.neural_appointment (id, appointment_date, appointment_time, user_id, comment, component_id, visit_id, patient_id, created_by, select_option)
					SELECT (id + 1) AS last_id,
					'2020-10-28',
					'08:00',
					'99',
					'ตรวจเลือด CBC , E'lyte ',
					'10',
					'1985274',
					'165745',
					'245',
					NULL
					FROM frontmed.neural_appointment ORDER BY id DESC LIMIT 1 RETURNING id AS last_id
ERROR - 2020-09-02 09:49:33 --> Severity: Warning --> pg_query() [<a href='function.pg-query'>function.pg-query</a>]: Query failed: ERROR:  syntax error at or near &quot;',
					'&quot;
LINE 6:      'ตรวจเลือด CBC , E'lyte ',
                                     ^ /home/miracle/public_html/ci3_cgi/system/database/drivers/postgre/postgre_driver.php 242
ERROR - 2020-09-02 09:49:33 --> Query error: ERROR:  syntax error at or near "',
					'"
LINE 6:      'ตรวจเลือด CBC , E'lyte ',
                                     ^ - Invalid query: INSERT INTO frontmed.neural_appointment (id, appointment_date, appointment_time, user_id, comment, component_id, visit_id, patient_id, created_by, select_option)
					SELECT (id + 1) AS last_id,
					'2020-10-28',
					'08:00',
					'99',
					'ตรวจเลือด CBC , E'lyte ',
					'10',
					'1985274',
					'165745',
					'245',
					NULL
					FROM frontmed.neural_appointment ORDER BY id DESC LIMIT 1 RETURNING id AS last_id
ERROR - 2020-09-02 09:49:33 --> Severity: Warning --> pg_query() [<a href='function.pg-query'>function.pg-query</a>]: Query failed: ERROR:  syntax error at or near &quot;',
					'&quot;
LINE 6:      'ตรวจเลือด CBC , E'lyte ',
                                     ^ /home/miracle/public_html/ci3_cgi/system/database/drivers/postgre/postgre_driver.php 242
ERROR - 2020-09-02 09:49:33 --> Query error: ERROR:  syntax error at or near "',
					'"
LINE 6:      'ตรวจเลือด CBC , E'lyte ',
                                     ^ - Invalid query: INSERT INTO frontmed.neural_appointment (id, appointment_date, appointment_time, user_id, comment, component_id, visit_id, patient_id, created_by, select_option)
					SELECT (id + 1) AS last_id,
					'2020-10-28',
					'08:00',
					'99',
					'ตรวจเลือด CBC , E'lyte ',
					'10',
					'1985274',
					'165745',
					'245',
					NULL
					FROM frontmed.neural_appointment ORDER BY id DESC LIMIT 1 RETURNING id AS last_id
ERROR - 2020-09-02 09:49:33 --> Severity: Warning --> pg_query() [<a href='function.pg-query'>function.pg-query</a>]: Query failed: ERROR:  syntax error at or near &quot;',
					'&quot;
LINE 6:      'ตรวจเลือด CBC , E'lyte ',
                                     ^ /home/miracle/public_html/ci3_cgi/system/database/drivers/postgre/postgre_driver.php 242
ERROR - 2020-09-02 09:49:33 --> Query error: ERROR:  syntax error at or near "',
					'"
LINE 6:      'ตรวจเลือด CBC , E'lyte ',
                                     ^ - Invalid query: INSERT INTO frontmed.neural_appointment (id, appointment_date, appointment_time, user_id, comment, component_id, visit_id, patient_id, created_by, select_option)
					SELECT (id + 1) AS last_id,
					'2020-10-28',
					'08:00',
					'99',
					'ตรวจเลือด CBC , E'lyte ',
					'10',
					'1985274',
					'165745',
					'245',
					NULL
					FROM frontmed.neural_appointment ORDER BY id DESC LIMIT 1 RETURNING id AS last_id
ERROR - 2020-09-02 09:49:33 --> Severity: Warning --> pg_query() [<a href='function.pg-query'>function.pg-query</a>]: Query failed: ERROR:  syntax error at or near &quot;',
					'&quot;
LINE 6:      'ตรวจเลือด CBC , E'lyte ',
                                     ^ /home/miracle/public_html/ci3_cgi/system/database/drivers/postgre/postgre_driver.php 242
ERROR - 2020-09-02 09:49:33 --> Query error: ERROR:  syntax error at or near "',
					'"
LINE 6:      'ตรวจเลือด CBC , E'lyte ',
                                     ^ - Invalid query: INSERT INTO frontmed.neural_appointment (id, appointment_date, appointment_time, user_id, comment, component_id, visit_id, patient_id, created_by, select_option)
					SELECT (id + 1) AS last_id,
					'2020-10-28',
					'08:00',
					'99',
					'ตรวจเลือด CBC , E'lyte ',
					'10',
					'1985274',
					'165745',
					'245',
					NULL
					FROM frontmed.neural_appointment ORDER BY id DESC LIMIT 1 RETURNING id AS last_id
ERROR - 2020-09-02 09:49:33 --> Severity: Warning --> pg_query() [<a href='function.pg-query'>function.pg-query</a>]: Query failed: ERROR:  syntax error at or near &quot;',
					'&quot;
LINE 6:      'ตรวจเลือด CBC , E'lyte ',
                                     ^ /home/miracle/public_html/ci3_cgi/system/database/drivers/postgre/postgre_driver.php 242
ERROR - 2020-09-02 09:49:33 --> Query error: ERROR:  syntax error at or near "',
					'"
LINE 6:      'ตรวจเลือด CBC , E'lyte ',
                                     ^ - Invalid query: INSERT INTO frontmed.neural_appointment (id, appointment_date, appointment_time, user_id, comment, component_id, visit_id, patient_id, created_by, select_option)
					SELECT (id + 1) AS last_id,
					'2020-10-28',
					'08:00',
					'99',
					'ตรวจเลือด CBC , E'lyte ',
					'10',
					'1985274',
					'165745',
					'245',
					NULL
					FROM frontmed.neural_appointment ORDER BY id DESC LIMIT 1 RETURNING id AS last_id
ERROR - 2020-09-02 09:49:37 --> Severity: Warning --> pg_query() [<a href='function.pg-query'>function.pg-query</a>]: Query failed: ERROR:  syntax error at or near &quot;',
					'&quot;
LINE 6:      'ตรวจเลือด CBC , E'lyte ',
                                     ^ /home/miracle/public_html/ci3_cgi/system/database/drivers/postgre/postgre_driver.php 242
ERROR - 2020-09-02 09:49:37 --> Query error: ERROR:  syntax error at or near "',
					'"
LINE 6:      'ตรวจเลือด CBC , E'lyte ',
                                     ^ - Invalid query: INSERT INTO frontmed.neural_appointment (id, appointment_date, appointment_time, user_id, comment, component_id, visit_id, patient_id, created_by, select_option)
					SELECT (id + 1) AS last_id,
					'2020-10-28',
					'08:00',
					'99',
					'ตรวจเลือด CBC , E'lyte ',
					'10',
					'1985274',
					'165745',
					'245',
					NULL
					FROM frontmed.neural_appointment ORDER BY id DESC LIMIT 1 RETURNING id AS last_id
ERROR - 2020-09-02 09:49:48 --> Severity: Warning --> pg_query() [<a href='function.pg-query'>function.pg-query</a>]: Query failed: ERROR:  syntax error at or near &quot;',
					'&quot;
LINE 6:      'ตรวจเลือด CBC , E'lyte ',
                                     ^ /home/miracle/public_html/ci3_cgi/system/database/drivers/postgre/postgre_driver.php 242
ERROR - 2020-09-02 09:49:48 --> Query error: ERROR:  syntax error at or near "',
					'"
LINE 6:      'ตรวจเลือด CBC , E'lyte ',
                                     ^ - Invalid query: INSERT INTO frontmed.neural_appointment (id, appointment_date, appointment_time, user_id, comment, component_id, visit_id, patient_id, created_by, select_option)
					SELECT (id + 1) AS last_id,
					'2020-10-28',
					'08:00',
					'99',
					'ตรวจเลือด CBC , E'lyte ',
					'10',
					'1985274',
					'165745',
					'245',
					NULL
					FROM frontmed.neural_appointment ORDER BY id DESC LIMIT 1 RETURNING id AS last_id
ERROR - 2020-09-02 09:49:59 --> Severity: Warning --> pg_query() [<a href='function.pg-query'>function.pg-query</a>]: Query failed: ERROR:  syntax error at or near &quot;',
					'&quot;
LINE 6:      'ตรวจเลือด CBC , E'lyte ',
                                     ^ /home/miracle/public_html/ci3_cgi/system/database/drivers/postgre/postgre_driver.php 242
ERROR - 2020-09-02 09:49:59 --> Query error: ERROR:  syntax error at or near "',
					'"
LINE 6:      'ตรวจเลือด CBC , E'lyte ',
                                     ^ - Invalid query: INSERT INTO frontmed.neural_appointment (id, appointment_date, appointment_time, user_id, comment, component_id, visit_id, patient_id, created_by, select_option)
					SELECT (id + 1) AS last_id,
					'2020-10-28',
					'08:00',
					'99',
					'ตรวจเลือด CBC , E'lyte ',
					'10',
					'1985274',
					'165745',
					'245',
					NULL
					FROM frontmed.neural_appointment ORDER BY id DESC LIMIT 1 RETURNING id AS last_id
ERROR - 2020-09-02 09:50:03 --> Severity: Warning --> pg_query() [<a href='function.pg-query'>function.pg-query</a>]: Query failed: ERROR:  syntax error at or near &quot;',
					'&quot;
LINE 6:      'ตรวจเลือด CBC , E'lyte ',
                                     ^ /home/miracle/public_html/ci3_cgi/system/database/drivers/postgre/postgre_driver.php 242
ERROR - 2020-09-02 09:50:03 --> Query error: ERROR:  syntax error at or near "',
					'"
LINE 6:      'ตรวจเลือด CBC , E'lyte ',
                                     ^ - Invalid query: INSERT INTO frontmed.neural_appointment (id, appointment_date, appointment_time, user_id, comment, component_id, visit_id, patient_id, created_by, select_option)
					SELECT (id + 1) AS last_id,
					'2020-10-28',
					'10:00',
					'99',
					'ตรวจเลือด CBC , E'lyte ',
					'10',
					'1985274',
					'165745',
					'245',
					NULL
					FROM frontmed.neural_appointment ORDER BY id DESC LIMIT 1 RETURNING id AS last_id
ERROR - 2020-09-02 09:50:03 --> Severity: Warning --> pg_query() [<a href='function.pg-query'>function.pg-query</a>]: Query failed: ERROR:  syntax error at or near &quot;',
					'&quot;
LINE 6:      'ตรวจเลือด CBC , E'lyte ',
                                     ^ /home/miracle/public_html/ci3_cgi/system/database/drivers/postgre/postgre_driver.php 242
ERROR - 2020-09-02 09:50:03 --> Query error: ERROR:  syntax error at or near "',
					'"
LINE 6:      'ตรวจเลือด CBC , E'lyte ',
                                     ^ - Invalid query: INSERT INTO frontmed.neural_appointment (id, appointment_date, appointment_time, user_id, comment, component_id, visit_id, patient_id, created_by, select_option)
					SELECT (id + 1) AS last_id,
					'2020-10-28',
					'10:00',
					'99',
					'ตรวจเลือด CBC , E'lyte ',
					'10',
					'1985274',
					'165745',
					'245',
					NULL
					FROM frontmed.neural_appointment ORDER BY id DESC LIMIT 1 RETURNING id AS last_id
ERROR - 2020-09-02 09:50:07 --> Severity: Warning --> pg_query() [<a href='function.pg-query'>function.pg-query</a>]: Query failed: ERROR:  syntax error at or near &quot;',
					'&quot;
LINE 6:      'ตรวจเลือด CBC , E'lyte ',
                                     ^ /home/miracle/public_html/ci3_cgi/system/database/drivers/postgre/postgre_driver.php 242
ERROR - 2020-09-02 09:50:07 --> Query error: ERROR:  syntax error at or near "',
					'"
LINE 6:      'ตรวจเลือด CBC , E'lyte ',
                                     ^ - Invalid query: INSERT INTO frontmed.neural_appointment (id, appointment_date, appointment_time, user_id, comment, component_id, visit_id, patient_id, created_by, select_option)
					SELECT (id + 1) AS last_id,
					'2020-10-28',
					'08:00',
					'99',
					'ตรวจเลือด CBC , E'lyte ',
					'10',
					'1985274',
					'165745',
					'245',
					NULL
					FROM frontmed.neural_appointment ORDER BY id DESC LIMIT 1 RETURNING id AS last_id
ERROR - 2020-09-02 09:50:08 --> Severity: Warning --> pg_query() [<a href='function.pg-query'>function.pg-query</a>]: Query failed: ERROR:  syntax error at or near &quot;',
					'&quot;
LINE 6:      'ตรวจเลือด CBC , E'lyte ',
                                     ^ /home/miracle/public_html/ci3_cgi/system/database/drivers/postgre/postgre_driver.php 242
ERROR - 2020-09-02 09:50:08 --> Query error: ERROR:  syntax error at or near "',
					'"
LINE 6:      'ตรวจเลือด CBC , E'lyte ',
                                     ^ - Invalid query: INSERT INTO frontmed.neural_appointment (id, appointment_date, appointment_time, user_id, comment, component_id, visit_id, patient_id, created_by, select_option)
					SELECT (id + 1) AS last_id,
					'2020-10-28',
					'08:00',
					'99',
					'ตรวจเลือด CBC , E'lyte ',
					'10',
					'1985274',
					'165745',
					'245',
					NULL
					FROM frontmed.neural_appointment ORDER BY id DESC LIMIT 1 RETURNING id AS last_id
ERROR - 2020-09-02 09:50:11 --> Severity: Warning --> pg_query() [<a href='function.pg-query'>function.pg-query</a>]: Query failed: ERROR:  syntax error at or near &quot;',
					'&quot;
LINE 6:      'ตรวจเลือด CBC , E'lyte ',
                                     ^ /home/miracle/public_html/ci3_cgi/system/database/drivers/postgre/postgre_driver.php 242
ERROR - 2020-09-02 09:50:11 --> Query error: ERROR:  syntax error at or near "',
					'"
LINE 6:      'ตรวจเลือด CBC , E'lyte ',
                                     ^ - Invalid query: INSERT INTO frontmed.neural_appointment (id, appointment_date, appointment_time, user_id, comment, component_id, visit_id, patient_id, created_by, select_option)
					SELECT (id + 1) AS last_id,
					'2020-10-28',
					'08:00',
					'99',
					'ตรวจเลือด CBC , E'lyte ',
					'10',
					'1985274',
					'165745',
					'245',
					NULL
					FROM frontmed.neural_appointment ORDER BY id DESC LIMIT 1 RETURNING id AS last_id
ERROR - 2020-09-02 09:51:55 --> Could not find the language line "admin dashboard jsi18n-sample"
ERROR - 2020-09-02 09:52:55 --> Could not find the language line "admin dashboard jsi18n-sample"
ERROR - 2020-09-02 09:54:36 --> Could not find the language line "admin dashboard jsi18n-sample"
ERROR - 2020-09-02 09:55:36 --> Could not find the language line "admin dashboard jsi18n-sample"
ERROR - 2020-09-02 09:55:36 --> Could not find the language line "admin dashboard jsi18n-sample"
ERROR - 2020-09-02 10:25:24 --> Could not find the language line "admin dashboard jsi18n-sample"
ERROR - 2020-09-02 10:51:59 --> Could not find the language line "admin dashboard jsi18n-sample"
ERROR - 2020-09-02 10:57:30 --> Could not find the language line "admin dashboard jsi18n-sample"
ERROR - 2020-09-02 11:16:02 --> Could not find the language line "admin dashboard jsi18n-sample"
ERROR - 2020-09-02 11:30:19 --> Severity: Warning --> pg_query() [<a href='function.pg-query'>function.pg-query</a>]: Query failed: ERROR:  invalid input syntax for integer: &quot;&quot;
LINE 9:      '',
             ^ /home/miracle/public_html/ci3_cgi/system/database/drivers/postgre/postgre_driver.php 242
ERROR - 2020-09-02 11:30:19 --> Query error: ERROR:  invalid input syntax for integer: ""
LINE 9:      '',
             ^ - Invalid query: INSERT INTO frontmed.neural_appointment (id, appointment_date, appointment_time, user_id, comment, component_id, visit_id, patient_id, created_by, select_option)
					SELECT (id + 1) AS last_id,
					'2020-10-01',
					'08:00',
					'330',
					'',
					'10',
					'1985487',
					'',
					'245',
					NULL
					FROM frontmed.neural_appointment ORDER BY id DESC LIMIT 1 RETURNING id AS last_id
ERROR - 2020-09-02 11:30:19 --> Severity: Warning --> pg_query() [<a href='function.pg-query'>function.pg-query</a>]: Query failed: ERROR:  invalid input syntax for integer: &quot;&quot;
LINE 9:      '',
             ^ /home/miracle/public_html/ci3_cgi/system/database/drivers/postgre/postgre_driver.php 242
ERROR - 2020-09-02 11:30:19 --> Query error: ERROR:  invalid input syntax for integer: ""
LINE 9:      '',
             ^ - Invalid query: INSERT INTO frontmed.neural_appointment (id, appointment_date, appointment_time, user_id, comment, component_id, visit_id, patient_id, created_by, select_option)
					SELECT (id + 1) AS last_id,
					'2020-10-01',
					'08:00',
					'330',
					'',
					'10',
					'1985487',
					'',
					'245',
					NULL
					FROM frontmed.neural_appointment ORDER BY id DESC LIMIT 1 RETURNING id AS last_id
ERROR - 2020-09-02 11:30:19 --> Severity: Warning --> pg_query() [<a href='function.pg-query'>function.pg-query</a>]: Query failed: ERROR:  invalid input syntax for integer: &quot;&quot;
LINE 9:      '',
             ^ /home/miracle/public_html/ci3_cgi/system/database/drivers/postgre/postgre_driver.php 242
ERROR - 2020-09-02 11:30:19 --> Query error: ERROR:  invalid input syntax for integer: ""
LINE 9:      '',
             ^ - Invalid query: INSERT INTO frontmed.neural_appointment (id, appointment_date, appointment_time, user_id, comment, component_id, visit_id, patient_id, created_by, select_option)
					SELECT (id + 1) AS last_id,
					'2020-10-01',
					'08:00',
					'330',
					'',
					'10',
					'1985487',
					'',
					'245',
					NULL
					FROM frontmed.neural_appointment ORDER BY id DESC LIMIT 1 RETURNING id AS last_id
ERROR - 2020-09-02 11:30:19 --> Severity: Warning --> pg_query() [<a href='function.pg-query'>function.pg-query</a>]: Query failed: ERROR:  invalid input syntax for integer: &quot;&quot;
LINE 9:      '',
             ^ /home/miracle/public_html/ci3_cgi/system/database/drivers/postgre/postgre_driver.php 242
ERROR - 2020-09-02 11:30:19 --> Query error: ERROR:  invalid input syntax for integer: ""
LINE 9:      '',
             ^ - Invalid query: INSERT INTO frontmed.neural_appointment (id, appointment_date, appointment_time, user_id, comment, component_id, visit_id, patient_id, created_by, select_option)
					SELECT (id + 1) AS last_id,
					'2020-10-01',
					'08:00',
					'330',
					'',
					'10',
					'1985487',
					'',
					'245',
					NULL
					FROM frontmed.neural_appointment ORDER BY id DESC LIMIT 1 RETURNING id AS last_id
ERROR - 2020-09-02 11:30:19 --> Severity: Warning --> pg_query() [<a href='function.pg-query'>function.pg-query</a>]: Query failed: ERROR:  invalid input syntax for integer: &quot;&quot;
LINE 9:      '',
             ^ /home/miracle/public_html/ci3_cgi/system/database/drivers/postgre/postgre_driver.php 242
ERROR - 2020-09-02 11:30:19 --> Query error: ERROR:  invalid input syntax for integer: ""
LINE 9:      '',
             ^ - Invalid query: INSERT INTO frontmed.neural_appointment (id, appointment_date, appointment_time, user_id, comment, component_id, visit_id, patient_id, created_by, select_option)
					SELECT (id + 1) AS last_id,
					'2020-10-01',
					'08:00',
					'330',
					'',
					'10',
					'1985487',
					'',
					'245',
					NULL
					FROM frontmed.neural_appointment ORDER BY id DESC LIMIT 1 RETURNING id AS last_id
ERROR - 2020-09-02 11:30:19 --> Severity: Warning --> pg_query() [<a href='function.pg-query'>function.pg-query</a>]: Query failed: ERROR:  invalid input syntax for integer: &quot;&quot;
LINE 9:      '',
             ^ /home/miracle/public_html/ci3_cgi/system/database/drivers/postgre/postgre_driver.php 242
ERROR - 2020-09-02 11:30:19 --> Query error: ERROR:  invalid input syntax for integer: ""
LINE 9:      '',
             ^ - Invalid query: INSERT INTO frontmed.neural_appointment (id, appointment_date, appointment_time, user_id, comment, component_id, visit_id, patient_id, created_by, select_option)
					SELECT (id + 1) AS last_id,
					'2020-10-01',
					'08:00',
					'330',
					'',
					'10',
					'1985487',
					'',
					'245',
					NULL
					FROM frontmed.neural_appointment ORDER BY id DESC LIMIT 1 RETURNING id AS last_id
ERROR - 2020-09-02 11:30:19 --> Severity: Warning --> pg_query() [<a href='function.pg-query'>function.pg-query</a>]: Query failed: ERROR:  invalid input syntax for integer: &quot;&quot;
LINE 9:      '',
             ^ /home/miracle/public_html/ci3_cgi/system/database/drivers/postgre/postgre_driver.php 242
ERROR - 2020-09-02 11:30:19 --> Query error: ERROR:  invalid input syntax for integer: ""
LINE 9:      '',
             ^ - Invalid query: INSERT INTO frontmed.neural_appointment (id, appointment_date, appointment_time, user_id, comment, component_id, visit_id, patient_id, created_by, select_option)
					SELECT (id + 1) AS last_id,
					'2020-10-01',
					'08:00',
					'330',
					'',
					'10',
					'1985487',
					'',
					'245',
					NULL
					FROM frontmed.neural_appointment ORDER BY id DESC LIMIT 1 RETURNING id AS last_id
ERROR - 2020-09-02 11:30:25 --> Severity: Warning --> pg_query() [<a href='function.pg-query'>function.pg-query</a>]: Query failed: ERROR:  invalid input syntax for integer: &quot;&quot;
LINE 9:      '',
             ^ /home/miracle/public_html/ci3_cgi/system/database/drivers/postgre/postgre_driver.php 242
ERROR - 2020-09-02 11:30:25 --> Query error: ERROR:  invalid input syntax for integer: ""
LINE 9:      '',
             ^ - Invalid query: INSERT INTO frontmed.neural_appointment (id, appointment_date, appointment_time, user_id, comment, component_id, visit_id, patient_id, created_by, select_option)
					SELECT (id + 1) AS last_id,
					'2020-10-01',
					'09:30',
					'330',
					'',
					'10',
					'1985487',
					'',
					'245',
					NULL
					FROM frontmed.neural_appointment ORDER BY id DESC LIMIT 1 RETURNING id AS last_id
ERROR - 2020-09-02 11:30:26 --> Severity: Warning --> pg_query() [<a href='function.pg-query'>function.pg-query</a>]: Query failed: ERROR:  invalid input syntax for integer: &quot;&quot;
LINE 9:      '',
             ^ /home/miracle/public_html/ci3_cgi/system/database/drivers/postgre/postgre_driver.php 242
ERROR - 2020-09-02 11:30:26 --> Query error: ERROR:  invalid input syntax for integer: ""
LINE 9:      '',
             ^ - Invalid query: INSERT INTO frontmed.neural_appointment (id, appointment_date, appointment_time, user_id, comment, component_id, visit_id, patient_id, created_by, select_option)
					SELECT (id + 1) AS last_id,
					'2020-10-01',
					'09:30',
					'330',
					'',
					'10',
					'1985487',
					'',
					'245',
					NULL
					FROM frontmed.neural_appointment ORDER BY id DESC LIMIT 1 RETURNING id AS last_id
ERROR - 2020-09-02 11:30:26 --> Severity: Warning --> pg_query() [<a href='function.pg-query'>function.pg-query</a>]: Query failed: ERROR:  invalid input syntax for integer: &quot;&quot;
LINE 9:      '',
             ^ /home/miracle/public_html/ci3_cgi/system/database/drivers/postgre/postgre_driver.php 242
ERROR - 2020-09-02 11:30:26 --> Query error: ERROR:  invalid input syntax for integer: ""
LINE 9:      '',
             ^ - Invalid query: INSERT INTO frontmed.neural_appointment (id, appointment_date, appointment_time, user_id, comment, component_id, visit_id, patient_id, created_by, select_option)
					SELECT (id + 1) AS last_id,
					'2020-10-01',
					'09:30',
					'330',
					'',
					'10',
					'1985487',
					'',
					'245',
					NULL
					FROM frontmed.neural_appointment ORDER BY id DESC LIMIT 1 RETURNING id AS last_id
ERROR - 2020-09-02 11:30:31 --> Severity: Warning --> pg_query() [<a href='function.pg-query'>function.pg-query</a>]: Query failed: ERROR:  invalid input syntax for integer: &quot;&quot;
LINE 9:      '',
             ^ /home/miracle/public_html/ci3_cgi/system/database/drivers/postgre/postgre_driver.php 242
ERROR - 2020-09-02 11:30:31 --> Query error: ERROR:  invalid input syntax for integer: ""
LINE 9:      '',
             ^ - Invalid query: INSERT INTO frontmed.neural_appointment (id, appointment_date, appointment_time, user_id, comment, component_id, visit_id, patient_id, created_by, select_option)
					SELECT (id + 1) AS last_id,
					'2020-10-01',
					'09:30',
					'330',
					'',
					'10',
					'1985487',
					'',
					'245',
					NULL
					FROM frontmed.neural_appointment ORDER BY id DESC LIMIT 1 RETURNING id AS last_id
ERROR - 2020-09-02 11:30:35 --> Severity: Warning --> pg_query() [<a href='function.pg-query'>function.pg-query</a>]: Query failed: ERROR:  invalid input syntax for integer: &quot;&quot;
LINE 9:      '',
             ^ /home/miracle/public_html/ci3_cgi/system/database/drivers/postgre/postgre_driver.php 242
ERROR - 2020-09-02 11:30:35 --> Query error: ERROR:  invalid input syntax for integer: ""
LINE 9:      '',
             ^ - Invalid query: INSERT INTO frontmed.neural_appointment (id, appointment_date, appointment_time, user_id, comment, component_id, visit_id, patient_id, created_by, select_option)
					SELECT (id + 1) AS last_id,
					'2020-10-01',
					'09:30',
					'330',
					'',
					'10',
					'1985487',
					'',
					'245',
					NULL
					FROM frontmed.neural_appointment ORDER BY id DESC LIMIT 1 RETURNING id AS last_id
ERROR - 2020-09-02 11:58:46 --> Could not find the language line "admin dashboard jsi18n-sample"
ERROR - 2020-09-02 13:44:34 --> Could not find the language line "admin dashboard jsi18n-sample"
ERROR - 2020-09-02 13:44:38 --> Could not find the language line "admin dashboard jsi18n-sample"
ERROR - 2020-09-02 13:44:40 --> Could not find the language line "admin dashboard jsi18n-sample"
ERROR - 2020-09-02 13:44:42 --> Could not find the language line "admin dashboard jsi18n-sample"
ERROR - 2020-09-02 13:44:44 --> Could not find the language line "admin dashboard jsi18n-sample"
ERROR - 2020-09-02 13:44:46 --> Could not find the language line "admin dashboard jsi18n-sample"
ERROR - 2020-09-02 13:45:00 --> Could not find the language line "admin dashboard jsi18n-sample"
ERROR - 2020-09-02 13:45:04 --> Could not find the language line "admin dashboard jsi18n-sample"
ERROR - 2020-09-02 13:47:38 --> Could not find the language line "admin dashboard jsi18n-sample"
ERROR - 2020-09-02 13:47:56 --> Could not find the language line "admin dashboard jsi18n-sample"
ERROR - 2020-09-02 13:48:14 --> Could not find the language line "admin dashboard jsi18n-sample"
ERROR - 2020-09-02 13:48:44 --> Could not find the language line "admin dashboard jsi18n-sample"
ERROR - 2020-09-02 13:49:36 --> Could not find the language line "admin dashboard jsi18n-sample"
ERROR - 2020-09-02 13:49:48 --> Could not find the language line "admin dashboard jsi18n-sample"
ERROR - 2020-09-02 13:49:52 --> Could not find the language line "admin dashboard jsi18n-sample"
ERROR - 2020-09-02 13:50:43 --> Could not find the language line "admin dashboard jsi18n-sample"
ERROR - 2020-09-02 13:50:50 --> Could not find the language line "admin dashboard jsi18n-sample"
ERROR - 2020-09-02 13:50:54 --> Could not find the language line "admin dashboard jsi18n-sample"
ERROR - 2020-09-02 13:51:03 --> Could not find the language line "admin dashboard jsi18n-sample"
ERROR - 2020-09-02 13:51:11 --> Could not find the language line "admin dashboard jsi18n-sample"
ERROR - 2020-09-02 13:52:35 --> Could not find the language line "admin dashboard jsi18n-sample"
ERROR - 2020-09-02 13:54:10 --> Could not find the language line "admin dashboard jsi18n-sample"
ERROR - 2020-09-02 14:06:17 --> Could not find the language line "admin dashboard jsi18n-sample"
ERROR - 2020-09-02 14:29:31 --> Could not find the language line "admin dashboard jsi18n-sample"
ERROR - 2020-09-02 15:39:44 --> Severity: Warning --> pg_query() [<a href='function.pg-query'>function.pg-query</a>]: Query failed: ERROR:  invalid input syntax for integer: &quot;&quot;
LINE 9:      '',
             ^ /home/miracle/public_html/ci3_cgi/system/database/drivers/postgre/postgre_driver.php 242
ERROR - 2020-09-02 15:39:44 --> Query error: ERROR:  invalid input syntax for integer: ""
LINE 9:      '',
             ^ - Invalid query: INSERT INTO frontmed.neural_appointment (id, appointment_date, appointment_time, user_id, comment, component_id, visit_id, patient_id, created_by, select_option)
					SELECT (id + 1) AS last_id,
					'2020-09-16',
					'13:00',
					'145',
					'Thx อัจฉรา',
					'19',
					'1985588',
					'',
					'145',
					NULL
					FROM frontmed.neural_appointment ORDER BY id DESC LIMIT 1 RETURNING id AS last_id
ERROR - 2020-09-02 15:39:48 --> Severity: Warning --> pg_query() [<a href='function.pg-query'>function.pg-query</a>]: Query failed: ERROR:  invalid input syntax for integer: &quot;&quot;
LINE 9:      '',
             ^ /home/miracle/public_html/ci3_cgi/system/database/drivers/postgre/postgre_driver.php 242
ERROR - 2020-09-02 15:39:48 --> Query error: ERROR:  invalid input syntax for integer: ""
LINE 9:      '',
             ^ - Invalid query: INSERT INTO frontmed.neural_appointment (id, appointment_date, appointment_time, user_id, comment, component_id, visit_id, patient_id, created_by, select_option)
					SELECT (id + 1) AS last_id,
					'2020-09-16',
					'13:00',
					'145',
					'Thx อัจฉรา',
					'19',
					'1985588',
					'',
					'145',
					NULL
					FROM frontmed.neural_appointment ORDER BY id DESC LIMIT 1 RETURNING id AS last_id
ERROR - 2020-09-02 15:39:50 --> Severity: Warning --> pg_query() [<a href='function.pg-query'>function.pg-query</a>]: Query failed: ERROR:  invalid input syntax for integer: &quot;&quot;
LINE 9:      '',
             ^ /home/miracle/public_html/ci3_cgi/system/database/drivers/postgre/postgre_driver.php 242
ERROR - 2020-09-02 15:39:50 --> Query error: ERROR:  invalid input syntax for integer: ""
LINE 9:      '',
             ^ - Invalid query: INSERT INTO frontmed.neural_appointment (id, appointment_date, appointment_time, user_id, comment, component_id, visit_id, patient_id, created_by, select_option)
					SELECT (id + 1) AS last_id,
					'2020-09-16',
					'13:00',
					'145',
					'Thx อัจฉรา',
					'19',
					'1985588',
					'',
					'145',
					NULL
					FROM frontmed.neural_appointment ORDER BY id DESC LIMIT 1 RETURNING id AS last_id
ERROR - 2020-09-02 15:39:50 --> Severity: Warning --> pg_query() [<a href='function.pg-query'>function.pg-query</a>]: Query failed: ERROR:  invalid input syntax for integer: &quot;&quot;
LINE 9:      '',
             ^ /home/miracle/public_html/ci3_cgi/system/database/drivers/postgre/postgre_driver.php 242
ERROR - 2020-09-02 15:39:50 --> Query error: ERROR:  invalid input syntax for integer: ""
LINE 9:      '',
             ^ - Invalid query: INSERT INTO frontmed.neural_appointment (id, appointment_date, appointment_time, user_id, comment, component_id, visit_id, patient_id, created_by, select_option)
					SELECT (id + 1) AS last_id,
					'2020-09-16',
					'13:00',
					'145',
					'Thx อัจฉรา',
					'19',
					'1985588',
					'',
					'145',
					NULL
					FROM frontmed.neural_appointment ORDER BY id DESC LIMIT 1 RETURNING id AS last_id
ERROR - 2020-09-02 15:39:50 --> Severity: Warning --> pg_query() [<a href='function.pg-query'>function.pg-query</a>]: Query failed: ERROR:  invalid input syntax for integer: &quot;&quot;
LINE 9:      '',
             ^ /home/miracle/public_html/ci3_cgi/system/database/drivers/postgre/postgre_driver.php 242
ERROR - 2020-09-02 15:39:50 --> Query error: ERROR:  invalid input syntax for integer: ""
LINE 9:      '',
             ^ - Invalid query: INSERT INTO frontmed.neural_appointment (id, appointment_date, appointment_time, user_id, comment, component_id, visit_id, patient_id, created_by, select_option)
					SELECT (id + 1) AS last_id,
					'2020-09-16',
					'13:00',
					'145',
					'Thx อัจฉรา',
					'19',
					'1985588',
					'',
					'145',
					NULL
					FROM frontmed.neural_appointment ORDER BY id DESC LIMIT 1 RETURNING id AS last_id
ERROR - 2020-09-02 15:39:52 --> Severity: Warning --> pg_query() [<a href='function.pg-query'>function.pg-query</a>]: Query failed: ERROR:  invalid input syntax for integer: &quot;&quot;
LINE 9:      '',
             ^ /home/miracle/public_html/ci3_cgi/system/database/drivers/postgre/postgre_driver.php 242
ERROR - 2020-09-02 15:39:52 --> Query error: ERROR:  invalid input syntax for integer: ""
LINE 9:      '',
             ^ - Invalid query: INSERT INTO frontmed.neural_appointment (id, appointment_date, appointment_time, user_id, comment, component_id, visit_id, patient_id, created_by, select_option)
					SELECT (id + 1) AS last_id,
					'2020-09-16',
					'13:00',
					'145',
					'Thx อัจฉรา',
					'19',
					'1985588',
					'',
					'145',
					NULL
					FROM frontmed.neural_appointment ORDER BY id DESC LIMIT 1 RETURNING id AS last_id
ERROR - 2020-09-02 15:39:54 --> Severity: Warning --> pg_query() [<a href='function.pg-query'>function.pg-query</a>]: Query failed: ERROR:  invalid input syntax for integer: &quot;&quot;
LINE 9:      '',
             ^ /home/miracle/public_html/ci3_cgi/system/database/drivers/postgre/postgre_driver.php 242
ERROR - 2020-09-02 15:39:54 --> Query error: ERROR:  invalid input syntax for integer: ""
LINE 9:      '',
             ^ - Invalid query: INSERT INTO frontmed.neural_appointment (id, appointment_date, appointment_time, user_id, comment, component_id, visit_id, patient_id, created_by, select_option)
					SELECT (id + 1) AS last_id,
					'2020-09-16',
					'13:00',
					'145',
					'Thx อัจฉรา',
					'19',
					'1985588',
					'',
					'145',
					NULL
					FROM frontmed.neural_appointment ORDER BY id DESC LIMIT 1 RETURNING id AS last_id
ERROR - 2020-09-02 15:39:55 --> Severity: Warning --> pg_query() [<a href='function.pg-query'>function.pg-query</a>]: Query failed: ERROR:  invalid input syntax for integer: &quot;&quot;
LINE 9:      '',
             ^ /home/miracle/public_html/ci3_cgi/system/database/drivers/postgre/postgre_driver.php 242
ERROR - 2020-09-02 15:39:55 --> Query error: ERROR:  invalid input syntax for integer: ""
LINE 9:      '',
             ^ - Invalid query: INSERT INTO frontmed.neural_appointment (id, appointment_date, appointment_time, user_id, comment, component_id, visit_id, patient_id, created_by, select_option)
					SELECT (id + 1) AS last_id,
					'2020-09-16',
					'13:00',
					'145',
					'Thx อัจฉรา',
					'19',
					'1985588',
					'',
					'145',
					NULL
					FROM frontmed.neural_appointment ORDER BY id DESC LIMIT 1 RETURNING id AS last_id
ERROR - 2020-09-02 15:39:55 --> Severity: Warning --> pg_query() [<a href='function.pg-query'>function.pg-query</a>]: Query failed: ERROR:  invalid input syntax for integer: &quot;&quot;
LINE 9:      '',
             ^ /home/miracle/public_html/ci3_cgi/system/database/drivers/postgre/postgre_driver.php 242
ERROR - 2020-09-02 15:39:55 --> Query error: ERROR:  invalid input syntax for integer: ""
LINE 9:      '',
             ^ - Invalid query: INSERT INTO frontmed.neural_appointment (id, appointment_date, appointment_time, user_id, comment, component_id, visit_id, patient_id, created_by, select_option)
					SELECT (id + 1) AS last_id,
					'2020-09-16',
					'13:00',
					'145',
					'Thx อัจฉรา',
					'19',
					'1985588',
					'',
					'145',
					NULL
					FROM frontmed.neural_appointment ORDER BY id DESC LIMIT 1 RETURNING id AS last_id
ERROR - 2020-09-02 15:39:56 --> Severity: Warning --> pg_query() [<a href='function.pg-query'>function.pg-query</a>]: Query failed: ERROR:  invalid input syntax for integer: &quot;&quot;
LINE 9:      '',
             ^ /home/miracle/public_html/ci3_cgi/system/database/drivers/postgre/postgre_driver.php 242
ERROR - 2020-09-02 15:39:56 --> Query error: ERROR:  invalid input syntax for integer: ""
LINE 9:      '',
             ^ - Invalid query: INSERT INTO frontmed.neural_appointment (id, appointment_date, appointment_time, user_id, comment, component_id, visit_id, patient_id, created_by, select_option)
					SELECT (id + 1) AS last_id,
					'2020-09-16',
					'13:00',
					'145',
					'Thx อัจฉรา',
					'19',
					'1985588',
					'',
					'145',
					NULL
					FROM frontmed.neural_appointment ORDER BY id DESC LIMIT 1 RETURNING id AS last_id
ERROR - 2020-09-02 15:39:56 --> Severity: Warning --> pg_query() [<a href='function.pg-query'>function.pg-query</a>]: Query failed: ERROR:  invalid input syntax for integer: &quot;&quot;
LINE 9:      '',
             ^ /home/miracle/public_html/ci3_cgi/system/database/drivers/postgre/postgre_driver.php 242
ERROR - 2020-09-02 15:39:56 --> Query error: ERROR:  invalid input syntax for integer: ""
LINE 9:      '',
             ^ - Invalid query: INSERT INTO frontmed.neural_appointment (id, appointment_date, appointment_time, user_id, comment, component_id, visit_id, patient_id, created_by, select_option)
					SELECT (id + 1) AS last_id,
					'2020-09-16',
					'13:00',
					'145',
					'Thx อัจฉรา',
					'19',
					'1985588',
					'',
					'145',
					NULL
					FROM frontmed.neural_appointment ORDER BY id DESC LIMIT 1 RETURNING id AS last_id
ERROR - 2020-09-02 15:39:56 --> Severity: Warning --> pg_query() [<a href='function.pg-query'>function.pg-query</a>]: Query failed: ERROR:  invalid input syntax for integer: &quot;&quot;
LINE 9:      '',
             ^ /home/miracle/public_html/ci3_cgi/system/database/drivers/postgre/postgre_driver.php 242
ERROR - 2020-09-02 15:39:56 --> Query error: ERROR:  invalid input syntax for integer: ""
LINE 9:      '',
             ^ - Invalid query: INSERT INTO frontmed.neural_appointment (id, appointment_date, appointment_time, user_id, comment, component_id, visit_id, patient_id, created_by, select_option)
					SELECT (id + 1) AS last_id,
					'2020-09-16',
					'13:00',
					'145',
					'Thx อัจฉรา',
					'19',
					'1985588',
					'',
					'145',
					NULL
					FROM frontmed.neural_appointment ORDER BY id DESC LIMIT 1 RETURNING id AS last_id
ERROR - 2020-09-02 15:40:00 --> Severity: Warning --> pg_query() [<a href='function.pg-query'>function.pg-query</a>]: Query failed: ERROR:  invalid input syntax for integer: &quot;&quot;
LINE 9:      '',
             ^ /home/miracle/public_html/ci3_cgi/system/database/drivers/postgre/postgre_driver.php 242
ERROR - 2020-09-02 15:40:00 --> Query error: ERROR:  invalid input syntax for integer: ""
LINE 9:      '',
             ^ - Invalid query: INSERT INTO frontmed.neural_appointment (id, appointment_date, appointment_time, user_id, comment, component_id, visit_id, patient_id, created_by, select_option)
					SELECT (id + 1) AS last_id,
					'2020-09-16',
					'13:00',
					'145',
					'Thx อัจฉรา',
					'19',
					'1985588',
					'',
					'145',
					NULL
					FROM frontmed.neural_appointment ORDER BY id DESC LIMIT 1 RETURNING id AS last_id
ERROR - 2020-09-02 15:55:53 --> Could not find the language line "admin dashboard jsi18n-sample"
ERROR - 2020-09-02 15:57:00 --> Could not find the language line "admin dashboard jsi18n-sample"
