ERROR - 2021-05-15 08:50:40 --> Could not find the language line "admin dashboard jsi18n-sample"
ERROR - 2021-05-15 08:50:47 --> Could not find the language line "admin dashboard jsi18n-sample"
ERROR - 2021-05-15 08:50:50 --> Could not find the language line "admin dashboard jsi18n-sample"
ERROR - 2021-05-15 08:50:54 --> Could not find the language line "admin dashboard jsi18n-sample"
ERROR - 2021-05-15 09:17:35 --> Could not find the language line "admin dashboard jsi18n-sample"
ERROR - 2021-05-15 09:59:45 --> Could not find the language line "admin dashboard jsi18n-sample"
ERROR - 2021-05-15 09:59:58 --> Could not find the language line "admin dashboard jsi18n-sample"
ERROR - 2021-05-15 10:00:09 --> Could not find the language line "admin dashboard jsi18n-sample"
ERROR - 2021-05-15 10:00:20 --> Could not find the language line "admin dashboard jsi18n-sample"
ERROR - 2021-05-15 10:01:06 --> Could not find the language line "admin dashboard jsi18n-sample"
ERROR - 2021-05-15 10:01:24 --> Could not find the language line "admin dashboard jsi18n-sample"
ERROR - 2021-05-15 11:46:58 --> Severity: Warning --> pg_query() [<a href='function.pg-query'>function.pg-query</a>]: Query failed: ERROR:  invalid input syntax for integer: &quot;&quot;
LINE 1: ...06-12', &quot;appointment_time&quot; = '09:00', &quot;user_id&quot; = '', &quot;selec...
                                                             ^ /home/miracle/public_html/ci3_cgi/system/database/drivers/postgre/postgre_driver.php 242
ERROR - 2021-05-15 11:46:58 --> Query error: ERROR:  invalid input syntax for integer: ""
LINE 1: ...06-12', "appointment_time" = '09:00', "user_id" = '', "selec...
                                                             ^ - Invalid query: UPDATE "frontmed"."neural_appointment" SET "appointment_date" = '2021-06-12', "appointment_time" = '09:00', "user_id" = '', "select_option" = '{6}', "comment" = 'SMC MMSE ก่อนพบแพทย์', "component_id" = '19', "visit_id" = '2052477', "patient_id" = '198689', "created_by" = '145', "update_date" = '2021-05-15 11:46:58'
WHERE "neural_appointment"."id" = '864405'
ERROR - 2021-05-15 11:47:00 --> Severity: Warning --> pg_query() [<a href='function.pg-query'>function.pg-query</a>]: Query failed: ERROR:  invalid input syntax for integer: &quot;&quot;
LINE 1: ...06-12', &quot;appointment_time&quot; = '09:00', &quot;user_id&quot; = '', &quot;selec...
                                                             ^ /home/miracle/public_html/ci3_cgi/system/database/drivers/postgre/postgre_driver.php 242
ERROR - 2021-05-15 11:47:00 --> Query error: ERROR:  invalid input syntax for integer: ""
LINE 1: ...06-12', "appointment_time" = '09:00', "user_id" = '', "selec...
                                                             ^ - Invalid query: UPDATE "frontmed"."neural_appointment" SET "appointment_date" = '2021-06-12', "appointment_time" = '09:00', "user_id" = '', "select_option" = '{6}', "comment" = 'SMC MMSE ก่อนพบแพทย์', "component_id" = '19', "visit_id" = '2052477', "patient_id" = '198689', "created_by" = '145', "update_date" = '2021-05-15 11:47:00'
WHERE "neural_appointment"."id" = '864405'
ERROR - 2021-05-15 11:47:01 --> Severity: Warning --> pg_query() [<a href='function.pg-query'>function.pg-query</a>]: Query failed: ERROR:  invalid input syntax for integer: &quot;&quot;
LINE 1: ...06-12', &quot;appointment_time&quot; = '09:00', &quot;user_id&quot; = '', &quot;selec...
                                                             ^ /home/miracle/public_html/ci3_cgi/system/database/drivers/postgre/postgre_driver.php 242
ERROR - 2021-05-15 11:47:01 --> Query error: ERROR:  invalid input syntax for integer: ""
LINE 1: ...06-12', "appointment_time" = '09:00', "user_id" = '', "selec...
                                                             ^ - Invalid query: UPDATE "frontmed"."neural_appointment" SET "appointment_date" = '2021-06-12', "appointment_time" = '09:00', "user_id" = '', "select_option" = '{6}', "comment" = 'SMC MMSE ก่อนพบแพทย์', "component_id" = '19', "visit_id" = '2052477', "patient_id" = '198689', "created_by" = '145', "update_date" = '2021-05-15 11:47:01'
WHERE "neural_appointment"."id" = '864405'
ERROR - 2021-05-15 12:10:32 --> Could not find the language line "admin dashboard jsi18n-sample"
ERROR - 2021-05-15 12:10:45 --> Could not find the language line "admin dashboard jsi18n-sample"
ERROR - 2021-05-15 20:55:00 --> Could not find the language line "admin dashboard jsi18n-sample"
ERROR - 2021-05-15 20:55:22 --> Could not find the language line "admin dashboard jsi18n-sample"
ERROR - 2021-05-15 20:55:32 --> Could not find the language line "admin dashboard jsi18n-sample"
