ERROR - 2021-04-02 08:23:29 --> Could not find the language line "admin dashboard jsi18n-sample"
ERROR - 2021-04-02 08:23:33 --> Could not find the language line "admin dashboard jsi18n-sample"
ERROR - 2021-04-02 08:33:18 --> Could not find the language line "admin dashboard jsi18n-sample"
ERROR - 2021-04-02 08:33:56 --> Could not find the language line "admin dashboard jsi18n-sample"
ERROR - 2021-04-02 08:34:24 --> Severity: Warning --> pg_query() [<a href='function.pg-query'>function.pg-query</a>]: Query failed: ERROR:  invalid input syntax for type date: &quot;4293&quot;
LINE 5: WHERE &quot;neural_med_station&quot;.&quot;check_out_date&quot; = '4293'
                                                      ^ /home/miracle/public_html/ci3_cgi/system/database/drivers/postgre/postgre_driver.php 242
ERROR - 2021-04-02 08:34:24 --> Query error: ERROR:  invalid input syntax for type date: "4293"
LINE 5: WHERE "neural_med_station"."check_out_date" = '4293'
                                                      ^ - Invalid query: SELECT "neural_med_station"."id" AS "med_station_id", to_char(neural_med_station.check_out_date, 'DD-MM-YYYY') AS check_out_date_th, "neural_med_station"."check_out_date", "users"."id" AS "user_id", users.title || users.name || ' ' || users.lastname AS fullname, "station"."id" AS "station_id", "station"."name" AS "station_name"
FROM "med"."neural_med_station"
JOIN "med"."neural_station" AS "station" ON "station"."id" = "neural_med_station"."station_id"
LEFT JOIN "jvkk"."nano_user" AS "users" ON "users"."id" = "neural_med_station"."doctor_id"
WHERE "neural_med_station"."check_out_date" = '4293'
AND "neural_med_station"."deleted" = 'f'
ORDER BY "med"."neural_med_station"."id" ASC
ERROR - 2021-04-02 08:42:48 --> Could not find the language line "admin dashboard jsi18n-sample"
ERROR - 2021-04-02 08:43:11 --> Could not find the language line "admin dashboard jsi18n-sample"
ERROR - 2021-04-02 08:43:11 --> Could not find the language line "admin dashboard jsi18n-sample"
ERROR - 2021-04-02 08:43:11 --> Could not find the language line "admin dashboard jsi18n-sample"
ERROR - 2021-04-02 08:43:15 --> Could not find the language line "admin dashboard jsi18n-sample"
ERROR - 2021-04-02 08:44:31 --> Could not find the language line "admin dashboard jsi18n-sample"
ERROR - 2021-04-02 08:51:07 --> Could not find the language line "admin dashboard jsi18n-sample"
ERROR - 2021-04-02 09:31:44 --> Could not find the language line "admin dashboard jsi18n-sample"
ERROR - 2021-04-02 09:37:36 --> Could not find the language line "admin dashboard jsi18n-sample"
ERROR - 2021-04-02 09:39:17 --> Could not find the language line "admin dashboard jsi18n-sample"
ERROR - 2021-04-02 09:46:10 --> Could not find the language line "admin dashboard jsi18n-sample"
ERROR - 2021-04-02 10:26:48 --> Severity: Warning --> pg_query() [<a href='function.pg-query'>function.pg-query</a>]: Query failed: FATAL:  terminating connection due to administrator command
server closed the connection unexpectedly
	This probably means the server terminated abnormally
	before or while processing the request. /home/miracle/public_html/ci3_cgi/system/database/drivers/postgre/postgre_driver.php 242
ERROR - 2021-04-02 10:26:48 --> Severity: Warning --> pg_query() [<a href='function.pg-query'>function.pg-query</a>]: Query failed: FATAL:  terminating connection due to administrator command
server closed the connection unexpectedly
	This probably means the server terminated abnormally
	before or while processing the request. /home/miracle/public_html/ci3_cgi/system/database/drivers/postgre/postgre_driver.php 242
ERROR - 2021-04-02 10:26:48 --> Severity: Warning --> pg_query() [<a href='function.pg-query'>function.pg-query</a>]: Query failed: FATAL:  terminating connection due to administrator command
server closed the connection unexpectedly
	This probably means the server terminated abnormally
	before or while processing the request. /home/miracle/public_html/ci3_cgi/system/database/drivers/postgre/postgre_driver.php 242
ERROR - 2021-04-02 10:26:48 --> Severity: Warning --> pg_query() [<a href='function.pg-query'>function.pg-query</a>]: Query failed: FATAL:  terminating connection due to administrator command
server closed the connection unexpectedly
	This probably means the server terminated abnormally
	before or while processing the request. /home/miracle/public_html/ci3_cgi/system/database/drivers/postgre/postgre_driver.php 242
ERROR - 2021-04-02 10:26:48 --> Query error: FATAL:  terminating connection due to administrator command
server closed the connection unexpectedly
	This probably means the server terminated abnormally
	before or while processing the request. - Invalid query: SELECT "session"."id"
FROM "jvkk"."nano_session" AS "session"
WHERE "session"."session_user_id" IS NULL
ERROR - 2021-04-02 10:26:48 --> Severity: Warning --> Unknown: Failed to write session data (user). Please verify that the current setting of session.save_path is correct () Unknown 0
ERROR - 2021-04-02 10:26:48 --> Query error: FATAL:  terminating connection due to administrator command
server closed the connection unexpectedly
	This probably means the server terminated abnormally
	before or while processing the request. - Invalid query: SELECT * FROM public.settings ORDER BY sort_order ASC
ERROR - 2021-04-02 10:26:48 --> Severity: Warning --> Unknown: Failed to write session data (user). Please verify that the current setting of session.save_path is correct () Unknown 0
ERROR - 2021-04-02 10:26:48 --> Query error: FATAL:  terminating connection due to administrator command
server closed the connection unexpectedly
	This probably means the server terminated abnormally
	before or while processing the request. - Invalid query: SELECT * FROM public.settings ORDER BY sort_order ASC
ERROR - 2021-04-02 10:26:48 --> Severity: Warning --> Unknown: Failed to write session data (user). Please verify that the current setting of session.save_path is correct () Unknown 0
ERROR - 2021-04-02 10:26:48 --> Query error: FATAL:  terminating connection due to administrator command
server closed the connection unexpectedly
	This probably means the server terminated abnormally
	before or while processing the request. - Invalid query: SELECT * FROM public.settings ORDER BY sort_order ASC
ERROR - 2021-04-02 10:26:48 --> Severity: Warning --> Unknown: Failed to write session data (user). Please verify that the current setting of session.save_path is correct () Unknown 0
ERROR - 2021-04-02 10:26:48 --> Severity: Warning --> pg_query() [<a href='function.pg-query'>function.pg-query</a>]: Query failed: FATAL:  terminating connection due to administrator command
server closed the connection unexpectedly
	This probably means the server terminated abnormally
	before or while processing the request. /home/miracle/public_html/ci3_cgi/system/database/drivers/postgre/postgre_driver.php 242
ERROR - 2021-04-02 10:26:48 --> Query error: FATAL:  terminating connection due to administrator command
server closed the connection unexpectedly
	This probably means the server terminated abnormally
	before or while processing the request. - Invalid query: SELECT log.vn_id, log.vn, to_char(log.date_add, 'HH24:MI') AS time_th, patient.hn, patient.pa_pre_name || patient.pa_name || ' ' || patient.pa_lastname AS patient_name, log.station_id, appointment.id AS appointment_id, log.nano_queue_id AS queue_id
				FROM jvkk.nano_queue_log AS log
				INNER JOIN medrec.nano_visit AS visit ON visit.vn = log.vn
				INNER JOIN medrec.nano_patient AS patient ON patient.id = visit.id_patient
				INNER JOIN (SELECT vn, MAX(id) AS max_id FROM jvkk.nano_queue_log WHERE to_char(date_add, 'YYYY-MM-DD') = '2021-04-02' GROUP BY vn) AS queue_max ON (queue_max.max_id=log.id)
				LEFT JOIN frontmed.neural_appointment AS appointment ON appointment.visit_id = visit.id
				WHERE log.com_id2 IN ('27', '19') AND log.com_id1 IN (2, 11, 14, 19, 27, 46, 48, 49, 58) GROUP BY log.vn_id, log.vn, log.date_add, patient.hn, patient.pa_pre_name, patient.pa_name, patient.pa_lastname, log.station_id, appointment.id, log.nano_queue_id
				 ORDER BY time_th ASC
ERROR - 2021-04-02 10:26:48 --> Query error: FATAL:  terminating connection due to administrator command
server closed the connection unexpectedly
	This probably means the server terminated abnormally
	before or while processing the request. - Invalid query: UPDATE "frontmed"."ci_sessions" SET "timestamp" = 1617334008
WHERE "id" = '924o6pcdrsjj7dk40sh7q6alpouaifpc'
AND "ip_address" = '192.168.10.192'
ERROR - 2021-04-02 10:26:49 --> Severity: Warning --> pg_connect() [<a href='function.pg-connect'>function.pg-connect</a>]: Unable to connect to PostgreSQL server: FATAL:  the database system is shutting down /home/miracle/public_html/ci3_cgi/system/database/drivers/postgre/postgre_driver.php 154
ERROR - 2021-04-02 10:26:49 --> Unable to connect to the database
ERROR - 2021-04-02 10:29:23 --> Could not find the language line "admin dashboard jsi18n-sample"
ERROR - 2021-04-02 10:30:41 --> Could not find the language line "admin dashboard jsi18n-sample"
ERROR - 2021-04-02 10:41:49 --> Severity: Warning --> pg_query() [<a href='function.pg-query'>function.pg-query</a>]: Query failed: FATAL:  terminating connection due to administrator command
server closed the connection unexpectedly
	This probably means the server terminated abnormally
	before or while processing the request. /home/miracle/public_html/ci3_cgi/system/database/drivers/postgre/postgre_driver.php 242
ERROR - 2021-04-02 10:41:49 --> Severity: Warning --> pg_query() [<a href='function.pg-query'>function.pg-query</a>]: Query failed: FATAL:  terminating connection due to administrator command
server closed the connection unexpectedly
	This probably means the server terminated abnormally
	before or while processing the request. /home/miracle/public_html/ci3_cgi/system/database/drivers/postgre/postgre_driver.php 242
ERROR - 2021-04-02 10:41:49 --> Severity: Warning --> pg_query() [<a href='function.pg-query'>function.pg-query</a>]: Query failed: FATAL:  terminating connection due to administrator command
server closed the connection unexpectedly
	This probably means the server terminated abnormally
	before or while processing the request. /home/miracle/public_html/ci3_cgi/system/database/drivers/postgre/postgre_driver.php 242
ERROR - 2021-04-02 10:41:49 --> Severity: Warning --> pg_query() [<a href='function.pg-query'>function.pg-query</a>]: Query failed: FATAL:  terminating connection due to administrator command
server closed the connection unexpectedly
	This probably means the server terminated abnormally
	before or while processing the request. /home/miracle/public_html/ci3_cgi/system/database/drivers/postgre/postgre_driver.php 242
ERROR - 2021-04-02 10:41:49 --> Query error: FATAL:  terminating connection due to administrator command
server closed the connection unexpectedly
	This probably means the server terminated abnormally
	before or while processing the request. - Invalid query: SELECT * FROM public.settings ORDER BY sort_order ASC
ERROR - 2021-04-02 10:41:49 --> Severity: Warning --> Unknown: Failed to write session data (user). Please verify that the current setting of session.save_path is correct () Unknown 0
ERROR - 2021-04-02 10:41:49 --> Query error: FATAL:  terminating connection due to administrator command
server closed the connection unexpectedly
	This probably means the server terminated abnormally
	before or while processing the request. - Invalid query: SELECT * FROM public.settings ORDER BY sort_order ASC
ERROR - 2021-04-02 10:41:49 --> Query error: FATAL:  terminating connection due to administrator command
server closed the connection unexpectedly
	This probably means the server terminated abnormally
	before or while processing the request. - Invalid query: SELECT * FROM public.settings ORDER BY sort_order ASC
ERROR - 2021-04-02 10:41:49 --> Severity: Warning --> Unknown: Failed to write session data (user). Please verify that the current setting of session.save_path is correct () Unknown 0
ERROR - 2021-04-02 10:41:49 --> Severity: Warning --> Unknown: Failed to write session data (user). Please verify that the current setting of session.save_path is correct () Unknown 0
ERROR - 2021-04-02 10:41:49 --> Query error: FATAL:  terminating connection due to administrator command
server closed the connection unexpectedly
	This probably means the server terminated abnormally
	before or while processing the request. - Invalid query: SELECT * FROM public.settings ORDER BY sort_order ASC
ERROR - 2021-04-02 10:41:49 --> Severity: Warning --> Unknown: Failed to write session data (user). Please verify that the current setting of session.save_path is correct () Unknown 0
ERROR - 2021-04-02 10:41:49 --> Severity: Warning --> pg_query() [<a href='function.pg-query'>function.pg-query</a>]: Query failed: FATAL:  terminating connection due to administrator command
server closed the connection unexpectedly
	This probably means the server terminated abnormally
	before or while processing the request. /home/miracle/public_html/ci3_cgi/system/database/drivers/postgre/postgre_driver.php 242
ERROR - 2021-04-02 10:41:49 --> Query error: FATAL:  terminating connection due to administrator command
server closed the connection unexpectedly
	This probably means the server terminated abnormally
	before or while processing the request. - Invalid query: SELECT log.vn_id, log.vn, to_char(log.date_add, 'HH24:MI') AS time_th, patient.hn, patient.pa_pre_name || patient.pa_name || ' ' || patient.pa_lastname AS patient_name, log.station_id, appointment.id AS appointment_id, log.nano_queue_id AS queue_id
				FROM jvkk.nano_queue_log AS log
				INNER JOIN medrec.nano_visit AS visit ON visit.vn = log.vn
				INNER JOIN medrec.nano_patient AS patient ON patient.id = visit.id_patient
				INNER JOIN (SELECT vn, MAX(id) AS max_id FROM jvkk.nano_queue_log WHERE to_char(date_add, 'YYYY-MM-DD') = '2021-04-02' GROUP BY vn) AS queue_max ON (queue_max.max_id=log.id)
				LEFT JOIN frontmed.neural_appointment AS appointment ON appointment.visit_id = visit.id
				WHERE log.com_id2 IN ('27', '19') AND log.com_id1 IN (2, 11, 14, 19, 27, 46, 48, 49, 58) GROUP BY log.vn_id, log.vn, log.date_add, patient.hn, patient.pa_pre_name, patient.pa_name, patient.pa_lastname, log.station_id, appointment.id, log.nano_queue_id
				 ORDER BY time_th ASC
ERROR - 2021-04-02 10:41:49 --> Query error: FATAL:  terminating connection due to administrator command
server closed the connection unexpectedly
	This probably means the server terminated abnormally
	before or while processing the request. - Invalid query: UPDATE "frontmed"."ci_sessions" SET "timestamp" = 1617334909
WHERE "id" = 'vc1f1q974lettrrnf3s06ar5k09adhnm'
AND "ip_address" = '192.168.20.155'
ERROR - 2021-04-02 10:41:49 --> Severity: Warning --> pg_query() [<a href='function.pg-query'>function.pg-query</a>]: Query failed: FATAL:  terminating connection due to administrator command
server closed the connection unexpectedly
	This probably means the server terminated abnormally
	before or while processing the request. /home/miracle/public_html/ci3_cgi/system/database/drivers/postgre/postgre_driver.php 242
ERROR - 2021-04-02 10:41:49 --> Query error: FATAL:  terminating connection due to administrator command
server closed the connection unexpectedly
	This probably means the server terminated abnormally
	before or while processing the request. - Invalid query: SELECT log.vn_id, log.vn, to_char(log.date_add, 'HH24:MI') AS time_th, patient.hn, patient.pa_pre_name || patient.pa_name || ' ' || patient.pa_lastname AS patient_name, log.station_id, appointment.id AS appointment_id, log.nano_queue_id AS queue_id
				FROM jvkk.nano_queue_log AS log
				INNER JOIN medrec.nano_visit AS visit ON visit.vn = log.vn
				INNER JOIN medrec.nano_patient AS patient ON patient.id = visit.id_patient
				INNER JOIN (SELECT vn, MAX(id) AS max_id FROM jvkk.nano_queue_log WHERE to_char(date_add, 'YYYY-MM-DD') = '2021-04-02' AND station_id IS NOT NULL GROUP BY vn) AS queue_max ON (queue_max.max_id=log.id)
				LEFT JOIN frontmed.neural_appointment AS appointment ON appointment.visit_id = visit.id
				WHERE log.com_id1 = '10' AND log.com_id2 = '27' AND log.station_id = '10'
				GROUP BY log.vn_id, log.vn, log.date_add, patient.hn, patient.pa_pre_name, patient.pa_name, patient.pa_lastname, log.station_id, appointment.id, log.nano_queue_id
				ORDER BY time_th ASC
ERROR - 2021-04-02 10:41:49 --> Query error: FATAL:  terminating connection due to administrator command
server closed the connection unexpectedly
	This probably means the server terminated abnormally
	before or while processing the request. - Invalid query: UPDATE "frontmed"."ci_sessions" SET "timestamp" = 1617334909
WHERE "id" = 'k7kcm1rj405onjdubeqefr2000monmft'
AND "ip_address" = '192.168.10.192'
ERROR - 2021-04-02 10:41:49 --> Severity: Warning --> pg_connect() [<a href='function.pg-connect'>function.pg-connect</a>]: Unable to connect to PostgreSQL server: FATAL:  the database system is shutting down /home/miracle/public_html/ci3_cgi/system/database/drivers/postgre/postgre_driver.php 154
ERROR - 2021-04-02 10:41:49 --> Unable to connect to the database
ERROR - 2021-04-02 10:41:49 --> Severity: Warning --> pg_connect() [<a href='function.pg-connect'>function.pg-connect</a>]: Unable to connect to PostgreSQL server: FATAL:  the database system is shutting down /home/miracle/public_html/ci3_cgi/system/database/drivers/postgre/postgre_driver.php 154
ERROR - 2021-04-02 10:41:49 --> Unable to connect to the database
ERROR - 2021-04-02 10:46:44 --> Could not find the language line "admin dashboard jsi18n-sample"
ERROR - 2021-04-02 10:58:28 --> Severity: Warning --> pg_query() [<a href='function.pg-query'>function.pg-query</a>]: Query failed: ERROR:  invalid input syntax for integer: &quot;null&quot;
LINE 2: WHERE &quot;jvkk&quot;.&quot;nano_queue&quot;.&quot;id&quot; = 'null'
                                         ^ /home/miracle/public_html/ci3_cgi/system/database/drivers/postgre/postgre_driver.php 242
ERROR - 2021-04-02 10:58:28 --> Query error: ERROR:  invalid input syntax for integer: "null"
LINE 2: WHERE "jvkk"."nano_queue"."id" = 'null'
                                         ^ - Invalid query: UPDATE "jvkk"."nano_queue" SET "com1" = 'หลังพบแพทย์', "com2" = 'ยืนยันจ่ายยา', "action" = 'เภสัชกรยืนยันรายการสั่งยา', "com_id1" = '27', "com_id2" = '16', "user1" = '570', "user2" = NULL, "action_id" = '22', "time_send" = '2021-04-02 10:58:28', "time_receive" = NULL
WHERE "jvkk"."nano_queue"."id" = 'null'
ERROR - 2021-04-02 10:58:32 --> Severity: Warning --> pg_query() [<a href='function.pg-query'>function.pg-query</a>]: Query failed: ERROR:  invalid input syntax for integer: &quot;null&quot;
LINE 2: WHERE &quot;jvkk&quot;.&quot;nano_queue&quot;.&quot;id&quot; = 'null'
                                         ^ /home/miracle/public_html/ci3_cgi/system/database/drivers/postgre/postgre_driver.php 242
ERROR - 2021-04-02 10:58:32 --> Query error: ERROR:  invalid input syntax for integer: "null"
LINE 2: WHERE "jvkk"."nano_queue"."id" = 'null'
                                         ^ - Invalid query: UPDATE "jvkk"."nano_queue" SET "com1" = 'หลังพบแพทย์', "com2" = 'ยืนยันจ่ายยา', "action" = 'เภสัชกรยืนยันรายการสั่งยา', "com_id1" = '27', "com_id2" = '16', "user1" = '570', "user2" = NULL, "action_id" = '22', "time_send" = '2021-04-02 10:58:32', "time_receive" = NULL
WHERE "jvkk"."nano_queue"."id" = 'null'
ERROR - 2021-04-02 10:58:33 --> Severity: Warning --> pg_query() [<a href='function.pg-query'>function.pg-query</a>]: Query failed: ERROR:  invalid input syntax for integer: &quot;null&quot;
LINE 2: WHERE &quot;jvkk&quot;.&quot;nano_queue&quot;.&quot;id&quot; = 'null'
                                         ^ /home/miracle/public_html/ci3_cgi/system/database/drivers/postgre/postgre_driver.php 242
ERROR - 2021-04-02 10:58:33 --> Query error: ERROR:  invalid input syntax for integer: "null"
LINE 2: WHERE "jvkk"."nano_queue"."id" = 'null'
                                         ^ - Invalid query: UPDATE "jvkk"."nano_queue" SET "com1" = 'หลังพบแพทย์', "com2" = 'ยืนยันจ่ายยา', "action" = 'เภสัชกรยืนยันรายการสั่งยา', "com_id1" = '27', "com_id2" = '16', "user1" = '570', "user2" = NULL, "action_id" = '22', "time_send" = '2021-04-02 10:58:33', "time_receive" = NULL
WHERE "jvkk"."nano_queue"."id" = 'null'
ERROR - 2021-04-02 10:58:34 --> Severity: Warning --> pg_query() [<a href='function.pg-query'>function.pg-query</a>]: Query failed: ERROR:  invalid input syntax for integer: &quot;null&quot;
LINE 2: WHERE &quot;jvkk&quot;.&quot;nano_queue&quot;.&quot;id&quot; = 'null'
                                         ^ /home/miracle/public_html/ci3_cgi/system/database/drivers/postgre/postgre_driver.php 242
ERROR - 2021-04-02 10:58:34 --> Query error: ERROR:  invalid input syntax for integer: "null"
LINE 2: WHERE "jvkk"."nano_queue"."id" = 'null'
                                         ^ - Invalid query: UPDATE "jvkk"."nano_queue" SET "com1" = 'หลังพบแพทย์', "com2" = 'ยืนยันจ่ายยา', "action" = 'เภสัชกรยืนยันรายการสั่งยา', "com_id1" = '27', "com_id2" = '16', "user1" = '570', "user2" = NULL, "action_id" = '22', "time_send" = '2021-04-02 10:58:34', "time_receive" = NULL
WHERE "jvkk"."nano_queue"."id" = 'null'
ERROR - 2021-04-02 10:58:34 --> Severity: Warning --> pg_query() [<a href='function.pg-query'>function.pg-query</a>]: Query failed: ERROR:  invalid input syntax for integer: &quot;null&quot;
LINE 2: WHERE &quot;jvkk&quot;.&quot;nano_queue&quot;.&quot;id&quot; = 'null'
                                         ^ /home/miracle/public_html/ci3_cgi/system/database/drivers/postgre/postgre_driver.php 242
ERROR - 2021-04-02 10:58:34 --> Query error: ERROR:  invalid input syntax for integer: "null"
LINE 2: WHERE "jvkk"."nano_queue"."id" = 'null'
                                         ^ - Invalid query: UPDATE "jvkk"."nano_queue" SET "com1" = 'หลังพบแพทย์', "com2" = 'ยืนยันจ่ายยา', "action" = 'เภสัชกรยืนยันรายการสั่งยา', "com_id1" = '27', "com_id2" = '16', "user1" = '570', "user2" = NULL, "action_id" = '22', "time_send" = '2021-04-02 10:58:34', "time_receive" = NULL
WHERE "jvkk"."nano_queue"."id" = 'null'
ERROR - 2021-04-02 10:58:37 --> Severity: Warning --> pg_query() [<a href='function.pg-query'>function.pg-query</a>]: Query failed: ERROR:  invalid input syntax for integer: &quot;null&quot;
LINE 2: WHERE &quot;jvkk&quot;.&quot;nano_queue&quot;.&quot;id&quot; = 'null'
                                         ^ /home/miracle/public_html/ci3_cgi/system/database/drivers/postgre/postgre_driver.php 242
ERROR - 2021-04-02 10:58:37 --> Query error: ERROR:  invalid input syntax for integer: "null"
LINE 2: WHERE "jvkk"."nano_queue"."id" = 'null'
                                         ^ - Invalid query: UPDATE "jvkk"."nano_queue" SET "com1" = 'หลังพบแพทย์', "com2" = 'ยืนยันจ่ายยา', "action" = 'เภสัชกรยืนยันรายการสั่งยา', "com_id1" = '27', "com_id2" = '16', "user1" = '570', "user2" = NULL, "action_id" = '22', "time_send" = '2021-04-02 10:58:37', "time_receive" = NULL
WHERE "jvkk"."nano_queue"."id" = 'null'
ERROR - 2021-04-02 10:58:42 --> Severity: Warning --> pg_query() [<a href='function.pg-query'>function.pg-query</a>]: Query failed: ERROR:  invalid input syntax for integer: &quot;null&quot;
LINE 2: WHERE &quot;jvkk&quot;.&quot;nano_queue&quot;.&quot;id&quot; = 'null'
                                         ^ /home/miracle/public_html/ci3_cgi/system/database/drivers/postgre/postgre_driver.php 242
ERROR - 2021-04-02 10:58:42 --> Query error: ERROR:  invalid input syntax for integer: "null"
LINE 2: WHERE "jvkk"."nano_queue"."id" = 'null'
                                         ^ - Invalid query: UPDATE "jvkk"."nano_queue" SET "com1" = 'หลังพบแพทย์', "com2" = 'ยืนยันจ่ายยา', "action" = 'เภสัชกรยืนยันรายการสั่งยา', "com_id1" = '27', "com_id2" = '16', "user1" = '570', "user2" = NULL, "action_id" = '22', "time_send" = '2021-04-02 10:58:42', "time_receive" = NULL
WHERE "jvkk"."nano_queue"."id" = 'null'
ERROR - 2021-04-02 10:58:43 --> Severity: Warning --> pg_query() [<a href='function.pg-query'>function.pg-query</a>]: Query failed: ERROR:  invalid input syntax for integer: &quot;null&quot;
LINE 2: WHERE &quot;jvkk&quot;.&quot;nano_queue&quot;.&quot;id&quot; = 'null'
                                         ^ /home/miracle/public_html/ci3_cgi/system/database/drivers/postgre/postgre_driver.php 242
ERROR - 2021-04-02 10:58:43 --> Query error: ERROR:  invalid input syntax for integer: "null"
LINE 2: WHERE "jvkk"."nano_queue"."id" = 'null'
                                         ^ - Invalid query: UPDATE "jvkk"."nano_queue" SET "com1" = 'หลังพบแพทย์', "com2" = 'ยืนยันจ่ายยา', "action" = 'เภสัชกรยืนยันรายการสั่งยา', "com_id1" = '27', "com_id2" = '16', "user1" = '570', "user2" = NULL, "action_id" = '22', "time_send" = '2021-04-02 10:58:43', "time_receive" = NULL
WHERE "jvkk"."nano_queue"."id" = 'null'
ERROR - 2021-04-02 10:58:44 --> Severity: Warning --> pg_query() [<a href='function.pg-query'>function.pg-query</a>]: Query failed: ERROR:  invalid input syntax for integer: &quot;null&quot;
LINE 2: WHERE &quot;jvkk&quot;.&quot;nano_queue&quot;.&quot;id&quot; = 'null'
                                         ^ /home/miracle/public_html/ci3_cgi/system/database/drivers/postgre/postgre_driver.php 242
ERROR - 2021-04-02 10:58:44 --> Query error: ERROR:  invalid input syntax for integer: "null"
LINE 2: WHERE "jvkk"."nano_queue"."id" = 'null'
                                         ^ - Invalid query: UPDATE "jvkk"."nano_queue" SET "com1" = 'หลังพบแพทย์', "com2" = 'ยืนยันจ่ายยา', "action" = 'เภสัชกรยืนยันรายการสั่งยา', "com_id1" = '27', "com_id2" = '16', "user1" = '570', "user2" = NULL, "action_id" = '22', "time_send" = '2021-04-02 10:58:44', "time_receive" = NULL
WHERE "jvkk"."nano_queue"."id" = 'null'
ERROR - 2021-04-02 10:58:49 --> Severity: Warning --> pg_query() [<a href='function.pg-query'>function.pg-query</a>]: Query failed: ERROR:  invalid input syntax for integer: &quot;null&quot;
LINE 2: WHERE &quot;jvkk&quot;.&quot;nano_queue&quot;.&quot;id&quot; = 'null'
                                         ^ /home/miracle/public_html/ci3_cgi/system/database/drivers/postgre/postgre_driver.php 242
ERROR - 2021-04-02 10:58:49 --> Query error: ERROR:  invalid input syntax for integer: "null"
LINE 2: WHERE "jvkk"."nano_queue"."id" = 'null'
                                         ^ - Invalid query: UPDATE "jvkk"."nano_queue" SET "com1" = 'หลังพบแพทย์', "com2" = 'ยืนยันจ่ายยา', "action" = 'เภสัชกรยืนยันรายการสั่งยา', "com_id1" = '27', "com_id2" = '16', "user1" = '570', "user2" = NULL, "action_id" = '22', "time_send" = '2021-04-02 10:58:49', "time_receive" = NULL
WHERE "jvkk"."nano_queue"."id" = 'null'
ERROR - 2021-04-02 10:58:50 --> Severity: Warning --> pg_query() [<a href='function.pg-query'>function.pg-query</a>]: Query failed: ERROR:  invalid input syntax for integer: &quot;null&quot;
LINE 2: WHERE &quot;jvkk&quot;.&quot;nano_queue&quot;.&quot;id&quot; = 'null'
                                         ^ /home/miracle/public_html/ci3_cgi/system/database/drivers/postgre/postgre_driver.php 242
ERROR - 2021-04-02 10:58:50 --> Query error: ERROR:  invalid input syntax for integer: "null"
LINE 2: WHERE "jvkk"."nano_queue"."id" = 'null'
                                         ^ - Invalid query: UPDATE "jvkk"."nano_queue" SET "com1" = 'หลังพบแพทย์', "com2" = 'ยืนยันจ่ายยา', "action" = 'เภสัชกรยืนยันรายการสั่งยา', "com_id1" = '27', "com_id2" = '16', "user1" = '570', "user2" = NULL, "action_id" = '22', "time_send" = '2021-04-02 10:58:50', "time_receive" = NULL
WHERE "jvkk"."nano_queue"."id" = 'null'
ERROR - 2021-04-02 10:58:53 --> Severity: Warning --> pg_query() [<a href='function.pg-query'>function.pg-query</a>]: Query failed: ERROR:  invalid input syntax for integer: &quot;null&quot;
LINE 2: WHERE &quot;jvkk&quot;.&quot;nano_queue&quot;.&quot;id&quot; = 'null'
                                         ^ /home/miracle/public_html/ci3_cgi/system/database/drivers/postgre/postgre_driver.php 242
ERROR - 2021-04-02 10:58:53 --> Query error: ERROR:  invalid input syntax for integer: "null"
LINE 2: WHERE "jvkk"."nano_queue"."id" = 'null'
                                         ^ - Invalid query: UPDATE "jvkk"."nano_queue" SET "com1" = 'หลังพบแพทย์', "com2" = 'ยืนยันจ่ายยา', "action" = 'เภสัชกรยืนยันรายการสั่งยา', "com_id1" = '27', "com_id2" = '16', "user1" = '570', "user2" = NULL, "action_id" = '22', "time_send" = '2021-04-02 10:58:53', "time_receive" = NULL
WHERE "jvkk"."nano_queue"."id" = 'null'
ERROR - 2021-04-02 10:58:56 --> Severity: Warning --> pg_query() [<a href='function.pg-query'>function.pg-query</a>]: Query failed: ERROR:  invalid input syntax for integer: &quot;null&quot;
LINE 2: WHERE &quot;jvkk&quot;.&quot;nano_queue&quot;.&quot;id&quot; = 'null'
                                         ^ /home/miracle/public_html/ci3_cgi/system/database/drivers/postgre/postgre_driver.php 242
ERROR - 2021-04-02 10:58:56 --> Query error: ERROR:  invalid input syntax for integer: "null"
LINE 2: WHERE "jvkk"."nano_queue"."id" = 'null'
                                         ^ - Invalid query: UPDATE "jvkk"."nano_queue" SET "com1" = 'หลังพบแพทย์', "com2" = 'ยืนยันจ่ายยา', "action" = 'เภสัชกรยืนยันรายการสั่งยา', "com_id1" = '27', "com_id2" = '16', "user1" = '570', "user2" = NULL, "action_id" = '22', "time_send" = '2021-04-02 10:58:56', "time_receive" = NULL
WHERE "jvkk"."nano_queue"."id" = 'null'
ERROR - 2021-04-02 10:58:57 --> Severity: Warning --> pg_query() [<a href='function.pg-query'>function.pg-query</a>]: Query failed: ERROR:  invalid input syntax for integer: &quot;null&quot;
LINE 2: WHERE &quot;jvkk&quot;.&quot;nano_queue&quot;.&quot;id&quot; = 'null'
                                         ^ /home/miracle/public_html/ci3_cgi/system/database/drivers/postgre/postgre_driver.php 242
ERROR - 2021-04-02 10:58:57 --> Query error: ERROR:  invalid input syntax for integer: "null"
LINE 2: WHERE "jvkk"."nano_queue"."id" = 'null'
                                         ^ - Invalid query: UPDATE "jvkk"."nano_queue" SET "com1" = 'หลังพบแพทย์', "com2" = 'ยืนยันจ่ายยา', "action" = 'เภสัชกรยืนยันรายการสั่งยา', "com_id1" = '27', "com_id2" = '16', "user1" = '570', "user2" = NULL, "action_id" = '22', "time_send" = '2021-04-02 10:58:57', "time_receive" = NULL
WHERE "jvkk"."nano_queue"."id" = 'null'
ERROR - 2021-04-02 10:58:57 --> Severity: Warning --> pg_query() [<a href='function.pg-query'>function.pg-query</a>]: Query failed: ERROR:  invalid input syntax for integer: &quot;null&quot;
LINE 2: WHERE &quot;jvkk&quot;.&quot;nano_queue&quot;.&quot;id&quot; = 'null'
                                         ^ /home/miracle/public_html/ci3_cgi/system/database/drivers/postgre/postgre_driver.php 242
ERROR - 2021-04-02 10:58:57 --> Query error: ERROR:  invalid input syntax for integer: "null"
LINE 2: WHERE "jvkk"."nano_queue"."id" = 'null'
                                         ^ - Invalid query: UPDATE "jvkk"."nano_queue" SET "com1" = 'หลังพบแพทย์', "com2" = 'ยืนยันจ่ายยา', "action" = 'เภสัชกรยืนยันรายการสั่งยา', "com_id1" = '27', "com_id2" = '16', "user1" = '570', "user2" = NULL, "action_id" = '22', "time_send" = '2021-04-02 10:58:57', "time_receive" = NULL
WHERE "jvkk"."nano_queue"."id" = 'null'
ERROR - 2021-04-02 10:58:57 --> Severity: Warning --> pg_query() [<a href='function.pg-query'>function.pg-query</a>]: Query failed: ERROR:  invalid input syntax for integer: &quot;null&quot;
LINE 2: WHERE &quot;jvkk&quot;.&quot;nano_queue&quot;.&quot;id&quot; = 'null'
                                         ^ /home/miracle/public_html/ci3_cgi/system/database/drivers/postgre/postgre_driver.php 242
ERROR - 2021-04-02 10:58:57 --> Query error: ERROR:  invalid input syntax for integer: "null"
LINE 2: WHERE "jvkk"."nano_queue"."id" = 'null'
                                         ^ - Invalid query: UPDATE "jvkk"."nano_queue" SET "com1" = 'หลังพบแพทย์', "com2" = 'ยืนยันจ่ายยา', "action" = 'เภสัชกรยืนยันรายการสั่งยา', "com_id1" = '27', "com_id2" = '16', "user1" = '570', "user2" = NULL, "action_id" = '22', "time_send" = '2021-04-02 10:58:57', "time_receive" = NULL
WHERE "jvkk"."nano_queue"."id" = 'null'
ERROR - 2021-04-02 10:58:57 --> Severity: Warning --> pg_query() [<a href='function.pg-query'>function.pg-query</a>]: Query failed: ERROR:  invalid input syntax for integer: &quot;null&quot;
LINE 2: WHERE &quot;jvkk&quot;.&quot;nano_queue&quot;.&quot;id&quot; = 'null'
                                         ^ /home/miracle/public_html/ci3_cgi/system/database/drivers/postgre/postgre_driver.php 242
ERROR - 2021-04-02 10:58:57 --> Query error: ERROR:  invalid input syntax for integer: "null"
LINE 2: WHERE "jvkk"."nano_queue"."id" = 'null'
                                         ^ - Invalid query: UPDATE "jvkk"."nano_queue" SET "com1" = 'หลังพบแพทย์', "com2" = 'ยืนยันจ่ายยา', "action" = 'เภสัชกรยืนยันรายการสั่งยา', "com_id1" = '27', "com_id2" = '16', "user1" = '570', "user2" = NULL, "action_id" = '22', "time_send" = '2021-04-02 10:58:57', "time_receive" = NULL
WHERE "jvkk"."nano_queue"."id" = 'null'
ERROR - 2021-04-02 10:58:57 --> Severity: Warning --> pg_query() [<a href='function.pg-query'>function.pg-query</a>]: Query failed: ERROR:  invalid input syntax for integer: &quot;null&quot;
LINE 2: WHERE &quot;jvkk&quot;.&quot;nano_queue&quot;.&quot;id&quot; = 'null'
                                         ^ /home/miracle/public_html/ci3_cgi/system/database/drivers/postgre/postgre_driver.php 242
ERROR - 2021-04-02 10:58:57 --> Query error: ERROR:  invalid input syntax for integer: "null"
LINE 2: WHERE "jvkk"."nano_queue"."id" = 'null'
                                         ^ - Invalid query: UPDATE "jvkk"."nano_queue" SET "com1" = 'หลังพบแพทย์', "com2" = 'ยืนยันจ่ายยา', "action" = 'เภสัชกรยืนยันรายการสั่งยา', "com_id1" = '27', "com_id2" = '16', "user1" = '570', "user2" = NULL, "action_id" = '22', "time_send" = '2021-04-02 10:58:57', "time_receive" = NULL
WHERE "jvkk"."nano_queue"."id" = 'null'
ERROR - 2021-04-02 10:58:58 --> Severity: Warning --> pg_query() [<a href='function.pg-query'>function.pg-query</a>]: Query failed: ERROR:  invalid input syntax for integer: &quot;null&quot;
LINE 2: WHERE &quot;jvkk&quot;.&quot;nano_queue&quot;.&quot;id&quot; = 'null'
                                         ^ /home/miracle/public_html/ci3_cgi/system/database/drivers/postgre/postgre_driver.php 242
ERROR - 2021-04-02 10:58:58 --> Query error: ERROR:  invalid input syntax for integer: "null"
LINE 2: WHERE "jvkk"."nano_queue"."id" = 'null'
                                         ^ - Invalid query: UPDATE "jvkk"."nano_queue" SET "com1" = 'หลังพบแพทย์', "com2" = 'ยืนยันจ่ายยา', "action" = 'เภสัชกรยืนยันรายการสั่งยา', "com_id1" = '27', "com_id2" = '16', "user1" = '570', "user2" = NULL, "action_id" = '22', "time_send" = '2021-04-02 10:58:58', "time_receive" = NULL
WHERE "jvkk"."nano_queue"."id" = 'null'
ERROR - 2021-04-02 10:58:58 --> Severity: Warning --> pg_query() [<a href='function.pg-query'>function.pg-query</a>]: Query failed: ERROR:  invalid input syntax for integer: &quot;null&quot;
LINE 2: WHERE &quot;jvkk&quot;.&quot;nano_queue&quot;.&quot;id&quot; = 'null'
                                         ^ /home/miracle/public_html/ci3_cgi/system/database/drivers/postgre/postgre_driver.php 242
ERROR - 2021-04-02 10:58:58 --> Query error: ERROR:  invalid input syntax for integer: "null"
LINE 2: WHERE "jvkk"."nano_queue"."id" = 'null'
                                         ^ - Invalid query: UPDATE "jvkk"."nano_queue" SET "com1" = 'หลังพบแพทย์', "com2" = 'ยืนยันจ่ายยา', "action" = 'เภสัชกรยืนยันรายการสั่งยา', "com_id1" = '27', "com_id2" = '16', "user1" = '570', "user2" = NULL, "action_id" = '22', "time_send" = '2021-04-02 10:58:58', "time_receive" = NULL
WHERE "jvkk"."nano_queue"."id" = 'null'
ERROR - 2021-04-02 10:59:20 --> Severity: Warning --> pg_query() [<a href='function.pg-query'>function.pg-query</a>]: Query failed: ERROR:  invalid input syntax for integer: &quot;null&quot;
LINE 2: WHERE &quot;jvkk&quot;.&quot;nano_queue&quot;.&quot;id&quot; = 'null'
                                         ^ /home/miracle/public_html/ci3_cgi/system/database/drivers/postgre/postgre_driver.php 242
ERROR - 2021-04-02 10:59:20 --> Query error: ERROR:  invalid input syntax for integer: "null"
LINE 2: WHERE "jvkk"."nano_queue"."id" = 'null'
                                         ^ - Invalid query: UPDATE "jvkk"."nano_queue" SET "com1" = 'หลังพบแพทย์', "com2" = 'ยืนยันจ่ายยา', "action" = 'เภสัชกรยืนยันรายการสั่งยา', "com_id1" = '27', "com_id2" = '16', "user1" = '570', "user2" = NULL, "action_id" = '22', "time_send" = '2021-04-02 10:59:20', "time_receive" = NULL
WHERE "jvkk"."nano_queue"."id" = 'null'
ERROR - 2021-04-02 10:59:25 --> Severity: Warning --> pg_query() [<a href='function.pg-query'>function.pg-query</a>]: Query failed: ERROR:  invalid input syntax for integer: &quot;null&quot;
LINE 2: WHERE &quot;jvkk&quot;.&quot;nano_queue&quot;.&quot;id&quot; = 'null'
                                         ^ /home/miracle/public_html/ci3_cgi/system/database/drivers/postgre/postgre_driver.php 242
ERROR - 2021-04-02 10:59:25 --> Query error: ERROR:  invalid input syntax for integer: "null"
LINE 2: WHERE "jvkk"."nano_queue"."id" = 'null'
                                         ^ - Invalid query: UPDATE "jvkk"."nano_queue" SET "com1" = 'หลังพบแพทย์', "com2" = 'ยืนยันจ่ายยา', "action" = 'เภสัชกรยืนยันรายการสั่งยา', "com_id1" = '27', "com_id2" = '16', "user1" = '570', "user2" = NULL, "action_id" = '22', "time_send" = '2021-04-02 10:59:25', "time_receive" = NULL
WHERE "jvkk"."nano_queue"."id" = 'null'
ERROR - 2021-04-02 10:59:25 --> Severity: Warning --> pg_query() [<a href='function.pg-query'>function.pg-query</a>]: Query failed: ERROR:  invalid input syntax for integer: &quot;null&quot;
LINE 2: WHERE &quot;jvkk&quot;.&quot;nano_queue&quot;.&quot;id&quot; = 'null'
                                         ^ /home/miracle/public_html/ci3_cgi/system/database/drivers/postgre/postgre_driver.php 242
ERROR - 2021-04-02 10:59:25 --> Query error: ERROR:  invalid input syntax for integer: "null"
LINE 2: WHERE "jvkk"."nano_queue"."id" = 'null'
                                         ^ - Invalid query: UPDATE "jvkk"."nano_queue" SET "com1" = 'หลังพบแพทย์', "com2" = 'ยืนยันจ่ายยา', "action" = 'เภสัชกรยืนยันรายการสั่งยา', "com_id1" = '27', "com_id2" = '16', "user1" = '570', "user2" = NULL, "action_id" = '22', "time_send" = '2021-04-02 10:59:25', "time_receive" = NULL
WHERE "jvkk"."nano_queue"."id" = 'null'
ERROR - 2021-04-02 10:59:27 --> Severity: Warning --> pg_query() [<a href='function.pg-query'>function.pg-query</a>]: Query failed: ERROR:  invalid input syntax for integer: &quot;null&quot;
LINE 2: WHERE &quot;jvkk&quot;.&quot;nano_queue&quot;.&quot;id&quot; = 'null'
                                         ^ /home/miracle/public_html/ci3_cgi/system/database/drivers/postgre/postgre_driver.php 242
ERROR - 2021-04-02 10:59:27 --> Query error: ERROR:  invalid input syntax for integer: "null"
LINE 2: WHERE "jvkk"."nano_queue"."id" = 'null'
                                         ^ - Invalid query: UPDATE "jvkk"."nano_queue" SET "com1" = 'หลังพบแพทย์', "com2" = 'ยืนยันจ่ายยา', "action" = 'เภสัชกรยืนยันรายการสั่งยา', "com_id1" = '27', "com_id2" = '16', "user1" = '570', "user2" = NULL, "action_id" = '22', "time_send" = '2021-04-02 10:59:27', "time_receive" = NULL
WHERE "jvkk"."nano_queue"."id" = 'null'
ERROR - 2021-04-02 10:59:33 --> Severity: Warning --> pg_query() [<a href='function.pg-query'>function.pg-query</a>]: Query failed: ERROR:  invalid input syntax for integer: &quot;null&quot;
LINE 2: WHERE &quot;jvkk&quot;.&quot;nano_queue&quot;.&quot;id&quot; = 'null'
                                         ^ /home/miracle/public_html/ci3_cgi/system/database/drivers/postgre/postgre_driver.php 242
ERROR - 2021-04-02 10:59:33 --> Query error: ERROR:  invalid input syntax for integer: "null"
LINE 2: WHERE "jvkk"."nano_queue"."id" = 'null'
                                         ^ - Invalid query: UPDATE "jvkk"."nano_queue" SET "com1" = 'หลังพบแพทย์', "com2" = 'ยืนยันจ่ายยา', "action" = 'เภสัชกรยืนยันรายการสั่งยา', "com_id1" = '27', "com_id2" = '16', "user1" = '570', "user2" = NULL, "action_id" = '22', "time_send" = '2021-04-02 10:59:33', "time_receive" = NULL
WHERE "jvkk"."nano_queue"."id" = 'null'
ERROR - 2021-04-02 10:59:36 --> Severity: Warning --> pg_query() [<a href='function.pg-query'>function.pg-query</a>]: Query failed: ERROR:  invalid input syntax for integer: &quot;null&quot;
LINE 2: WHERE &quot;jvkk&quot;.&quot;nano_queue&quot;.&quot;id&quot; = 'null'
                                         ^ /home/miracle/public_html/ci3_cgi/system/database/drivers/postgre/postgre_driver.php 242
ERROR - 2021-04-02 10:59:36 --> Query error: ERROR:  invalid input syntax for integer: "null"
LINE 2: WHERE "jvkk"."nano_queue"."id" = 'null'
                                         ^ - Invalid query: UPDATE "jvkk"."nano_queue" SET "com1" = 'หลังพบแพทย์', "com2" = 'ยืนยันจ่ายยา', "action" = 'เภสัชกรยืนยันรายการสั่งยา', "com_id1" = '27', "com_id2" = '16', "user1" = '570', "user2" = NULL, "action_id" = '22', "time_send" = '2021-04-02 10:59:36', "time_receive" = NULL
WHERE "jvkk"."nano_queue"."id" = 'null'
ERROR - 2021-04-02 10:59:53 --> Severity: Warning --> pg_query() [<a href='function.pg-query'>function.pg-query</a>]: Query failed: ERROR:  invalid input syntax for integer: &quot;null&quot;
LINE 2: WHERE &quot;jvkk&quot;.&quot;nano_queue&quot;.&quot;id&quot; = 'null'
                                         ^ /home/miracle/public_html/ci3_cgi/system/database/drivers/postgre/postgre_driver.php 242
ERROR - 2021-04-02 10:59:53 --> Query error: ERROR:  invalid input syntax for integer: "null"
LINE 2: WHERE "jvkk"."nano_queue"."id" = 'null'
                                         ^ - Invalid query: UPDATE "jvkk"."nano_queue" SET "com1" = 'หลังพบแพทย์', "com2" = 'ยืนยันจ่ายยา', "action" = 'เภสัชกรยืนยันรายการสั่งยา', "com_id1" = '27', "com_id2" = '16', "user1" = '570', "user2" = NULL, "action_id" = '22', "time_send" = '2021-04-02 10:59:53', "time_receive" = NULL
WHERE "jvkk"."nano_queue"."id" = 'null'
ERROR - 2021-04-02 10:59:55 --> Severity: Warning --> pg_query() [<a href='function.pg-query'>function.pg-query</a>]: Query failed: ERROR:  invalid input syntax for integer: &quot;null&quot;
LINE 2: WHERE &quot;jvkk&quot;.&quot;nano_queue&quot;.&quot;id&quot; = 'null'
                                         ^ /home/miracle/public_html/ci3_cgi/system/database/drivers/postgre/postgre_driver.php 242
ERROR - 2021-04-02 10:59:55 --> Query error: ERROR:  invalid input syntax for integer: "null"
LINE 2: WHERE "jvkk"."nano_queue"."id" = 'null'
                                         ^ - Invalid query: UPDATE "jvkk"."nano_queue" SET "com1" = 'หลังพบแพทย์', "com2" = 'ยืนยันจ่ายยา', "action" = 'เภสัชกรยืนยันรายการสั่งยา', "com_id1" = '27', "com_id2" = '16', "user1" = '570', "user2" = NULL, "action_id" = '22', "time_send" = '2021-04-02 10:59:55', "time_receive" = NULL
WHERE "jvkk"."nano_queue"."id" = 'null'
ERROR - 2021-04-02 11:00:25 --> Severity: Warning --> pg_query() [<a href='function.pg-query'>function.pg-query</a>]: Query failed: ERROR:  invalid input syntax for integer: &quot;null&quot;
LINE 2: WHERE &quot;jvkk&quot;.&quot;nano_queue&quot;.&quot;id&quot; = 'null'
                                         ^ /home/miracle/public_html/ci3_cgi/system/database/drivers/postgre/postgre_driver.php 242
ERROR - 2021-04-02 11:00:25 --> Query error: ERROR:  invalid input syntax for integer: "null"
LINE 2: WHERE "jvkk"."nano_queue"."id" = 'null'
                                         ^ - Invalid query: UPDATE "jvkk"."nano_queue" SET "com1" = 'หลังพบแพทย์', "com2" = 'ยืนยันจ่ายยา', "action" = 'เภสัชกรยืนยันรายการสั่งยา', "com_id1" = '27', "com_id2" = '16', "user1" = '570', "user2" = NULL, "action_id" = '22', "time_send" = '2021-04-02 11:00:25', "time_receive" = NULL
WHERE "jvkk"."nano_queue"."id" = 'null'
ERROR - 2021-04-02 11:00:31 --> Severity: Warning --> pg_query() [<a href='function.pg-query'>function.pg-query</a>]: Query failed: ERROR:  invalid input syntax for integer: &quot;null&quot;
LINE 2: WHERE &quot;jvkk&quot;.&quot;nano_queue&quot;.&quot;id&quot; = 'null'
                                         ^ /home/miracle/public_html/ci3_cgi/system/database/drivers/postgre/postgre_driver.php 242
ERROR - 2021-04-02 11:00:31 --> Query error: ERROR:  invalid input syntax for integer: "null"
LINE 2: WHERE "jvkk"."nano_queue"."id" = 'null'
                                         ^ - Invalid query: UPDATE "jvkk"."nano_queue" SET "com1" = 'หลังพบแพทย์', "com2" = 'ยืนยันจ่ายยา', "action" = 'เภสัชกรยืนยันรายการสั่งยา', "com_id1" = '27', "com_id2" = '16', "user1" = '570', "user2" = NULL, "action_id" = '22', "time_send" = '2021-04-02 11:00:31', "time_receive" = NULL
WHERE "jvkk"."nano_queue"."id" = 'null'
ERROR - 2021-04-02 11:00:31 --> Severity: Warning --> pg_query() [<a href='function.pg-query'>function.pg-query</a>]: Query failed: ERROR:  invalid input syntax for integer: &quot;null&quot;
LINE 2: WHERE &quot;jvkk&quot;.&quot;nano_queue&quot;.&quot;id&quot; = 'null'
                                         ^ /home/miracle/public_html/ci3_cgi/system/database/drivers/postgre/postgre_driver.php 242
ERROR - 2021-04-02 11:00:31 --> Query error: ERROR:  invalid input syntax for integer: "null"
LINE 2: WHERE "jvkk"."nano_queue"."id" = 'null'
                                         ^ - Invalid query: UPDATE "jvkk"."nano_queue" SET "com1" = 'หลังพบแพทย์', "com2" = 'ยืนยันจ่ายยา', "action" = 'เภสัชกรยืนยันรายการสั่งยา', "com_id1" = '27', "com_id2" = '16', "user1" = '570', "user2" = NULL, "action_id" = '22', "time_send" = '2021-04-02 11:00:31', "time_receive" = NULL
WHERE "jvkk"."nano_queue"."id" = 'null'
ERROR - 2021-04-02 11:00:49 --> Severity: Warning --> pg_query() [<a href='function.pg-query'>function.pg-query</a>]: Query failed: ERROR:  invalid input syntax for integer: &quot;null&quot;
LINE 2: WHERE &quot;jvkk&quot;.&quot;nano_queue&quot;.&quot;id&quot; = 'null'
                                         ^ /home/miracle/public_html/ci3_cgi/system/database/drivers/postgre/postgre_driver.php 242
ERROR - 2021-04-02 11:00:49 --> Query error: ERROR:  invalid input syntax for integer: "null"
LINE 2: WHERE "jvkk"."nano_queue"."id" = 'null'
                                         ^ - Invalid query: UPDATE "jvkk"."nano_queue" SET "com1" = 'หลังพบแพทย์', "com2" = 'ยืนยันจ่ายยา', "action" = 'เภสัชกรยืนยันรายการสั่งยา', "com_id1" = '27', "com_id2" = '16', "user1" = '570', "user2" = NULL, "action_id" = '22', "time_send" = '2021-04-02 11:00:49', "time_receive" = NULL
WHERE "jvkk"."nano_queue"."id" = 'null'
ERROR - 2021-04-02 11:00:50 --> Severity: Warning --> pg_query() [<a href='function.pg-query'>function.pg-query</a>]: Query failed: ERROR:  invalid input syntax for integer: &quot;null&quot;
LINE 2: WHERE &quot;jvkk&quot;.&quot;nano_queue&quot;.&quot;id&quot; = 'null'
                                         ^ /home/miracle/public_html/ci3_cgi/system/database/drivers/postgre/postgre_driver.php 242
ERROR - 2021-04-02 11:00:50 --> Query error: ERROR:  invalid input syntax for integer: "null"
LINE 2: WHERE "jvkk"."nano_queue"."id" = 'null'
                                         ^ - Invalid query: UPDATE "jvkk"."nano_queue" SET "com1" = 'หลังพบแพทย์', "com2" = 'ยืนยันจ่ายยา', "action" = 'เภสัชกรยืนยันรายการสั่งยา', "com_id1" = '27', "com_id2" = '16', "user1" = '570', "user2" = NULL, "action_id" = '22', "time_send" = '2021-04-02 11:00:50', "time_receive" = NULL
WHERE "jvkk"."nano_queue"."id" = 'null'
ERROR - 2021-04-02 11:00:51 --> Severity: Warning --> pg_query() [<a href='function.pg-query'>function.pg-query</a>]: Query failed: ERROR:  invalid input syntax for integer: &quot;null&quot;
LINE 2: WHERE &quot;jvkk&quot;.&quot;nano_queue&quot;.&quot;id&quot; = 'null'
                                         ^ /home/miracle/public_html/ci3_cgi/system/database/drivers/postgre/postgre_driver.php 242
ERROR - 2021-04-02 11:00:51 --> Query error: ERROR:  invalid input syntax for integer: "null"
LINE 2: WHERE "jvkk"."nano_queue"."id" = 'null'
                                         ^ - Invalid query: UPDATE "jvkk"."nano_queue" SET "com1" = 'หลังพบแพทย์', "com2" = 'ยืนยันจ่ายยา', "action" = 'เภสัชกรยืนยันรายการสั่งยา', "com_id1" = '27', "com_id2" = '16', "user1" = '570', "user2" = NULL, "action_id" = '22', "time_send" = '2021-04-02 11:00:51', "time_receive" = NULL
WHERE "jvkk"."nano_queue"."id" = 'null'
ERROR - 2021-04-02 11:13:56 --> Severity: Warning --> pg_query() [<a href='function.pg-query'>function.pg-query</a>]: Query failed: FATAL:  terminating connection due to administrator command
server closed the connection unexpectedly
	This probably means the server terminated abnormally
	before or while processing the request. /home/miracle/public_html/ci3_cgi/system/database/drivers/postgre/postgre_driver.php 242
ERROR - 2021-04-02 11:13:56 --> Severity: Warning --> pg_query() [<a href='function.pg-query'>function.pg-query</a>]: Query failed: FATAL:  terminating connection due to administrator command
server closed the connection unexpectedly
	This probably means the server terminated abnormally
	before or while processing the request. /home/miracle/public_html/ci3_cgi/system/database/drivers/postgre/postgre_driver.php 242
ERROR - 2021-04-02 11:13:56 --> Severity: Warning --> pg_query() [<a href='function.pg-query'>function.pg-query</a>]: Query failed: FATAL:  terminating connection due to administrator command
server closed the connection unexpectedly
	This probably means the server terminated abnormally
	before or while processing the request. /home/miracle/public_html/ci3_cgi/system/database/drivers/postgre/postgre_driver.php 242
ERROR - 2021-04-02 11:13:56 --> Severity: Warning --> pg_query() [<a href='function.pg-query'>function.pg-query</a>]: Query failed: FATAL:  terminating connection due to administrator command
server closed the connection unexpectedly
	This probably means the server terminated abnormally
	before or while processing the request. /home/miracle/public_html/ci3_cgi/system/database/drivers/postgre/postgre_driver.php 242
ERROR - 2021-04-02 11:13:56 --> Severity: Warning --> pg_query() [<a href='function.pg-query'>function.pg-query</a>]: Query failed: FATAL:  terminating connection due to administrator command
server closed the connection unexpectedly
	This probably means the server terminated abnormally
	before or while processing the request. /home/miracle/public_html/ci3_cgi/system/database/drivers/postgre/postgre_driver.php 242
ERROR - 2021-04-02 11:13:56 --> Query error: FATAL:  terminating connection due to administrator command
server closed the connection unexpectedly
	This probably means the server terminated abnormally
	before or while processing the request. - Invalid query: SELECT "session"."id"
FROM "jvkk"."nano_session" AS "session"
WHERE "session"."session_user_id" IS NULL
ERROR - 2021-04-02 11:13:56 --> Severity: Warning --> Unknown: Failed to write session data (user). Please verify that the current setting of session.save_path is correct () Unknown 0
ERROR - 2021-04-02 11:13:56 --> Query error: FATAL:  terminating connection due to administrator command
server closed the connection unexpectedly
	This probably means the server terminated abnormally
	before or while processing the request. - Invalid query: SELECT * FROM public.settings ORDER BY sort_order ASC
ERROR - 2021-04-02 11:13:56 --> Severity: Warning --> Unknown: Failed to write session data (user). Please verify that the current setting of session.save_path is correct () Unknown 0
ERROR - 2021-04-02 11:13:56 --> Query error: FATAL:  terminating connection due to administrator command
server closed the connection unexpectedly
	This probably means the server terminated abnormally
	before or while processing the request. - Invalid query: SELECT * FROM public.settings ORDER BY sort_order ASC
ERROR - 2021-04-02 11:13:56 --> Severity: Warning --> Unknown: Failed to write session data (user). Please verify that the current setting of session.save_path is correct () Unknown 0
ERROR - 2021-04-02 11:13:56 --> Query error: FATAL:  terminating connection due to administrator command
server closed the connection unexpectedly
	This probably means the server terminated abnormally
	before or while processing the request. - Invalid query: SELECT * FROM public.settings ORDER BY sort_order ASC
ERROR - 2021-04-02 11:13:56 --> Severity: Warning --> Unknown: Failed to write session data (user). Please verify that the current setting of session.save_path is correct () Unknown 0
ERROR - 2021-04-02 11:13:56 --> Query error: FATAL:  terminating connection due to administrator command
server closed the connection unexpectedly
	This probably means the server terminated abnormally
	before or while processing the request. - Invalid query: SELECT * FROM public.settings ORDER BY sort_order ASC
ERROR - 2021-04-02 11:13:56 --> Severity: Warning --> Unknown: Failed to write session data (user). Please verify that the current setting of session.save_path is correct () Unknown 0
ERROR - 2021-04-02 11:13:56 --> Severity: Warning --> pg_query() [<a href='function.pg-query'>function.pg-query</a>]: Query failed: FATAL:  terminating connection due to administrator command
server closed the connection unexpectedly
	This probably means the server terminated abnormally
	before or while processing the request. /home/miracle/public_html/ci3_cgi/system/database/drivers/postgre/postgre_driver.php 242
ERROR - 2021-04-02 11:13:56 --> Query error: FATAL:  terminating connection due to administrator command
server closed the connection unexpectedly
	This probably means the server terminated abnormally
	before or while processing the request. - Invalid query: SELECT log.vn_id, log.vn, to_char(log.date_add, 'HH24:MI') AS time_th, patient.hn, patient.pa_pre_name || patient.pa_name || ' ' || patient.pa_lastname AS patient_name, log.station_id, appointment.id AS appointment_id, log.nano_queue_id AS queue_id
				FROM jvkk.nano_queue_log AS log
				INNER JOIN medrec.nano_visit AS visit ON visit.vn = log.vn
				INNER JOIN medrec.nano_patient AS patient ON patient.id = visit.id_patient
				INNER JOIN (SELECT vn, MAX(id) AS max_id FROM jvkk.nano_queue_log WHERE to_char(date_add, 'YYYY-MM-DD') = '2021-04-02' GROUP BY vn) AS queue_max ON (queue_max.max_id=log.id)
				LEFT JOIN frontmed.neural_appointment AS appointment ON appointment.visit_id = visit.id
				WHERE log.com_id2 IN ('27', '19') AND log.com_id1 IN (2, 11, 14, 19, 27, 46, 48, 49, 58) GROUP BY log.vn_id, log.vn, log.date_add, patient.hn, patient.pa_pre_name, patient.pa_name, patient.pa_lastname, log.station_id, appointment.id, log.nano_queue_id
				 ORDER BY time_th ASC
ERROR - 2021-04-02 11:13:56 --> Query error: FATAL:  terminating connection due to administrator command
server closed the connection unexpectedly
	This probably means the server terminated abnormally
	before or while processing the request. - Invalid query: UPDATE "frontmed"."ci_sessions" SET "timestamp" = 1617336836
WHERE "id" = 'ff6v17hto16o441o8vn9jcs2d6g1osdr'
AND "ip_address" = '192.168.20.155'
ERROR - 2021-04-02 11:13:56 --> Severity: Warning --> pg_connect() [<a href='function.pg-connect'>function.pg-connect</a>]: Unable to connect to PostgreSQL server: FATAL:  the database system is shutting down /home/miracle/public_html/ci3_cgi/system/database/drivers/postgre/postgre_driver.php 154
ERROR - 2021-04-02 11:13:56 --> Unable to connect to the database
ERROR - 2021-04-02 11:13:57 --> Severity: Warning --> pg_connect() [<a href='function.pg-connect'>function.pg-connect</a>]: Unable to connect to PostgreSQL server: FATAL:  the database system is shutting down /home/miracle/public_html/ci3_cgi/system/database/drivers/postgre/postgre_driver.php 154
ERROR - 2021-04-02 11:13:57 --> Unable to connect to the database
ERROR - 2021-04-02 11:13:57 --> Severity: Warning --> pg_connect() [<a href='function.pg-connect'>function.pg-connect</a>]: Unable to connect to PostgreSQL server: FATAL:  the database system is shutting down /home/miracle/public_html/ci3_cgi/system/database/drivers/postgre/postgre_driver.php 154
ERROR - 2021-04-02 11:13:57 --> Unable to connect to the database
ERROR - 2021-04-02 11:13:57 --> Severity: Warning --> pg_connect() [<a href='function.pg-connect'>function.pg-connect</a>]: Unable to connect to PostgreSQL server: FATAL:  the database system is shutting down /home/miracle/public_html/ci3_cgi/system/database/drivers/postgre/postgre_driver.php 154
ERROR - 2021-04-02 11:13:57 --> Unable to connect to the database
ERROR - 2021-04-02 11:13:57 --> Severity: Warning --> pg_connect() [<a href='function.pg-connect'>function.pg-connect</a>]: Unable to connect to PostgreSQL server: FATAL:  the database system is shutting down /home/miracle/public_html/ci3_cgi/system/database/drivers/postgre/postgre_driver.php 154
ERROR - 2021-04-02 11:13:57 --> Unable to connect to the database
ERROR - 2021-04-02 11:13:57 --> Severity: Warning --> pg_connect() [<a href='function.pg-connect'>function.pg-connect</a>]: Unable to connect to PostgreSQL server: FATAL:  the database system is shutting down /home/miracle/public_html/ci3_cgi/system/database/drivers/postgre/postgre_driver.php 154
ERROR - 2021-04-02 11:13:57 --> Unable to connect to the database
ERROR - 2021-04-02 11:13:57 --> Severity: Warning --> pg_connect() [<a href='function.pg-connect'>function.pg-connect</a>]: Unable to connect to PostgreSQL server: FATAL:  the database system is shutting down /home/miracle/public_html/ci3_cgi/system/database/drivers/postgre/postgre_driver.php 154
ERROR - 2021-04-02 11:13:57 --> Unable to connect to the database
ERROR - 2021-04-02 11:13:57 --> Severity: Warning --> pg_connect() [<a href='function.pg-connect'>function.pg-connect</a>]: Unable to connect to PostgreSQL server: FATAL:  the database system is shutting down /home/miracle/public_html/ci3_cgi/system/database/drivers/postgre/postgre_driver.php 154
ERROR - 2021-04-02 11:13:57 --> Unable to connect to the database
ERROR - 2021-04-02 11:13:58 --> Severity: Warning --> pg_connect() [<a href='function.pg-connect'>function.pg-connect</a>]: Unable to connect to PostgreSQL server: FATAL:  the database system is shutting down /home/miracle/public_html/ci3_cgi/system/database/drivers/postgre/postgre_driver.php 154
ERROR - 2021-04-02 11:13:58 --> Unable to connect to the database
ERROR - 2021-04-02 11:13:58 --> Severity: Warning --> pg_connect() [<a href='function.pg-connect'>function.pg-connect</a>]: Unable to connect to PostgreSQL server: FATAL:  the database system is shutting down /home/miracle/public_html/ci3_cgi/system/database/drivers/postgre/postgre_driver.php 154
ERROR - 2021-04-02 11:13:58 --> Unable to connect to the database
ERROR - 2021-04-02 11:13:58 --> Severity: Warning --> pg_connect() [<a href='function.pg-connect'>function.pg-connect</a>]: Unable to connect to PostgreSQL server: FATAL:  the database system is shutting down /home/miracle/public_html/ci3_cgi/system/database/drivers/postgre/postgre_driver.php 154
ERROR - 2021-04-02 11:13:58 --> Unable to connect to the database
ERROR - 2021-04-02 11:13:58 --> Severity: Warning --> pg_connect() [<a href='function.pg-connect'>function.pg-connect</a>]: Unable to connect to PostgreSQL server: FATAL:  the database system is shutting down /home/miracle/public_html/ci3_cgi/system/database/drivers/postgre/postgre_driver.php 154
ERROR - 2021-04-02 11:13:58 --> Unable to connect to the database
ERROR - 2021-04-02 11:13:59 --> Severity: Warning --> pg_connect() [<a href='function.pg-connect'>function.pg-connect</a>]: Unable to connect to PostgreSQL server: server closed the connection unexpectedly
	This probably means the server terminated abnormally
	before or while processing the request. /home/miracle/public_html/ci3_cgi/system/database/drivers/postgre/postgre_driver.php 154
ERROR - 2021-04-02 11:13:59 --> Unable to connect to the database
ERROR - 2021-04-02 11:13:59 --> Severity: Warning --> pg_connect() [<a href='function.pg-connect'>function.pg-connect</a>]: Unable to connect to PostgreSQL server: server closed the connection unexpectedly
	This probably means the server terminated abnormally
	before or while processing the request. /home/miracle/public_html/ci3_cgi/system/database/drivers/postgre/postgre_driver.php 154
ERROR - 2021-04-02 11:13:59 --> Severity: Warning --> pg_connect() [<a href='function.pg-connect'>function.pg-connect</a>]: Unable to connect to PostgreSQL server: server closed the connection unexpectedly
	This probably means the server terminated abnormally
	before or while processing the request. /home/miracle/public_html/ci3_cgi/system/database/drivers/postgre/postgre_driver.php 154
ERROR - 2021-04-02 11:13:59 --> Severity: Warning --> pg_connect() [<a href='function.pg-connect'>function.pg-connect</a>]: Unable to connect to PostgreSQL server: server closed the connection unexpectedly
	This probably means the server terminated abnormally
	before or while processing the request. /home/miracle/public_html/ci3_cgi/system/database/drivers/postgre/postgre_driver.php 154
ERROR - 2021-04-02 11:13:59 --> Severity: Warning --> pg_connect() [<a href='function.pg-connect'>function.pg-connect</a>]: Unable to connect to PostgreSQL server: server closed the connection unexpectedly
	This probably means the server terminated abnormally
	before or while processing the request. /home/miracle/public_html/ci3_cgi/system/database/drivers/postgre/postgre_driver.php 154
ERROR - 2021-04-02 11:13:59 --> Unable to connect to the database
ERROR - 2021-04-02 11:13:59 --> Severity: Warning --> pg_connect() [<a href='function.pg-connect'>function.pg-connect</a>]: Unable to connect to PostgreSQL server: server closed the connection unexpectedly
	This probably means the server terminated abnormally
	before or while processing the request. /home/miracle/public_html/ci3_cgi/system/database/drivers/postgre/postgre_driver.php 154
ERROR - 2021-04-02 11:13:59 --> Unable to connect to the database
ERROR - 2021-04-02 11:13:59 --> Unable to connect to the database
ERROR - 2021-04-02 11:13:59 --> Unable to connect to the database
ERROR - 2021-04-02 11:13:59 --> Unable to connect to the database
ERROR - 2021-04-02 11:13:59 --> Severity: Warning --> pg_connect() [<a href='function.pg-connect'>function.pg-connect</a>]: Unable to connect to PostgreSQL server: could not connect to server: Connection refused
	Is the server running on host &quot;localhost&quot; (127.0.0.1) and accepting
	TCP/IP connections on port 5432? /home/miracle/public_html/ci3_cgi/system/database/drivers/postgre/postgre_driver.php 154
ERROR - 2021-04-02 11:13:59 --> Severity: Warning --> pg_connect() [<a href='function.pg-connect'>function.pg-connect</a>]: Unable to connect to PostgreSQL server: could not connect to server: Connection refused
	Is the server running on host &quot;localhost&quot; (127.0.0.1) and accepting
	TCP/IP connections on port 5432? /home/miracle/public_html/ci3_cgi/system/database/drivers/postgre/postgre_driver.php 154
ERROR - 2021-04-02 11:13:59 --> Unable to connect to the database
ERROR - 2021-04-02 11:13:59 --> Unable to connect to the database
ERROR - 2021-04-02 11:13:59 --> Severity: Warning --> pg_connect() [<a href='function.pg-connect'>function.pg-connect</a>]: Unable to connect to PostgreSQL server: could not connect to server: Connection refused
	Is the server running on host &quot;localhost&quot; (127.0.0.1) and accepting
	TCP/IP connections on port 5432? /home/miracle/public_html/ci3_cgi/system/database/drivers/postgre/postgre_driver.php 154
ERROR - 2021-04-02 11:13:59 --> Unable to connect to the database
ERROR - 2021-04-02 11:16:05 --> Could not find the language line "admin dashboard jsi18n-sample"
ERROR - 2021-04-02 11:50:40 --> Could not find the language line "admin dashboard jsi18n-sample"
ERROR - 2021-04-02 11:51:23 --> Could not find the language line "admin dashboard jsi18n-sample"
ERROR - 2021-04-02 11:57:51 --> Could not find the language line "admin dashboard jsi18n-sample"
ERROR - 2021-04-02 12:05:10 --> Could not find the language line "admin dashboard jsi18n-sample"
ERROR - 2021-04-02 12:07:53 --> Could not find the language line "admin dashboard jsi18n-sample"
ERROR - 2021-04-02 12:10:19 --> Could not find the language line "admin dashboard jsi18n-sample"
ERROR - 2021-04-02 13:37:22 --> Could not find the language line "admin dashboard jsi18n-sample"
ERROR - 2021-04-02 13:37:25 --> Could not find the language line "admin dashboard jsi18n-sample"
ERROR - 2021-04-02 13:37:27 --> Could not find the language line "admin dashboard jsi18n-sample"
ERROR - 2021-04-02 13:37:31 --> Could not find the language line "admin dashboard jsi18n-sample"
ERROR - 2021-04-02 13:37:41 --> Could not find the language line "admin dashboard jsi18n-sample"
ERROR - 2021-04-02 13:37:45 --> Could not find the language line "admin dashboard jsi18n-sample"
ERROR - 2021-04-02 14:01:23 --> Could not find the language line "admin dashboard jsi18n-sample"
