ERROR - 2020-07-21 07:48:18 --> Could not find the language line "admin dashboard jsi18n-sample"
ERROR - 2020-07-21 07:48:26 --> Could not find the language line "admin dashboard jsi18n-sample"
ERROR - 2020-07-21 08:08:57 --> Could not find the language line "admin dashboard jsi18n-sample"
ERROR - 2020-07-21 08:43:31 --> Could not find the language line "admin dashboard jsi18n-sample"
ERROR - 2020-07-21 10:34:03 --> Could not find the language line "admin dashboard jsi18n-sample"
ERROR - 2020-07-21 11:48:00 --> Could not find the language line "admin dashboard jsi18n-sample"
ERROR - 2020-07-21 12:29:06 --> Could not find the language line "admin dashboard jsi18n-sample"
ERROR - 2020-07-21 12:40:29 --> Could not find the language line "admin dashboard jsi18n-sample"
ERROR - 2020-07-21 12:40:39 --> Could not find the language line "admin dashboard jsi18n-sample"
ERROR - 2020-07-21 12:40:41 --> Could not find the language line "admin dashboard jsi18n-sample"
ERROR - 2020-07-21 12:40:50 --> Could not find the language line "admin dashboard jsi18n-sample"
ERROR - 2020-07-21 12:40:54 --> Could not find the language line "admin dashboard jsi18n-sample"
ERROR - 2020-07-21 13:11:29 --> Could not find the language line "admin dashboard jsi18n-sample"
ERROR - 2020-07-21 13:12:01 --> Could not find the language line "admin dashboard jsi18n-sample"
ERROR - 2020-07-21 13:27:40 --> Could not find the language line "admin dashboard jsi18n-sample"
ERROR - 2020-07-21 13:41:30 --> Could not find the language line "admin dashboard jsi18n-sample"
ERROR - 2020-07-21 13:56:47 --> Could not find the language line "admin dashboard jsi18n-sample"
ERROR - 2020-07-21 14:43:20 --> Severity: Warning --> pg_query() [<a href='function.pg-query'>function.pg-query</a>]: Query failed: ERROR:  invalid input syntax for integer: &quot;&quot;
LINE 1: ...08-03', &quot;appointment_time&quot; = '13:00', &quot;user_id&quot; = '', &quot;comme...
                                                             ^ /home/miracle/public_html/ci3_cgi/system/database/drivers/postgre/postgre_driver.php 242
ERROR - 2020-07-21 14:43:20 --> Query error: ERROR:  invalid input syntax for integer: ""
LINE 1: ...08-03', "appointment_time" = '13:00', "user_id" = '', "comme...
                                                             ^ - Invalid query: UPDATE "frontmed"."neural_appointment" SET "appointment_date" = '2020-08-03', "appointment_time" = '13:00', "user_id" = '', "comment" = 'SMCจิตบำบัด 16.00-21.30น.
ทำแล้วกลับบ้าน', "component_id" = '19', "visit_id" = '1973955', "patient_id" = '194585', "created_by" = '73', "update_date" = '2020-07-21 14:43:19'
WHERE "neural_appointment"."id" = '816811'
ERROR - 2020-07-21 14:43:20 --> Severity: Warning --> pg_query() [<a href='function.pg-query'>function.pg-query</a>]: Query failed: ERROR:  invalid input syntax for integer: &quot;&quot;
LINE 1: ...08-03', &quot;appointment_time&quot; = '13:00', &quot;user_id&quot; = '', &quot;comme...
                                                             ^ /home/miracle/public_html/ci3_cgi/system/database/drivers/postgre/postgre_driver.php 242
ERROR - 2020-07-21 14:43:20 --> Query error: ERROR:  invalid input syntax for integer: ""
LINE 1: ...08-03', "appointment_time" = '13:00', "user_id" = '', "comme...
                                                             ^ - Invalid query: UPDATE "frontmed"."neural_appointment" SET "appointment_date" = '2020-08-03', "appointment_time" = '13:00', "user_id" = '', "comment" = 'SMCจิตบำบัด 16.00-21.30น.
ทำแล้วกลับบ้าน', "component_id" = '19', "visit_id" = '1973955', "patient_id" = '194585', "created_by" = '73', "update_date" = '2020-07-21 14:43:20'
WHERE "neural_appointment"."id" = '816811'
ERROR - 2020-07-21 15:00:23 --> Could not find the language line "admin dashboard jsi18n-sample"
