ERROR - 2020-07-23 08:27:02 --> Could not find the language line "admin dashboard jsi18n-sample"
ERROR - 2020-07-23 08:27:13 --> Could not find the language line "admin dashboard jsi18n-sample"
ERROR - 2020-07-23 08:27:19 --> Could not find the language line "admin dashboard jsi18n-sample"
ERROR - 2020-07-23 08:27:21 --> Could not find the language line "admin dashboard jsi18n-sample"
ERROR - 2020-07-23 08:33:25 --> Could not find the language line "admin dashboard jsi18n-sample"
ERROR - 2020-07-23 08:38:45 --> Could not find the language line "admin dashboard jsi18n-sample"
ERROR - 2020-07-23 09:54:05 --> Could not find the language line "admin dashboard jsi18n-sample"
ERROR - 2020-07-23 10:19:54 --> Could not find the language line "admin dashboard jsi18n-sample"
ERROR - 2020-07-23 10:31:50 --> Could not find the language line "admin dashboard jsi18n-sample"
ERROR - 2020-07-23 11:26:31 --> Could not find the language line "admin dashboard jsi18n-sample"
ERROR - 2020-07-23 12:01:05 --> Could not find the language line "admin dashboard jsi18n-sample"
ERROR - 2020-07-23 13:20:48 --> Could not find the language line "admin dashboard jsi18n-sample"
ERROR - 2020-07-23 13:33:13 --> Could not find the language line "admin dashboard jsi18n-sample"
ERROR - 2020-07-23 13:59:32 --> Could not find the language line "admin dashboard jsi18n-sample"
ERROR - 2020-07-23 14:44:24 --> Could not find the language line "admin dashboard jsi18n-sample"
ERROR - 2020-07-23 15:18:52 --> Could not find the language line "admin dashboard jsi18n-sample"
ERROR - 2020-07-23 15:19:55 --> Could not find the language line "admin dashboard jsi18n-sample"
ERROR - 2020-07-23 15:20:23 --> Severity: Warning --> pg_query() [<a href='function.pg-query'>function.pg-query</a>]: Query failed: ERROR:  invalid input syntax for integer: &quot;null&quot;
LINE 4:      WHERE visit.id = 'null'
                              ^ /home/miracle/public_html/ci3_cgi/system/database/drivers/postgre/postgre_driver.php 242
ERROR - 2020-07-23 15:20:23 --> Query error: ERROR:  invalid input syntax for integer: "null"
LINE 4:      WHERE visit.id = 'null'
                              ^ - Invalid query: SELECT orders.id, orders.user_id, visit.id_patient AS pa_id
					FROM medrec.nano_visit AS visit
					LEFT JOIN med.neural_order AS orders ON (orders.vn_id = visit.id)
					WHERE visit.id = 'null'
					AND orders.order_type = 'drug'
					AND orders.deleted = 'f'
					ORDER BY orders.id DESC LIMIT 1
