ERROR - 2020-06-15 07:30:14 --> Could not find the language line "admin dashboard jsi18n-sample"
ERROR - 2020-06-15 07:30:16 --> Could not find the language line "admin dashboard jsi18n-sample"
ERROR - 2020-06-15 08:13:28 --> Could not find the language line "admin dashboard jsi18n-sample"
ERROR - 2020-06-15 08:14:37 --> Could not find the language line "admin dashboard jsi18n-sample"
ERROR - 2020-06-15 08:14:54 --> Could not find the language line "admin dashboard jsi18n-sample"
ERROR - 2020-06-15 08:14:55 --> Could not find the language line "admin dashboard jsi18n-sample"
ERROR - 2020-06-15 08:15:04 --> Could not find the language line "admin dashboard jsi18n-sample"
ERROR - 2020-06-15 08:15:13 --> Could not find the language line "admin dashboard jsi18n-sample"
ERROR - 2020-06-15 08:15:27 --> Could not find the language line "admin dashboard jsi18n-sample"
ERROR - 2020-06-15 08:15:38 --> Could not find the language line "admin dashboard jsi18n-sample"
ERROR - 2020-06-15 08:15:47 --> Could not find the language line "admin dashboard jsi18n-sample"
ERROR - 2020-06-15 08:16:09 --> Could not find the language line "admin dashboard jsi18n-sample"
ERROR - 2020-06-15 08:24:28 --> Could not find the language line "admin dashboard jsi18n-sample"
ERROR - 2020-06-15 08:40:57 --> Could not find the language line "admin dashboard jsi18n-sample"
ERROR - 2020-06-15 09:10:00 --> Could not find the language line "admin dashboard jsi18n-sample"
ERROR - 2020-06-15 09:11:02 --> Could not find the language line "admin dashboard jsi18n-sample"
ERROR - 2020-06-15 10:15:20 --> Could not find the language line "admin dashboard jsi18n-sample"
ERROR - 2020-06-15 10:20:25 --> Could not find the language line "admin dashboard jsi18n-sample"
ERROR - 2020-06-15 10:59:10 --> Severity: Warning --> pg_query() [<a href='function.pg-query'>function.pg-query</a>]: Query failed: ERROR:  invalid input syntax for integer: &quot;null&quot;
LINE 4:      WHERE visit.id = 'null'
                              ^ /home/miracle/public_html/ci3_cgi/system/database/drivers/postgre/postgre_driver.php 242
ERROR - 2020-06-15 10:59:10 --> Query error: ERROR:  invalid input syntax for integer: "null"
LINE 4:      WHERE visit.id = 'null'
                              ^ - Invalid query: SELECT orders.id, orders.user_id, visit.id_patient AS pa_id
					FROM medrec.nano_visit AS visit
					LEFT JOIN med.neural_order AS orders ON (orders.vn_id = visit.id)
					WHERE visit.id = 'null'
					AND orders.order_type = 'drug'
					AND orders.deleted = 'f'
					ORDER BY orders.id DESC LIMIT 1
ERROR - 2020-06-15 10:59:44 --> Could not find the language line "admin dashboard jsi18n-sample"
ERROR - 2020-06-15 10:59:44 --> Could not find the language line "admin dashboard jsi18n-sample"
ERROR - 2020-06-15 11:39:25 --> Could not find the language line "admin dashboard jsi18n-sample"
ERROR - 2020-06-15 11:52:46 --> Could not find the language line "admin dashboard jsi18n-sample"
ERROR - 2020-06-15 12:01:20 --> Could not find the language line "admin dashboard jsi18n-sample"
ERROR - 2020-06-15 12:01:27 --> Could not find the language line "admin dashboard jsi18n-sample"
ERROR - 2020-06-15 12:01:29 --> Could not find the language line "admin dashboard jsi18n-sample"
ERROR - 2020-06-15 13:34:29 --> Could not find the language line "admin dashboard jsi18n-sample"
ERROR - 2020-06-15 13:35:46 --> Could not find the language line "admin dashboard jsi18n-sample"
ERROR - 2020-06-15 13:35:51 --> Could not find the language line "admin dashboard jsi18n-sample"
ERROR - 2020-06-15 13:35:53 --> Could not find the language line "admin dashboard jsi18n-sample"
ERROR - 2020-06-15 13:35:55 --> Could not find the language line "admin dashboard jsi18n-sample"
ERROR - 2020-06-15 13:36:00 --> Could not find the language line "admin dashboard jsi18n-sample"
ERROR - 2020-06-15 13:36:02 --> Could not find the language line "admin dashboard jsi18n-sample"
ERROR - 2020-06-15 13:36:04 --> Could not find the language line "admin dashboard jsi18n-sample"
ERROR - 2020-06-15 13:47:40 --> Could not find the language line "admin dashboard jsi18n-sample"
ERROR - 2020-06-15 13:47:46 --> Could not find the language line "admin dashboard jsi18n-sample"
ERROR - 2020-06-15 13:50:54 --> Could not find the language line "admin dashboard jsi18n-sample"
ERROR - 2020-06-15 14:15:14 --> Could not find the language line "admin dashboard jsi18n-sample"
ERROR - 2020-06-15 14:16:38 --> Could not find the language line "admin dashboard jsi18n-sample"
ERROR - 2020-06-15 17:14:44 --> Could not find the language line "admin dashboard jsi18n-sample"
ERROR - 2020-06-15 17:18:23 --> Could not find the language line "admin dashboard jsi18n-sample"
ERROR - 2020-06-15 17:26:47 --> Could not find the language line "admin dashboard jsi18n-sample"
ERROR - 2020-06-15 18:04:37 --> Could not find the language line "admin dashboard jsi18n-sample"
ERROR - 2020-06-15 18:09:25 --> Could not find the language line "admin dashboard jsi18n-sample"
ERROR - 2020-06-15 18:15:34 --> Could not find the language line "admin dashboard jsi18n-sample"
ERROR - 2020-06-15 18:16:52 --> Could not find the language line "admin dashboard jsi18n-sample"
ERROR - 2020-06-15 18:18:30 --> Could not find the language line "admin dashboard jsi18n-sample"
ERROR - 2020-06-15 18:20:16 --> Could not find the language line "admin dashboard jsi18n-sample"
ERROR - 2020-06-15 18:24:30 --> Could not find the language line "admin dashboard jsi18n-sample"
ERROR - 2020-06-15 18:41:03 --> Could not find the language line "admin dashboard jsi18n-sample"
ERROR - 2020-06-15 18:42:19 --> Could not find the language line "admin dashboard jsi18n-sample"
ERROR - 2020-06-15 19:08:49 --> Could not find the language line "admin dashboard jsi18n-sample"
ERROR - 2020-06-15 19:12:01 --> Could not find the language line "admin dashboard jsi18n-sample"
ERROR - 2020-06-15 19:13:46 --> Severity: Warning --> pg_query() [<a href='function.pg-query'>function.pg-query</a>]: Query failed: ERROR:  invalid input syntax for integer: &quot;&quot;
LINE 5:      '',
             ^ /home/miracle/public_html/ci3_cgi/system/database/drivers/postgre/postgre_driver.php 242
ERROR - 2020-06-15 19:13:46 --> Query error: ERROR:  invalid input syntax for integer: ""
LINE 5:      '',
             ^ - Invalid query: INSERT INTO frontmed.neural_appointment (id, appointment_date, appointment_time, user_id, comment, component_id, visit_id, patient_id, created_by, select_option)
					SELECT (id + 1) AS last_id,
					'2020-06-29',
					'10:00',
					'',
					'คลินิค Smc',
					'10',
					'1964095',
					'193932',
					'201',
					NULL
					FROM frontmed.neural_appointment ORDER BY id DESC LIMIT 1 RETURNING id AS last_id
ERROR - 2020-06-15 19:13:50 --> Severity: Warning --> pg_query() [<a href='function.pg-query'>function.pg-query</a>]: Query failed: ERROR:  invalid input syntax for integer: &quot;&quot;
LINE 5:      '',
             ^ /home/miracle/public_html/ci3_cgi/system/database/drivers/postgre/postgre_driver.php 242
ERROR - 2020-06-15 19:13:50 --> Query error: ERROR:  invalid input syntax for integer: ""
LINE 5:      '',
             ^ - Invalid query: INSERT INTO frontmed.neural_appointment (id, appointment_date, appointment_time, user_id, comment, component_id, visit_id, patient_id, created_by, select_option)
					SELECT (id + 1) AS last_id,
					'2020-06-29',
					'10:00',
					'',
					'คลินิค Smc',
					'10',
					'1964095',
					'193932',
					'201',
					NULL
					FROM frontmed.neural_appointment ORDER BY id DESC LIMIT 1 RETURNING id AS last_id
ERROR - 2020-06-15 19:13:54 --> Severity: Warning --> pg_query() [<a href='function.pg-query'>function.pg-query</a>]: Query failed: ERROR:  invalid input syntax for integer: &quot;&quot;
LINE 5:      '',
             ^ /home/miracle/public_html/ci3_cgi/system/database/drivers/postgre/postgre_driver.php 242
ERROR - 2020-06-15 19:13:54 --> Query error: ERROR:  invalid input syntax for integer: ""
LINE 5:      '',
             ^ - Invalid query: INSERT INTO frontmed.neural_appointment (id, appointment_date, appointment_time, user_id, comment, component_id, visit_id, patient_id, created_by, select_option)
					SELECT (id + 1) AS last_id,
					'2020-06-29',
					'10:00',
					'',
					'คลินิค Smc',
					'10',
					'1964095',
					'193932',
					'201',
					NULL
					FROM frontmed.neural_appointment ORDER BY id DESC LIMIT 1 RETURNING id AS last_id
ERROR - 2020-06-15 19:13:54 --> Severity: Warning --> pg_query() [<a href='function.pg-query'>function.pg-query</a>]: Query failed: ERROR:  invalid input syntax for integer: &quot;&quot;
LINE 5:      '',
             ^ /home/miracle/public_html/ci3_cgi/system/database/drivers/postgre/postgre_driver.php 242
ERROR - 2020-06-15 19:13:54 --> Query error: ERROR:  invalid input syntax for integer: ""
LINE 5:      '',
             ^ - Invalid query: INSERT INTO frontmed.neural_appointment (id, appointment_date, appointment_time, user_id, comment, component_id, visit_id, patient_id, created_by, select_option)
					SELECT (id + 1) AS last_id,
					'2020-06-29',
					'10:00',
					'',
					'คลินิค Smc',
					'10',
					'1964095',
					'193932',
					'201',
					NULL
					FROM frontmed.neural_appointment ORDER BY id DESC LIMIT 1 RETURNING id AS last_id
ERROR - 2020-06-15 19:13:57 --> Severity: Warning --> pg_query() [<a href='function.pg-query'>function.pg-query</a>]: Query failed: ERROR:  invalid input syntax for integer: &quot;&quot;
LINE 5:      '',
             ^ /home/miracle/public_html/ci3_cgi/system/database/drivers/postgre/postgre_driver.php 242
ERROR - 2020-06-15 19:13:57 --> Query error: ERROR:  invalid input syntax for integer: ""
LINE 5:      '',
             ^ - Invalid query: INSERT INTO frontmed.neural_appointment (id, appointment_date, appointment_time, user_id, comment, component_id, visit_id, patient_id, created_by, select_option)
					SELECT (id + 1) AS last_id,
					'2020-06-29',
					'10:00',
					'',
					'คลินิค Smc',
					'10',
					'1964095',
					'193932',
					'201',
					NULL
					FROM frontmed.neural_appointment ORDER BY id DESC LIMIT 1 RETURNING id AS last_id
ERROR - 2020-06-15 19:14:41 --> Could not find the language line "admin dashboard jsi18n-sample"
ERROR - 2020-06-15 19:20:01 --> Could not find the language line "admin dashboard jsi18n-sample"
ERROR - 2020-06-15 19:21:17 --> Could not find the language line "admin dashboard jsi18n-sample"
ERROR - 2020-06-15 19:22:38 --> Could not find the language line "admin dashboard jsi18n-sample"
ERROR - 2020-06-15 19:23:56 --> Could not find the language line "admin dashboard jsi18n-sample"
ERROR - 2020-06-15 20:04:02 --> Could not find the language line "admin dashboard jsi18n-sample"
ERROR - 2020-06-15 20:04:15 --> Could not find the language line "admin dashboard jsi18n-sample"
ERROR - 2020-06-15 20:07:57 --> Could not find the language line "admin dashboard jsi18n-sample"
ERROR - 2020-06-15 20:08:37 --> Could not find the language line "admin dashboard jsi18n-sample"
ERROR - 2020-06-15 20:09:30 --> Could not find the language line "admin dashboard jsi18n-sample"
ERROR - 2020-06-15 20:10:49 --> Could not find the language line "admin dashboard jsi18n-sample"
ERROR - 2020-06-15 20:11:16 --> Could not find the language line "admin dashboard jsi18n-sample"
ERROR - 2020-06-15 20:13:37 --> Could not find the language line "admin dashboard jsi18n-sample"
ERROR - 2020-06-15 20:14:42 --> Could not find the language line "admin dashboard jsi18n-sample"
ERROR - 2020-06-15 20:16:57 --> Could not find the language line "admin dashboard jsi18n-sample"
