ERROR - 2020-10-01 08:11:03 --> Could not find the language line "admin dashboard jsi18n-sample"
ERROR - 2020-10-01 08:32:56 --> Could not find the language line "admin dashboard jsi18n-sample"
ERROR - 2020-10-01 08:38:30 --> Could not find the language line "admin dashboard jsi18n-sample"
ERROR - 2020-10-01 08:41:10 --> Could not find the language line "admin dashboard jsi18n-sample"
ERROR - 2020-10-01 09:08:13 --> Could not find the language line "admin dashboard jsi18n-sample"
ERROR - 2020-10-01 09:08:19 --> Could not find the language line "admin dashboard jsi18n-sample"
ERROR - 2020-10-01 09:23:43 --> Could not find the language line "admin dashboard jsi18n-sample"
ERROR - 2020-10-01 09:45:45 --> Could not find the language line "admin dashboard jsi18n-sample"
ERROR - 2020-10-01 09:47:21 --> Could not find the language line "admin dashboard jsi18n-sample"
ERROR - 2020-10-01 10:19:22 --> Could not find the language line "admin dashboard jsi18n-sample"
ERROR - 2020-10-01 10:22:59 --> Severity: Warning --> pg_query() [<a href='function.pg-query'>function.pg-query</a>]: Query failed: ERROR:  invalid input syntax for integer: &quot;&quot;
LINE 5:      '',
             ^ /home/miracle/public_html/ci3_cgi/system/database/drivers/postgre/postgre_driver.php 242
ERROR - 2020-10-01 10:22:59 --> Query error: ERROR:  invalid input syntax for integer: ""
LINE 5:      '',
             ^ - Invalid query: INSERT INTO frontmed.neural_appointment (id, appointment_date, appointment_time, user_id, comment, component_id, visit_id, patient_id, created_by, select_option)
					SELECT (id + 1) AS last_id,
					'2020-10-29',
					'08:30',
					'',
					'MMSEก่อนพบแพทย์',
					'19',
					'1993759',
					'35622',
					'73',
					'{6}'
					FROM frontmed.neural_appointment ORDER BY id DESC LIMIT 1 RETURNING id AS last_id
ERROR - 2020-10-01 10:27:05 --> Could not find the language line "admin dashboard jsi18n-sample"
ERROR - 2020-10-01 10:33:27 --> Could not find the language line "admin dashboard jsi18n-sample"
ERROR - 2020-10-01 10:37:09 --> Could not find the language line "admin dashboard jsi18n-sample"
ERROR - 2020-10-01 10:38:54 --> Could not find the language line "admin dashboard jsi18n-sample"
ERROR - 2020-10-01 10:44:20 --> Could not find the language line "admin dashboard jsi18n-sample"
ERROR - 2020-10-01 11:10:40 --> Could not find the language line "admin dashboard jsi18n-sample"
ERROR - 2020-10-01 11:11:00 --> Could not find the language line "admin dashboard jsi18n-sample"
ERROR - 2020-10-01 11:11:13 --> Could not find the language line "admin dashboard jsi18n-sample"
ERROR - 2020-10-01 11:37:43 --> Could not find the language line "admin dashboard jsi18n-sample"
ERROR - 2020-10-01 11:37:56 --> Could not find the language line "admin dashboard jsi18n-sample"
ERROR - 2020-10-01 11:42:17 --> Could not find the language line "admin dashboard jsi18n-sample"
ERROR - 2020-10-01 13:22:12 --> Could not find the language line "admin dashboard jsi18n-sample"
ERROR - 2020-10-01 13:40:55 --> Could not find the language line "admin dashboard jsi18n-sample"
ERROR - 2020-10-01 13:40:58 --> Could not find the language line "admin dashboard jsi18n-sample"
ERROR - 2020-10-01 13:41:02 --> Could not find the language line "admin dashboard jsi18n-sample"
ERROR - 2020-10-01 13:41:05 --> Could not find the language line "admin dashboard jsi18n-sample"
ERROR - 2020-10-01 13:41:07 --> Could not find the language line "admin dashboard jsi18n-sample"
ERROR - 2020-10-01 13:41:09 --> Could not find the language line "admin dashboard jsi18n-sample"
ERROR - 2020-10-01 14:17:03 --> Could not find the language line "admin dashboard jsi18n-sample"
ERROR - 2020-10-01 14:18:18 --> Could not find the language line "admin dashboard jsi18n-sample"
ERROR - 2020-10-01 14:59:50 --> Could not find the language line "admin dashboard jsi18n-sample"
