ERROR - 2020-11-11 08:35:30 --> Could not find the language line "admin dashboard jsi18n-sample"
ERROR - 2020-11-11 08:35:32 --> Could not find the language line "admin dashboard jsi18n-sample"
ERROR - 2020-11-11 08:36:17 --> Could not find the language line "admin dashboard jsi18n-sample"
ERROR - 2020-11-11 08:36:21 --> Could not find the language line "admin dashboard jsi18n-sample"
ERROR - 2020-11-11 08:41:23 --> Could not find the language line "admin dashboard jsi18n-sample"
ERROR - 2020-11-11 08:41:31 --> Could not find the language line "admin dashboard jsi18n-sample"
ERROR - 2020-11-11 08:41:33 --> Could not find the language line "admin dashboard jsi18n-sample"
ERROR - 2020-11-11 08:47:38 --> Could not find the language line "admin dashboard jsi18n-sample"
ERROR - 2020-11-11 09:06:33 --> Could not find the language line "admin dashboard jsi18n-sample"
ERROR - 2020-11-11 09:06:49 --> Could not find the language line "admin dashboard jsi18n-sample"
ERROR - 2020-11-11 09:07:06 --> Could not find the language line "admin dashboard jsi18n-sample"
ERROR - 2020-11-11 09:20:45 --> Could not find the language line "admin dashboard jsi18n-sample"
ERROR - 2020-11-11 09:22:43 --> Could not find the language line "admin dashboard jsi18n-sample"
ERROR - 2020-11-11 09:22:44 --> Severity: Warning --> pg_query() [<a href='function.pg-query'>function.pg-query</a>]: Query failed: ERROR:  invalid input syntax for integer: &quot;&quot;
LINE 9:      '',
             ^ /home/miracle/public_html/ci3_cgi/system/database/drivers/postgre/postgre_driver.php 242
ERROR - 2020-11-11 09:22:44 --> Query error: ERROR:  invalid input syntax for integer: ""
LINE 9:      '',
             ^ - Invalid query: INSERT INTO frontmed.neural_appointment (id, appointment_date, appointment_time, user_id, comment, component_id, visit_id, patient_id, created_by, select_option)
					SELECT (id + 1) AS last_id,
					'2020-12-09',
					'08:30',
					'661',
					'',
					'10',
					'2004616',
					'',
					'343',
					NULL
					FROM frontmed.neural_appointment ORDER BY id DESC LIMIT 1 RETURNING id AS last_id
ERROR - 2020-11-11 09:23:04 --> Severity: Warning --> pg_query() [<a href='function.pg-query'>function.pg-query</a>]: Query failed: ERROR:  invalid input syntax for integer: &quot;&quot;
LINE 9:      '',
             ^ /home/miracle/public_html/ci3_cgi/system/database/drivers/postgre/postgre_driver.php 242
ERROR - 2020-11-11 09:23:04 --> Query error: ERROR:  invalid input syntax for integer: ""
LINE 9:      '',
             ^ - Invalid query: INSERT INTO frontmed.neural_appointment (id, appointment_date, appointment_time, user_id, comment, component_id, visit_id, patient_id, created_by, select_option)
					SELECT (id + 1) AS last_id,
					'2020-12-09',
					'08:30',
					'661',
					'',
					'10',
					'2004616',
					'',
					'343',
					NULL
					FROM frontmed.neural_appointment ORDER BY id DESC LIMIT 1 RETURNING id AS last_id
ERROR - 2020-11-11 09:23:06 --> Severity: Warning --> pg_query() [<a href='function.pg-query'>function.pg-query</a>]: Query failed: ERROR:  invalid input syntax for integer: &quot;&quot;
LINE 9:      '',
             ^ /home/miracle/public_html/ci3_cgi/system/database/drivers/postgre/postgre_driver.php 242
ERROR - 2020-11-11 09:23:06 --> Query error: ERROR:  invalid input syntax for integer: ""
LINE 9:      '',
             ^ - Invalid query: INSERT INTO frontmed.neural_appointment (id, appointment_date, appointment_time, user_id, comment, component_id, visit_id, patient_id, created_by, select_option)
					SELECT (id + 1) AS last_id,
					'2020-12-09',
					'08:30',
					'661',
					'',
					'10',
					'2004616',
					'',
					'343',
					NULL
					FROM frontmed.neural_appointment ORDER BY id DESC LIMIT 1 RETURNING id AS last_id
ERROR - 2020-11-11 09:23:06 --> Severity: Warning --> pg_query() [<a href='function.pg-query'>function.pg-query</a>]: Query failed: ERROR:  invalid input syntax for integer: &quot;&quot;
LINE 9:      '',
             ^ /home/miracle/public_html/ci3_cgi/system/database/drivers/postgre/postgre_driver.php 242
ERROR - 2020-11-11 09:23:06 --> Query error: ERROR:  invalid input syntax for integer: ""
LINE 9:      '',
             ^ - Invalid query: INSERT INTO frontmed.neural_appointment (id, appointment_date, appointment_time, user_id, comment, component_id, visit_id, patient_id, created_by, select_option)
					SELECT (id + 1) AS last_id,
					'2020-12-09',
					'08:30',
					'661',
					'',
					'10',
					'2004616',
					'',
					'343',
					NULL
					FROM frontmed.neural_appointment ORDER BY id DESC LIMIT 1 RETURNING id AS last_id
ERROR - 2020-11-11 09:23:09 --> Severity: Warning --> pg_query() [<a href='function.pg-query'>function.pg-query</a>]: Query failed: ERROR:  invalid input syntax for integer: &quot;&quot;
LINE 9:      '',
             ^ /home/miracle/public_html/ci3_cgi/system/database/drivers/postgre/postgre_driver.php 242
ERROR - 2020-11-11 09:23:09 --> Query error: ERROR:  invalid input syntax for integer: ""
LINE 9:      '',
             ^ - Invalid query: INSERT INTO frontmed.neural_appointment (id, appointment_date, appointment_time, user_id, comment, component_id, visit_id, patient_id, created_by, select_option)
					SELECT (id + 1) AS last_id,
					'2020-12-09',
					'08:30',
					'661',
					'',
					'10',
					'2004616',
					'',
					'343',
					NULL
					FROM frontmed.neural_appointment ORDER BY id DESC LIMIT 1 RETURNING id AS last_id
ERROR - 2020-11-11 09:23:14 --> Severity: Warning --> pg_query() [<a href='function.pg-query'>function.pg-query</a>]: Query failed: ERROR:  invalid input syntax for integer: &quot;&quot;
LINE 9:      '',
             ^ /home/miracle/public_html/ci3_cgi/system/database/drivers/postgre/postgre_driver.php 242
ERROR - 2020-11-11 09:23:14 --> Query error: ERROR:  invalid input syntax for integer: ""
LINE 9:      '',
             ^ - Invalid query: INSERT INTO frontmed.neural_appointment (id, appointment_date, appointment_time, user_id, comment, component_id, visit_id, patient_id, created_by, select_option)
					SELECT (id + 1) AS last_id,
					'2020-12-09',
					'09:00',
					'661',
					'',
					'10',
					'2004616',
					'',
					'343',
					NULL
					FROM frontmed.neural_appointment ORDER BY id DESC LIMIT 1 RETURNING id AS last_id
ERROR - 2020-11-11 09:23:24 --> Severity: Warning --> pg_query() [<a href='function.pg-query'>function.pg-query</a>]: Query failed: ERROR:  invalid input syntax for integer: &quot;&quot;
LINE 9:      '',
             ^ /home/miracle/public_html/ci3_cgi/system/database/drivers/postgre/postgre_driver.php 242
ERROR - 2020-11-11 09:23:24 --> Query error: ERROR:  invalid input syntax for integer: ""
LINE 9:      '',
             ^ - Invalid query: INSERT INTO frontmed.neural_appointment (id, appointment_date, appointment_time, user_id, comment, component_id, visit_id, patient_id, created_by, select_option)
					SELECT (id + 1) AS last_id,
					'2020-12-09',
					'09:00',
					'661',
					'',
					'10',
					'2004616',
					'',
					'343',
					NULL
					FROM frontmed.neural_appointment ORDER BY id DESC LIMIT 1 RETURNING id AS last_id
ERROR - 2020-11-11 09:24:04 --> Severity: Warning --> pg_query() [<a href='function.pg-query'>function.pg-query</a>]: Query failed: ERROR:  invalid input syntax for integer: &quot;&quot;
LINE 9:      '',
             ^ /home/miracle/public_html/ci3_cgi/system/database/drivers/postgre/postgre_driver.php 242
ERROR - 2020-11-11 09:24:04 --> Query error: ERROR:  invalid input syntax for integer: ""
LINE 9:      '',
             ^ - Invalid query: INSERT INTO frontmed.neural_appointment (id, appointment_date, appointment_time, user_id, comment, component_id, visit_id, patient_id, created_by, select_option)
					SELECT (id + 1) AS last_id,
					'2020-12-09',
					'09:00',
					'661',
					'',
					'10',
					'2004616',
					'',
					'343',
					NULL
					FROM frontmed.neural_appointment ORDER BY id DESC LIMIT 1 RETURNING id AS last_id
ERROR - 2020-11-11 09:24:09 --> Severity: Warning --> pg_query() [<a href='function.pg-query'>function.pg-query</a>]: Query failed: ERROR:  invalid input syntax for integer: &quot;&quot;
LINE 9:      '',
             ^ /home/miracle/public_html/ci3_cgi/system/database/drivers/postgre/postgre_driver.php 242
ERROR - 2020-11-11 09:24:09 --> Query error: ERROR:  invalid input syntax for integer: ""
LINE 9:      '',
             ^ - Invalid query: INSERT INTO frontmed.neural_appointment (id, appointment_date, appointment_time, user_id, comment, component_id, visit_id, patient_id, created_by, select_option)
					SELECT (id + 1) AS last_id,
					'2020-12-09',
					'09:00',
					'661',
					'',
					'10',
					'2004616',
					'',
					'343',
					NULL
					FROM frontmed.neural_appointment ORDER BY id DESC LIMIT 1 RETURNING id AS last_id
ERROR - 2020-11-11 09:24:11 --> Severity: Warning --> pg_query() [<a href='function.pg-query'>function.pg-query</a>]: Query failed: ERROR:  invalid input syntax for integer: &quot;&quot;
LINE 9:      '',
             ^ /home/miracle/public_html/ci3_cgi/system/database/drivers/postgre/postgre_driver.php 242
ERROR - 2020-11-11 09:24:11 --> Query error: ERROR:  invalid input syntax for integer: ""
LINE 9:      '',
             ^ - Invalid query: INSERT INTO frontmed.neural_appointment (id, appointment_date, appointment_time, user_id, comment, component_id, visit_id, patient_id, created_by, select_option)
					SELECT (id + 1) AS last_id,
					'2020-12-09',
					'08:30',
					'661',
					'',
					'10',
					'2004616',
					'',
					'343',
					NULL
					FROM frontmed.neural_appointment ORDER BY id DESC LIMIT 1 RETURNING id AS last_id
ERROR - 2020-11-11 09:35:10 --> Could not find the language line "admin dashboard jsi18n-sample"
ERROR - 2020-11-11 09:50:49 --> Could not find the language line "admin dashboard jsi18n-sample"
ERROR - 2020-11-11 11:19:36 --> Could not find the language line "admin dashboard jsi18n-sample"
ERROR - 2020-11-11 11:59:26 --> Could not find the language line "admin dashboard jsi18n-sample"
ERROR - 2020-11-11 11:59:48 --> Could not find the language line "admin dashboard jsi18n-sample"
ERROR - 2020-11-11 13:01:04 --> Could not find the language line "admin dashboard jsi18n-sample"
ERROR - 2020-11-11 13:01:11 --> Could not find the language line "admin dashboard jsi18n-sample"
ERROR - 2020-11-11 13:01:14 --> Could not find the language line "admin dashboard jsi18n-sample"
ERROR - 2020-11-11 13:01:16 --> Could not find the language line "admin dashboard jsi18n-sample"
ERROR - 2020-11-11 13:01:18 --> Could not find the language line "admin dashboard jsi18n-sample"
ERROR - 2020-11-11 13:01:20 --> Could not find the language line "admin dashboard jsi18n-sample"
ERROR - 2020-11-11 13:01:22 --> Could not find the language line "admin dashboard jsi18n-sample"
ERROR - 2020-11-11 13:05:41 --> Could not find the language line "admin dashboard jsi18n-sample"
ERROR - 2020-11-11 13:41:56 --> Could not find the language line "admin dashboard jsi18n-sample"
ERROR - 2020-11-11 14:53:01 --> Could not find the language line "admin dashboard jsi18n-sample"
ERROR - 2020-11-11 14:55:18 --> Could not find the language line "admin dashboard jsi18n-sample"
ERROR - 2020-11-11 15:01:29 --> Could not find the language line "admin dashboard jsi18n-sample"
