ERROR - 2020-07-27 16:09:54 --> Could not find the language line "admin dashboard jsi18n-sample"
ERROR - 2020-07-27 16:09:57 --> Could not find the language line "admin dashboard jsi18n-sample"
ERROR - 2020-07-27 16:10:48 --> Could not find the language line "admin dashboard jsi18n-sample"
ERROR - 2020-07-27 16:11:53 --> Could not find the language line "admin dashboard jsi18n-sample"
ERROR - 2020-07-27 16:12:11 --> Could not find the language line "admin dashboard jsi18n-sample"
ERROR - 2020-07-27 16:12:12 --> Could not find the language line "admin dashboard jsi18n-sample"
ERROR - 2020-07-27 16:12:12 --> Could not find the language line "admin dashboard jsi18n-sample"
ERROR - 2020-07-27 16:16:25 --> Could not find the language line "admin dashboard jsi18n-sample"
ERROR - 2020-07-27 16:16:28 --> Could not find the language line "admin dashboard jsi18n-sample"
ERROR - 2020-07-27 18:17:49 --> Could not find the language line "admin dashboard jsi18n-sample"
ERROR - 2020-07-27 18:35:09 --> Could not find the language line "admin dashboard jsi18n-sample"
ERROR - 2020-07-27 19:15:14 --> Could not find the language line "admin dashboard jsi18n-sample"
ERROR - 2020-07-27 20:25:45 --> Could not find the language line "admin dashboard jsi18n-sample"
ERROR - 2020-07-27 20:26:00 --> Could not find the language line "admin dashboard jsi18n-sample"
ERROR - 2020-07-27 20:28:02 --> Severity: Warning --> pg_query() [<a href='function.pg-query'>function.pg-query</a>]: Query failed: ERROR:  invalid input syntax for integer: &quot;&quot;
LINE 9:      '',
             ^ /home/miracle/public_html/ci3_cgi/system/database/drivers/postgre/postgre_driver.php 242
ERROR - 2020-07-27 20:28:02 --> Query error: ERROR:  invalid input syntax for integer: ""
LINE 9:      '',
             ^ - Invalid query: INSERT INTO frontmed.neural_appointment (id, appointment_date, appointment_time, user_id, comment, component_id, visit_id, patient_id, created_by, select_option)
					SELECT (id + 1) AS last_id,
					'2020-07-27',
					'10:00',
					'142',
					'จิตบำบัด กานดา',
					'19',
					'1975318',
					'',
					'142',
					NULL
					FROM frontmed.neural_appointment ORDER BY id DESC LIMIT 1 RETURNING id AS last_id
ERROR - 2020-07-27 20:28:02 --> Severity: Warning --> pg_query() [<a href='function.pg-query'>function.pg-query</a>]: Query failed: ERROR:  invalid input syntax for integer: &quot;&quot;
LINE 9:      '',
             ^ /home/miracle/public_html/ci3_cgi/system/database/drivers/postgre/postgre_driver.php 242
ERROR - 2020-07-27 20:28:02 --> Query error: ERROR:  invalid input syntax for integer: ""
LINE 9:      '',
             ^ - Invalid query: INSERT INTO frontmed.neural_appointment (id, appointment_date, appointment_time, user_id, comment, component_id, visit_id, patient_id, created_by, select_option)
					SELECT (id + 1) AS last_id,
					'2020-07-27',
					'10:00',
					'142',
					'จิตบำบัด กานดา',
					'19',
					'1975318',
					'',
					'142',
					NULL
					FROM frontmed.neural_appointment ORDER BY id DESC LIMIT 1 RETURNING id AS last_id
ERROR - 2020-07-27 20:28:02 --> Severity: Warning --> pg_query() [<a href='function.pg-query'>function.pg-query</a>]: Query failed: ERROR:  invalid input syntax for integer: &quot;&quot;
LINE 9:      '',
             ^ /home/miracle/public_html/ci3_cgi/system/database/drivers/postgre/postgre_driver.php 242
ERROR - 2020-07-27 20:28:02 --> Query error: ERROR:  invalid input syntax for integer: ""
LINE 9:      '',
             ^ - Invalid query: INSERT INTO frontmed.neural_appointment (id, appointment_date, appointment_time, user_id, comment, component_id, visit_id, patient_id, created_by, select_option)
					SELECT (id + 1) AS last_id,
					'2020-07-27',
					'10:00',
					'142',
					'จิตบำบัด กานดา',
					'19',
					'1975318',
					'',
					'142',
					NULL
					FROM frontmed.neural_appointment ORDER BY id DESC LIMIT 1 RETURNING id AS last_id
ERROR - 2020-07-27 20:28:20 --> Severity: Warning --> pg_query() [<a href='function.pg-query'>function.pg-query</a>]: Query failed: ERROR:  invalid input syntax for integer: &quot;&quot;
LINE 9:      '',
             ^ /home/miracle/public_html/ci3_cgi/system/database/drivers/postgre/postgre_driver.php 242
ERROR - 2020-07-27 20:28:20 --> Query error: ERROR:  invalid input syntax for integer: ""
LINE 9:      '',
             ^ - Invalid query: INSERT INTO frontmed.neural_appointment (id, appointment_date, appointment_time, user_id, comment, component_id, visit_id, patient_id, created_by, select_option)
					SELECT (id + 1) AS last_id,
					'2020-07-27',
					'10:00',
					'142',
					'จิตบำบัด กานดา',
					'19',
					'1975318',
					'',
					'142',
					NULL
					FROM frontmed.neural_appointment ORDER BY id DESC LIMIT 1 RETURNING id AS last_id
