ERROR - 2020-04-17 08:12:33 --> Could not find the language line "admin dashboard jsi18n-sample"
ERROR - 2020-04-17 08:12:35 --> Could not find the language line "admin dashboard jsi18n-sample"
ERROR - 2020-04-17 08:13:53 --> Could not find the language line "admin dashboard jsi18n-sample"
ERROR - 2020-04-17 08:13:53 --> Could not find the language line "admin dashboard jsi18n-sample"
ERROR - 2020-04-17 08:25:38 --> Could not find the language line "admin dashboard jsi18n-sample"
ERROR - 2020-04-17 08:27:04 --> Could not find the language line "admin dashboard jsi18n-sample"
ERROR - 2020-04-17 08:33:43 --> Could not find the language line "admin dashboard jsi18n-sample"
ERROR - 2020-04-17 09:43:17 --> Could not find the language line "admin dashboard jsi18n-sample"
ERROR - 2020-04-17 10:33:25 --> Could not find the language line "admin dashboard jsi18n-sample"
ERROR - 2020-04-17 10:50:34 --> Could not find the language line "admin dashboard jsi18n-sample"
ERROR - 2020-04-17 11:07:52 --> Could not find the language line "admin dashboard jsi18n-sample"
ERROR - 2020-04-17 11:57:07 --> Could not find the language line "admin dashboard jsi18n-sample"
ERROR - 2020-04-17 13:04:13 --> Could not find the language line "admin dashboard jsi18n-sample"
ERROR - 2020-04-17 13:04:18 --> Could not find the language line "admin dashboard jsi18n-sample"
ERROR - 2020-04-17 13:04:22 --> Could not find the language line "admin dashboard jsi18n-sample"
ERROR - 2020-04-17 13:04:29 --> Could not find the language line "admin dashboard jsi18n-sample"
ERROR - 2020-04-17 13:04:34 --> Could not find the language line "admin dashboard jsi18n-sample"
ERROR - 2020-04-17 13:04:43 --> Could not find the language line "admin dashboard jsi18n-sample"
ERROR - 2020-04-17 13:04:47 --> Could not find the language line "admin dashboard jsi18n-sample"
ERROR - 2020-04-17 13:04:56 --> Could not find the language line "admin dashboard jsi18n-sample"
ERROR - 2020-04-17 13:05:10 --> Could not find the language line "admin dashboard jsi18n-sample"
ERROR - 2020-04-17 13:05:13 --> Could not find the language line "admin dashboard jsi18n-sample"
ERROR - 2020-04-17 13:36:05 --> Could not find the language line "admin dashboard jsi18n-sample"
ERROR - 2020-04-17 13:37:18 --> Severity: Warning --> pg_query() [<a href='function.pg-query'>function.pg-query</a>]: Query failed: ERROR:  invalid input syntax for integer: &quot;&quot;
LINE 9:      '',
             ^ /home/miracle/public_html/ci3_cgi/system/database/drivers/postgre/postgre_driver.php 242
ERROR - 2020-04-17 13:37:18 --> Query error: ERROR:  invalid input syntax for integer: ""
LINE 9:      '',
             ^ - Invalid query: INSERT INTO frontmed.neural_appointment (id, appointment_date, appointment_time, user_id, comment, component_id, visit_id, patient_id, created_by, select_option)
					SELECT (id + 1) AS last_id,
					'2020-07-02',
					'09:00',
					'708',
					'ขอใบรับรองแพทย์ประกอบการเกณฑ์ทหาร',
					'10',
					'1949723',
					'',
					'708',
					NULL
					FROM frontmed.neural_appointment ORDER BY id DESC LIMIT 1 RETURNING id AS last_id
ERROR - 2020-04-17 13:37:18 --> Severity: Warning --> pg_query() [<a href='function.pg-query'>function.pg-query</a>]: Query failed: ERROR:  invalid input syntax for integer: &quot;&quot;
LINE 9:      '',
             ^ /home/miracle/public_html/ci3_cgi/system/database/drivers/postgre/postgre_driver.php 242
ERROR - 2020-04-17 13:37:18 --> Query error: ERROR:  invalid input syntax for integer: ""
LINE 9:      '',
             ^ - Invalid query: INSERT INTO frontmed.neural_appointment (id, appointment_date, appointment_time, user_id, comment, component_id, visit_id, patient_id, created_by, select_option)
					SELECT (id + 1) AS last_id,
					'2020-07-02',
					'09:00',
					'708',
					'ขอใบรับรองแพทย์ประกอบการเกณฑ์ทหาร',
					'10',
					'1949723',
					'',
					'708',
					NULL
					FROM frontmed.neural_appointment ORDER BY id DESC LIMIT 1 RETURNING id AS last_id
ERROR - 2020-04-17 13:42:02 --> Could not find the language line "admin dashboard jsi18n-sample"
ERROR - 2020-04-17 13:50:16 --> Could not find the language line "admin dashboard jsi18n-sample"
ERROR - 2020-04-17 13:53:22 --> Could not find the language line "admin dashboard jsi18n-sample"
