ERROR - 2021-01-25 08:35:52 --> Could not find the language line "admin dashboard jsi18n-sample"
ERROR - 2021-01-25 08:35:58 --> Could not find the language line "admin dashboard jsi18n-sample"
ERROR - 2021-01-25 08:57:27 --> Could not find the language line "admin dashboard jsi18n-sample"
ERROR - 2021-01-25 08:57:33 --> Could not find the language line "admin dashboard jsi18n-sample"
ERROR - 2021-01-25 09:30:55 --> Could not find the language line "admin dashboard jsi18n-sample"
ERROR - 2021-01-25 09:30:58 --> Could not find the language line "admin dashboard jsi18n-sample"
ERROR - 2021-01-25 10:16:30 --> Severity: Warning --> pg_connect() [<a href='function.pg-connect'>function.pg-connect</a>]: Unable to connect to PostgreSQL server: FATAL:  the database system is shutting down /home/miracle/public_html/ci3_cgi/system/database/drivers/postgre/postgre_driver.php 154
ERROR - 2021-01-25 10:16:30 --> Severity: Warning --> pg_connect() [<a href='function.pg-connect'>function.pg-connect</a>]: Unable to connect to PostgreSQL server: FATAL:  the database system is shutting down /home/miracle/public_html/ci3_cgi/system/database/drivers/postgre/postgre_driver.php 154
ERROR - 2021-01-25 10:16:30 --> Severity: Warning --> pg_connect() [<a href='function.pg-connect'>function.pg-connect</a>]: Unable to connect to PostgreSQL server: FATAL:  the database system is shutting down /home/miracle/public_html/ci3_cgi/system/database/drivers/postgre/postgre_driver.php 154
ERROR - 2021-01-25 10:16:30 --> Severity: Warning --> pg_connect() [<a href='function.pg-connect'>function.pg-connect</a>]: Unable to connect to PostgreSQL server: FATAL:  the database system is shutting down /home/miracle/public_html/ci3_cgi/system/database/drivers/postgre/postgre_driver.php 154
ERROR - 2021-01-25 10:16:30 --> Severity: Warning --> pg_connect() [<a href='function.pg-connect'>function.pg-connect</a>]: Unable to connect to PostgreSQL server: FATAL:  the database system is shutting down /home/miracle/public_html/ci3_cgi/system/database/drivers/postgre/postgre_driver.php 154
ERROR - 2021-01-25 10:16:30 --> Unable to connect to the database
ERROR - 2021-01-25 10:16:30 --> Severity: Warning --> pg_connect() [<a href='function.pg-connect'>function.pg-connect</a>]: Unable to connect to PostgreSQL server: FATAL:  the database system is shutting down /home/miracle/public_html/ci3_cgi/system/database/drivers/postgre/postgre_driver.php 154
ERROR - 2021-01-25 10:16:30 --> Unable to connect to the database
ERROR - 2021-01-25 10:16:30 --> Unable to connect to the database
ERROR - 2021-01-25 10:16:30 --> Unable to connect to the database
ERROR - 2021-01-25 10:16:30 --> Unable to connect to the database
ERROR - 2021-01-25 10:16:30 --> Unable to connect to the database
ERROR - 2021-01-25 10:16:30 --> Severity: Warning --> pg_connect() [<a href='function.pg-connect'>function.pg-connect</a>]: Unable to connect to PostgreSQL server: FATAL:  the database system is shutting down /home/miracle/public_html/ci3_cgi/system/database/drivers/postgre/postgre_driver.php 154
ERROR - 2021-01-25 10:16:30 --> Unable to connect to the database
ERROR - 2021-01-25 10:16:30 --> Severity: Warning --> pg_connect() [<a href='function.pg-connect'>function.pg-connect</a>]: Unable to connect to PostgreSQL server: FATAL:  the database system is shutting down /home/miracle/public_html/ci3_cgi/system/database/drivers/postgre/postgre_driver.php 154
ERROR - 2021-01-25 10:16:30 --> Unable to connect to the database
ERROR - 2021-01-25 10:16:30 --> Severity: Warning --> pg_connect() [<a href='function.pg-connect'>function.pg-connect</a>]: Unable to connect to PostgreSQL server: FATAL:  the database system is shutting down /home/miracle/public_html/ci3_cgi/system/database/drivers/postgre/postgre_driver.php 154
ERROR - 2021-01-25 10:16:30 --> Unable to connect to the database
ERROR - 2021-01-25 10:16:30 --> Severity: Warning --> pg_connect() [<a href='function.pg-connect'>function.pg-connect</a>]: Unable to connect to PostgreSQL server: FATAL:  the database system is shutting down /home/miracle/public_html/ci3_cgi/system/database/drivers/postgre/postgre_driver.php 154
ERROR - 2021-01-25 10:16:30 --> Unable to connect to the database
ERROR - 2021-01-25 10:16:30 --> Severity: Warning --> pg_connect() [<a href='function.pg-connect'>function.pg-connect</a>]: Unable to connect to PostgreSQL server: FATAL:  the database system is shutting down /home/miracle/public_html/ci3_cgi/system/database/drivers/postgre/postgre_driver.php 154
ERROR - 2021-01-25 10:16:30 --> Unable to connect to the database
ERROR - 2021-01-25 10:16:30 --> Severity: Warning --> pg_connect() [<a href='function.pg-connect'>function.pg-connect</a>]: Unable to connect to PostgreSQL server: FATAL:  the database system is shutting down /home/miracle/public_html/ci3_cgi/system/database/drivers/postgre/postgre_driver.php 154
ERROR - 2021-01-25 10:16:30 --> Severity: Warning --> pg_connect() [<a href='function.pg-connect'>function.pg-connect</a>]: Unable to connect to PostgreSQL server: FATAL:  the database system is shutting down /home/miracle/public_html/ci3_cgi/system/database/drivers/postgre/postgre_driver.php 154
ERROR - 2021-01-25 10:16:30 --> Unable to connect to the database
ERROR - 2021-01-25 10:16:30 --> Unable to connect to the database
ERROR - 2021-01-25 10:16:31 --> Severity: Warning --> pg_connect() [<a href='function.pg-connect'>function.pg-connect</a>]: Unable to connect to PostgreSQL server: FATAL:  the database system is shutting down /home/miracle/public_html/ci3_cgi/system/database/drivers/postgre/postgre_driver.php 154
ERROR - 2021-01-25 10:16:31 --> Unable to connect to the database
ERROR - 2021-01-25 10:16:34 --> Severity: Warning --> pg_connect() [<a href='function.pg-connect'>function.pg-connect</a>]: Unable to connect to PostgreSQL server: could not connect to server: Connection refused
	Is the server running on host &quot;localhost&quot; (127.0.0.1) and accepting
	TCP/IP connections on port 5432? /home/miracle/public_html/ci3_cgi/system/database/drivers/postgre/postgre_driver.php 154
ERROR - 2021-01-25 10:16:34 --> Unable to connect to the database
ERROR - 2021-01-25 10:16:34 --> Severity: Warning --> pg_connect() [<a href='function.pg-connect'>function.pg-connect</a>]: Unable to connect to PostgreSQL server: could not connect to server: Connection refused
	Is the server running on host &quot;localhost&quot; (127.0.0.1) and accepting
	TCP/IP connections on port 5432? /home/miracle/public_html/ci3_cgi/system/database/drivers/postgre/postgre_driver.php 154
ERROR - 2021-01-25 10:16:34 --> Unable to connect to the database
ERROR - 2021-01-25 10:16:34 --> Severity: Warning --> pg_connect() [<a href='function.pg-connect'>function.pg-connect</a>]: Unable to connect to PostgreSQL server: could not connect to server: Connection refused
	Is the server running on host &quot;localhost&quot; (127.0.0.1) and accepting
	TCP/IP connections on port 5432? /home/miracle/public_html/ci3_cgi/system/database/drivers/postgre/postgre_driver.php 154
ERROR - 2021-01-25 10:16:34 --> Unable to connect to the database
ERROR - 2021-01-25 10:16:34 --> Severity: Warning --> pg_connect() [<a href='function.pg-connect'>function.pg-connect</a>]: Unable to connect to PostgreSQL server: could not connect to server: Connection refused
	Is the server running on host &quot;localhost&quot; (127.0.0.1) and accepting
	TCP/IP connections on port 5432? /home/miracle/public_html/ci3_cgi/system/database/drivers/postgre/postgre_driver.php 154
ERROR - 2021-01-25 10:16:34 --> Unable to connect to the database
ERROR - 2021-01-25 10:16:34 --> Severity: Warning --> pg_connect() [<a href='function.pg-connect'>function.pg-connect</a>]: Unable to connect to PostgreSQL server: could not connect to server: Connection refused
	Is the server running on host &quot;localhost&quot; (127.0.0.1) and accepting
	TCP/IP connections on port 5432? /home/miracle/public_html/ci3_cgi/system/database/drivers/postgre/postgre_driver.php 154
ERROR - 2021-01-25 10:16:34 --> Unable to connect to the database
ERROR - 2021-01-25 10:16:34 --> Severity: Warning --> pg_connect() [<a href='function.pg-connect'>function.pg-connect</a>]: Unable to connect to PostgreSQL server: could not connect to server: Connection refused
	Is the server running on host &quot;localhost&quot; (127.0.0.1) and accepting
	TCP/IP connections on port 5432? /home/miracle/public_html/ci3_cgi/system/database/drivers/postgre/postgre_driver.php 154
ERROR - 2021-01-25 10:16:34 --> Unable to connect to the database
ERROR - 2021-01-25 12:45:36 --> Could not find the language line "admin dashboard jsi18n-sample"
ERROR - 2021-01-25 12:45:39 --> Could not find the language line "admin dashboard jsi18n-sample"
ERROR - 2021-01-25 12:45:42 --> Could not find the language line "admin dashboard jsi18n-sample"
ERROR - 2021-01-25 12:45:44 --> Could not find the language line "admin dashboard jsi18n-sample"
ERROR - 2021-01-25 14:22:26 --> Severity: Warning --> pg_connect() [<a href='function.pg-connect'>function.pg-connect</a>]: Unable to connect to PostgreSQL server: FATAL:  the database system is shutting down /home/miracle/public_html/ci3_cgi/system/database/drivers/postgre/postgre_driver.php 154
ERROR - 2021-01-25 14:22:26 --> Unable to connect to the database
ERROR - 2021-01-25 14:24:49 --> Could not find the language line "admin dashboard jsi18n-sample"
ERROR - 2021-01-25 14:26:22 --> Could not find the language line "admin dashboard jsi18n-sample"
ERROR - 2021-01-25 16:26:39 --> Could not find the language line "admin dashboard jsi18n-sample"
ERROR - 2021-01-25 16:28:30 --> Could not find the language line "admin dashboard jsi18n-sample"
ERROR - 2021-01-25 16:29:03 --> Could not find the language line "admin dashboard jsi18n-sample"
ERROR - 2021-01-25 16:33:11 --> Could not find the language line "admin dashboard jsi18n-sample"
ERROR - 2021-01-25 16:33:41 --> Could not find the language line "admin dashboard jsi18n-sample"
ERROR - 2021-01-25 16:34:24 --> Could not find the language line "admin dashboard jsi18n-sample"
ERROR - 2021-01-25 16:34:58 --> Could not find the language line "admin dashboard jsi18n-sample"
ERROR - 2021-01-25 16:35:12 --> Could not find the language line "admin dashboard jsi18n-sample"
ERROR - 2021-01-25 16:35:16 --> Could not find the language line "admin dashboard jsi18n-sample"
ERROR - 2021-01-25 16:35:31 --> Could not find the language line "admin dashboard jsi18n-sample"
ERROR - 2021-01-25 17:13:10 --> Could not find the language line "admin dashboard jsi18n-sample"
ERROR - 2021-01-25 23:28:20 --> Could not find the language line "admin dashboard jsi18n-sample"
