ERROR - 2021-02-11 08:29:39 --> Could not find the language line "admin dashboard jsi18n-sample"
ERROR - 2021-02-11 08:29:43 --> Could not find the language line "admin dashboard jsi18n-sample"
ERROR - 2021-02-11 08:44:23 --> Could not find the language line "admin dashboard jsi18n-sample"
ERROR - 2021-02-11 09:35:16 --> Could not find the language line "admin dashboard jsi18n-sample"
ERROR - 2021-02-11 10:02:56 --> Could not find the language line "admin dashboard jsi18n-sample"
ERROR - 2021-02-11 10:24:22 --> Could not find the language line "admin dashboard jsi18n-sample"
ERROR - 2021-02-11 10:36:22 --> Could not find the language line "admin dashboard jsi18n-sample"
ERROR - 2021-02-11 10:37:37 --> Could not find the language line "admin dashboard jsi18n-sample"
ERROR - 2021-02-11 10:53:12 --> Could not find the language line "admin dashboard jsi18n-sample"
ERROR - 2021-02-11 10:56:06 --> Could not find the language line "admin dashboard jsi18n-sample"
ERROR - 2021-02-11 11:02:30 --> Could not find the language line "admin dashboard jsi18n-sample"
ERROR - 2021-02-11 11:27:02 --> Could not find the language line "admin dashboard jsi18n-sample"
ERROR - 2021-02-11 11:42:21 --> Could not find the language line "admin dashboard jsi18n-sample"
ERROR - 2021-02-11 12:22:26 --> Could not find the language line "admin dashboard jsi18n-sample"
ERROR - 2021-02-11 12:22:29 --> Could not find the language line "admin dashboard jsi18n-sample"
ERROR - 2021-02-11 12:22:32 --> Could not find the language line "admin dashboard jsi18n-sample"
ERROR - 2021-02-11 12:22:38 --> Could not find the language line "admin dashboard jsi18n-sample"
ERROR - 2021-02-11 13:50:16 --> Could not find the language line "admin dashboard jsi18n-sample"
ERROR - 2021-02-11 13:50:40 --> Could not find the language line "admin dashboard jsi18n-sample"
ERROR - 2021-02-11 13:56:57 --> Could not find the language line "admin dashboard jsi18n-sample"
ERROR - 2021-02-11 14:26:25 --> Could not find the language line "admin dashboard jsi18n-sample"
ERROR - 2021-02-11 14:27:07 --> Could not find the language line "admin dashboard jsi18n-sample"
ERROR - 2021-02-11 14:39:35 --> Could not find the language line "admin dashboard jsi18n-sample"
ERROR - 2021-02-11 14:40:33 --> Severity: Warning --> pg_query() [<a href='function.pg-query'>function.pg-query</a>]: Query failed: ERROR:  invalid input syntax for integer: &quot;&quot;
LINE 9:      '',
             ^ /home/miracle/public_html/ci3_cgi/system/database/drivers/postgre/postgre_driver.php 242
ERROR - 2021-02-11 14:40:33 --> Query error: ERROR:  invalid input syntax for integer: ""
LINE 9:      '',
             ^ - Invalid query: INSERT INTO frontmed.neural_appointment (id, appointment_date, appointment_time, user_id, comment, component_id, visit_id, patient_id, created_by, select_option)
					SELECT (id + 1) AS last_id,
					'2021-02-25',
					'09:00',
					'85',
					'',
					'10',
					'2028863',
					'',
					'343',
					NULL
					FROM frontmed.neural_appointment ORDER BY id DESC LIMIT 1 RETURNING id AS last_id
ERROR - 2021-02-11 14:40:50 --> Severity: Warning --> pg_query() [<a href='function.pg-query'>function.pg-query</a>]: Query failed: ERROR:  invalid input syntax for integer: &quot;&quot;
LINE 9:      '',
             ^ /home/miracle/public_html/ci3_cgi/system/database/drivers/postgre/postgre_driver.php 242
ERROR - 2021-02-11 14:40:50 --> Query error: ERROR:  invalid input syntax for integer: ""
LINE 9:      '',
             ^ - Invalid query: INSERT INTO frontmed.neural_appointment (id, appointment_date, appointment_time, user_id, comment, component_id, visit_id, patient_id, created_by, select_option)
					SELECT (id + 1) AS last_id,
					'2021-02-25',
					'09:00',
					'85',
					'',
					'10',
					'2028863',
					'',
					'343',
					NULL
					FROM frontmed.neural_appointment ORDER BY id DESC LIMIT 1 RETURNING id AS last_id
ERROR - 2021-02-11 14:41:02 --> Severity: Warning --> pg_query() [<a href='function.pg-query'>function.pg-query</a>]: Query failed: ERROR:  invalid input syntax for integer: &quot;&quot;
LINE 9:      '',
             ^ /home/miracle/public_html/ci3_cgi/system/database/drivers/postgre/postgre_driver.php 242
ERROR - 2021-02-11 14:41:02 --> Query error: ERROR:  invalid input syntax for integer: ""
LINE 9:      '',
             ^ - Invalid query: INSERT INTO frontmed.neural_appointment (id, appointment_date, appointment_time, user_id, comment, component_id, visit_id, patient_id, created_by, select_option)
					SELECT (id + 1) AS last_id,
					'2021-02-25',
					'09:30',
					'85',
					'',
					'10',
					'2028863',
					'',
					'343',
					NULL
					FROM frontmed.neural_appointment ORDER BY id DESC LIMIT 1 RETURNING id AS last_id
ERROR - 2021-02-11 15:55:10 --> Could not find the language line "admin dashboard jsi18n-sample"
ERROR - 2021-02-11 16:21:00 --> Could not find the language line "admin dashboard jsi18n-sample"
ERROR - 2021-02-11 16:22:21 --> Could not find the language line "admin dashboard jsi18n-sample"
ERROR - 2021-02-11 18:28:01 --> Could not find the language line "admin dashboard jsi18n-sample"
ERROR - 2021-02-11 18:28:25 --> Could not find the language line "admin dashboard jsi18n-sample"
ERROR - 2021-02-11 18:28:41 --> Could not find the language line "admin dashboard jsi18n-sample"
