ERROR - 2021-03-04 07:51:16 --> Could not find the language line "admin dashboard jsi18n-sample"
ERROR - 2021-03-04 07:51:19 --> Could not find the language line "admin dashboard jsi18n-sample"
ERROR - 2021-03-04 09:02:31 --> Could not find the language line "admin dashboard jsi18n-sample"
ERROR - 2021-03-04 09:15:22 --> Could not find the language line "admin dashboard jsi18n-sample"
ERROR - 2021-03-04 09:16:56 --> Could not find the language line "admin dashboard jsi18n-sample"
ERROR - 2021-03-04 09:33:42 --> Could not find the language line "admin dashboard jsi18n-sample"
ERROR - 2021-03-04 09:57:47 --> Could not find the language line "admin dashboard jsi18n-sample"
ERROR - 2021-03-04 10:00:57 --> Could not find the language line "admin dashboard jsi18n-sample"
ERROR - 2021-03-04 10:47:21 --> Could not find the language line "admin dashboard jsi18n-sample"
ERROR - 2021-03-04 11:06:48 --> Could not find the language line "admin dashboard jsi18n-sample"
ERROR - 2021-03-04 11:15:22 --> Severity: Warning --> pg_connect() [<a href='function.pg-connect'>function.pg-connect</a>]: Unable to connect to PostgreSQL server: FATAL:  the database system is shutting down /home/miracle/public_html/ci3_cgi/system/database/drivers/postgre/postgre_driver.php 154
ERROR - 2021-03-04 11:15:22 --> Unable to connect to the database
ERROR - 2021-03-04 11:17:03 --> Could not find the language line "admin dashboard jsi18n-sample"
ERROR - 2021-03-04 11:17:14 --> Could not find the language line "admin dashboard jsi18n-sample"
ERROR - 2021-03-04 11:18:41 --> Could not find the language line "admin dashboard jsi18n-sample"
ERROR - 2021-03-04 11:19:35 --> Could not find the language line "admin dashboard jsi18n-sample"
ERROR - 2021-03-04 11:27:10 --> Could not find the language line "admin dashboard jsi18n-sample"
ERROR - 2021-03-04 11:27:50 --> Could not find the language line "admin dashboard jsi18n-sample"
ERROR - 2021-03-04 11:33:33 --> Could not find the language line "admin dashboard jsi18n-sample"
ERROR - 2021-03-04 11:48:15 --> Severity: Warning --> pg_query() [<a href='function.pg-query'>function.pg-query</a>]: Query failed: FATAL:  terminating connection due to administrator command
server closed the connection unexpectedly
	This probably means the server terminated abnormally
	before or while processing the request. /home/miracle/public_html/ci3_cgi/system/database/drivers/postgre/postgre_driver.php 242
ERROR - 2021-03-04 11:48:15 --> Severity: Warning --> pg_query() [<a href='function.pg-query'>function.pg-query</a>]: Query failed: FATAL:  terminating connection due to administrator command
server closed the connection unexpectedly
	This probably means the server terminated abnormally
	before or while processing the request. /home/miracle/public_html/ci3_cgi/system/database/drivers/postgre/postgre_driver.php 242
ERROR - 2021-03-04 11:48:15 --> Severity: Warning --> pg_query() [<a href='function.pg-query'>function.pg-query</a>]: Query failed: FATAL:  terminating connection due to administrator command
server closed the connection unexpectedly
	This probably means the server terminated abnormally
	before or while processing the request. /home/miracle/public_html/ci3_cgi/system/database/drivers/postgre/postgre_driver.php 242
ERROR - 2021-03-04 11:48:15 --> Severity: Warning --> pg_query() [<a href='function.pg-query'>function.pg-query</a>]: Query failed: FATAL:  terminating connection due to administrator command
server closed the connection unexpectedly
	This probably means the server terminated abnormally
	before or while processing the request. /home/miracle/public_html/ci3_cgi/system/database/drivers/postgre/postgre_driver.php 242
ERROR - 2021-03-04 11:48:15 --> Severity: Warning --> pg_query() [<a href='function.pg-query'>function.pg-query</a>]: Query failed: FATAL:  terminating connection due to administrator command
server closed the connection unexpectedly
	This probably means the server terminated abnormally
	before or while processing the request. /home/miracle/public_html/ci3_cgi/system/database/drivers/postgre/postgre_driver.php 242
ERROR - 2021-03-04 11:48:15 --> Severity: Warning --> pg_query() [<a href='function.pg-query'>function.pg-query</a>]: Query failed: FATAL:  terminating connection due to administrator command
server closed the connection unexpectedly
	This probably means the server terminated abnormally
	before or while processing the request. /home/miracle/public_html/ci3_cgi/system/database/drivers/postgre/postgre_driver.php 242
ERROR - 2021-03-04 11:48:15 --> Severity: Warning --> pg_query() [<a href='function.pg-query'>function.pg-query</a>]: Query failed: FATAL:  terminating connection due to administrator command
server closed the connection unexpectedly
	This probably means the server terminated abnormally
	before or while processing the request. /home/miracle/public_html/ci3_cgi/system/database/drivers/postgre/postgre_driver.php 242
ERROR - 2021-03-04 11:48:15 --> Severity: Warning --> pg_query() [<a href='function.pg-query'>function.pg-query</a>]: Query failed: FATAL:  terminating connection due to administrator command
server closed the connection unexpectedly
	This probably means the server terminated abnormally
	before or while processing the request. /home/miracle/public_html/ci3_cgi/system/database/drivers/postgre/postgre_driver.php 242
ERROR - 2021-03-04 11:48:15 --> Query error: FATAL:  terminating connection due to administrator command
server closed the connection unexpectedly
	This probably means the server terminated abnormally
	before or while processing the request. - Invalid query: SELECT * FROM public.settings ORDER BY sort_order ASC
ERROR - 2021-03-04 11:48:15 --> Query error: FATAL:  terminating connection due to administrator command
server closed the connection unexpectedly
	This probably means the server terminated abnormally
	before or while processing the request. - Invalid query: SELECT * FROM public.settings ORDER BY sort_order ASC
ERROR - 2021-03-04 11:48:15 --> Severity: Warning --> Unknown: Failed to write session data (user). Please verify that the current setting of session.save_path is correct () Unknown 0
ERROR - 2021-03-04 11:48:15 --> Severity: Warning --> Unknown: Failed to write session data (user). Please verify that the current setting of session.save_path is correct () Unknown 0
ERROR - 2021-03-04 11:48:15 --> Query error: FATAL:  terminating connection due to administrator command
server closed the connection unexpectedly
	This probably means the server terminated abnormally
	before or while processing the request. - Invalid query: SELECT * FROM public.settings ORDER BY sort_order ASC
ERROR - 2021-03-04 11:48:15 --> Query error: FATAL:  terminating connection due to administrator command
server closed the connection unexpectedly
	This probably means the server terminated abnormally
	before or while processing the request. - Invalid query: SELECT * FROM public.settings ORDER BY sort_order ASC
ERROR - 2021-03-04 11:48:15 --> Severity: Warning --> Unknown: Failed to write session data (user). Please verify that the current setting of session.save_path is correct () Unknown 0
ERROR - 2021-03-04 11:48:15 --> Severity: Warning --> Unknown: Failed to write session data (user). Please verify that the current setting of session.save_path is correct () Unknown 0
ERROR - 2021-03-04 11:48:15 --> Query error: FATAL:  terminating connection due to administrator command
server closed the connection unexpectedly
	This probably means the server terminated abnormally
	before or while processing the request. - Invalid query: SELECT * FROM public.settings ORDER BY sort_order ASC
ERROR - 2021-03-04 11:48:15 --> Query error: FATAL:  terminating connection due to administrator command
server closed the connection unexpectedly
	This probably means the server terminated abnormally
	before or while processing the request. - Invalid query: SELECT * FROM public.settings ORDER BY sort_order ASC
ERROR - 2021-03-04 11:48:15 --> Query error: FATAL:  terminating connection due to administrator command
server closed the connection unexpectedly
	This probably means the server terminated abnormally
	before or while processing the request. - Invalid query: SELECT * FROM public.settings ORDER BY sort_order ASC
ERROR - 2021-03-04 11:48:15 --> Severity: Warning --> Unknown: Failed to write session data (user). Please verify that the current setting of session.save_path is correct () Unknown 0
ERROR - 2021-03-04 11:48:15 --> Severity: Warning --> Unknown: Failed to write session data (user). Please verify that the current setting of session.save_path is correct () Unknown 0
ERROR - 2021-03-04 11:48:15 --> Severity: Warning --> Unknown: Failed to write session data (user). Please verify that the current setting of session.save_path is correct () Unknown 0
ERROR - 2021-03-04 11:48:15 --> Query error: FATAL:  terminating connection due to administrator command
server closed the connection unexpectedly
	This probably means the server terminated abnormally
	before or while processing the request. - Invalid query: SELECT * FROM public.settings ORDER BY sort_order ASC
ERROR - 2021-03-04 11:48:15 --> Severity: Warning --> Unknown: Failed to write session data (user). Please verify that the current setting of session.save_path is correct () Unknown 0
ERROR - 2021-03-04 11:48:15 --> Severity: Warning --> pg_query() [<a href='function.pg-query'>function.pg-query</a>]: Query failed: FATAL:  terminating connection due to administrator command
server closed the connection unexpectedly
	This probably means the server terminated abnormally
	before or while processing the request. /home/miracle/public_html/ci3_cgi/system/database/drivers/postgre/postgre_driver.php 242
ERROR - 2021-03-04 11:48:15 --> Query error: FATAL:  terminating connection due to administrator command
server closed the connection unexpectedly
	This probably means the server terminated abnormally
	before or while processing the request. - Invalid query: SELECT log.vn_id, log.vn, to_char(log.date_add, 'HH24:MI') AS time_th, patient.hn, patient.pa_pre_name || patient.pa_name || ' ' || patient.pa_lastname AS patient_name, log.station_id, appointment.id AS appointment_id, log.nano_queue_id AS queue_id
				FROM jvkk.nano_queue_log AS log
				INNER JOIN medrec.nano_visit AS visit ON visit.vn = log.vn
				INNER JOIN medrec.nano_patient AS patient ON patient.id = visit.id_patient
				INNER JOIN (SELECT vn, MAX(id) AS max_id FROM jvkk.nano_queue_log WHERE to_char(date_add, 'YYYY-MM-DD') = '2021-03-04' AND station_id IS NOT NULL GROUP BY vn) AS queue_max ON (queue_max.max_id=log.id)
				LEFT JOIN frontmed.neural_appointment AS appointment ON appointment.visit_id = visit.id
				WHERE log.com_id1 = '10' AND log.com_id2 = '27' AND log.station_id = '4'
				GROUP BY log.vn_id, log.vn, log.date_add, patient.hn, patient.pa_pre_name, patient.pa_name, patient.pa_lastname, log.station_id, appointment.id, log.nano_queue_id
				ORDER BY time_th ASC
ERROR - 2021-03-04 11:48:15 --> Query error: FATAL:  terminating connection due to administrator command
server closed the connection unexpectedly
	This probably means the server terminated abnormally
	before or while processing the request. - Invalid query: UPDATE "frontmed"."ci_sessions" SET "timestamp" = 1614833295
WHERE "id" = 'hfihpqh239j3eu1ktkp988l5nm2k2ld2'
AND "ip_address" = '192.168.10.110'
ERROR - 2021-03-04 11:48:15 --> Severity: Warning --> pg_connect() [<a href='function.pg-connect'>function.pg-connect</a>]: Unable to connect to PostgreSQL server: FATAL:  the database system is shutting down /home/miracle/public_html/ci3_cgi/system/database/drivers/postgre/postgre_driver.php 154
ERROR - 2021-03-04 11:48:15 --> Unable to connect to the database
ERROR - 2021-03-04 11:48:15 --> Severity: Warning --> pg_query() [<a href='function.pg-query'>function.pg-query</a>]: Query failed: FATAL:  terminating connection due to administrator command
server closed the connection unexpectedly
	This probably means the server terminated abnormally
	before or while processing the request. /home/miracle/public_html/ci3_cgi/system/database/drivers/postgre/postgre_driver.php 242
ERROR - 2021-03-04 11:48:15 --> Query error: FATAL:  terminating connection due to administrator command
server closed the connection unexpectedly
	This probably means the server terminated abnormally
	before or while processing the request. - Invalid query: SELECT log.vn_id, log.vn, to_char(log.date_add, 'HH24:MI') AS time_th, patient.hn, patient.pa_pre_name || patient.pa_name || ' ' || patient.pa_lastname AS patient_name, log.station_id, appointment.id AS appointment_id, log.nano_queue_id AS queue_id
				FROM jvkk.nano_queue_log AS log
				INNER JOIN medrec.nano_visit AS visit ON visit.vn = log.vn
				INNER JOIN medrec.nano_patient AS patient ON patient.id = visit.id_patient
				INNER JOIN (SELECT vn, MAX(id) AS max_id FROM jvkk.nano_queue_log WHERE to_char(date_add, 'YYYY-MM-DD') = '2021-03-04' GROUP BY vn) AS queue_max ON (queue_max.max_id=log.id)
				LEFT JOIN frontmed.neural_appointment AS appointment ON appointment.visit_id = visit.id
				WHERE log.com_id2 IN ('27', '19') AND log.com_id1 IN (2, 11, 14, 19, 27, 46, 48, 49, 58) GROUP BY log.vn_id, log.vn, log.date_add, patient.hn, patient.pa_pre_name, patient.pa_name, patient.pa_lastname, log.station_id, appointment.id, log.nano_queue_id
				 ORDER BY time_th ASC
ERROR - 2021-03-04 11:48:15 --> Query error: FATAL:  terminating connection due to administrator command
server closed the connection unexpectedly
	This probably means the server terminated abnormally
	before or while processing the request. - Invalid query: UPDATE "frontmed"."ci_sessions" SET "timestamp" = 1614833295
WHERE "id" = '643h3rg6ugb5cg50r61hriv9676svndq'
AND "ip_address" = '192.168.20.155'
ERROR - 2021-03-04 11:48:15 --> Severity: Warning --> pg_connect() [<a href='function.pg-connect'>function.pg-connect</a>]: Unable to connect to PostgreSQL server: FATAL:  the database system is shutting down /home/miracle/public_html/ci3_cgi/system/database/drivers/postgre/postgre_driver.php 154
ERROR - 2021-03-04 11:48:15 --> Unable to connect to the database
ERROR - 2021-03-04 11:48:15 --> Severity: Warning --> pg_connect() [<a href='function.pg-connect'>function.pg-connect</a>]: Unable to connect to PostgreSQL server: FATAL:  the database system is shutting down /home/miracle/public_html/ci3_cgi/system/database/drivers/postgre/postgre_driver.php 154
ERROR - 2021-03-04 11:48:15 --> Unable to connect to the database
ERROR - 2021-03-04 11:48:15 --> Severity: Warning --> pg_connect() [<a href='function.pg-connect'>function.pg-connect</a>]: Unable to connect to PostgreSQL server: FATAL:  the database system is shutting down /home/miracle/public_html/ci3_cgi/system/database/drivers/postgre/postgre_driver.php 154
ERROR - 2021-03-04 11:48:15 --> Unable to connect to the database
ERROR - 2021-03-04 11:48:15 --> Severity: Warning --> pg_connect() [<a href='function.pg-connect'>function.pg-connect</a>]: Unable to connect to PostgreSQL server: FATAL:  the database system is shutting down /home/miracle/public_html/ci3_cgi/system/database/drivers/postgre/postgre_driver.php 154
ERROR - 2021-03-04 11:48:15 --> Unable to connect to the database
ERROR - 2021-03-04 11:48:15 --> Severity: Warning --> pg_connect() [<a href='function.pg-connect'>function.pg-connect</a>]: Unable to connect to PostgreSQL server: FATAL:  the database system is shutting down /home/miracle/public_html/ci3_cgi/system/database/drivers/postgre/postgre_driver.php 154
ERROR - 2021-03-04 11:48:15 --> Unable to connect to the database
ERROR - 2021-03-04 11:48:15 --> Severity: Warning --> pg_connect() [<a href='function.pg-connect'>function.pg-connect</a>]: Unable to connect to PostgreSQL server: FATAL:  the database system is shutting down /home/miracle/public_html/ci3_cgi/system/database/drivers/postgre/postgre_driver.php 154
ERROR - 2021-03-04 11:48:15 --> Unable to connect to the database
ERROR - 2021-03-04 11:48:15 --> Severity: Warning --> pg_connect() [<a href='function.pg-connect'>function.pg-connect</a>]: Unable to connect to PostgreSQL server: FATAL:  the database system is shutting down /home/miracle/public_html/ci3_cgi/system/database/drivers/postgre/postgre_driver.php 154
ERROR - 2021-03-04 11:48:15 --> Unable to connect to the database
ERROR - 2021-03-04 11:48:16 --> Severity: Warning --> pg_connect() [<a href='function.pg-connect'>function.pg-connect</a>]: Unable to connect to PostgreSQL server: FATAL:  the database system is shutting down /home/miracle/public_html/ci3_cgi/system/database/drivers/postgre/postgre_driver.php 154
ERROR - 2021-03-04 11:48:16 --> Unable to connect to the database
ERROR - 2021-03-04 13:50:55 --> Could not find the language line "admin dashboard jsi18n-sample"
ERROR - 2021-03-04 13:50:59 --> Could not find the language line "admin dashboard jsi18n-sample"
ERROR - 2021-03-04 13:51:17 --> Could not find the language line "admin dashboard jsi18n-sample"
ERROR - 2021-03-04 13:51:57 --> Could not find the language line "admin dashboard jsi18n-sample"
ERROR - 2021-03-04 13:52:01 --> Could not find the language line "admin dashboard jsi18n-sample"
ERROR - 2021-03-04 15:12:41 --> Could not find the language line "admin dashboard jsi18n-sample"
ERROR - 2021-03-04 16:06:00 --> Severity: Warning --> pg_query() [<a href='function.pg-query'>function.pg-query</a>]: Query failed: ERROR:  invalid input syntax for integer: &quot;&quot;
LINE 1: ...03-11', &quot;appointment_time&quot; = '09:00', &quot;user_id&quot; = '', &quot;comme...
                                                             ^ /home/miracle/public_html/ci3_cgi/system/database/drivers/postgre/postgre_driver.php 242
ERROR - 2021-03-04 16:06:00 --> Query error: ERROR:  invalid input syntax for integer: ""
LINE 1: ...03-11', "appointment_time" = '09:00', "user_id" = '', "comme...
                                                             ^ - Invalid query: UPDATE "frontmed"."neural_appointment" SET "appointment_date" = '2021-03-11', "appointment_time" = '09:00', "user_id" = '', "comment" = 'จิตบำบัด อัจฉรา', "component_id" = '19', "visit_id" = '2034251', "patient_id" = '198619', "created_by" = '145', "update_date" = '2021-03-04 16:06:00'
WHERE "neural_appointment"."id" = '853799'
ERROR - 2021-03-04 16:06:01 --> Severity: Warning --> pg_query() [<a href='function.pg-query'>function.pg-query</a>]: Query failed: ERROR:  invalid input syntax for integer: &quot;&quot;
LINE 1: ...03-11', &quot;appointment_time&quot; = '09:00', &quot;user_id&quot; = '', &quot;comme...
                                                             ^ /home/miracle/public_html/ci3_cgi/system/database/drivers/postgre/postgre_driver.php 242
ERROR - 2021-03-04 16:06:01 --> Query error: ERROR:  invalid input syntax for integer: ""
LINE 1: ...03-11', "appointment_time" = '09:00', "user_id" = '', "comme...
                                                             ^ - Invalid query: UPDATE "frontmed"."neural_appointment" SET "appointment_date" = '2021-03-11', "appointment_time" = '09:00', "user_id" = '', "comment" = 'จิตบำบัด อัจฉรา', "component_id" = '19', "visit_id" = '2034251', "patient_id" = '198619', "created_by" = '145', "update_date" = '2021-03-04 16:06:01'
WHERE "neural_appointment"."id" = '853799'
ERROR - 2021-03-04 16:06:02 --> Severity: Warning --> pg_query() [<a href='function.pg-query'>function.pg-query</a>]: Query failed: ERROR:  invalid input syntax for integer: &quot;&quot;
LINE 1: ...03-11', &quot;appointment_time&quot; = '09:00', &quot;user_id&quot; = '', &quot;comme...
                                                             ^ /home/miracle/public_html/ci3_cgi/system/database/drivers/postgre/postgre_driver.php 242
ERROR - 2021-03-04 16:06:02 --> Query error: ERROR:  invalid input syntax for integer: ""
LINE 1: ...03-11', "appointment_time" = '09:00', "user_id" = '', "comme...
                                                             ^ - Invalid query: UPDATE "frontmed"."neural_appointment" SET "appointment_date" = '2021-03-11', "appointment_time" = '09:00', "user_id" = '', "comment" = 'จิตบำบัด อัจฉรา', "component_id" = '19', "visit_id" = '2034251', "patient_id" = '198619', "created_by" = '145', "update_date" = '2021-03-04 16:06:02'
WHERE "neural_appointment"."id" = '853799'
ERROR - 2021-03-04 16:06:02 --> Severity: Warning --> pg_query() [<a href='function.pg-query'>function.pg-query</a>]: Query failed: ERROR:  invalid input syntax for integer: &quot;&quot;
LINE 1: ...03-11', &quot;appointment_time&quot; = '09:00', &quot;user_id&quot; = '', &quot;comme...
                                                             ^ /home/miracle/public_html/ci3_cgi/system/database/drivers/postgre/postgre_driver.php 242
ERROR - 2021-03-04 16:06:02 --> Query error: ERROR:  invalid input syntax for integer: ""
LINE 1: ...03-11', "appointment_time" = '09:00', "user_id" = '', "comme...
                                                             ^ - Invalid query: UPDATE "frontmed"."neural_appointment" SET "appointment_date" = '2021-03-11', "appointment_time" = '09:00', "user_id" = '', "comment" = 'จิตบำบัด อัจฉรา', "component_id" = '19', "visit_id" = '2034251', "patient_id" = '198619', "created_by" = '145', "update_date" = '2021-03-04 16:06:02'
WHERE "neural_appointment"."id" = '853799'
ERROR - 2021-03-04 16:06:02 --> Severity: Warning --> pg_query() [<a href='function.pg-query'>function.pg-query</a>]: Query failed: ERROR:  invalid input syntax for integer: &quot;&quot;
LINE 1: ...03-11', &quot;appointment_time&quot; = '09:00', &quot;user_id&quot; = '', &quot;comme...
                                                             ^ /home/miracle/public_html/ci3_cgi/system/database/drivers/postgre/postgre_driver.php 242
ERROR - 2021-03-04 16:06:02 --> Query error: ERROR:  invalid input syntax for integer: ""
LINE 1: ...03-11', "appointment_time" = '09:00', "user_id" = '', "comme...
                                                             ^ - Invalid query: UPDATE "frontmed"."neural_appointment" SET "appointment_date" = '2021-03-11', "appointment_time" = '09:00', "user_id" = '', "comment" = 'จิตบำบัด อัจฉรา', "component_id" = '19', "visit_id" = '2034251', "patient_id" = '198619', "created_by" = '145', "update_date" = '2021-03-04 16:06:02'
WHERE "neural_appointment"."id" = '853799'
ERROR - 2021-03-04 16:06:02 --> Severity: Warning --> pg_query() [<a href='function.pg-query'>function.pg-query</a>]: Query failed: ERROR:  invalid input syntax for integer: &quot;&quot;
LINE 1: ...03-11', &quot;appointment_time&quot; = '09:00', &quot;user_id&quot; = '', &quot;comme...
                                                             ^ /home/miracle/public_html/ci3_cgi/system/database/drivers/postgre/postgre_driver.php 242
ERROR - 2021-03-04 16:06:02 --> Query error: ERROR:  invalid input syntax for integer: ""
LINE 1: ...03-11', "appointment_time" = '09:00', "user_id" = '', "comme...
                                                             ^ - Invalid query: UPDATE "frontmed"."neural_appointment" SET "appointment_date" = '2021-03-11', "appointment_time" = '09:00', "user_id" = '', "comment" = 'จิตบำบัด อัจฉรา', "component_id" = '19', "visit_id" = '2034251', "patient_id" = '198619', "created_by" = '145', "update_date" = '2021-03-04 16:06:02'
WHERE "neural_appointment"."id" = '853799'
ERROR - 2021-03-04 16:06:03 --> Severity: Warning --> pg_query() [<a href='function.pg-query'>function.pg-query</a>]: Query failed: ERROR:  invalid input syntax for integer: &quot;&quot;
LINE 1: ...03-11', &quot;appointment_time&quot; = '09:00', &quot;user_id&quot; = '', &quot;comme...
                                                             ^ /home/miracle/public_html/ci3_cgi/system/database/drivers/postgre/postgre_driver.php 242
ERROR - 2021-03-04 16:06:03 --> Query error: ERROR:  invalid input syntax for integer: ""
LINE 1: ...03-11', "appointment_time" = '09:00', "user_id" = '', "comme...
                                                             ^ - Invalid query: UPDATE "frontmed"."neural_appointment" SET "appointment_date" = '2021-03-11', "appointment_time" = '09:00', "user_id" = '', "comment" = 'จิตบำบัด อัจฉรา', "component_id" = '19', "visit_id" = '2034251', "patient_id" = '198619', "created_by" = '145', "update_date" = '2021-03-04 16:06:03'
WHERE "neural_appointment"."id" = '853799'
ERROR - 2021-03-04 16:06:03 --> Severity: Warning --> pg_query() [<a href='function.pg-query'>function.pg-query</a>]: Query failed: ERROR:  invalid input syntax for integer: &quot;&quot;
LINE 1: ...03-11', &quot;appointment_time&quot; = '09:00', &quot;user_id&quot; = '', &quot;comme...
                                                             ^ /home/miracle/public_html/ci3_cgi/system/database/drivers/postgre/postgre_driver.php 242
ERROR - 2021-03-04 16:06:03 --> Query error: ERROR:  invalid input syntax for integer: ""
LINE 1: ...03-11', "appointment_time" = '09:00', "user_id" = '', "comme...
                                                             ^ - Invalid query: UPDATE "frontmed"."neural_appointment" SET "appointment_date" = '2021-03-11', "appointment_time" = '09:00', "user_id" = '', "comment" = 'จิตบำบัด อัจฉรา', "component_id" = '19', "visit_id" = '2034251', "patient_id" = '198619', "created_by" = '145', "update_date" = '2021-03-04 16:06:03'
WHERE "neural_appointment"."id" = '853799'
ERROR - 2021-03-04 16:06:03 --> Severity: Warning --> pg_query() [<a href='function.pg-query'>function.pg-query</a>]: Query failed: ERROR:  invalid input syntax for integer: &quot;&quot;
LINE 1: ...03-11', &quot;appointment_time&quot; = '09:00', &quot;user_id&quot; = '', &quot;comme...
                                                             ^ /home/miracle/public_html/ci3_cgi/system/database/drivers/postgre/postgre_driver.php 242
ERROR - 2021-03-04 16:06:03 --> Query error: ERROR:  invalid input syntax for integer: ""
LINE 1: ...03-11', "appointment_time" = '09:00', "user_id" = '', "comme...
                                                             ^ - Invalid query: UPDATE "frontmed"."neural_appointment" SET "appointment_date" = '2021-03-11', "appointment_time" = '09:00', "user_id" = '', "comment" = 'จิตบำบัด อัจฉรา', "component_id" = '19', "visit_id" = '2034251', "patient_id" = '198619', "created_by" = '145', "update_date" = '2021-03-04 16:06:03'
WHERE "neural_appointment"."id" = '853799'
ERROR - 2021-03-04 17:03:50 --> Could not find the language line "admin dashboard jsi18n-sample"
ERROR - 2021-03-04 17:04:20 --> Could not find the language line "admin dashboard jsi18n-sample"
ERROR - 2021-03-04 17:04:35 --> Could not find the language line "admin dashboard jsi18n-sample"
