ERROR - 2021-05-11 08:03:36 --> Could not find the language line "admin dashboard jsi18n-sample"
ERROR - 2021-05-11 08:03:47 --> Could not find the language line "admin dashboard jsi18n-sample"
ERROR - 2021-05-11 08:38:59 --> Could not find the language line "admin dashboard jsi18n-sample"
ERROR - 2021-05-11 08:39:29 --> Could not find the language line "admin dashboard jsi18n-sample"
ERROR - 2021-05-11 08:39:32 --> Could not find the language line "admin dashboard jsi18n-sample"
ERROR - 2021-05-11 08:50:39 --> Could not find the language line "admin dashboard jsi18n-sample"
ERROR - 2021-05-11 08:58:57 --> Could not find the language line "admin dashboard jsi18n-sample"
ERROR - 2021-05-11 09:25:15 --> Could not find the language line "admin dashboard jsi18n-sample"
ERROR - 2021-05-11 09:43:48 --> Could not find the language line "admin dashboard jsi18n-sample"
ERROR - 2021-05-11 10:44:27 --> Could not find the language line "admin dashboard jsi18n-sample"
ERROR - 2021-05-11 10:53:39 --> Could not find the language line "admin dashboard jsi18n-sample"
ERROR - 2021-05-11 11:08:00 --> Could not find the language line "admin dashboard jsi18n-sample"
ERROR - 2021-05-11 11:35:11 --> Severity: Warning --> pg_query() [<a href='function.pg-query'>function.pg-query</a>]: Query failed: ERROR:  invalid input syntax for integer: &quot;&quot;
LINE 1: ...05-22', &quot;appointment_time&quot; = '09:00', &quot;user_id&quot; = '', &quot;comme...
                                                             ^ /home/miracle/public_html/ci3_cgi/system/database/drivers/postgre/postgre_driver.php 242
ERROR - 2021-05-11 11:35:11 --> Query error: ERROR:  invalid input syntax for integer: ""
LINE 1: ...05-22', "appointment_time" = '09:00', "user_id" = '', "comme...
                                                             ^ - Invalid query: UPDATE "frontmed"."neural_appointment" SET "appointment_date" = '2021-05-22', "appointment_time" = '09:00', "user_id" = '', "comment" = 'จิตบำบัด SMC เวลา9.00น.', "component_id" = '19', "visit_id" = '2051287', "patient_id" = '199724', "created_by" = '73', "update_date" = '2021-05-11 11:35:11'
WHERE "neural_appointment"."id" = '863884'
ERROR - 2021-05-11 11:35:11 --> Severity: Warning --> pg_query() [<a href='function.pg-query'>function.pg-query</a>]: Query failed: ERROR:  invalid input syntax for integer: &quot;&quot;
LINE 1: ...05-22', &quot;appointment_time&quot; = '09:00', &quot;user_id&quot; = '', &quot;comme...
                                                             ^ /home/miracle/public_html/ci3_cgi/system/database/drivers/postgre/postgre_driver.php 242
ERROR - 2021-05-11 11:35:11 --> Query error: ERROR:  invalid input syntax for integer: ""
LINE 1: ...05-22', "appointment_time" = '09:00', "user_id" = '', "comme...
                                                             ^ - Invalid query: UPDATE "frontmed"."neural_appointment" SET "appointment_date" = '2021-05-22', "appointment_time" = '09:00', "user_id" = '', "comment" = 'จิตบำบัด SMC เวลา9.00น.', "component_id" = '19', "visit_id" = '2051287', "patient_id" = '199724', "created_by" = '73', "update_date" = '2021-05-11 11:35:11'
WHERE "neural_appointment"."id" = '863884'
ERROR - 2021-05-11 11:35:11 --> Severity: Warning --> pg_query() [<a href='function.pg-query'>function.pg-query</a>]: Query failed: ERROR:  invalid input syntax for integer: &quot;&quot;
LINE 1: ...05-22', &quot;appointment_time&quot; = '09:00', &quot;user_id&quot; = '', &quot;comme...
                                                             ^ /home/miracle/public_html/ci3_cgi/system/database/drivers/postgre/postgre_driver.php 242
ERROR - 2021-05-11 11:35:11 --> Query error: ERROR:  invalid input syntax for integer: ""
LINE 1: ...05-22', "appointment_time" = '09:00', "user_id" = '', "comme...
                                                             ^ - Invalid query: UPDATE "frontmed"."neural_appointment" SET "appointment_date" = '2021-05-22', "appointment_time" = '09:00', "user_id" = '', "comment" = 'จิตบำบัด SMC เวลา9.00น.', "component_id" = '19', "visit_id" = '2051287', "patient_id" = '199724', "created_by" = '73', "update_date" = '2021-05-11 11:35:11'
WHERE "neural_appointment"."id" = '863884'
ERROR - 2021-05-11 11:35:11 --> Severity: Warning --> pg_query() [<a href='function.pg-query'>function.pg-query</a>]: Query failed: ERROR:  invalid input syntax for integer: &quot;&quot;
LINE 1: ...05-22', &quot;appointment_time&quot; = '09:00', &quot;user_id&quot; = '', &quot;comme...
                                                             ^ /home/miracle/public_html/ci3_cgi/system/database/drivers/postgre/postgre_driver.php 242
ERROR - 2021-05-11 11:35:11 --> Query error: ERROR:  invalid input syntax for integer: ""
LINE 1: ...05-22', "appointment_time" = '09:00', "user_id" = '', "comme...
                                                             ^ - Invalid query: UPDATE "frontmed"."neural_appointment" SET "appointment_date" = '2021-05-22', "appointment_time" = '09:00', "user_id" = '', "comment" = 'จิตบำบัด SMC เวลา9.00น.', "component_id" = '19', "visit_id" = '2051287', "patient_id" = '199724', "created_by" = '73', "update_date" = '2021-05-11 11:35:11'
WHERE "neural_appointment"."id" = '863884'
ERROR - 2021-05-11 11:35:13 --> Severity: Warning --> pg_query() [<a href='function.pg-query'>function.pg-query</a>]: Query failed: ERROR:  invalid input syntax for integer: &quot;&quot;
LINE 1: ...05-22', &quot;appointment_time&quot; = '09:00', &quot;user_id&quot; = '', &quot;comme...
                                                             ^ /home/miracle/public_html/ci3_cgi/system/database/drivers/postgre/postgre_driver.php 242
ERROR - 2021-05-11 11:35:13 --> Query error: ERROR:  invalid input syntax for integer: ""
LINE 1: ...05-22', "appointment_time" = '09:00', "user_id" = '', "comme...
                                                             ^ - Invalid query: UPDATE "frontmed"."neural_appointment" SET "appointment_date" = '2021-05-22', "appointment_time" = '09:00', "user_id" = '', "comment" = 'จิตบำบัด SMC เวลา9.00น.', "component_id" = '19', "visit_id" = '2051287', "patient_id" = '199724', "created_by" = '73', "update_date" = '2021-05-11 11:35:13'
WHERE "neural_appointment"."id" = '863884'
ERROR - 2021-05-11 12:07:03 --> Could not find the language line "admin dashboard jsi18n-sample"
ERROR - 2021-05-11 12:07:30 --> Could not find the language line "admin dashboard jsi18n-sample"
ERROR - 2021-05-11 13:53:07 --> 404 Page Not Found: 
ERROR - 2021-05-11 13:53:12 --> 404 Page Not Found: 
ERROR - 2021-05-11 13:53:17 --> Could not find the language line "admin dashboard jsi18n-sample"
ERROR - 2021-05-11 13:57:37 --> Could not find the language line "admin dashboard jsi18n-sample"
ERROR - 2021-05-11 13:57:43 --> Could not find the language line "admin dashboard jsi18n-sample"
ERROR - 2021-05-11 13:57:47 --> Could not find the language line "admin dashboard jsi18n-sample"
ERROR - 2021-05-11 13:57:49 --> Could not find the language line "admin dashboard jsi18n-sample"
ERROR - 2021-05-11 13:57:52 --> Could not find the language line "admin dashboard jsi18n-sample"
ERROR - 2021-05-11 13:57:55 --> Could not find the language line "admin dashboard jsi18n-sample"
ERROR - 2021-05-11 17:39:26 --> Could not find the language line "admin dashboard jsi18n-sample"
ERROR - 2021-05-11 17:39:55 --> Could not find the language line "admin dashboard jsi18n-sample"
