ERROR - 2020-06-09 08:03:35 --> Could not find the language line "admin dashboard jsi18n-sample"
ERROR - 2020-06-09 08:03:45 --> Could not find the language line "admin dashboard jsi18n-sample"
ERROR - 2020-06-09 08:03:47 --> Could not find the language line "admin dashboard jsi18n-sample"
ERROR - 2020-06-09 08:03:51 --> Could not find the language line "admin dashboard jsi18n-sample"
ERROR - 2020-06-09 08:04:01 --> Could not find the language line "admin dashboard jsi18n-sample"
ERROR - 2020-06-09 08:16:53 --> Could not find the language line "admin dashboard jsi18n-sample"
ERROR - 2020-06-09 08:32:32 --> Could not find the language line "admin dashboard jsi18n-sample"
ERROR - 2020-06-09 09:32:36 --> Could not find the language line "admin dashboard jsi18n-sample"
ERROR - 2020-06-09 10:35:49 --> Could not find the language line "admin dashboard jsi18n-sample"
ERROR - 2020-06-09 10:42:02 --> Could not find the language line "admin dashboard jsi18n-sample"
ERROR - 2020-06-09 11:22:39 --> Could not find the language line "admin dashboard jsi18n-sample"
ERROR - 2020-06-09 11:26:02 --> Could not find the language line "admin dashboard jsi18n-sample"
ERROR - 2020-06-09 13:05:00 --> Could not find the language line "admin dashboard jsi18n-sample"
ERROR - 2020-06-09 13:05:04 --> Could not find the language line "admin dashboard jsi18n-sample"
ERROR - 2020-06-09 13:05:07 --> Could not find the language line "admin dashboard jsi18n-sample"
ERROR - 2020-06-09 13:05:14 --> Could not find the language line "admin dashboard jsi18n-sample"
ERROR - 2020-06-09 13:05:17 --> Could not find the language line "admin dashboard jsi18n-sample"
ERROR - 2020-06-09 13:05:20 --> Could not find the language line "admin dashboard jsi18n-sample"
ERROR - 2020-06-09 13:21:34 --> Could not find the language line "admin dashboard jsi18n-sample"
ERROR - 2020-06-09 13:49:57 --> Could not find the language line "admin dashboard jsi18n-sample"
ERROR - 2020-06-09 13:50:21 --> Could not find the language line "admin dashboard jsi18n-sample"
ERROR - 2020-06-09 13:50:27 --> Could not find the language line "admin dashboard jsi18n-sample"
ERROR - 2020-06-09 14:32:19 --> Could not find the language line "admin dashboard jsi18n-sample"
ERROR - 2020-06-09 15:53:20 --> Severity: Warning --> pg_connect() [<a href='function.pg-connect'>function.pg-connect</a>]: Unable to connect to PostgreSQL server: could not connect to server: Connection refused
	Is the server running on host &quot;localhost&quot; (127.0.0.1) and accepting
	TCP/IP connections on port 5432? /home/miracle/public_html/ci3_cgi/system/database/drivers/postgre/postgre_driver.php 154
ERROR - 2020-06-09 15:53:20 --> Severity: Warning --> pg_connect() [<a href='function.pg-connect'>function.pg-connect</a>]: Unable to connect to PostgreSQL server: could not connect to server: Connection refused
	Is the server running on host &quot;localhost&quot; (127.0.0.1) and accepting
	TCP/IP connections on port 5432? /home/miracle/public_html/ci3_cgi/system/database/drivers/postgre/postgre_driver.php 154
ERROR - 2020-06-09 15:53:20 --> Severity: Warning --> pg_connect() [<a href='function.pg-connect'>function.pg-connect</a>]: Unable to connect to PostgreSQL server: could not connect to server: Connection refused
	Is the server running on host &quot;localhost&quot; (127.0.0.1) and accepting
	TCP/IP connections on port 5432? /home/miracle/public_html/ci3_cgi/system/database/drivers/postgre/postgre_driver.php 154
ERROR - 2020-06-09 15:53:20 --> Severity: Warning --> pg_connect() [<a href='function.pg-connect'>function.pg-connect</a>]: Unable to connect to PostgreSQL server: could not connect to server: Connection refused
	Is the server running on host &quot;localhost&quot; (127.0.0.1) and accepting
	TCP/IP connections on port 5432? /home/miracle/public_html/ci3_cgi/system/database/drivers/postgre/postgre_driver.php 154
ERROR - 2020-06-09 15:53:20 --> Unable to connect to the database
ERROR - 2020-06-09 15:53:20 --> Unable to connect to the database
ERROR - 2020-06-09 15:53:20 --> Unable to connect to the database
ERROR - 2020-06-09 15:53:20 --> Unable to connect to the database
ERROR - 2020-06-09 15:53:20 --> Severity: Warning --> pg_connect() [<a href='function.pg-connect'>function.pg-connect</a>]: Unable to connect to PostgreSQL server: could not connect to server: Connection refused
	Is the server running on host &quot;localhost&quot; (127.0.0.1) and accepting
	TCP/IP connections on port 5432? /home/miracle/public_html/ci3_cgi/system/database/drivers/postgre/postgre_driver.php 154
ERROR - 2020-06-09 15:53:20 --> Unable to connect to the database
ERROR - 2020-06-09 15:53:20 --> Severity: Warning --> pg_connect() [<a href='function.pg-connect'>function.pg-connect</a>]: Unable to connect to PostgreSQL server: FATAL:  the database system is starting up /home/miracle/public_html/ci3_cgi/system/database/drivers/postgre/postgre_driver.php 154
ERROR - 2020-06-09 15:53:20 --> Unable to connect to the database
ERROR - 2020-06-09 16:20:58 --> Could not find the language line "admin dashboard jsi18n-sample"
ERROR - 2020-06-09 16:21:16 --> Could not find the language line "admin dashboard jsi18n-sample"
ERROR - 2020-06-09 18:06:37 --> Could not find the language line "admin dashboard jsi18n-sample"
ERROR - 2020-06-09 18:07:51 --> Severity: Warning --> pg_query() [<a href='function.pg-query'>function.pg-query</a>]: Query failed: ERROR:  invalid input syntax for integer: &quot;&quot;
LINE 9:      '',
             ^ /home/miracle/public_html/ci3_cgi/system/database/drivers/postgre/postgre_driver.php 242
ERROR - 2020-06-09 18:07:51 --> Query error: ERROR:  invalid input syntax for integer: ""
LINE 9:      '',
             ^ - Invalid query: INSERT INTO frontmed.neural_appointment (id, appointment_date, appointment_time, user_id, comment, component_id, visit_id, patient_id, created_by, select_option)
					SELECT (id + 1) AS last_id,
					'2020-06-16',
					'10:00',
					'127',
					'',
					'10',
					'1962434',
					'',
					'201',
					NULL
					FROM frontmed.neural_appointment ORDER BY id DESC LIMIT 1 RETURNING id AS last_id
ERROR - 2020-06-09 18:07:55 --> Severity: Warning --> pg_query() [<a href='function.pg-query'>function.pg-query</a>]: Query failed: ERROR:  invalid input syntax for integer: &quot;&quot;
LINE 9:      '',
             ^ /home/miracle/public_html/ci3_cgi/system/database/drivers/postgre/postgre_driver.php 242
ERROR - 2020-06-09 18:07:55 --> Query error: ERROR:  invalid input syntax for integer: ""
LINE 9:      '',
             ^ - Invalid query: INSERT INTO frontmed.neural_appointment (id, appointment_date, appointment_time, user_id, comment, component_id, visit_id, patient_id, created_by, select_option)
					SELECT (id + 1) AS last_id,
					'2020-06-16',
					'10:00',
					'127',
					'',
					'10',
					'1962434',
					'',
					'201',
					NULL
					FROM frontmed.neural_appointment ORDER BY id DESC LIMIT 1 RETURNING id AS last_id
ERROR - 2020-06-09 18:08:03 --> Severity: Warning --> pg_query() [<a href='function.pg-query'>function.pg-query</a>]: Query failed: ERROR:  invalid input syntax for integer: &quot;&quot;
LINE 9:      '',
             ^ /home/miracle/public_html/ci3_cgi/system/database/drivers/postgre/postgre_driver.php 242
ERROR - 2020-06-09 18:08:03 --> Query error: ERROR:  invalid input syntax for integer: ""
LINE 9:      '',
             ^ - Invalid query: INSERT INTO frontmed.neural_appointment (id, appointment_date, appointment_time, user_id, comment, component_id, visit_id, patient_id, created_by, select_option)
					SELECT (id + 1) AS last_id,
					'2020-06-16',
					'10:00',
					'127',
					'',
					'10',
					'1962434',
					'',
					'201',
					NULL
					FROM frontmed.neural_appointment ORDER BY id DESC LIMIT 1 RETURNING id AS last_id
ERROR - 2020-06-09 18:08:09 --> Severity: Warning --> pg_query() [<a href='function.pg-query'>function.pg-query</a>]: Query failed: ERROR:  invalid input syntax for integer: &quot;&quot;
LINE 9:      '',
             ^ /home/miracle/public_html/ci3_cgi/system/database/drivers/postgre/postgre_driver.php 242
ERROR - 2020-06-09 18:08:09 --> Query error: ERROR:  invalid input syntax for integer: ""
LINE 9:      '',
             ^ - Invalid query: INSERT INTO frontmed.neural_appointment (id, appointment_date, appointment_time, user_id, comment, component_id, visit_id, patient_id, created_by, select_option)
					SELECT (id + 1) AS last_id,
					'2020-06-16',
					'10:00',
					'127',
					'',
					'10',
					'1962434',
					'',
					'201',
					NULL
					FROM frontmed.neural_appointment ORDER BY id DESC LIMIT 1 RETURNING id AS last_id
ERROR - 2020-06-09 18:08:11 --> Severity: Warning --> pg_query() [<a href='function.pg-query'>function.pg-query</a>]: Query failed: ERROR:  invalid input syntax for integer: &quot;&quot;
LINE 9:      '',
             ^ /home/miracle/public_html/ci3_cgi/system/database/drivers/postgre/postgre_driver.php 242
ERROR - 2020-06-09 18:08:11 --> Query error: ERROR:  invalid input syntax for integer: ""
LINE 9:      '',
             ^ - Invalid query: INSERT INTO frontmed.neural_appointment (id, appointment_date, appointment_time, user_id, comment, component_id, visit_id, patient_id, created_by, select_option)
					SELECT (id + 1) AS last_id,
					'2020-06-16',
					'10:00',
					'127',
					'',
					'10',
					'1962434',
					'',
					'201',
					NULL
					FROM frontmed.neural_appointment ORDER BY id DESC LIMIT 1 RETURNING id AS last_id
ERROR - 2020-06-09 18:08:11 --> Severity: Warning --> pg_query() [<a href='function.pg-query'>function.pg-query</a>]: Query failed: ERROR:  invalid input syntax for integer: &quot;&quot;
LINE 9:      '',
             ^ /home/miracle/public_html/ci3_cgi/system/database/drivers/postgre/postgre_driver.php 242
ERROR - 2020-06-09 18:08:11 --> Query error: ERROR:  invalid input syntax for integer: ""
LINE 9:      '',
             ^ - Invalid query: INSERT INTO frontmed.neural_appointment (id, appointment_date, appointment_time, user_id, comment, component_id, visit_id, patient_id, created_by, select_option)
					SELECT (id + 1) AS last_id,
					'2020-06-16',
					'10:00',
					'127',
					'',
					'10',
					'1962434',
					'',
					'201',
					NULL
					FROM frontmed.neural_appointment ORDER BY id DESC LIMIT 1 RETURNING id AS last_id
ERROR - 2020-06-09 18:08:12 --> Severity: Warning --> pg_query() [<a href='function.pg-query'>function.pg-query</a>]: Query failed: ERROR:  invalid input syntax for integer: &quot;&quot;
LINE 9:      '',
             ^ /home/miracle/public_html/ci3_cgi/system/database/drivers/postgre/postgre_driver.php 242
ERROR - 2020-06-09 18:08:12 --> Query error: ERROR:  invalid input syntax for integer: ""
LINE 9:      '',
             ^ - Invalid query: INSERT INTO frontmed.neural_appointment (id, appointment_date, appointment_time, user_id, comment, component_id, visit_id, patient_id, created_by, select_option)
					SELECT (id + 1) AS last_id,
					'2020-06-16',
					'10:00',
					'127',
					'',
					'10',
					'1962434',
					'',
					'201',
					NULL
					FROM frontmed.neural_appointment ORDER BY id DESC LIMIT 1 RETURNING id AS last_id
ERROR - 2020-06-09 18:08:12 --> Severity: Warning --> pg_query() [<a href='function.pg-query'>function.pg-query</a>]: Query failed: ERROR:  invalid input syntax for integer: &quot;&quot;
LINE 9:      '',
             ^ /home/miracle/public_html/ci3_cgi/system/database/drivers/postgre/postgre_driver.php 242
ERROR - 2020-06-09 18:08:12 --> Query error: ERROR:  invalid input syntax for integer: ""
LINE 9:      '',
             ^ - Invalid query: INSERT INTO frontmed.neural_appointment (id, appointment_date, appointment_time, user_id, comment, component_id, visit_id, patient_id, created_by, select_option)
					SELECT (id + 1) AS last_id,
					'2020-06-16',
					'10:00',
					'127',
					'',
					'10',
					'1962434',
					'',
					'201',
					NULL
					FROM frontmed.neural_appointment ORDER BY id DESC LIMIT 1 RETURNING id AS last_id
ERROR - 2020-06-09 18:08:13 --> Severity: Warning --> pg_query() [<a href='function.pg-query'>function.pg-query</a>]: Query failed: ERROR:  invalid input syntax for integer: &quot;&quot;
LINE 9:      '',
             ^ /home/miracle/public_html/ci3_cgi/system/database/drivers/postgre/postgre_driver.php 242
ERROR - 2020-06-09 18:08:13 --> Query error: ERROR:  invalid input syntax for integer: ""
LINE 9:      '',
             ^ - Invalid query: INSERT INTO frontmed.neural_appointment (id, appointment_date, appointment_time, user_id, comment, component_id, visit_id, patient_id, created_by, select_option)
					SELECT (id + 1) AS last_id,
					'2020-06-16',
					'10:00',
					'127',
					'',
					'10',
					'1962434',
					'',
					'201',
					NULL
					FROM frontmed.neural_appointment ORDER BY id DESC LIMIT 1 RETURNING id AS last_id
ERROR - 2020-06-09 18:08:32 --> Severity: Warning --> pg_query() [<a href='function.pg-query'>function.pg-query</a>]: Query failed: ERROR:  invalid input syntax for integer: &quot;&quot;
LINE 9:      '',
             ^ /home/miracle/public_html/ci3_cgi/system/database/drivers/postgre/postgre_driver.php 242
ERROR - 2020-06-09 18:08:32 --> Query error: ERROR:  invalid input syntax for integer: ""
LINE 9:      '',
             ^ - Invalid query: INSERT INTO frontmed.neural_appointment (id, appointment_date, appointment_time, user_id, comment, component_id, visit_id, patient_id, created_by, select_option)
					SELECT (id + 1) AS last_id,
					'2020-06-16',
					'10:00',
					'127',
					'',
					'10',
					'1962434',
					'',
					'201',
					NULL
					FROM frontmed.neural_appointment ORDER BY id DESC LIMIT 1 RETURNING id AS last_id
ERROR - 2020-06-09 19:35:27 --> Could not find the language line "admin dashboard jsi18n-sample"
ERROR - 2020-06-09 19:37:01 --> Severity: Warning --> pg_query() [<a href='function.pg-query'>function.pg-query</a>]: Query failed: ERROR:  invalid input syntax for integer: &quot;&quot;
LINE 9:      '',
             ^ /home/miracle/public_html/ci3_cgi/system/database/drivers/postgre/postgre_driver.php 242
ERROR - 2020-06-09 19:37:01 --> Query error: ERROR:  invalid input syntax for integer: ""
LINE 9:      '',
             ^ - Invalid query: INSERT INTO frontmed.neural_appointment (id, appointment_date, appointment_time, user_id, comment, component_id, visit_id, patient_id, created_by, select_option)
					SELECT (id + 1) AS last_id,
					'2020-06-16',
					'09:30',
					'127',
					'',
					'10',
					'1962436',
					'',
					'201',
					NULL
					FROM frontmed.neural_appointment ORDER BY id DESC LIMIT 1 RETURNING id AS last_id
ERROR - 2020-06-09 19:37:10 --> Severity: Warning --> pg_query() [<a href='function.pg-query'>function.pg-query</a>]: Query failed: ERROR:  invalid input syntax for integer: &quot;&quot;
LINE 9:      '',
             ^ /home/miracle/public_html/ci3_cgi/system/database/drivers/postgre/postgre_driver.php 242
ERROR - 2020-06-09 19:37:10 --> Query error: ERROR:  invalid input syntax for integer: ""
LINE 9:      '',
             ^ - Invalid query: INSERT INTO frontmed.neural_appointment (id, appointment_date, appointment_time, user_id, comment, component_id, visit_id, patient_id, created_by, select_option)
					SELECT (id + 1) AS last_id,
					'2020-06-16',
					'09:30',
					'127',
					'',
					'10',
					'1962436',
					'',
					'201',
					NULL
					FROM frontmed.neural_appointment ORDER BY id DESC LIMIT 1 RETURNING id AS last_id
ERROR - 2020-06-09 19:37:15 --> Severity: Warning --> pg_query() [<a href='function.pg-query'>function.pg-query</a>]: Query failed: ERROR:  invalid input syntax for integer: &quot;&quot;
LINE 9:      '',
             ^ /home/miracle/public_html/ci3_cgi/system/database/drivers/postgre/postgre_driver.php 242
ERROR - 2020-06-09 19:37:15 --> Query error: ERROR:  invalid input syntax for integer: ""
LINE 9:      '',
             ^ - Invalid query: INSERT INTO frontmed.neural_appointment (id, appointment_date, appointment_time, user_id, comment, component_id, visit_id, patient_id, created_by, select_option)
					SELECT (id + 1) AS last_id,
					'2020-06-16',
					'09:30',
					'127',
					'',
					'10',
					'1962436',
					'',
					'201',
					NULL
					FROM frontmed.neural_appointment ORDER BY id DESC LIMIT 1 RETURNING id AS last_id
ERROR - 2020-06-09 19:37:16 --> Severity: Warning --> pg_query() [<a href='function.pg-query'>function.pg-query</a>]: Query failed: ERROR:  invalid input syntax for integer: &quot;&quot;
LINE 9:      '',
             ^ /home/miracle/public_html/ci3_cgi/system/database/drivers/postgre/postgre_driver.php 242
ERROR - 2020-06-09 19:37:16 --> Query error: ERROR:  invalid input syntax for integer: ""
LINE 9:      '',
             ^ - Invalid query: INSERT INTO frontmed.neural_appointment (id, appointment_date, appointment_time, user_id, comment, component_id, visit_id, patient_id, created_by, select_option)
					SELECT (id + 1) AS last_id,
					'2020-06-16',
					'09:30',
					'127',
					'',
					'10',
					'1962436',
					'',
					'201',
					NULL
					FROM frontmed.neural_appointment ORDER BY id DESC LIMIT 1 RETURNING id AS last_id
ERROR - 2020-06-09 19:37:16 --> Severity: Warning --> pg_query() [<a href='function.pg-query'>function.pg-query</a>]: Query failed: ERROR:  invalid input syntax for integer: &quot;&quot;
LINE 9:      '',
             ^ /home/miracle/public_html/ci3_cgi/system/database/drivers/postgre/postgre_driver.php 242
ERROR - 2020-06-09 19:37:16 --> Query error: ERROR:  invalid input syntax for integer: ""
LINE 9:      '',
             ^ - Invalid query: INSERT INTO frontmed.neural_appointment (id, appointment_date, appointment_time, user_id, comment, component_id, visit_id, patient_id, created_by, select_option)
					SELECT (id + 1) AS last_id,
					'2020-06-16',
					'09:30',
					'127',
					'',
					'10',
					'1962436',
					'',
					'201',
					NULL
					FROM frontmed.neural_appointment ORDER BY id DESC LIMIT 1 RETURNING id AS last_id
ERROR - 2020-06-09 19:37:18 --> Severity: Warning --> pg_query() [<a href='function.pg-query'>function.pg-query</a>]: Query failed: ERROR:  invalid input syntax for integer: &quot;&quot;
LINE 9:      '',
             ^ /home/miracle/public_html/ci3_cgi/system/database/drivers/postgre/postgre_driver.php 242
ERROR - 2020-06-09 19:37:18 --> Query error: ERROR:  invalid input syntax for integer: ""
LINE 9:      '',
             ^ - Invalid query: INSERT INTO frontmed.neural_appointment (id, appointment_date, appointment_time, user_id, comment, component_id, visit_id, patient_id, created_by, select_option)
					SELECT (id + 1) AS last_id,
					'2020-06-16',
					'09:30',
					'127',
					'',
					'10',
					'1962436',
					'',
					'201',
					NULL
					FROM frontmed.neural_appointment ORDER BY id DESC LIMIT 1 RETURNING id AS last_id
ERROR - 2020-06-09 19:37:22 --> Severity: Warning --> pg_query() [<a href='function.pg-query'>function.pg-query</a>]: Query failed: ERROR:  invalid input syntax for integer: &quot;&quot;
LINE 9:      '',
             ^ /home/miracle/public_html/ci3_cgi/system/database/drivers/postgre/postgre_driver.php 242
ERROR - 2020-06-09 19:37:22 --> Query error: ERROR:  invalid input syntax for integer: ""
LINE 9:      '',
             ^ - Invalid query: INSERT INTO frontmed.neural_appointment (id, appointment_date, appointment_time, user_id, comment, component_id, visit_id, patient_id, created_by, select_option)
					SELECT (id + 1) AS last_id,
					'2020-06-16',
					'09:30',
					'127',
					'',
					'10',
					'1962436',
					'',
					'201',
					NULL
					FROM frontmed.neural_appointment ORDER BY id DESC LIMIT 1 RETURNING id AS last_id
ERROR - 2020-06-09 19:37:40 --> Severity: Warning --> pg_query() [<a href='function.pg-query'>function.pg-query</a>]: Query failed: ERROR:  invalid input syntax for integer: &quot;&quot;
LINE 9:      '',
             ^ /home/miracle/public_html/ci3_cgi/system/database/drivers/postgre/postgre_driver.php 242
ERROR - 2020-06-09 19:37:40 --> Query error: ERROR:  invalid input syntax for integer: ""
LINE 9:      '',
             ^ - Invalid query: INSERT INTO frontmed.neural_appointment (id, appointment_date, appointment_time, user_id, comment, component_id, visit_id, patient_id, created_by, select_option)
					SELECT (id + 1) AS last_id,
					'2020-06-16',
					'09:30',
					'127',
					'',
					'10',
					'1962436',
					'',
					'201',
					NULL
					FROM frontmed.neural_appointment ORDER BY id DESC LIMIT 1 RETURNING id AS last_id
ERROR - 2020-06-09 19:37:57 --> Severity: Warning --> pg_query() [<a href='function.pg-query'>function.pg-query</a>]: Query failed: ERROR:  invalid input syntax for integer: &quot;&quot;
LINE 5:      '',
             ^ /home/miracle/public_html/ci3_cgi/system/database/drivers/postgre/postgre_driver.php 242
ERROR - 2020-06-09 19:37:57 --> Query error: ERROR:  invalid input syntax for integer: ""
LINE 5:      '',
             ^ - Invalid query: INSERT INTO frontmed.neural_appointment (id, appointment_date, appointment_time, user_id, comment, component_id, visit_id, patient_id, created_by, select_option)
					SELECT (id + 1) AS last_id,
					'2020-06-16',
					'09:30',
					'',
					'',
					'10',
					'1962436',
					'',
					'201',
					NULL
					FROM frontmed.neural_appointment ORDER BY id DESC LIMIT 1 RETURNING id AS last_id
ERROR - 2020-06-09 19:38:00 --> Severity: Warning --> pg_query() [<a href='function.pg-query'>function.pg-query</a>]: Query failed: ERROR:  invalid input syntax for integer: &quot;&quot;
LINE 5:      '',
             ^ /home/miracle/public_html/ci3_cgi/system/database/drivers/postgre/postgre_driver.php 242
ERROR - 2020-06-09 19:38:00 --> Query error: ERROR:  invalid input syntax for integer: ""
LINE 5:      '',
             ^ - Invalid query: INSERT INTO frontmed.neural_appointment (id, appointment_date, appointment_time, user_id, comment, component_id, visit_id, patient_id, created_by, select_option)
					SELECT (id + 1) AS last_id,
					'2020-06-16',
					'09:30',
					'',
					'',
					'10',
					'1962436',
					'',
					'201',
					NULL
					FROM frontmed.neural_appointment ORDER BY id DESC LIMIT 1 RETURNING id AS last_id
ERROR - 2020-06-09 19:38:00 --> Severity: Warning --> pg_query() [<a href='function.pg-query'>function.pg-query</a>]: Query failed: ERROR:  invalid input syntax for integer: &quot;&quot;
LINE 5:      '',
             ^ /home/miracle/public_html/ci3_cgi/system/database/drivers/postgre/postgre_driver.php 242
ERROR - 2020-06-09 19:38:00 --> Query error: ERROR:  invalid input syntax for integer: ""
LINE 5:      '',
             ^ - Invalid query: INSERT INTO frontmed.neural_appointment (id, appointment_date, appointment_time, user_id, comment, component_id, visit_id, patient_id, created_by, select_option)
					SELECT (id + 1) AS last_id,
					'2020-06-16',
					'09:30',
					'',
					'',
					'10',
					'1962436',
					'',
					'201',
					NULL
					FROM frontmed.neural_appointment ORDER BY id DESC LIMIT 1 RETURNING id AS last_id
ERROR - 2020-06-09 19:38:01 --> Severity: Warning --> pg_query() [<a href='function.pg-query'>function.pg-query</a>]: Query failed: ERROR:  invalid input syntax for integer: &quot;&quot;
LINE 5:      '',
             ^ /home/miracle/public_html/ci3_cgi/system/database/drivers/postgre/postgre_driver.php 242
ERROR - 2020-06-09 19:38:01 --> Query error: ERROR:  invalid input syntax for integer: ""
LINE 5:      '',
             ^ - Invalid query: INSERT INTO frontmed.neural_appointment (id, appointment_date, appointment_time, user_id, comment, component_id, visit_id, patient_id, created_by, select_option)
					SELECT (id + 1) AS last_id,
					'2020-06-16',
					'09:30',
					'',
					'',
					'10',
					'1962436',
					'',
					'201',
					NULL
					FROM frontmed.neural_appointment ORDER BY id DESC LIMIT 1 RETURNING id AS last_id
ERROR - 2020-06-09 19:38:03 --> Severity: Warning --> pg_query() [<a href='function.pg-query'>function.pg-query</a>]: Query failed: ERROR:  invalid input syntax for integer: &quot;&quot;
LINE 5:      '',
             ^ /home/miracle/public_html/ci3_cgi/system/database/drivers/postgre/postgre_driver.php 242
ERROR - 2020-06-09 19:38:03 --> Query error: ERROR:  invalid input syntax for integer: ""
LINE 5:      '',
             ^ - Invalid query: INSERT INTO frontmed.neural_appointment (id, appointment_date, appointment_time, user_id, comment, component_id, visit_id, patient_id, created_by, select_option)
					SELECT (id + 1) AS last_id,
					'2020-06-16',
					'09:30',
					'',
					'',
					'10',
					'1962436',
					'',
					'201',
					NULL
					FROM frontmed.neural_appointment ORDER BY id DESC LIMIT 1 RETURNING id AS last_id
ERROR - 2020-06-09 19:38:26 --> Could not find the language line "admin dashboard jsi18n-sample"
ERROR - 2020-06-09 19:39:01 --> Severity: Warning --> pg_query() [<a href='function.pg-query'>function.pg-query</a>]: Query failed: ERROR:  invalid input syntax for integer: &quot;&quot;
LINE 9:      '',
             ^ /home/miracle/public_html/ci3_cgi/system/database/drivers/postgre/postgre_driver.php 242
ERROR - 2020-06-09 19:39:01 --> Query error: ERROR:  invalid input syntax for integer: ""
LINE 9:      '',
             ^ - Invalid query: INSERT INTO frontmed.neural_appointment (id, appointment_date, appointment_time, user_id, comment, component_id, visit_id, patient_id, created_by, select_option)
					SELECT (id + 1) AS last_id,
					'2020-06-16',
					'09:30',
					'127',
					'',
					'10',
					'1962436',
					'',
					'201',
					NULL
					FROM frontmed.neural_appointment ORDER BY id DESC LIMIT 1 RETURNING id AS last_id
ERROR - 2020-06-09 19:39:04 --> Severity: Warning --> pg_query() [<a href='function.pg-query'>function.pg-query</a>]: Query failed: ERROR:  invalid input syntax for integer: &quot;&quot;
LINE 9:      '',
             ^ /home/miracle/public_html/ci3_cgi/system/database/drivers/postgre/postgre_driver.php 242
ERROR - 2020-06-09 19:39:04 --> Query error: ERROR:  invalid input syntax for integer: ""
LINE 9:      '',
             ^ - Invalid query: INSERT INTO frontmed.neural_appointment (id, appointment_date, appointment_time, user_id, comment, component_id, visit_id, patient_id, created_by, select_option)
					SELECT (id + 1) AS last_id,
					'2020-06-16',
					'09:30',
					'127',
					'',
					'10',
					'1962436',
					'',
					'201',
					NULL
					FROM frontmed.neural_appointment ORDER BY id DESC LIMIT 1 RETURNING id AS last_id
ERROR - 2020-06-09 19:39:05 --> Severity: Warning --> pg_query() [<a href='function.pg-query'>function.pg-query</a>]: Query failed: ERROR:  invalid input syntax for integer: &quot;&quot;
LINE 9:      '',
             ^ /home/miracle/public_html/ci3_cgi/system/database/drivers/postgre/postgre_driver.php 242
ERROR - 2020-06-09 19:39:05 --> Query error: ERROR:  invalid input syntax for integer: ""
LINE 9:      '',
             ^ - Invalid query: INSERT INTO frontmed.neural_appointment (id, appointment_date, appointment_time, user_id, comment, component_id, visit_id, patient_id, created_by, select_option)
					SELECT (id + 1) AS last_id,
					'2020-06-16',
					'09:30',
					'127',
					'',
					'10',
					'1962436',
					'',
					'201',
					NULL
					FROM frontmed.neural_appointment ORDER BY id DESC LIMIT 1 RETURNING id AS last_id
ERROR - 2020-06-09 19:39:06 --> Severity: Warning --> pg_query() [<a href='function.pg-query'>function.pg-query</a>]: Query failed: ERROR:  invalid input syntax for integer: &quot;&quot;
LINE 9:      '',
             ^ /home/miracle/public_html/ci3_cgi/system/database/drivers/postgre/postgre_driver.php 242
ERROR - 2020-06-09 19:39:06 --> Query error: ERROR:  invalid input syntax for integer: ""
LINE 9:      '',
             ^ - Invalid query: INSERT INTO frontmed.neural_appointment (id, appointment_date, appointment_time, user_id, comment, component_id, visit_id, patient_id, created_by, select_option)
					SELECT (id + 1) AS last_id,
					'2020-06-16',
					'09:30',
					'127',
					'',
					'10',
					'1962436',
					'',
					'201',
					NULL
					FROM frontmed.neural_appointment ORDER BY id DESC LIMIT 1 RETURNING id AS last_id
ERROR - 2020-06-09 19:39:13 --> Severity: Warning --> pg_query() [<a href='function.pg-query'>function.pg-query</a>]: Query failed: ERROR:  invalid input syntax for integer: &quot;&quot;
LINE 9:      '',
             ^ /home/miracle/public_html/ci3_cgi/system/database/drivers/postgre/postgre_driver.php 242
ERROR - 2020-06-09 19:39:13 --> Query error: ERROR:  invalid input syntax for integer: ""
LINE 9:      '',
             ^ - Invalid query: INSERT INTO frontmed.neural_appointment (id, appointment_date, appointment_time, user_id, comment, component_id, visit_id, patient_id, created_by, select_option)
					SELECT (id + 1) AS last_id,
					'2020-06-16',
					'09:30',
					'127',
					'',
					'10',
					'1962436',
					'',
					'201',
					NULL
					FROM frontmed.neural_appointment ORDER BY id DESC LIMIT 1 RETURNING id AS last_id
ERROR - 2020-06-09 19:39:14 --> Severity: Warning --> pg_query() [<a href='function.pg-query'>function.pg-query</a>]: Query failed: ERROR:  invalid input syntax for integer: &quot;&quot;
LINE 9:      '',
             ^ /home/miracle/public_html/ci3_cgi/system/database/drivers/postgre/postgre_driver.php 242
ERROR - 2020-06-09 19:39:14 --> Query error: ERROR:  invalid input syntax for integer: ""
LINE 9:      '',
             ^ - Invalid query: INSERT INTO frontmed.neural_appointment (id, appointment_date, appointment_time, user_id, comment, component_id, visit_id, patient_id, created_by, select_option)
					SELECT (id + 1) AS last_id,
					'2020-06-16',
					'09:30',
					'127',
					'',
					'10',
					'1962436',
					'',
					'201',
					NULL
					FROM frontmed.neural_appointment ORDER BY id DESC LIMIT 1 RETURNING id AS last_id
ERROR - 2020-06-09 19:39:15 --> Severity: Warning --> pg_query() [<a href='function.pg-query'>function.pg-query</a>]: Query failed: ERROR:  invalid input syntax for integer: &quot;&quot;
LINE 9:      '',
             ^ /home/miracle/public_html/ci3_cgi/system/database/drivers/postgre/postgre_driver.php 242
ERROR - 2020-06-09 19:39:15 --> Query error: ERROR:  invalid input syntax for integer: ""
LINE 9:      '',
             ^ - Invalid query: INSERT INTO frontmed.neural_appointment (id, appointment_date, appointment_time, user_id, comment, component_id, visit_id, patient_id, created_by, select_option)
					SELECT (id + 1) AS last_id,
					'2020-06-16',
					'09:30',
					'127',
					'',
					'10',
					'1962436',
					'',
					'201',
					NULL
					FROM frontmed.neural_appointment ORDER BY id DESC LIMIT 1 RETURNING id AS last_id
ERROR - 2020-06-09 19:40:34 --> Severity: Warning --> pg_query() [<a href='function.pg-query'>function.pg-query</a>]: Query failed: ERROR:  invalid input syntax for integer: &quot;&quot;
LINE 9:      '',
             ^ /home/miracle/public_html/ci3_cgi/system/database/drivers/postgre/postgre_driver.php 242
ERROR - 2020-06-09 19:40:34 --> Query error: ERROR:  invalid input syntax for integer: ""
LINE 9:      '',
             ^ - Invalid query: INSERT INTO frontmed.neural_appointment (id, appointment_date, appointment_time, user_id, comment, component_id, visit_id, patient_id, created_by, select_option)
					SELECT (id + 1) AS last_id,
					'2020-06-16',
					'10:00',
					'127',
					'',
					'10',
					'1962436',
					'',
					'201',
					NULL
					FROM frontmed.neural_appointment ORDER BY id DESC LIMIT 1 RETURNING id AS last_id
ERROR - 2020-06-09 19:40:58 --> Could not find the language line "admin dashboard jsi18n-sample"
