ERROR - 2020-06-12 08:06:59 --> Could not find the language line "admin dashboard jsi18n-sample"
ERROR - 2020-06-12 08:13:40 --> Could not find the language line "admin dashboard jsi18n-sample"
ERROR - 2020-06-12 08:24:37 --> Could not find the language line "admin dashboard jsi18n-sample"
ERROR - 2020-06-12 09:50:40 --> Could not find the language line "admin dashboard jsi18n-sample"
ERROR - 2020-06-12 10:00:38 --> Could not find the language line "admin dashboard jsi18n-sample"
ERROR - 2020-06-12 10:16:17 --> Could not find the language line "admin dashboard jsi18n-sample"
ERROR - 2020-06-12 10:31:49 --> Could not find the language line "admin dashboard jsi18n-sample"
ERROR - 2020-06-12 11:08:33 --> Could not find the language line "admin dashboard jsi18n-sample"
ERROR - 2020-06-12 11:27:29 --> Could not find the language line "admin dashboard jsi18n-sample"
ERROR - 2020-06-12 13:35:20 --> Could not find the language line "admin dashboard jsi18n-sample"
ERROR - 2020-06-12 13:35:56 --> Could not find the language line "admin dashboard jsi18n-sample"
ERROR - 2020-06-12 13:35:58 --> Could not find the language line "admin dashboard jsi18n-sample"
ERROR - 2020-06-12 14:03:03 --> Could not find the language line "admin dashboard jsi18n-sample"
ERROR - 2020-06-12 14:12:04 --> Could not find the language line "admin dashboard jsi18n-sample"
ERROR - 2020-06-12 14:23:38 --> Could not find the language line "admin dashboard jsi18n-sample"
ERROR - 2020-06-12 21:21:17 --> Could not find the language line "admin dashboard jsi18n-sample"
ERROR - 2020-06-12 21:21:44 --> Could not find the language line "admin dashboard jsi18n-sample"
ERROR - 2020-06-12 21:22:28 --> Could not find the language line "admin dashboard jsi18n-sample"
ERROR - 2020-06-12 21:22:57 --> Could not find the language line "admin dashboard jsi18n-sample"
ERROR - 2020-06-12 21:23:20 --> Could not find the language line "admin dashboard jsi18n-sample"
ERROR - 2020-06-12 21:23:38 --> Could not find the language line "admin dashboard jsi18n-sample"
ERROR - 2020-06-12 21:23:52 --> Could not find the language line "admin dashboard jsi18n-sample"
ERROR - 2020-06-12 21:23:57 --> Could not find the language line "admin dashboard jsi18n-sample"
ERROR - 2020-06-12 21:24:18 --> Could not find the language line "admin dashboard jsi18n-sample"
ERROR - 2020-06-12 21:26:27 --> Severity: Warning --> pg_query() [<a href='function.pg-query'>function.pg-query</a>]: Query failed: ERROR:  syntax error at or near &quot;10&quot;
LINE 7:      '10',
              ^ /home/miracle/public_html/ci3_cgi/system/database/drivers/postgre/postgre_driver.php 242
ERROR - 2020-06-12 21:26:27 --> Query error: ERROR:  syntax error at or near "10"
LINE 7:      '10',
              ^ - Invalid query: INSERT INTO frontmed.neural_appointment (id, appointment_date, appointment_time, user_id, comment, component_id, visit_id, patient_id, created_by, select_option)
					SELECT (id + 1) AS last_id,
					'2020-06-19',
					'08:00',
					'85',
					'FBS ,BUN ,Cr, E' lyte, LFT',
					'10',
					'1963638',
					'193890',
					'632',
					'{5}'
					FROM frontmed.neural_appointment ORDER BY id DESC LIMIT 1 RETURNING id AS last_id
ERROR - 2020-06-12 21:26:32 --> Severity: Warning --> pg_query() [<a href='function.pg-query'>function.pg-query</a>]: Query failed: ERROR:  syntax error at or near &quot;10&quot;
LINE 7:      '10',
              ^ /home/miracle/public_html/ci3_cgi/system/database/drivers/postgre/postgre_driver.php 242
ERROR - 2020-06-12 21:26:32 --> Query error: ERROR:  syntax error at or near "10"
LINE 7:      '10',
              ^ - Invalid query: INSERT INTO frontmed.neural_appointment (id, appointment_date, appointment_time, user_id, comment, component_id, visit_id, patient_id, created_by, select_option)
					SELECT (id + 1) AS last_id,
					'2020-06-19',
					'08:00',
					'85',
					'FBS ,BUN ,Cr, E' lyte, LFT',
					'10',
					'1963638',
					'193890',
					'632',
					'{5}'
					FROM frontmed.neural_appointment ORDER BY id DESC LIMIT 1 RETURNING id AS last_id
ERROR - 2020-06-12 21:26:37 --> Severity: Warning --> pg_query() [<a href='function.pg-query'>function.pg-query</a>]: Query failed: ERROR:  syntax error at or near &quot;10&quot;
LINE 7:      '10',
              ^ /home/miracle/public_html/ci3_cgi/system/database/drivers/postgre/postgre_driver.php 242
ERROR - 2020-06-12 21:26:37 --> Query error: ERROR:  syntax error at or near "10"
LINE 7:      '10',
              ^ - Invalid query: INSERT INTO frontmed.neural_appointment (id, appointment_date, appointment_time, user_id, comment, component_id, visit_id, patient_id, created_by, select_option)
					SELECT (id + 1) AS last_id,
					'2020-06-19',
					'08:00',
					'85',
					'FBS ,BUN ,Cr, E' lyte, LFT',
					'10',
					'1963638',
					'193890',
					'632',
					'{5}'
					FROM frontmed.neural_appointment ORDER BY id DESC LIMIT 1 RETURNING id AS last_id
ERROR - 2020-06-12 21:26:38 --> Severity: Warning --> pg_query() [<a href='function.pg-query'>function.pg-query</a>]: Query failed: ERROR:  syntax error at or near &quot;10&quot;
LINE 7:      '10',
              ^ /home/miracle/public_html/ci3_cgi/system/database/drivers/postgre/postgre_driver.php 242
ERROR - 2020-06-12 21:26:38 --> Query error: ERROR:  syntax error at or near "10"
LINE 7:      '10',
              ^ - Invalid query: INSERT INTO frontmed.neural_appointment (id, appointment_date, appointment_time, user_id, comment, component_id, visit_id, patient_id, created_by, select_option)
					SELECT (id + 1) AS last_id,
					'2020-06-19',
					'08:00',
					'85',
					'FBS ,BUN ,Cr, E' lyte, LFT',
					'10',
					'1963638',
					'193890',
					'632',
					'{5}'
					FROM frontmed.neural_appointment ORDER BY id DESC LIMIT 1 RETURNING id AS last_id
ERROR - 2020-06-12 21:27:15 --> Severity: Warning --> pg_query() [<a href='function.pg-query'>function.pg-query</a>]: Query failed: ERROR:  syntax error at or near &quot;10&quot;
LINE 7:      '10',
              ^ /home/miracle/public_html/ci3_cgi/system/database/drivers/postgre/postgre_driver.php 242
ERROR - 2020-06-12 21:27:15 --> Query error: ERROR:  syntax error at or near "10"
LINE 7:      '10',
              ^ - Invalid query: INSERT INTO frontmed.neural_appointment (id, appointment_date, appointment_time, user_id, comment, component_id, visit_id, patient_id, created_by, select_option)
					SELECT (id + 1) AS last_id,
					'2020-06-19',
					'08:00',
					'85',
					'FBS ,BUN ,Cr, E' lyte, LFT',
					'10',
					'1963638',
					'193890',
					'632',
					'{5}'
					FROM frontmed.neural_appointment ORDER BY id DESC LIMIT 1 RETURNING id AS last_id
ERROR - 2020-06-12 21:27:15 --> Severity: Warning --> pg_query() [<a href='function.pg-query'>function.pg-query</a>]: Query failed: ERROR:  syntax error at or near &quot;10&quot;
LINE 7:      '10',
              ^ /home/miracle/public_html/ci3_cgi/system/database/drivers/postgre/postgre_driver.php 242
ERROR - 2020-06-12 21:27:15 --> Query error: ERROR:  syntax error at or near "10"
LINE 7:      '10',
              ^ - Invalid query: INSERT INTO frontmed.neural_appointment (id, appointment_date, appointment_time, user_id, comment, component_id, visit_id, patient_id, created_by, select_option)
					SELECT (id + 1) AS last_id,
					'2020-06-19',
					'08:00',
					'85',
					'FBS ,BUN ,Cr, E' lyte, LFT',
					'10',
					'1963638',
					'193890',
					'632',
					'{5}'
					FROM frontmed.neural_appointment ORDER BY id DESC LIMIT 1 RETURNING id AS last_id
ERROR - 2020-06-12 21:27:15 --> Severity: Warning --> pg_query() [<a href='function.pg-query'>function.pg-query</a>]: Query failed: ERROR:  syntax error at or near &quot;10&quot;
LINE 7:      '10',
              ^ /home/miracle/public_html/ci3_cgi/system/database/drivers/postgre/postgre_driver.php 242
ERROR - 2020-06-12 21:27:15 --> Query error: ERROR:  syntax error at or near "10"
LINE 7:      '10',
              ^ - Invalid query: INSERT INTO frontmed.neural_appointment (id, appointment_date, appointment_time, user_id, comment, component_id, visit_id, patient_id, created_by, select_option)
					SELECT (id + 1) AS last_id,
					'2020-06-19',
					'08:00',
					'85',
					'FBS ,BUN ,Cr, E' lyte, LFT',
					'10',
					'1963638',
					'193890',
					'632',
					'{5}'
					FROM frontmed.neural_appointment ORDER BY id DESC LIMIT 1 RETURNING id AS last_id
ERROR - 2020-06-12 21:27:15 --> Severity: Warning --> pg_query() [<a href='function.pg-query'>function.pg-query</a>]: Query failed: ERROR:  syntax error at or near &quot;10&quot;
LINE 7:      '10',
              ^ /home/miracle/public_html/ci3_cgi/system/database/drivers/postgre/postgre_driver.php 242
ERROR - 2020-06-12 21:27:15 --> Query error: ERROR:  syntax error at or near "10"
LINE 7:      '10',
              ^ - Invalid query: INSERT INTO frontmed.neural_appointment (id, appointment_date, appointment_time, user_id, comment, component_id, visit_id, patient_id, created_by, select_option)
					SELECT (id + 1) AS last_id,
					'2020-06-19',
					'08:00',
					'85',
					'FBS ,BUN ,Cr, E' lyte, LFT',
					'10',
					'1963638',
					'193890',
					'632',
					'{5}'
					FROM frontmed.neural_appointment ORDER BY id DESC LIMIT 1 RETURNING id AS last_id
ERROR - 2020-06-12 21:27:15 --> Severity: Warning --> pg_query() [<a href='function.pg-query'>function.pg-query</a>]: Query failed: ERROR:  syntax error at or near &quot;10&quot;
LINE 7:      '10',
              ^ /home/miracle/public_html/ci3_cgi/system/database/drivers/postgre/postgre_driver.php 242
ERROR - 2020-06-12 21:27:15 --> Query error: ERROR:  syntax error at or near "10"
LINE 7:      '10',
              ^ - Invalid query: INSERT INTO frontmed.neural_appointment (id, appointment_date, appointment_time, user_id, comment, component_id, visit_id, patient_id, created_by, select_option)
					SELECT (id + 1) AS last_id,
					'2020-06-19',
					'08:00',
					'85',
					'FBS ,BUN ,Cr, E' lyte, LFT',
					'10',
					'1963638',
					'193890',
					'632',
					'{5}'
					FROM frontmed.neural_appointment ORDER BY id DESC LIMIT 1 RETURNING id AS last_id
ERROR - 2020-06-12 21:27:15 --> Severity: Warning --> pg_query() [<a href='function.pg-query'>function.pg-query</a>]: Query failed: ERROR:  syntax error at or near &quot;10&quot;
LINE 7:      '10',
              ^ /home/miracle/public_html/ci3_cgi/system/database/drivers/postgre/postgre_driver.php 242
ERROR - 2020-06-12 21:27:15 --> Query error: ERROR:  syntax error at or near "10"
LINE 7:      '10',
              ^ - Invalid query: INSERT INTO frontmed.neural_appointment (id, appointment_date, appointment_time, user_id, comment, component_id, visit_id, patient_id, created_by, select_option)
					SELECT (id + 1) AS last_id,
					'2020-06-19',
					'08:00',
					'85',
					'FBS ,BUN ,Cr, E' lyte, LFT',
					'10',
					'1963638',
					'193890',
					'632',
					'{5}'
					FROM frontmed.neural_appointment ORDER BY id DESC LIMIT 1 RETURNING id AS last_id
ERROR - 2020-06-12 21:27:16 --> Severity: Warning --> pg_query() [<a href='function.pg-query'>function.pg-query</a>]: Query failed: ERROR:  syntax error at or near &quot;10&quot;
LINE 7:      '10',
              ^ /home/miracle/public_html/ci3_cgi/system/database/drivers/postgre/postgre_driver.php 242
ERROR - 2020-06-12 21:27:16 --> Query error: ERROR:  syntax error at or near "10"
LINE 7:      '10',
              ^ - Invalid query: INSERT INTO frontmed.neural_appointment (id, appointment_date, appointment_time, user_id, comment, component_id, visit_id, patient_id, created_by, select_option)
					SELECT (id + 1) AS last_id,
					'2020-06-19',
					'08:00',
					'85',
					'FBS ,BUN ,Cr, E' lyte, LFT',
					'10',
					'1963638',
					'193890',
					'632',
					'{5}'
					FROM frontmed.neural_appointment ORDER BY id DESC LIMIT 1 RETURNING id AS last_id
ERROR - 2020-06-12 21:27:16 --> Severity: Warning --> pg_query() [<a href='function.pg-query'>function.pg-query</a>]: Query failed: ERROR:  syntax error at or near &quot;10&quot;
LINE 7:      '10',
              ^ /home/miracle/public_html/ci3_cgi/system/database/drivers/postgre/postgre_driver.php 242
ERROR - 2020-06-12 21:27:16 --> Query error: ERROR:  syntax error at or near "10"
LINE 7:      '10',
              ^ - Invalid query: INSERT INTO frontmed.neural_appointment (id, appointment_date, appointment_time, user_id, comment, component_id, visit_id, patient_id, created_by, select_option)
					SELECT (id + 1) AS last_id,
					'2020-06-19',
					'08:00',
					'85',
					'FBS ,BUN ,Cr, E' lyte, LFT',
					'10',
					'1963638',
					'193890',
					'632',
					'{5}'
					FROM frontmed.neural_appointment ORDER BY id DESC LIMIT 1 RETURNING id AS last_id
ERROR - 2020-06-12 21:27:16 --> Severity: Warning --> pg_query() [<a href='function.pg-query'>function.pg-query</a>]: Query failed: ERROR:  syntax error at or near &quot;10&quot;
LINE 7:      '10',
              ^ /home/miracle/public_html/ci3_cgi/system/database/drivers/postgre/postgre_driver.php 242
ERROR - 2020-06-12 21:27:16 --> Query error: ERROR:  syntax error at or near "10"
LINE 7:      '10',
              ^ - Invalid query: INSERT INTO frontmed.neural_appointment (id, appointment_date, appointment_time, user_id, comment, component_id, visit_id, patient_id, created_by, select_option)
					SELECT (id + 1) AS last_id,
					'2020-06-19',
					'08:00',
					'85',
					'FBS ,BUN ,Cr, E' lyte, LFT',
					'10',
					'1963638',
					'193890',
					'632',
					'{5}'
					FROM frontmed.neural_appointment ORDER BY id DESC LIMIT 1 RETURNING id AS last_id
ERROR - 2020-06-12 21:27:16 --> Severity: Warning --> pg_query() [<a href='function.pg-query'>function.pg-query</a>]: Query failed: ERROR:  syntax error at or near &quot;10&quot;
LINE 7:      '10',
              ^ /home/miracle/public_html/ci3_cgi/system/database/drivers/postgre/postgre_driver.php 242
ERROR - 2020-06-12 21:27:16 --> Query error: ERROR:  syntax error at or near "10"
LINE 7:      '10',
              ^ - Invalid query: INSERT INTO frontmed.neural_appointment (id, appointment_date, appointment_time, user_id, comment, component_id, visit_id, patient_id, created_by, select_option)
					SELECT (id + 1) AS last_id,
					'2020-06-19',
					'08:00',
					'85',
					'FBS ,BUN ,Cr, E' lyte, LFT',
					'10',
					'1963638',
					'193890',
					'632',
					'{5}'
					FROM frontmed.neural_appointment ORDER BY id DESC LIMIT 1 RETURNING id AS last_id
ERROR - 2020-06-12 21:27:16 --> Severity: Warning --> pg_query() [<a href='function.pg-query'>function.pg-query</a>]: Query failed: ERROR:  syntax error at or near &quot;10&quot;
LINE 7:      '10',
              ^ /home/miracle/public_html/ci3_cgi/system/database/drivers/postgre/postgre_driver.php 242
ERROR - 2020-06-12 21:27:16 --> Query error: ERROR:  syntax error at or near "10"
LINE 7:      '10',
              ^ - Invalid query: INSERT INTO frontmed.neural_appointment (id, appointment_date, appointment_time, user_id, comment, component_id, visit_id, patient_id, created_by, select_option)
					SELECT (id + 1) AS last_id,
					'2020-06-19',
					'08:00',
					'85',
					'FBS ,BUN ,Cr, E' lyte, LFT',
					'10',
					'1963638',
					'193890',
					'632',
					'{5}'
					FROM frontmed.neural_appointment ORDER BY id DESC LIMIT 1 RETURNING id AS last_id
ERROR - 2020-06-12 21:27:16 --> Severity: Warning --> pg_query() [<a href='function.pg-query'>function.pg-query</a>]: Query failed: ERROR:  syntax error at or near &quot;10&quot;
LINE 7:      '10',
              ^ /home/miracle/public_html/ci3_cgi/system/database/drivers/postgre/postgre_driver.php 242
ERROR - 2020-06-12 21:27:16 --> Query error: ERROR:  syntax error at or near "10"
LINE 7:      '10',
              ^ - Invalid query: INSERT INTO frontmed.neural_appointment (id, appointment_date, appointment_time, user_id, comment, component_id, visit_id, patient_id, created_by, select_option)
					SELECT (id + 1) AS last_id,
					'2020-06-19',
					'08:00',
					'85',
					'FBS ,BUN ,Cr, E' lyte, LFT',
					'10',
					'1963638',
					'193890',
					'632',
					'{5}'
					FROM frontmed.neural_appointment ORDER BY id DESC LIMIT 1 RETURNING id AS last_id
ERROR - 2020-06-12 21:27:16 --> Severity: Warning --> pg_query() [<a href='function.pg-query'>function.pg-query</a>]: Query failed: ERROR:  syntax error at or near &quot;10&quot;
LINE 7:      '10',
              ^ /home/miracle/public_html/ci3_cgi/system/database/drivers/postgre/postgre_driver.php 242
ERROR - 2020-06-12 21:27:16 --> Query error: ERROR:  syntax error at or near "10"
LINE 7:      '10',
              ^ - Invalid query: INSERT INTO frontmed.neural_appointment (id, appointment_date, appointment_time, user_id, comment, component_id, visit_id, patient_id, created_by, select_option)
					SELECT (id + 1) AS last_id,
					'2020-06-19',
					'08:00',
					'85',
					'FBS ,BUN ,Cr, E' lyte, LFT',
					'10',
					'1963638',
					'193890',
					'632',
					'{5}'
					FROM frontmed.neural_appointment ORDER BY id DESC LIMIT 1 RETURNING id AS last_id
ERROR - 2020-06-12 21:27:16 --> Severity: Warning --> pg_query() [<a href='function.pg-query'>function.pg-query</a>]: Query failed: ERROR:  syntax error at or near &quot;10&quot;
LINE 7:      '10',
              ^ /home/miracle/public_html/ci3_cgi/system/database/drivers/postgre/postgre_driver.php 242
ERROR - 2020-06-12 21:27:16 --> Query error: ERROR:  syntax error at or near "10"
LINE 7:      '10',
              ^ - Invalid query: INSERT INTO frontmed.neural_appointment (id, appointment_date, appointment_time, user_id, comment, component_id, visit_id, patient_id, created_by, select_option)
					SELECT (id + 1) AS last_id,
					'2020-06-19',
					'08:00',
					'85',
					'FBS ,BUN ,Cr, E' lyte, LFT',
					'10',
					'1963638',
					'193890',
					'632',
					'{5}'
					FROM frontmed.neural_appointment ORDER BY id DESC LIMIT 1 RETURNING id AS last_id
ERROR - 2020-06-12 21:27:16 --> Severity: Warning --> pg_query() [<a href='function.pg-query'>function.pg-query</a>]: Query failed: ERROR:  syntax error at or near &quot;10&quot;
LINE 7:      '10',
              ^ /home/miracle/public_html/ci3_cgi/system/database/drivers/postgre/postgre_driver.php 242
ERROR - 2020-06-12 21:27:16 --> Query error: ERROR:  syntax error at or near "10"
LINE 7:      '10',
              ^ - Invalid query: INSERT INTO frontmed.neural_appointment (id, appointment_date, appointment_time, user_id, comment, component_id, visit_id, patient_id, created_by, select_option)
					SELECT (id + 1) AS last_id,
					'2020-06-19',
					'08:00',
					'85',
					'FBS ,BUN ,Cr, E' lyte, LFT',
					'10',
					'1963638',
					'193890',
					'632',
					'{5}'
					FROM frontmed.neural_appointment ORDER BY id DESC LIMIT 1 RETURNING id AS last_id
ERROR - 2020-06-12 21:27:16 --> Severity: Warning --> pg_query() [<a href='function.pg-query'>function.pg-query</a>]: Query failed: ERROR:  syntax error at or near &quot;10&quot;
LINE 7:      '10',
              ^ /home/miracle/public_html/ci3_cgi/system/database/drivers/postgre/postgre_driver.php 242
ERROR - 2020-06-12 21:27:16 --> Query error: ERROR:  syntax error at or near "10"
LINE 7:      '10',
              ^ - Invalid query: INSERT INTO frontmed.neural_appointment (id, appointment_date, appointment_time, user_id, comment, component_id, visit_id, patient_id, created_by, select_option)
					SELECT (id + 1) AS last_id,
					'2020-06-19',
					'08:00',
					'85',
					'FBS ,BUN ,Cr, E' lyte, LFT',
					'10',
					'1963638',
					'193890',
					'632',
					'{5}'
					FROM frontmed.neural_appointment ORDER BY id DESC LIMIT 1 RETURNING id AS last_id
ERROR - 2020-06-12 21:27:16 --> Severity: Warning --> pg_query() [<a href='function.pg-query'>function.pg-query</a>]: Query failed: ERROR:  syntax error at or near &quot;10&quot;
LINE 7:      '10',
              ^ /home/miracle/public_html/ci3_cgi/system/database/drivers/postgre/postgre_driver.php 242
ERROR - 2020-06-12 21:27:16 --> Query error: ERROR:  syntax error at or near "10"
LINE 7:      '10',
              ^ - Invalid query: INSERT INTO frontmed.neural_appointment (id, appointment_date, appointment_time, user_id, comment, component_id, visit_id, patient_id, created_by, select_option)
					SELECT (id + 1) AS last_id,
					'2020-06-19',
					'08:00',
					'85',
					'FBS ,BUN ,Cr, E' lyte, LFT',
					'10',
					'1963638',
					'193890',
					'632',
					'{5}'
					FROM frontmed.neural_appointment ORDER BY id DESC LIMIT 1 RETURNING id AS last_id
ERROR - 2020-06-12 21:27:16 --> Severity: Warning --> pg_query() [<a href='function.pg-query'>function.pg-query</a>]: Query failed: ERROR:  syntax error at or near &quot;10&quot;
LINE 7:      '10',
              ^ /home/miracle/public_html/ci3_cgi/system/database/drivers/postgre/postgre_driver.php 242
ERROR - 2020-06-12 21:27:16 --> Query error: ERROR:  syntax error at or near "10"
LINE 7:      '10',
              ^ - Invalid query: INSERT INTO frontmed.neural_appointment (id, appointment_date, appointment_time, user_id, comment, component_id, visit_id, patient_id, created_by, select_option)
					SELECT (id + 1) AS last_id,
					'2020-06-19',
					'08:00',
					'85',
					'FBS ,BUN ,Cr, E' lyte, LFT',
					'10',
					'1963638',
					'193890',
					'632',
					'{5}'
					FROM frontmed.neural_appointment ORDER BY id DESC LIMIT 1 RETURNING id AS last_id
ERROR - 2020-06-12 21:27:16 --> Severity: Warning --> pg_query() [<a href='function.pg-query'>function.pg-query</a>]: Query failed: ERROR:  syntax error at or near &quot;10&quot;
LINE 7:      '10',
              ^ /home/miracle/public_html/ci3_cgi/system/database/drivers/postgre/postgre_driver.php 242
ERROR - 2020-06-12 21:27:16 --> Query error: ERROR:  syntax error at or near "10"
LINE 7:      '10',
              ^ - Invalid query: INSERT INTO frontmed.neural_appointment (id, appointment_date, appointment_time, user_id, comment, component_id, visit_id, patient_id, created_by, select_option)
					SELECT (id + 1) AS last_id,
					'2020-06-19',
					'08:00',
					'85',
					'FBS ,BUN ,Cr, E' lyte, LFT',
					'10',
					'1963638',
					'193890',
					'632',
					'{5}'
					FROM frontmed.neural_appointment ORDER BY id DESC LIMIT 1 RETURNING id AS last_id
ERROR - 2020-06-12 21:27:16 --> Severity: Warning --> pg_query() [<a href='function.pg-query'>function.pg-query</a>]: Query failed: ERROR:  syntax error at or near &quot;10&quot;
LINE 7:      '10',
              ^ /home/miracle/public_html/ci3_cgi/system/database/drivers/postgre/postgre_driver.php 242
ERROR - 2020-06-12 21:27:16 --> Query error: ERROR:  syntax error at or near "10"
LINE 7:      '10',
              ^ - Invalid query: INSERT INTO frontmed.neural_appointment (id, appointment_date, appointment_time, user_id, comment, component_id, visit_id, patient_id, created_by, select_option)
					SELECT (id + 1) AS last_id,
					'2020-06-19',
					'08:00',
					'85',
					'FBS ,BUN ,Cr, E' lyte, LFT',
					'10',
					'1963638',
					'193890',
					'632',
					'{5}'
					FROM frontmed.neural_appointment ORDER BY id DESC LIMIT 1 RETURNING id AS last_id
ERROR - 2020-06-12 21:27:17 --> Severity: Warning --> pg_query() [<a href='function.pg-query'>function.pg-query</a>]: Query failed: ERROR:  syntax error at or near &quot;10&quot;
LINE 7:      '10',
              ^ /home/miracle/public_html/ci3_cgi/system/database/drivers/postgre/postgre_driver.php 242
ERROR - 2020-06-12 21:27:17 --> Query error: ERROR:  syntax error at or near "10"
LINE 7:      '10',
              ^ - Invalid query: INSERT INTO frontmed.neural_appointment (id, appointment_date, appointment_time, user_id, comment, component_id, visit_id, patient_id, created_by, select_option)
					SELECT (id + 1) AS last_id,
					'2020-06-19',
					'08:00',
					'85',
					'FBS ,BUN ,Cr, E' lyte, LFT',
					'10',
					'1963638',
					'193890',
					'632',
					'{5}'
					FROM frontmed.neural_appointment ORDER BY id DESC LIMIT 1 RETURNING id AS last_id
