ERROR - 2020-04-02 08:05:01 --> Could not find the language line "admin dashboard jsi18n-sample"
ERROR - 2020-04-02 08:05:05 --> Could not find the language line "admin dashboard jsi18n-sample"
ERROR - 2020-04-02 08:06:00 --> Could not find the language line "admin dashboard jsi18n-sample"
ERROR - 2020-04-02 08:15:48 --> Could not find the language line "admin dashboard jsi18n-sample"
ERROR - 2020-04-02 08:34:13 --> Could not find the language line "admin dashboard jsi18n-sample"
ERROR - 2020-04-02 08:37:58 --> Could not find the language line "admin dashboard jsi18n-sample"
ERROR - 2020-04-02 09:41:01 --> Could not find the language line "admin dashboard jsi18n-sample"
ERROR - 2020-04-02 09:42:22 --> Severity: Warning --> pg_query() [<a href='function.pg-query'>function.pg-query</a>]: Query failed: ERROR:  invalid input syntax for integer: &quot;&quot;
LINE 5:      '',
             ^ /home/miracle/public_html/ci3_cgi/system/database/drivers/postgre/postgre_driver.php 242
ERROR - 2020-04-02 09:42:22 --> Query error: ERROR:  invalid input syntax for integer: ""
LINE 5:      '',
             ^ - Invalid query: INSERT INTO frontmed.neural_appointment (id, appointment_date, appointment_time, user_id, comment, component_id, visit_id, patient_id, created_by, select_option)
					SELECT (id + 1) AS last_id,
					'2020-04-30',
					'10:00',
					'',
					'',
					'10',
					'1946200',
					'9292',
					'460',
					NULL
					FROM frontmed.neural_appointment ORDER BY id DESC LIMIT 1 RETURNING id AS last_id
ERROR - 2020-04-02 10:36:53 --> Could not find the language line "admin dashboard jsi18n-sample"
ERROR - 2020-04-02 11:07:14 --> Could not find the language line "admin dashboard jsi18n-sample"
ERROR - 2020-04-02 11:08:09 --> Could not find the language line "admin dashboard jsi18n-sample"
ERROR - 2020-04-02 11:17:17 --> Could not find the language line "admin dashboard jsi18n-sample"
ERROR - 2020-04-02 11:26:21 --> Could not find the language line "admin dashboard jsi18n-sample"
ERROR - 2020-04-02 11:41:11 --> Could not find the language line "admin dashboard jsi18n-sample"
ERROR - 2020-04-02 11:55:21 --> Could not find the language line "admin dashboard jsi18n-sample"
ERROR - 2020-04-02 11:57:36 --> Severity: Warning --> pg_query() [<a href='function.pg-query'>function.pg-query</a>]: Query failed: FATAL:  terminating connection due to administrator command
server closed the connection unexpectedly
	This probably means the server terminated abnormally
	before or while processing the request. /home/miracle/public_html/ci3_cgi/system/database/drivers/postgre/postgre_driver.php 242
ERROR - 2020-04-02 11:57:36 --> Severity: Warning --> pg_query() [<a href='function.pg-query'>function.pg-query</a>]: Query failed: FATAL:  terminating connection due to administrator command
server closed the connection unexpectedly
	This probably means the server terminated abnormally
	before or while processing the request. /home/miracle/public_html/ci3_cgi/system/database/drivers/postgre/postgre_driver.php 242
ERROR - 2020-04-02 11:57:36 --> Severity: Warning --> pg_query() [<a href='function.pg-query'>function.pg-query</a>]: Query failed: FATAL:  terminating connection due to administrator command
server closed the connection unexpectedly
	This probably means the server terminated abnormally
	before or while processing the request. /home/miracle/public_html/ci3_cgi/system/database/drivers/postgre/postgre_driver.php 242
ERROR - 2020-04-02 11:57:36 --> Severity: Warning --> pg_query() [<a href='function.pg-query'>function.pg-query</a>]: Query failed: FATAL:  terminating connection due to administrator command
server closed the connection unexpectedly
	This probably means the server terminated abnormally
	before or while processing the request. /home/miracle/public_html/ci3_cgi/system/database/drivers/postgre/postgre_driver.php 242
ERROR - 2020-04-02 11:57:36 --> Severity: Warning --> pg_query() [<a href='function.pg-query'>function.pg-query</a>]: Query failed: FATAL:  terminating connection due to administrator command
server closed the connection unexpectedly
	This probably means the server terminated abnormally
	before or while processing the request. /home/miracle/public_html/ci3_cgi/system/database/drivers/postgre/postgre_driver.php 242
ERROR - 2020-04-02 11:57:36 --> Severity: Warning --> pg_query() [<a href='function.pg-query'>function.pg-query</a>]: Query failed: FATAL:  terminating connection due to administrator command
server closed the connection unexpectedly
	This probably means the server terminated abnormally
	before or while processing the request. /home/miracle/public_html/ci3_cgi/system/database/drivers/postgre/postgre_driver.php 242
ERROR - 2020-04-02 11:57:36 --> Query error: FATAL:  terminating connection due to administrator command
server closed the connection unexpectedly
	This probably means the server terminated abnormally
	before or while processing the request. - Invalid query: SELECT "session"."id"
FROM "jvkk"."nano_session" AS "session"
WHERE "session"."session_user_id" IS NULL
ERROR - 2020-04-02 11:57:36 --> Query error: FATAL:  terminating connection due to administrator command
server closed the connection unexpectedly
	This probably means the server terminated abnormally
	before or while processing the request. - Invalid query: SELECT "session"."id"
FROM "jvkk"."nano_session" AS "session"
WHERE "session"."session_user_id" IS NULL
ERROR - 2020-04-02 11:57:36 --> Severity: Warning --> pg_query() [<a href='function.pg-query'>function.pg-query</a>]: Query failed: FATAL:  terminating connection due to administrator command
server closed the connection unexpectedly
	This probably means the server terminated abnormally
	before or while processing the request. /home/miracle/public_html/ci3_cgi/system/database/drivers/postgre/postgre_driver.php 242
ERROR - 2020-04-02 11:57:36 --> Query error: FATAL:  terminating connection due to administrator command
server closed the connection unexpectedly
	This probably means the server terminated abnormally
	before or while processing the request. - Invalid query: SELECT log.vn_id, log.vn, to_char(log.date_add, 'HH24:MI') AS time_th, patient.hn, patient.pa_pre_name || patient.pa_name || ' ' || patient.pa_lastname AS patient_name, log.station_id, appointment.id AS appointment_id, log.nano_queue_id AS queue_id
				FROM jvkk.nano_queue_log AS log
				INNER JOIN medrec.nano_visit AS visit ON visit.vn = log.vn
				INNER JOIN medrec.nano_patient AS patient ON patient.id = visit.id_patient
				INNER JOIN (SELECT vn, MAX(id) AS max_id FROM jvkk.nano_queue_log WHERE to_char(date_add, 'YYYY-MM-DD') = '2020-04-02' AND station_id IS NOT NULL GROUP BY vn) AS queue_max ON (queue_max.max_id=log.id)
				LEFT JOIN frontmed.neural_appointment AS appointment ON appointment.visit_id = visit.id
				WHERE log.com_id1 = '10' AND log.com_id2 = '27' AND log.station_id = '10'
				GROUP BY log.vn_id, log.vn, log.date_add, patient.hn, patient.pa_pre_name, patient.pa_name, patient.pa_lastname, log.station_id, appointment.id, log.nano_queue_id
				ORDER BY time_th ASC
ERROR - 2020-04-02 11:57:36 --> Query error: FATAL:  terminating connection due to administrator command
server closed the connection unexpectedly
	This probably means the server terminated abnormally
	before or while processing the request. - Invalid query: SELECT * FROM public.settings ORDER BY sort_order ASC
ERROR - 2020-04-02 11:57:36 --> Query error: FATAL:  terminating connection due to administrator command
server closed the connection unexpectedly
	This probably means the server terminated abnormally
	before or while processing the request. - Invalid query: SELECT * FROM public.settings ORDER BY sort_order ASC
ERROR - 2020-04-02 11:57:36 --> Query error: FATAL:  terminating connection due to administrator command
server closed the connection unexpectedly
	This probably means the server terminated abnormally
	before or while processing the request. - Invalid query: SELECT * FROM public.settings ORDER BY sort_order ASC
ERROR - 2020-04-02 11:57:36 --> Severity: Warning --> pg_query() [<a href='function.pg-query'>function.pg-query</a>]: Query failed: FATAL:  terminating connection due to administrator command
server closed the connection unexpectedly
	This probably means the server terminated abnormally
	before or while processing the request. /home/miracle/public_html/ci3_cgi/system/database/drivers/postgre/postgre_driver.php 242
ERROR - 2020-04-02 11:57:36 --> Query error: FATAL:  terminating connection due to administrator command
server closed the connection unexpectedly
	This probably means the server terminated abnormally
	before or while processing the request. - Invalid query: SELECT log.vn_id, log.vn, to_char(log.date_add, 'HH24:MI') AS time_th, patient.hn, patient.pa_pre_name || patient.pa_name || ' ' || patient.pa_lastname AS patient_name, log.station_id, appointment.id AS appointment_id, log.nano_queue_id AS queue_id
				FROM jvkk.nano_queue_log AS log
				INNER JOIN medrec.nano_visit AS visit ON visit.vn = log.vn
				INNER JOIN medrec.nano_patient AS patient ON patient.id = visit.id_patient
				INNER JOIN (SELECT vn, MAX(id) AS max_id FROM jvkk.nano_queue_log WHERE to_char(date_add, 'YYYY-MM-DD') = '2020-04-02' AND station_id IS NOT NULL GROUP BY vn) AS queue_max ON (queue_max.max_id=log.id)
				LEFT JOIN frontmed.neural_appointment AS appointment ON appointment.visit_id = visit.id
				WHERE log.com_id1 = '10' AND log.com_id2 = '27' AND log.station_id = '10'
				GROUP BY log.vn_id, log.vn, log.date_add, patient.hn, patient.pa_pre_name, patient.pa_name, patient.pa_lastname, log.station_id, appointment.id, log.nano_queue_id
				ORDER BY time_th ASC
ERROR - 2020-04-02 11:57:36 --> Query error: FATAL:  terminating connection due to administrator command
server closed the connection unexpectedly
	This probably means the server terminated abnormally
	before or while processing the request. - Invalid query: SELECT * FROM public.settings ORDER BY sort_order ASC
ERROR - 2020-04-02 11:57:36 --> Severity: Warning --> Unknown: Failed to write session data (user). Please verify that the current setting of session.save_path is correct () Unknown 0
ERROR - 2020-04-02 11:57:36 --> Severity: Warning --> Unknown: Failed to write session data (user). Please verify that the current setting of session.save_path is correct () Unknown 0
ERROR - 2020-04-02 11:57:36 --> Severity: Warning --> Unknown: Failed to write session data (user). Please verify that the current setting of session.save_path is correct () Unknown 0
ERROR - 2020-04-02 11:57:36 --> Severity: Warning --> Unknown: Failed to write session data (user). Please verify that the current setting of session.save_path is correct () Unknown 0
ERROR - 2020-04-02 11:57:36 --> Severity: Warning --> Unknown: Failed to write session data (user). Please verify that the current setting of session.save_path is correct () Unknown 0
ERROR - 2020-04-02 11:57:36 --> Query error: FATAL:  terminating connection due to administrator command
server closed the connection unexpectedly
	This probably means the server terminated abnormally
	before or while processing the request. - Invalid query: UPDATE "frontmed"."ci_sessions" SET "timestamp" = 1585803456
WHERE "id" = 'v9r8e56kc3bmh94llht656g2926vesfl'
AND "ip_address" = '192.168.20.155'
ERROR - 2020-04-02 11:57:36 --> Severity: Warning --> Unknown: Failed to write session data (user). Please verify that the current setting of session.save_path is correct () Unknown 0
ERROR - 2020-04-02 11:57:36 --> Query error: FATAL:  terminating connection due to administrator command
server closed the connection unexpectedly
	This probably means the server terminated abnormally
	before or while processing the request. - Invalid query: UPDATE "frontmed"."ci_sessions" SET "timestamp" = 1585803456
WHERE "id" = 'knd68tafibe3h3qclfnvp14641qcclul'
AND "ip_address" = '192.168.10.52'
ERROR - 2020-04-02 12:09:45 --> Could not find the language line "admin dashboard jsi18n-sample"
ERROR - 2020-04-02 13:45:41 --> Could not find the language line "admin dashboard jsi18n-sample"
ERROR - 2020-04-02 13:46:08 --> Could not find the language line "admin dashboard jsi18n-sample"
ERROR - 2020-04-02 14:08:34 --> Severity: Warning --> pg_query() [<a href='function.pg-query'>function.pg-query</a>]: Query failed: ERROR:  invalid input syntax for integer: &quot;null&quot;
LINE 2: WHERE &quot;jvkk&quot;.&quot;nano_queue&quot;.&quot;id&quot; = 'null'
                                         ^ /home/miracle/public_html/ci3_cgi/system/database/drivers/postgre/postgre_driver.php 242
ERROR - 2020-04-02 14:08:34 --> Query error: ERROR:  invalid input syntax for integer: "null"
LINE 2: WHERE "jvkk"."nano_queue"."id" = 'null'
                                         ^ - Invalid query: UPDATE "jvkk"."nano_queue" SET "com1" = 'หลังพบแพทย์', "com2" = 'ยืนยันจ่ายยา', "action" = 'เภสัชกรยืนยันรายการสั่งยา', "com_id1" = '27', "com_id2" = '16', "user1" = '150', "user2" = NULL, "action_id" = '22', "time_send" = '2020-04-02 14:08:34', "time_receive" = NULL
WHERE "jvkk"."nano_queue"."id" = 'null'
ERROR - 2020-04-02 14:08:36 --> Severity: Warning --> pg_query() [<a href='function.pg-query'>function.pg-query</a>]: Query failed: ERROR:  invalid input syntax for integer: &quot;null&quot;
LINE 2: WHERE &quot;jvkk&quot;.&quot;nano_queue&quot;.&quot;id&quot; = 'null'
                                         ^ /home/miracle/public_html/ci3_cgi/system/database/drivers/postgre/postgre_driver.php 242
ERROR - 2020-04-02 14:08:36 --> Query error: ERROR:  invalid input syntax for integer: "null"
LINE 2: WHERE "jvkk"."nano_queue"."id" = 'null'
                                         ^ - Invalid query: UPDATE "jvkk"."nano_queue" SET "com1" = 'หลังพบแพทย์', "com2" = 'ยืนยันจ่ายยา', "action" = 'เภสัชกรยืนยันรายการสั่งยา', "com_id1" = '27', "com_id2" = '16', "user1" = '150', "user2" = NULL, "action_id" = '22', "time_send" = '2020-04-02 14:08:36', "time_receive" = NULL
WHERE "jvkk"."nano_queue"."id" = 'null'
ERROR - 2020-04-02 14:09:02 --> Severity: Warning --> pg_query() [<a href='function.pg-query'>function.pg-query</a>]: Query failed: ERROR:  invalid input syntax for integer: &quot;null&quot;
LINE 2: WHERE &quot;jvkk&quot;.&quot;nano_queue&quot;.&quot;id&quot; = 'null'
                                         ^ /home/miracle/public_html/ci3_cgi/system/database/drivers/postgre/postgre_driver.php 242
ERROR - 2020-04-02 14:09:02 --> Query error: ERROR:  invalid input syntax for integer: "null"
LINE 2: WHERE "jvkk"."nano_queue"."id" = 'null'
                                         ^ - Invalid query: UPDATE "jvkk"."nano_queue" SET "com1" = 'หลังพบแพทย์', "com2" = 'ยืนยันจ่ายยา', "action" = 'เภสัชกรยืนยันรายการสั่งยา', "com_id1" = '27', "com_id2" = '16', "user1" = '150', "user2" = NULL, "action_id" = '22', "time_send" = '2020-04-02 14:09:02', "time_receive" = NULL
WHERE "jvkk"."nano_queue"."id" = 'null'
ERROR - 2020-04-02 14:09:05 --> Severity: Warning --> pg_query() [<a href='function.pg-query'>function.pg-query</a>]: Query failed: ERROR:  invalid input syntax for integer: &quot;null&quot;
LINE 2: WHERE &quot;jvkk&quot;.&quot;nano_queue&quot;.&quot;id&quot; = 'null'
                                         ^ /home/miracle/public_html/ci3_cgi/system/database/drivers/postgre/postgre_driver.php 242
ERROR - 2020-04-02 14:09:05 --> Query error: ERROR:  invalid input syntax for integer: "null"
LINE 2: WHERE "jvkk"."nano_queue"."id" = 'null'
                                         ^ - Invalid query: UPDATE "jvkk"."nano_queue" SET "com1" = 'หลังพบแพทย์', "com2" = 'ยืนยันจ่ายยา', "action" = 'เภสัชกรยืนยันรายการสั่งยา', "com_id1" = '27', "com_id2" = '16', "user1" = '150', "user2" = NULL, "action_id" = '22', "time_send" = '2020-04-02 14:09:05', "time_receive" = NULL
WHERE "jvkk"."nano_queue"."id" = 'null'
ERROR - 2020-04-02 14:09:08 --> Severity: Warning --> pg_query() [<a href='function.pg-query'>function.pg-query</a>]: Query failed: ERROR:  invalid input syntax for integer: &quot;null&quot;
LINE 2: WHERE &quot;jvkk&quot;.&quot;nano_queue&quot;.&quot;id&quot; = 'null'
                                         ^ /home/miracle/public_html/ci3_cgi/system/database/drivers/postgre/postgre_driver.php 242
ERROR - 2020-04-02 14:09:08 --> Query error: ERROR:  invalid input syntax for integer: "null"
LINE 2: WHERE "jvkk"."nano_queue"."id" = 'null'
                                         ^ - Invalid query: UPDATE "jvkk"."nano_queue" SET "com1" = 'หลังพบแพทย์', "com2" = 'ยืนยันจ่ายยา', "action" = 'เภสัชกรยืนยันรายการสั่งยา', "com_id1" = '27', "com_id2" = '16', "user1" = '150', "user2" = NULL, "action_id" = '22', "time_send" = '2020-04-02 14:09:08', "time_receive" = NULL
WHERE "jvkk"."nano_queue"."id" = 'null'
ERROR - 2020-04-02 14:09:09 --> Severity: Warning --> pg_query() [<a href='function.pg-query'>function.pg-query</a>]: Query failed: ERROR:  invalid input syntax for integer: &quot;null&quot;
LINE 2: WHERE &quot;jvkk&quot;.&quot;nano_queue&quot;.&quot;id&quot; = 'null'
                                         ^ /home/miracle/public_html/ci3_cgi/system/database/drivers/postgre/postgre_driver.php 242
ERROR - 2020-04-02 14:09:09 --> Query error: ERROR:  invalid input syntax for integer: "null"
LINE 2: WHERE "jvkk"."nano_queue"."id" = 'null'
                                         ^ - Invalid query: UPDATE "jvkk"."nano_queue" SET "com1" = 'หลังพบแพทย์', "com2" = 'ยืนยันจ่ายยา', "action" = 'เภสัชกรยืนยันรายการสั่งยา', "com_id1" = '27', "com_id2" = '16', "user1" = '150', "user2" = NULL, "action_id" = '22', "time_send" = '2020-04-02 14:09:09', "time_receive" = NULL
WHERE "jvkk"."nano_queue"."id" = 'null'
ERROR - 2020-04-02 14:09:10 --> Severity: Warning --> pg_query() [<a href='function.pg-query'>function.pg-query</a>]: Query failed: ERROR:  invalid input syntax for integer: &quot;null&quot;
LINE 2: WHERE &quot;jvkk&quot;.&quot;nano_queue&quot;.&quot;id&quot; = 'null'
                                         ^ /home/miracle/public_html/ci3_cgi/system/database/drivers/postgre/postgre_driver.php 242
ERROR - 2020-04-02 14:09:10 --> Query error: ERROR:  invalid input syntax for integer: "null"
LINE 2: WHERE "jvkk"."nano_queue"."id" = 'null'
                                         ^ - Invalid query: UPDATE "jvkk"."nano_queue" SET "com1" = 'หลังพบแพทย์', "com2" = 'ยืนยันจ่ายยา', "action" = 'เภสัชกรยืนยันรายการสั่งยา', "com_id1" = '27', "com_id2" = '16', "user1" = '150', "user2" = NULL, "action_id" = '22', "time_send" = '2020-04-02 14:09:10', "time_receive" = NULL
WHERE "jvkk"."nano_queue"."id" = 'null'
ERROR - 2020-04-02 14:09:23 --> Severity: Warning --> pg_query() [<a href='function.pg-query'>function.pg-query</a>]: Query failed: ERROR:  invalid input syntax for integer: &quot;null&quot;
LINE 2: WHERE &quot;jvkk&quot;.&quot;nano_queue&quot;.&quot;id&quot; = 'null'
                                         ^ /home/miracle/public_html/ci3_cgi/system/database/drivers/postgre/postgre_driver.php 242
ERROR - 2020-04-02 14:09:23 --> Query error: ERROR:  invalid input syntax for integer: "null"
LINE 2: WHERE "jvkk"."nano_queue"."id" = 'null'
                                         ^ - Invalid query: UPDATE "jvkk"."nano_queue" SET "com1" = 'หลังพบแพทย์', "com2" = 'ยืนยันจ่ายยา', "action" = 'เภสัชกรยืนยันรายการสั่งยา', "com_id1" = '27', "com_id2" = '16', "user1" = '150', "user2" = NULL, "action_id" = '22', "time_send" = '2020-04-02 14:09:23', "time_receive" = NULL
WHERE "jvkk"."nano_queue"."id" = 'null'
ERROR - 2020-04-02 14:09:28 --> Severity: Warning --> pg_query() [<a href='function.pg-query'>function.pg-query</a>]: Query failed: ERROR:  invalid input syntax for integer: &quot;null&quot;
LINE 2: WHERE &quot;jvkk&quot;.&quot;nano_queue&quot;.&quot;id&quot; = 'null'
                                         ^ /home/miracle/public_html/ci3_cgi/system/database/drivers/postgre/postgre_driver.php 242
ERROR - 2020-04-02 14:09:28 --> Query error: ERROR:  invalid input syntax for integer: "null"
LINE 2: WHERE "jvkk"."nano_queue"."id" = 'null'
                                         ^ - Invalid query: UPDATE "jvkk"."nano_queue" SET "com1" = 'หลังพบแพทย์', "com2" = 'ยืนยันจ่ายยา', "action" = 'เภสัชกรยืนยันรายการสั่งยา', "com_id1" = '27', "com_id2" = '16', "user1" = '150', "user2" = NULL, "action_id" = '22', "time_send" = '2020-04-02 14:09:28', "time_receive" = NULL
WHERE "jvkk"."nano_queue"."id" = 'null'
ERROR - 2020-04-02 14:09:29 --> Severity: Warning --> pg_query() [<a href='function.pg-query'>function.pg-query</a>]: Query failed: ERROR:  invalid input syntax for integer: &quot;null&quot;
LINE 2: WHERE &quot;jvkk&quot;.&quot;nano_queue&quot;.&quot;id&quot; = 'null'
                                         ^ /home/miracle/public_html/ci3_cgi/system/database/drivers/postgre/postgre_driver.php 242
ERROR - 2020-04-02 14:09:29 --> Query error: ERROR:  invalid input syntax for integer: "null"
LINE 2: WHERE "jvkk"."nano_queue"."id" = 'null'
                                         ^ - Invalid query: UPDATE "jvkk"."nano_queue" SET "com1" = 'หลังพบแพทย์', "com2" = 'ยืนยันจ่ายยา', "action" = 'เภสัชกรยืนยันรายการสั่งยา', "com_id1" = '27', "com_id2" = '16', "user1" = '150', "user2" = NULL, "action_id" = '22', "time_send" = '2020-04-02 14:09:29', "time_receive" = NULL
WHERE "jvkk"."nano_queue"."id" = 'null'
ERROR - 2020-04-02 14:10:17 --> Severity: Warning --> pg_query() [<a href='function.pg-query'>function.pg-query</a>]: Query failed: ERROR:  invalid input syntax for integer: &quot;null&quot;
LINE 2: WHERE &quot;jvkk&quot;.&quot;nano_queue&quot;.&quot;id&quot; = 'null'
                                         ^ /home/miracle/public_html/ci3_cgi/system/database/drivers/postgre/postgre_driver.php 242
ERROR - 2020-04-02 14:10:17 --> Query error: ERROR:  invalid input syntax for integer: "null"
LINE 2: WHERE "jvkk"."nano_queue"."id" = 'null'
                                         ^ - Invalid query: UPDATE "jvkk"."nano_queue" SET "com1" = 'หลังพบแพทย์', "com2" = 'ยืนยันจ่ายยา', "action" = 'เภสัชกรยืนยันรายการสั่งยา', "com_id1" = '27', "com_id2" = '16', "user1" = '150', "user2" = NULL, "action_id" = '22', "time_send" = '2020-04-02 14:10:17', "time_receive" = NULL
WHERE "jvkk"."nano_queue"."id" = 'null'
ERROR - 2020-04-02 14:10:18 --> Severity: Warning --> pg_query() [<a href='function.pg-query'>function.pg-query</a>]: Query failed: ERROR:  invalid input syntax for integer: &quot;null&quot;
LINE 2: WHERE &quot;jvkk&quot;.&quot;nano_queue&quot;.&quot;id&quot; = 'null'
                                         ^ /home/miracle/public_html/ci3_cgi/system/database/drivers/postgre/postgre_driver.php 242
ERROR - 2020-04-02 14:10:18 --> Query error: ERROR:  invalid input syntax for integer: "null"
LINE 2: WHERE "jvkk"."nano_queue"."id" = 'null'
                                         ^ - Invalid query: UPDATE "jvkk"."nano_queue" SET "com1" = 'หลังพบแพทย์', "com2" = 'ยืนยันจ่ายยา', "action" = 'เภสัชกรยืนยันรายการสั่งยา', "com_id1" = '27', "com_id2" = '16', "user1" = '150', "user2" = NULL, "action_id" = '22', "time_send" = '2020-04-02 14:10:18', "time_receive" = NULL
WHERE "jvkk"."nano_queue"."id" = 'null'
ERROR - 2020-04-02 14:10:20 --> Severity: Warning --> pg_query() [<a href='function.pg-query'>function.pg-query</a>]: Query failed: ERROR:  invalid input syntax for integer: &quot;null&quot;
LINE 2: WHERE &quot;jvkk&quot;.&quot;nano_queue&quot;.&quot;id&quot; = 'null'
                                         ^ /home/miracle/public_html/ci3_cgi/system/database/drivers/postgre/postgre_driver.php 242
ERROR - 2020-04-02 14:10:20 --> Query error: ERROR:  invalid input syntax for integer: "null"
LINE 2: WHERE "jvkk"."nano_queue"."id" = 'null'
                                         ^ - Invalid query: UPDATE "jvkk"."nano_queue" SET "com1" = 'หลังพบแพทย์', "com2" = 'ยืนยันจ่ายยา', "action" = 'เภสัชกรยืนยันรายการสั่งยา', "com_id1" = '27', "com_id2" = '16', "user1" = '150', "user2" = NULL, "action_id" = '22', "time_send" = '2020-04-02 14:10:20', "time_receive" = NULL
WHERE "jvkk"."nano_queue"."id" = 'null'
ERROR - 2020-04-02 14:10:30 --> Severity: Warning --> pg_query() [<a href='function.pg-query'>function.pg-query</a>]: Query failed: ERROR:  invalid input syntax for integer: &quot;null&quot;
LINE 2: WHERE &quot;jvkk&quot;.&quot;nano_queue&quot;.&quot;id&quot; = 'null'
                                         ^ /home/miracle/public_html/ci3_cgi/system/database/drivers/postgre/postgre_driver.php 242
ERROR - 2020-04-02 14:10:30 --> Query error: ERROR:  invalid input syntax for integer: "null"
LINE 2: WHERE "jvkk"."nano_queue"."id" = 'null'
                                         ^ - Invalid query: UPDATE "jvkk"."nano_queue" SET "com1" = 'หลังพบแพทย์', "com2" = 'ยืนยันจ่ายยา', "action" = 'เภสัชกรยืนยันรายการสั่งยา', "com_id1" = '27', "com_id2" = '16', "user1" = '150', "user2" = NULL, "action_id" = '22', "time_send" = '2020-04-02 14:10:30', "time_receive" = NULL
WHERE "jvkk"."nano_queue"."id" = 'null'
ERROR - 2020-04-02 14:10:36 --> Severity: Warning --> pg_query() [<a href='function.pg-query'>function.pg-query</a>]: Query failed: ERROR:  invalid input syntax for integer: &quot;null&quot;
LINE 2: WHERE &quot;jvkk&quot;.&quot;nano_queue&quot;.&quot;id&quot; = 'null'
                                         ^ /home/miracle/public_html/ci3_cgi/system/database/drivers/postgre/postgre_driver.php 242
ERROR - 2020-04-02 14:10:36 --> Query error: ERROR:  invalid input syntax for integer: "null"
LINE 2: WHERE "jvkk"."nano_queue"."id" = 'null'
                                         ^ - Invalid query: UPDATE "jvkk"."nano_queue" SET "com1" = 'หลังพบแพทย์', "com2" = 'ยืนยันจ่ายยา', "action" = 'เภสัชกรยืนยันรายการสั่งยา', "com_id1" = '27', "com_id2" = '16', "user1" = '150', "user2" = NULL, "action_id" = '22', "time_send" = '2020-04-02 14:10:36', "time_receive" = NULL
WHERE "jvkk"."nano_queue"."id" = 'null'
ERROR - 2020-04-02 14:10:36 --> Severity: Warning --> pg_query() [<a href='function.pg-query'>function.pg-query</a>]: Query failed: ERROR:  invalid input syntax for integer: &quot;null&quot;
LINE 2: WHERE &quot;jvkk&quot;.&quot;nano_queue&quot;.&quot;id&quot; = 'null'
                                         ^ /home/miracle/public_html/ci3_cgi/system/database/drivers/postgre/postgre_driver.php 242
ERROR - 2020-04-02 14:10:36 --> Query error: ERROR:  invalid input syntax for integer: "null"
LINE 2: WHERE "jvkk"."nano_queue"."id" = 'null'
                                         ^ - Invalid query: UPDATE "jvkk"."nano_queue" SET "com1" = 'หลังพบแพทย์', "com2" = 'ยืนยันจ่ายยา', "action" = 'เภสัชกรยืนยันรายการสั่งยา', "com_id1" = '27', "com_id2" = '16', "user1" = '150', "user2" = NULL, "action_id" = '22', "time_send" = '2020-04-02 14:10:36', "time_receive" = NULL
WHERE "jvkk"."nano_queue"."id" = 'null'
ERROR - 2020-04-02 14:11:10 --> Could not find the language line "admin dashboard jsi18n-sample"
ERROR - 2020-04-02 14:12:00 --> Severity: Warning --> pg_query() [<a href='function.pg-query'>function.pg-query</a>]: Query failed: ERROR:  invalid input syntax for integer: &quot;null&quot;
LINE 2: WHERE &quot;jvkk&quot;.&quot;nano_queue&quot;.&quot;id&quot; = 'null'
                                         ^ /home/miracle/public_html/ci3_cgi/system/database/drivers/postgre/postgre_driver.php 242
ERROR - 2020-04-02 14:12:00 --> Query error: ERROR:  invalid input syntax for integer: "null"
LINE 2: WHERE "jvkk"."nano_queue"."id" = 'null'
                                         ^ - Invalid query: UPDATE "jvkk"."nano_queue" SET "com1" = 'หลังพบแพทย์', "com2" = 'ยืนยันจ่ายยา', "action" = 'เภสัชกรยืนยันรายการสั่งยา', "com_id1" = '27', "com_id2" = '16', "user1" = '527', "user2" = NULL, "action_id" = '22', "time_send" = '2020-04-02 14:12:00', "time_receive" = NULL
WHERE "jvkk"."nano_queue"."id" = 'null'
ERROR - 2020-04-02 14:12:01 --> Severity: Warning --> pg_query() [<a href='function.pg-query'>function.pg-query</a>]: Query failed: ERROR:  invalid input syntax for integer: &quot;null&quot;
LINE 2: WHERE &quot;jvkk&quot;.&quot;nano_queue&quot;.&quot;id&quot; = 'null'
                                         ^ /home/miracle/public_html/ci3_cgi/system/database/drivers/postgre/postgre_driver.php 242
ERROR - 2020-04-02 14:12:01 --> Query error: ERROR:  invalid input syntax for integer: "null"
LINE 2: WHERE "jvkk"."nano_queue"."id" = 'null'
                                         ^ - Invalid query: UPDATE "jvkk"."nano_queue" SET "com1" = 'หลังพบแพทย์', "com2" = 'ยืนยันจ่ายยา', "action" = 'เภสัชกรยืนยันรายการสั่งยา', "com_id1" = '27', "com_id2" = '16', "user1" = '527', "user2" = NULL, "action_id" = '22', "time_send" = '2020-04-02 14:12:01', "time_receive" = NULL
WHERE "jvkk"."nano_queue"."id" = 'null'
ERROR - 2020-04-02 14:12:29 --> Severity: Warning --> pg_query() [<a href='function.pg-query'>function.pg-query</a>]: Query failed: ERROR:  invalid input syntax for integer: &quot;null&quot;
LINE 2: WHERE &quot;jvkk&quot;.&quot;nano_queue&quot;.&quot;id&quot; = 'null'
                                         ^ /home/miracle/public_html/ci3_cgi/system/database/drivers/postgre/postgre_driver.php 242
ERROR - 2020-04-02 14:12:29 --> Query error: ERROR:  invalid input syntax for integer: "null"
LINE 2: WHERE "jvkk"."nano_queue"."id" = 'null'
                                         ^ - Invalid query: UPDATE "jvkk"."nano_queue" SET "com1" = 'หลังพบแพทย์', "com2" = 'ยืนยันจ่ายยา', "action" = 'เภสัชกรยืนยันรายการสั่งยา', "com_id1" = '27', "com_id2" = '16', "user1" = '527', "user2" = NULL, "action_id" = '22', "time_send" = '2020-04-02 14:12:29', "time_receive" = NULL
WHERE "jvkk"."nano_queue"."id" = 'null'
ERROR - 2020-04-02 14:12:29 --> Severity: Warning --> pg_query() [<a href='function.pg-query'>function.pg-query</a>]: Query failed: ERROR:  invalid input syntax for integer: &quot;null&quot;
LINE 2: WHERE &quot;jvkk&quot;.&quot;nano_queue&quot;.&quot;id&quot; = 'null'
                                         ^ /home/miracle/public_html/ci3_cgi/system/database/drivers/postgre/postgre_driver.php 242
ERROR - 2020-04-02 14:12:29 --> Query error: ERROR:  invalid input syntax for integer: "null"
LINE 2: WHERE "jvkk"."nano_queue"."id" = 'null'
                                         ^ - Invalid query: UPDATE "jvkk"."nano_queue" SET "com1" = 'หลังพบแพทย์', "com2" = 'ยืนยันจ่ายยา', "action" = 'เภสัชกรยืนยันรายการสั่งยา', "com_id1" = '27', "com_id2" = '16', "user1" = '527', "user2" = NULL, "action_id" = '22', "time_send" = '2020-04-02 14:12:29', "time_receive" = NULL
WHERE "jvkk"."nano_queue"."id" = 'null'
ERROR - 2020-04-02 14:12:29 --> Severity: Warning --> pg_query() [<a href='function.pg-query'>function.pg-query</a>]: Query failed: ERROR:  invalid input syntax for integer: &quot;null&quot;
LINE 2: WHERE &quot;jvkk&quot;.&quot;nano_queue&quot;.&quot;id&quot; = 'null'
                                         ^ /home/miracle/public_html/ci3_cgi/system/database/drivers/postgre/postgre_driver.php 242
ERROR - 2020-04-02 14:12:29 --> Query error: ERROR:  invalid input syntax for integer: "null"
LINE 2: WHERE "jvkk"."nano_queue"."id" = 'null'
                                         ^ - Invalid query: UPDATE "jvkk"."nano_queue" SET "com1" = 'หลังพบแพทย์', "com2" = 'ยืนยันจ่ายยา', "action" = 'เภสัชกรยืนยันรายการสั่งยา', "com_id1" = '27', "com_id2" = '16', "user1" = '527', "user2" = NULL, "action_id" = '22', "time_send" = '2020-04-02 14:12:29', "time_receive" = NULL
WHERE "jvkk"."nano_queue"."id" = 'null'
ERROR - 2020-04-02 14:12:29 --> Severity: Warning --> pg_query() [<a href='function.pg-query'>function.pg-query</a>]: Query failed: ERROR:  invalid input syntax for integer: &quot;null&quot;
LINE 2: WHERE &quot;jvkk&quot;.&quot;nano_queue&quot;.&quot;id&quot; = 'null'
                                         ^ /home/miracle/public_html/ci3_cgi/system/database/drivers/postgre/postgre_driver.php 242
ERROR - 2020-04-02 14:12:29 --> Query error: ERROR:  invalid input syntax for integer: "null"
LINE 2: WHERE "jvkk"."nano_queue"."id" = 'null'
                                         ^ - Invalid query: UPDATE "jvkk"."nano_queue" SET "com1" = 'หลังพบแพทย์', "com2" = 'ยืนยันจ่ายยา', "action" = 'เภสัชกรยืนยันรายการสั่งยา', "com_id1" = '27', "com_id2" = '16', "user1" = '527', "user2" = NULL, "action_id" = '22', "time_send" = '2020-04-02 14:12:29', "time_receive" = NULL
WHERE "jvkk"."nano_queue"."id" = 'null'
ERROR - 2020-04-02 14:12:29 --> Severity: Warning --> pg_query() [<a href='function.pg-query'>function.pg-query</a>]: Query failed: ERROR:  invalid input syntax for integer: &quot;null&quot;
LINE 2: WHERE &quot;jvkk&quot;.&quot;nano_queue&quot;.&quot;id&quot; = 'null'
                                         ^ /home/miracle/public_html/ci3_cgi/system/database/drivers/postgre/postgre_driver.php 242
ERROR - 2020-04-02 14:12:29 --> Query error: ERROR:  invalid input syntax for integer: "null"
LINE 2: WHERE "jvkk"."nano_queue"."id" = 'null'
                                         ^ - Invalid query: UPDATE "jvkk"."nano_queue" SET "com1" = 'หลังพบแพทย์', "com2" = 'ยืนยันจ่ายยา', "action" = 'เภสัชกรยืนยันรายการสั่งยา', "com_id1" = '27', "com_id2" = '16', "user1" = '527', "user2" = NULL, "action_id" = '22', "time_send" = '2020-04-02 14:12:29', "time_receive" = NULL
WHERE "jvkk"."nano_queue"."id" = 'null'
ERROR - 2020-04-02 14:12:34 --> Severity: Warning --> pg_query() [<a href='function.pg-query'>function.pg-query</a>]: Query failed: ERROR:  invalid input syntax for integer: &quot;null&quot;
LINE 2: WHERE &quot;jvkk&quot;.&quot;nano_queue&quot;.&quot;id&quot; = 'null'
                                         ^ /home/miracle/public_html/ci3_cgi/system/database/drivers/postgre/postgre_driver.php 242
ERROR - 2020-04-02 14:12:34 --> Query error: ERROR:  invalid input syntax for integer: "null"
LINE 2: WHERE "jvkk"."nano_queue"."id" = 'null'
                                         ^ - Invalid query: UPDATE "jvkk"."nano_queue" SET "com1" = 'หลังพบแพทย์', "com2" = 'ยืนยันจ่ายยา', "action" = 'เภสัชกรยืนยันรายการสั่งยา', "com_id1" = '27', "com_id2" = '16', "user1" = '527', "user2" = NULL, "action_id" = '22', "time_send" = '2020-04-02 14:12:34', "time_receive" = NULL
WHERE "jvkk"."nano_queue"."id" = 'null'
ERROR - 2020-04-02 14:12:34 --> Severity: Warning --> pg_query() [<a href='function.pg-query'>function.pg-query</a>]: Query failed: ERROR:  invalid input syntax for integer: &quot;null&quot;
LINE 2: WHERE &quot;jvkk&quot;.&quot;nano_queue&quot;.&quot;id&quot; = 'null'
                                         ^ /home/miracle/public_html/ci3_cgi/system/database/drivers/postgre/postgre_driver.php 242
ERROR - 2020-04-02 14:12:34 --> Query error: ERROR:  invalid input syntax for integer: "null"
LINE 2: WHERE "jvkk"."nano_queue"."id" = 'null'
                                         ^ - Invalid query: UPDATE "jvkk"."nano_queue" SET "com1" = 'หลังพบแพทย์', "com2" = 'ยืนยันจ่ายยา', "action" = 'เภสัชกรยืนยันรายการสั่งยา', "com_id1" = '27', "com_id2" = '16', "user1" = '527', "user2" = NULL, "action_id" = '22', "time_send" = '2020-04-02 14:12:34', "time_receive" = NULL
WHERE "jvkk"."nano_queue"."id" = 'null'
ERROR - 2020-04-02 14:12:34 --> Severity: Warning --> pg_query() [<a href='function.pg-query'>function.pg-query</a>]: Query failed: ERROR:  invalid input syntax for integer: &quot;null&quot;
LINE 2: WHERE &quot;jvkk&quot;.&quot;nano_queue&quot;.&quot;id&quot; = 'null'
                                         ^ /home/miracle/public_html/ci3_cgi/system/database/drivers/postgre/postgre_driver.php 242
ERROR - 2020-04-02 14:12:34 --> Query error: ERROR:  invalid input syntax for integer: "null"
LINE 2: WHERE "jvkk"."nano_queue"."id" = 'null'
                                         ^ - Invalid query: UPDATE "jvkk"."nano_queue" SET "com1" = 'หลังพบแพทย์', "com2" = 'ยืนยันจ่ายยา', "action" = 'เภสัชกรยืนยันรายการสั่งยา', "com_id1" = '27', "com_id2" = '16', "user1" = '527', "user2" = NULL, "action_id" = '22', "time_send" = '2020-04-02 14:12:34', "time_receive" = NULL
WHERE "jvkk"."nano_queue"."id" = 'null'
ERROR - 2020-04-02 14:12:34 --> Severity: Warning --> pg_query() [<a href='function.pg-query'>function.pg-query</a>]: Query failed: ERROR:  invalid input syntax for integer: &quot;null&quot;
LINE 2: WHERE &quot;jvkk&quot;.&quot;nano_queue&quot;.&quot;id&quot; = 'null'
                                         ^ /home/miracle/public_html/ci3_cgi/system/database/drivers/postgre/postgre_driver.php 242
ERROR - 2020-04-02 14:12:34 --> Query error: ERROR:  invalid input syntax for integer: "null"
LINE 2: WHERE "jvkk"."nano_queue"."id" = 'null'
                                         ^ - Invalid query: UPDATE "jvkk"."nano_queue" SET "com1" = 'หลังพบแพทย์', "com2" = 'ยืนยันจ่ายยา', "action" = 'เภสัชกรยืนยันรายการสั่งยา', "com_id1" = '27', "com_id2" = '16', "user1" = '527', "user2" = NULL, "action_id" = '22', "time_send" = '2020-04-02 14:12:34', "time_receive" = NULL
WHERE "jvkk"."nano_queue"."id" = 'null'
ERROR - 2020-04-02 14:12:35 --> Severity: Warning --> pg_query() [<a href='function.pg-query'>function.pg-query</a>]: Query failed: ERROR:  invalid input syntax for integer: &quot;null&quot;
LINE 2: WHERE &quot;jvkk&quot;.&quot;nano_queue&quot;.&quot;id&quot; = 'null'
                                         ^ /home/miracle/public_html/ci3_cgi/system/database/drivers/postgre/postgre_driver.php 242
ERROR - 2020-04-02 14:12:35 --> Query error: ERROR:  invalid input syntax for integer: "null"
LINE 2: WHERE "jvkk"."nano_queue"."id" = 'null'
                                         ^ - Invalid query: UPDATE "jvkk"."nano_queue" SET "com1" = 'หลังพบแพทย์', "com2" = 'ยืนยันจ่ายยา', "action" = 'เภสัชกรยืนยันรายการสั่งยา', "com_id1" = '27', "com_id2" = '16', "user1" = '527', "user2" = NULL, "action_id" = '22', "time_send" = '2020-04-02 14:12:35', "time_receive" = NULL
WHERE "jvkk"."nano_queue"."id" = 'null'
ERROR - 2020-04-02 14:12:35 --> Severity: Warning --> pg_query() [<a href='function.pg-query'>function.pg-query</a>]: Query failed: ERROR:  invalid input syntax for integer: &quot;null&quot;
LINE 2: WHERE &quot;jvkk&quot;.&quot;nano_queue&quot;.&quot;id&quot; = 'null'
                                         ^ /home/miracle/public_html/ci3_cgi/system/database/drivers/postgre/postgre_driver.php 242
ERROR - 2020-04-02 14:12:35 --> Query error: ERROR:  invalid input syntax for integer: "null"
LINE 2: WHERE "jvkk"."nano_queue"."id" = 'null'
                                         ^ - Invalid query: UPDATE "jvkk"."nano_queue" SET "com1" = 'หลังพบแพทย์', "com2" = 'ยืนยันจ่ายยา', "action" = 'เภสัชกรยืนยันรายการสั่งยา', "com_id1" = '27', "com_id2" = '16', "user1" = '527', "user2" = NULL, "action_id" = '22', "time_send" = '2020-04-02 14:12:35', "time_receive" = NULL
WHERE "jvkk"."nano_queue"."id" = 'null'
ERROR - 2020-04-02 14:12:35 --> Severity: Warning --> pg_query() [<a href='function.pg-query'>function.pg-query</a>]: Query failed: ERROR:  invalid input syntax for integer: &quot;null&quot;
LINE 2: WHERE &quot;jvkk&quot;.&quot;nano_queue&quot;.&quot;id&quot; = 'null'
                                         ^ /home/miracle/public_html/ci3_cgi/system/database/drivers/postgre/postgre_driver.php 242
ERROR - 2020-04-02 14:12:35 --> Query error: ERROR:  invalid input syntax for integer: "null"
LINE 2: WHERE "jvkk"."nano_queue"."id" = 'null'
                                         ^ - Invalid query: UPDATE "jvkk"."nano_queue" SET "com1" = 'หลังพบแพทย์', "com2" = 'ยืนยันจ่ายยา', "action" = 'เภสัชกรยืนยันรายการสั่งยา', "com_id1" = '27', "com_id2" = '16', "user1" = '527', "user2" = NULL, "action_id" = '22', "time_send" = '2020-04-02 14:12:35', "time_receive" = NULL
WHERE "jvkk"."nano_queue"."id" = 'null'
ERROR - 2020-04-02 14:12:38 --> Severity: Warning --> pg_query() [<a href='function.pg-query'>function.pg-query</a>]: Query failed: ERROR:  invalid input syntax for integer: &quot;null&quot;
LINE 2: WHERE &quot;jvkk&quot;.&quot;nano_queue&quot;.&quot;id&quot; = 'null'
                                         ^ /home/miracle/public_html/ci3_cgi/system/database/drivers/postgre/postgre_driver.php 242
ERROR - 2020-04-02 14:12:38 --> Query error: ERROR:  invalid input syntax for integer: "null"
LINE 2: WHERE "jvkk"."nano_queue"."id" = 'null'
                                         ^ - Invalid query: UPDATE "jvkk"."nano_queue" SET "com1" = 'หลังพบแพทย์', "com2" = 'ยืนยันจ่ายยา', "action" = 'เภสัชกรยืนยันรายการสั่งยา', "com_id1" = '27', "com_id2" = '16', "user1" = '527', "user2" = NULL, "action_id" = '22', "time_send" = '2020-04-02 14:12:38', "time_receive" = NULL
WHERE "jvkk"."nano_queue"."id" = 'null'
ERROR - 2020-04-02 14:12:47 --> Severity: Warning --> pg_query() [<a href='function.pg-query'>function.pg-query</a>]: Query failed: ERROR:  invalid input syntax for integer: &quot;null&quot;
LINE 2: WHERE &quot;jvkk&quot;.&quot;nano_queue&quot;.&quot;id&quot; = 'null'
                                         ^ /home/miracle/public_html/ci3_cgi/system/database/drivers/postgre/postgre_driver.php 242
ERROR - 2020-04-02 14:12:47 --> Query error: ERROR:  invalid input syntax for integer: "null"
LINE 2: WHERE "jvkk"."nano_queue"."id" = 'null'
                                         ^ - Invalid query: UPDATE "jvkk"."nano_queue" SET "com1" = 'หลังพบแพทย์', "com2" = 'ยืนยันจ่ายยา', "action" = 'เภสัชกรยืนยันรายการสั่งยา', "com_id1" = '27', "com_id2" = '16', "user1" = '527', "user2" = NULL, "action_id" = '22', "time_send" = '2020-04-02 14:12:47', "time_receive" = NULL
WHERE "jvkk"."nano_queue"."id" = 'null'
ERROR - 2020-04-02 14:12:48 --> Severity: Warning --> pg_query() [<a href='function.pg-query'>function.pg-query</a>]: Query failed: ERROR:  invalid input syntax for integer: &quot;null&quot;
LINE 2: WHERE &quot;jvkk&quot;.&quot;nano_queue&quot;.&quot;id&quot; = 'null'
                                         ^ /home/miracle/public_html/ci3_cgi/system/database/drivers/postgre/postgre_driver.php 242
ERROR - 2020-04-02 14:12:48 --> Query error: ERROR:  invalid input syntax for integer: "null"
LINE 2: WHERE "jvkk"."nano_queue"."id" = 'null'
                                         ^ - Invalid query: UPDATE "jvkk"."nano_queue" SET "com1" = 'หลังพบแพทย์', "com2" = 'ยืนยันจ่ายยา', "action" = 'เภสัชกรยืนยันรายการสั่งยา', "com_id1" = '27', "com_id2" = '16', "user1" = '527', "user2" = NULL, "action_id" = '22', "time_send" = '2020-04-02 14:12:48', "time_receive" = NULL
WHERE "jvkk"."nano_queue"."id" = 'null'
ERROR - 2020-04-02 14:12:52 --> Severity: Warning --> pg_query() [<a href='function.pg-query'>function.pg-query</a>]: Query failed: ERROR:  invalid input syntax for integer: &quot;null&quot;
LINE 2: WHERE &quot;jvkk&quot;.&quot;nano_queue&quot;.&quot;id&quot; = 'null'
                                         ^ /home/miracle/public_html/ci3_cgi/system/database/drivers/postgre/postgre_driver.php 242
ERROR - 2020-04-02 14:12:52 --> Query error: ERROR:  invalid input syntax for integer: "null"
LINE 2: WHERE "jvkk"."nano_queue"."id" = 'null'
                                         ^ - Invalid query: UPDATE "jvkk"."nano_queue" SET "com1" = 'หลังพบแพทย์', "com2" = 'ยืนยันจ่ายยา', "action" = 'เภสัชกรยืนยันรายการสั่งยา', "com_id1" = '27', "com_id2" = '16', "user1" = '527', "user2" = NULL, "action_id" = '22', "time_send" = '2020-04-02 14:12:52', "time_receive" = NULL
WHERE "jvkk"."nano_queue"."id" = 'null'
ERROR - 2020-04-02 14:12:52 --> Severity: Warning --> pg_query() [<a href='function.pg-query'>function.pg-query</a>]: Query failed: ERROR:  invalid input syntax for integer: &quot;null&quot;
LINE 2: WHERE &quot;jvkk&quot;.&quot;nano_queue&quot;.&quot;id&quot; = 'null'
                                         ^ /home/miracle/public_html/ci3_cgi/system/database/drivers/postgre/postgre_driver.php 242
ERROR - 2020-04-02 14:12:52 --> Query error: ERROR:  invalid input syntax for integer: "null"
LINE 2: WHERE "jvkk"."nano_queue"."id" = 'null'
                                         ^ - Invalid query: UPDATE "jvkk"."nano_queue" SET "com1" = 'หลังพบแพทย์', "com2" = 'ยืนยันจ่ายยา', "action" = 'เภสัชกรยืนยันรายการสั่งยา', "com_id1" = '27', "com_id2" = '16', "user1" = '527', "user2" = NULL, "action_id" = '22', "time_send" = '2020-04-02 14:12:52', "time_receive" = NULL
WHERE "jvkk"."nano_queue"."id" = 'null'
ERROR - 2020-04-02 14:13:07 --> Severity: Warning --> pg_query() [<a href='function.pg-query'>function.pg-query</a>]: Query failed: ERROR:  invalid input syntax for integer: &quot;null&quot;
LINE 2: WHERE &quot;jvkk&quot;.&quot;nano_queue&quot;.&quot;id&quot; = 'null'
                                         ^ /home/miracle/public_html/ci3_cgi/system/database/drivers/postgre/postgre_driver.php 242
ERROR - 2020-04-02 14:13:07 --> Query error: ERROR:  invalid input syntax for integer: "null"
LINE 2: WHERE "jvkk"."nano_queue"."id" = 'null'
                                         ^ - Invalid query: UPDATE "jvkk"."nano_queue" SET "com1" = 'หลังพบแพทย์', "com2" = 'ยืนยันจ่ายยา', "action" = 'เภสัชกรยืนยันรายการสั่งยา', "com_id1" = '27', "com_id2" = '16', "user1" = '527', "user2" = NULL, "action_id" = '22', "time_send" = '2020-04-02 14:13:07', "time_receive" = NULL
WHERE "jvkk"."nano_queue"."id" = 'null'
ERROR - 2020-04-02 14:13:08 --> Severity: Warning --> pg_query() [<a href='function.pg-query'>function.pg-query</a>]: Query failed: ERROR:  invalid input syntax for integer: &quot;null&quot;
LINE 2: WHERE &quot;jvkk&quot;.&quot;nano_queue&quot;.&quot;id&quot; = 'null'
                                         ^ /home/miracle/public_html/ci3_cgi/system/database/drivers/postgre/postgre_driver.php 242
ERROR - 2020-04-02 14:13:08 --> Query error: ERROR:  invalid input syntax for integer: "null"
LINE 2: WHERE "jvkk"."nano_queue"."id" = 'null'
                                         ^ - Invalid query: UPDATE "jvkk"."nano_queue" SET "com1" = 'หลังพบแพทย์', "com2" = 'ยืนยันจ่ายยา', "action" = 'เภสัชกรยืนยันรายการสั่งยา', "com_id1" = '27', "com_id2" = '16', "user1" = '527', "user2" = NULL, "action_id" = '22', "time_send" = '2020-04-02 14:13:08', "time_receive" = NULL
WHERE "jvkk"."nano_queue"."id" = 'null'
ERROR - 2020-04-02 14:13:08 --> Severity: Warning --> pg_query() [<a href='function.pg-query'>function.pg-query</a>]: Query failed: ERROR:  invalid input syntax for integer: &quot;null&quot;
LINE 2: WHERE &quot;jvkk&quot;.&quot;nano_queue&quot;.&quot;id&quot; = 'null'
                                         ^ /home/miracle/public_html/ci3_cgi/system/database/drivers/postgre/postgre_driver.php 242
ERROR - 2020-04-02 14:13:08 --> Query error: ERROR:  invalid input syntax for integer: "null"
LINE 2: WHERE "jvkk"."nano_queue"."id" = 'null'
                                         ^ - Invalid query: UPDATE "jvkk"."nano_queue" SET "com1" = 'หลังพบแพทย์', "com2" = 'ยืนยันจ่ายยา', "action" = 'เภสัชกรยืนยันรายการสั่งยา', "com_id1" = '27', "com_id2" = '16', "user1" = '527', "user2" = NULL, "action_id" = '22', "time_send" = '2020-04-02 14:13:08', "time_receive" = NULL
WHERE "jvkk"."nano_queue"."id" = 'null'
ERROR - 2020-04-02 14:13:09 --> Severity: Warning --> pg_query() [<a href='function.pg-query'>function.pg-query</a>]: Query failed: ERROR:  invalid input syntax for integer: &quot;null&quot;
LINE 2: WHERE &quot;jvkk&quot;.&quot;nano_queue&quot;.&quot;id&quot; = 'null'
                                         ^ /home/miracle/public_html/ci3_cgi/system/database/drivers/postgre/postgre_driver.php 242
ERROR - 2020-04-02 14:13:09 --> Query error: ERROR:  invalid input syntax for integer: "null"
LINE 2: WHERE "jvkk"."nano_queue"."id" = 'null'
                                         ^ - Invalid query: UPDATE "jvkk"."nano_queue" SET "com1" = 'หลังพบแพทย์', "com2" = 'ยืนยันจ่ายยา', "action" = 'เภสัชกรยืนยันรายการสั่งยา', "com_id1" = '27', "com_id2" = '16', "user1" = '527', "user2" = NULL, "action_id" = '22', "time_send" = '2020-04-02 14:13:09', "time_receive" = NULL
WHERE "jvkk"."nano_queue"."id" = 'null'
ERROR - 2020-04-02 14:13:09 --> Severity: Warning --> pg_query() [<a href='function.pg-query'>function.pg-query</a>]: Query failed: ERROR:  invalid input syntax for integer: &quot;null&quot;
LINE 2: WHERE &quot;jvkk&quot;.&quot;nano_queue&quot;.&quot;id&quot; = 'null'
                                         ^ /home/miracle/public_html/ci3_cgi/system/database/drivers/postgre/postgre_driver.php 242
ERROR - 2020-04-02 14:13:09 --> Query error: ERROR:  invalid input syntax for integer: "null"
LINE 2: WHERE "jvkk"."nano_queue"."id" = 'null'
                                         ^ - Invalid query: UPDATE "jvkk"."nano_queue" SET "com1" = 'หลังพบแพทย์', "com2" = 'ยืนยันจ่ายยา', "action" = 'เภสัชกรยืนยันรายการสั่งยา', "com_id1" = '27', "com_id2" = '16', "user1" = '527', "user2" = NULL, "action_id" = '22', "time_send" = '2020-04-02 14:13:09', "time_receive" = NULL
WHERE "jvkk"."nano_queue"."id" = 'null'
ERROR - 2020-04-02 14:13:09 --> Severity: Warning --> pg_query() [<a href='function.pg-query'>function.pg-query</a>]: Query failed: ERROR:  invalid input syntax for integer: &quot;null&quot;
LINE 2: WHERE &quot;jvkk&quot;.&quot;nano_queue&quot;.&quot;id&quot; = 'null'
                                         ^ /home/miracle/public_html/ci3_cgi/system/database/drivers/postgre/postgre_driver.php 242
ERROR - 2020-04-02 14:13:09 --> Query error: ERROR:  invalid input syntax for integer: "null"
LINE 2: WHERE "jvkk"."nano_queue"."id" = 'null'
                                         ^ - Invalid query: UPDATE "jvkk"."nano_queue" SET "com1" = 'หลังพบแพทย์', "com2" = 'ยืนยันจ่ายยา', "action" = 'เภสัชกรยืนยันรายการสั่งยา', "com_id1" = '27', "com_id2" = '16', "user1" = '527', "user2" = NULL, "action_id" = '22', "time_send" = '2020-04-02 14:13:09', "time_receive" = NULL
WHERE "jvkk"."nano_queue"."id" = 'null'
ERROR - 2020-04-02 14:13:27 --> Severity: Warning --> pg_query() [<a href='function.pg-query'>function.pg-query</a>]: Query failed: ERROR:  invalid input syntax for integer: &quot;null&quot;
LINE 2: WHERE &quot;jvkk&quot;.&quot;nano_queue&quot;.&quot;id&quot; = 'null'
                                         ^ /home/miracle/public_html/ci3_cgi/system/database/drivers/postgre/postgre_driver.php 242
ERROR - 2020-04-02 14:13:27 --> Query error: ERROR:  invalid input syntax for integer: "null"
LINE 2: WHERE "jvkk"."nano_queue"."id" = 'null'
                                         ^ - Invalid query: UPDATE "jvkk"."nano_queue" SET "com1" = 'หลังพบแพทย์', "com2" = 'ยืนยันจ่ายยา', "action" = 'เภสัชกรยืนยันรายการสั่งยา', "com_id1" = '27', "com_id2" = '16', "user1" = '527', "user2" = NULL, "action_id" = '22', "time_send" = '2020-04-02 14:13:27', "time_receive" = NULL
WHERE "jvkk"."nano_queue"."id" = 'null'
ERROR - 2020-04-02 14:13:27 --> Severity: Warning --> pg_query() [<a href='function.pg-query'>function.pg-query</a>]: Query failed: ERROR:  invalid input syntax for integer: &quot;null&quot;
LINE 2: WHERE &quot;jvkk&quot;.&quot;nano_queue&quot;.&quot;id&quot; = 'null'
                                         ^ /home/miracle/public_html/ci3_cgi/system/database/drivers/postgre/postgre_driver.php 242
ERROR - 2020-04-02 14:13:27 --> Query error: ERROR:  invalid input syntax for integer: "null"
LINE 2: WHERE "jvkk"."nano_queue"."id" = 'null'
                                         ^ - Invalid query: UPDATE "jvkk"."nano_queue" SET "com1" = 'หลังพบแพทย์', "com2" = 'ยืนยันจ่ายยา', "action" = 'เภสัชกรยืนยันรายการสั่งยา', "com_id1" = '27', "com_id2" = '16', "user1" = '527', "user2" = NULL, "action_id" = '22', "time_send" = '2020-04-02 14:13:27', "time_receive" = NULL
WHERE "jvkk"."nano_queue"."id" = 'null'
ERROR - 2020-04-02 14:13:27 --> Could not find the language line "admin dashboard jsi18n-sample"
ERROR - 2020-04-02 14:14:13 --> Severity: Warning --> pg_query() [<a href='function.pg-query'>function.pg-query</a>]: Query failed: ERROR:  invalid input syntax for integer: &quot;null&quot;
LINE 2: WHERE &quot;jvkk&quot;.&quot;nano_queue&quot;.&quot;id&quot; = 'null'
                                         ^ /home/miracle/public_html/ci3_cgi/system/database/drivers/postgre/postgre_driver.php 242
ERROR - 2020-04-02 14:14:13 --> Query error: ERROR:  invalid input syntax for integer: "null"
LINE 2: WHERE "jvkk"."nano_queue"."id" = 'null'
                                         ^ - Invalid query: UPDATE "jvkk"."nano_queue" SET "com1" = 'หลังพบแพทย์', "com2" = 'ยืนยันจ่ายยา', "action" = 'เภสัชกรยืนยันรายการสั่งยา', "com_id1" = '27', "com_id2" = '16', "user1" = '527', "user2" = NULL, "action_id" = '22', "time_send" = '2020-04-02 14:14:13', "time_receive" = NULL
WHERE "jvkk"."nano_queue"."id" = 'null'
ERROR - 2020-04-02 14:14:15 --> Severity: Warning --> pg_query() [<a href='function.pg-query'>function.pg-query</a>]: Query failed: ERROR:  invalid input syntax for integer: &quot;null&quot;
LINE 2: WHERE &quot;jvkk&quot;.&quot;nano_queue&quot;.&quot;id&quot; = 'null'
                                         ^ /home/miracle/public_html/ci3_cgi/system/database/drivers/postgre/postgre_driver.php 242
ERROR - 2020-04-02 14:14:15 --> Query error: ERROR:  invalid input syntax for integer: "null"
LINE 2: WHERE "jvkk"."nano_queue"."id" = 'null'
                                         ^ - Invalid query: UPDATE "jvkk"."nano_queue" SET "com1" = 'หลังพบแพทย์', "com2" = 'ยืนยันจ่ายยา', "action" = 'เภสัชกรยืนยันรายการสั่งยา', "com_id1" = '27', "com_id2" = '16', "user1" = '527', "user2" = NULL, "action_id" = '22', "time_send" = '2020-04-02 14:14:15', "time_receive" = NULL
WHERE "jvkk"."nano_queue"."id" = 'null'
ERROR - 2020-04-02 14:14:15 --> Severity: Warning --> pg_query() [<a href='function.pg-query'>function.pg-query</a>]: Query failed: ERROR:  invalid input syntax for integer: &quot;null&quot;
LINE 2: WHERE &quot;jvkk&quot;.&quot;nano_queue&quot;.&quot;id&quot; = 'null'
                                         ^ /home/miracle/public_html/ci3_cgi/system/database/drivers/postgre/postgre_driver.php 242
ERROR - 2020-04-02 14:14:15 --> Query error: ERROR:  invalid input syntax for integer: "null"
LINE 2: WHERE "jvkk"."nano_queue"."id" = 'null'
                                         ^ - Invalid query: UPDATE "jvkk"."nano_queue" SET "com1" = 'หลังพบแพทย์', "com2" = 'ยืนยันจ่ายยา', "action" = 'เภสัชกรยืนยันรายการสั่งยา', "com_id1" = '27', "com_id2" = '16', "user1" = '527', "user2" = NULL, "action_id" = '22', "time_send" = '2020-04-02 14:14:15', "time_receive" = NULL
WHERE "jvkk"."nano_queue"."id" = 'null'
ERROR - 2020-04-02 14:14:22 --> Severity: Warning --> pg_query() [<a href='function.pg-query'>function.pg-query</a>]: Query failed: ERROR:  invalid input syntax for integer: &quot;null&quot;
LINE 2: WHERE &quot;jvkk&quot;.&quot;nano_queue&quot;.&quot;id&quot; = 'null'
                                         ^ /home/miracle/public_html/ci3_cgi/system/database/drivers/postgre/postgre_driver.php 242
ERROR - 2020-04-02 14:14:22 --> Query error: ERROR:  invalid input syntax for integer: "null"
LINE 2: WHERE "jvkk"."nano_queue"."id" = 'null'
                                         ^ - Invalid query: UPDATE "jvkk"."nano_queue" SET "com1" = 'หลังพบแพทย์', "com2" = 'ยืนยันจ่ายยา', "action" = 'เภสัชกรยืนยันรายการสั่งยา', "com_id1" = '27', "com_id2" = '16', "user1" = '527', "user2" = NULL, "action_id" = '22', "time_send" = '2020-04-02 14:14:22', "time_receive" = NULL
WHERE "jvkk"."nano_queue"."id" = 'null'
ERROR - 2020-04-02 14:14:22 --> Severity: Warning --> pg_query() [<a href='function.pg-query'>function.pg-query</a>]: Query failed: ERROR:  invalid input syntax for integer: &quot;null&quot;
LINE 2: WHERE &quot;jvkk&quot;.&quot;nano_queue&quot;.&quot;id&quot; = 'null'
                                         ^ /home/miracle/public_html/ci3_cgi/system/database/drivers/postgre/postgre_driver.php 242
ERROR - 2020-04-02 14:14:22 --> Query error: ERROR:  invalid input syntax for integer: "null"
LINE 2: WHERE "jvkk"."nano_queue"."id" = 'null'
                                         ^ - Invalid query: UPDATE "jvkk"."nano_queue" SET "com1" = 'หลังพบแพทย์', "com2" = 'ยืนยันจ่ายยา', "action" = 'เภสัชกรยืนยันรายการสั่งยา', "com_id1" = '27', "com_id2" = '16', "user1" = '527', "user2" = NULL, "action_id" = '22', "time_send" = '2020-04-02 14:14:22', "time_receive" = NULL
WHERE "jvkk"."nano_queue"."id" = 'null'
ERROR - 2020-04-02 14:14:22 --> Severity: Warning --> pg_query() [<a href='function.pg-query'>function.pg-query</a>]: Query failed: ERROR:  invalid input syntax for integer: &quot;null&quot;
LINE 2: WHERE &quot;jvkk&quot;.&quot;nano_queue&quot;.&quot;id&quot; = 'null'
                                         ^ /home/miracle/public_html/ci3_cgi/system/database/drivers/postgre/postgre_driver.php 242
ERROR - 2020-04-02 14:14:22 --> Query error: ERROR:  invalid input syntax for integer: "null"
LINE 2: WHERE "jvkk"."nano_queue"."id" = 'null'
                                         ^ - Invalid query: UPDATE "jvkk"."nano_queue" SET "com1" = 'หลังพบแพทย์', "com2" = 'ยืนยันจ่ายยา', "action" = 'เภสัชกรยืนยันรายการสั่งยา', "com_id1" = '27', "com_id2" = '16', "user1" = '527', "user2" = NULL, "action_id" = '22', "time_send" = '2020-04-02 14:14:22', "time_receive" = NULL
WHERE "jvkk"."nano_queue"."id" = 'null'
ERROR - 2020-04-02 14:14:23 --> Severity: Warning --> pg_query() [<a href='function.pg-query'>function.pg-query</a>]: Query failed: ERROR:  invalid input syntax for integer: &quot;null&quot;
LINE 2: WHERE &quot;jvkk&quot;.&quot;nano_queue&quot;.&quot;id&quot; = 'null'
                                         ^ /home/miracle/public_html/ci3_cgi/system/database/drivers/postgre/postgre_driver.php 242
ERROR - 2020-04-02 14:14:23 --> Query error: ERROR:  invalid input syntax for integer: "null"
LINE 2: WHERE "jvkk"."nano_queue"."id" = 'null'
                                         ^ - Invalid query: UPDATE "jvkk"."nano_queue" SET "com1" = 'หลังพบแพทย์', "com2" = 'ยืนยันจ่ายยา', "action" = 'เภสัชกรยืนยันรายการสั่งยา', "com_id1" = '27', "com_id2" = '16', "user1" = '527', "user2" = NULL, "action_id" = '22', "time_send" = '2020-04-02 14:14:23', "time_receive" = NULL
WHERE "jvkk"."nano_queue"."id" = 'null'
ERROR - 2020-04-02 14:14:24 --> Severity: Warning --> pg_query() [<a href='function.pg-query'>function.pg-query</a>]: Query failed: ERROR:  invalid input syntax for integer: &quot;null&quot;
LINE 2: WHERE &quot;jvkk&quot;.&quot;nano_queue&quot;.&quot;id&quot; = 'null'
                                         ^ /home/miracle/public_html/ci3_cgi/system/database/drivers/postgre/postgre_driver.php 242
ERROR - 2020-04-02 14:14:24 --> Query error: ERROR:  invalid input syntax for integer: "null"
LINE 2: WHERE "jvkk"."nano_queue"."id" = 'null'
                                         ^ - Invalid query: UPDATE "jvkk"."nano_queue" SET "com1" = 'หลังพบแพทย์', "com2" = 'ยืนยันจ่ายยา', "action" = 'เภสัชกรยืนยันรายการสั่งยา', "com_id1" = '27', "com_id2" = '16', "user1" = '527', "user2" = NULL, "action_id" = '22', "time_send" = '2020-04-02 14:14:24', "time_receive" = NULL
WHERE "jvkk"."nano_queue"."id" = 'null'
ERROR - 2020-04-02 14:15:47 --> Severity: Warning --> pg_query() [<a href='function.pg-query'>function.pg-query</a>]: Query failed: ERROR:  invalid input syntax for integer: &quot;null&quot;
LINE 2: WHERE &quot;jvkk&quot;.&quot;nano_queue&quot;.&quot;id&quot; = 'null'
                                         ^ /home/miracle/public_html/ci3_cgi/system/database/drivers/postgre/postgre_driver.php 242
ERROR - 2020-04-02 14:15:47 --> Query error: ERROR:  invalid input syntax for integer: "null"
LINE 2: WHERE "jvkk"."nano_queue"."id" = 'null'
                                         ^ - Invalid query: UPDATE "jvkk"."nano_queue" SET "com1" = 'หลังพบแพทย์', "com2" = 'ยืนยันจ่ายยา', "action" = 'เภสัชกรยืนยันรายการสั่งยา', "com_id1" = '27', "com_id2" = '16', "user1" = '527', "user2" = NULL, "action_id" = '22', "time_send" = '2020-04-02 14:15:47', "time_receive" = NULL
WHERE "jvkk"."nano_queue"."id" = 'null'
ERROR - 2020-04-02 14:18:42 --> Could not find the language line "admin dashboard jsi18n-sample"
ERROR - 2020-04-02 15:00:14 --> Could not find the language line "admin dashboard jsi18n-sample"
ERROR - 2020-04-02 15:00:32 --> Could not find the language line "admin dashboard jsi18n-sample"
