ERROR - 2020-12-12 03:41:13 --> Could not find the language line "admin dashboard jsi18n-sample"
ERROR - 2020-12-12 08:57:27 --> Could not find the language line "admin dashboard jsi18n-sample"
ERROR - 2020-12-12 08:57:42 --> Could not find the language line "admin dashboard jsi18n-sample"
ERROR - 2020-12-12 08:57:44 --> Could not find the language line "admin dashboard jsi18n-sample"
ERROR - 2020-12-12 08:57:45 --> Could not find the language line "admin dashboard jsi18n-sample"
ERROR - 2020-12-12 08:57:51 --> Could not find the language line "admin dashboard jsi18n-sample"
ERROR - 2020-12-12 08:57:55 --> Could not find the language line "admin dashboard jsi18n-sample"
ERROR - 2020-12-12 09:04:54 --> Could not find the language line "admin dashboard jsi18n-sample"
ERROR - 2020-12-12 09:47:56 --> Could not find the language line "admin dashboard jsi18n-sample"
ERROR - 2020-12-12 09:53:13 --> Could not find the language line "admin dashboard jsi18n-sample"
ERROR - 2020-12-12 10:46:29 --> Could not find the language line "admin dashboard jsi18n-sample"
ERROR - 2020-12-12 12:14:50 --> Could not find the language line "admin dashboard jsi18n-sample"
ERROR - 2020-12-12 12:15:40 --> Could not find the language line "admin dashboard jsi18n-sample"
ERROR - 2020-12-12 12:17:55 --> Could not find the language line "admin dashboard jsi18n-sample"
ERROR - 2020-12-12 12:18:39 --> Could not find the language line "admin dashboard jsi18n-sample"
ERROR - 2020-12-12 12:27:47 --> Could not find the language line "admin dashboard jsi18n-sample"
ERROR - 2020-12-12 12:36:22 --> Could not find the language line "admin dashboard jsi18n-sample"
ERROR - 2020-12-12 13:07:14 --> Could not find the language line "admin dashboard jsi18n-sample"
ERROR - 2020-12-12 13:36:00 --> Could not find the language line "admin dashboard jsi18n-sample"
ERROR - 2020-12-12 20:57:35 --> Could not find the language line "admin dashboard jsi18n-sample"
ERROR - 2020-12-12 20:57:52 --> Could not find the language line "admin dashboard jsi18n-sample"
ERROR - 2020-12-12 20:58:09 --> Could not find the language line "admin dashboard jsi18n-sample"
ERROR - 2020-12-12 20:58:31 --> Could not find the language line "admin dashboard jsi18n-sample"
ERROR - 2020-12-12 20:58:35 --> Could not find the language line "admin dashboard jsi18n-sample"
ERROR - 2020-12-12 21:01:04 --> Could not find the language line "admin dashboard jsi18n-sample"
ERROR - 2020-12-12 21:01:54 --> Could not find the language line "admin dashboard jsi18n-sample"
ERROR - 2020-12-12 21:05:51 --> Severity: Warning --> pg_query() [<a href='function.pg-query'>function.pg-query</a>]: Query failed: ERROR:  invalid input syntax for integer: &quot;&quot;
LINE 9:      '',
             ^ /home/miracle/public_html/ci3_cgi/system/database/drivers/postgre/postgre_driver.php 242
ERROR - 2020-12-12 21:05:51 --> Query error: ERROR:  invalid input syntax for integer: ""
LINE 9:      '',
             ^ - Invalid query: INSERT INTO frontmed.neural_appointment (id, appointment_date, appointment_time, user_id, comment, component_id, visit_id, patient_id, created_by, select_option)
					SELECT (id + 1) AS last_id,
					'2020-12-18',
					'10:00',
					'127',
					'เข้ากลุ่ม MT',
					'10',
					'2012450',
					'',
					'201',
					NULL
					FROM frontmed.neural_appointment ORDER BY id DESC LIMIT 1 RETURNING id AS last_id
ERROR - 2020-12-12 21:05:52 --> Severity: Warning --> pg_query() [<a href='function.pg-query'>function.pg-query</a>]: Query failed: ERROR:  invalid input syntax for integer: &quot;&quot;
LINE 9:      '',
             ^ /home/miracle/public_html/ci3_cgi/system/database/drivers/postgre/postgre_driver.php 242
ERROR - 2020-12-12 21:05:52 --> Query error: ERROR:  invalid input syntax for integer: ""
LINE 9:      '',
             ^ - Invalid query: INSERT INTO frontmed.neural_appointment (id, appointment_date, appointment_time, user_id, comment, component_id, visit_id, patient_id, created_by, select_option)
					SELECT (id + 1) AS last_id,
					'2020-12-18',
					'10:00',
					'127',
					'เข้ากลุ่ม MT',
					'10',
					'2012450',
					'',
					'201',
					NULL
					FROM frontmed.neural_appointment ORDER BY id DESC LIMIT 1 RETURNING id AS last_id
ERROR - 2020-12-12 21:05:52 --> Severity: Warning --> pg_query() [<a href='function.pg-query'>function.pg-query</a>]: Query failed: ERROR:  invalid input syntax for integer: &quot;&quot;
LINE 9:      '',
             ^ /home/miracle/public_html/ci3_cgi/system/database/drivers/postgre/postgre_driver.php 242
ERROR - 2020-12-12 21:05:52 --> Query error: ERROR:  invalid input syntax for integer: ""
LINE 9:      '',
             ^ - Invalid query: INSERT INTO frontmed.neural_appointment (id, appointment_date, appointment_time, user_id, comment, component_id, visit_id, patient_id, created_by, select_option)
					SELECT (id + 1) AS last_id,
					'2020-12-18',
					'10:00',
					'127',
					'เข้ากลุ่ม MT',
					'10',
					'2012450',
					'',
					'201',
					NULL
					FROM frontmed.neural_appointment ORDER BY id DESC LIMIT 1 RETURNING id AS last_id
ERROR - 2020-12-12 21:05:52 --> Severity: Warning --> pg_query() [<a href='function.pg-query'>function.pg-query</a>]: Query failed: ERROR:  invalid input syntax for integer: &quot;&quot;
LINE 9:      '',
             ^ /home/miracle/public_html/ci3_cgi/system/database/drivers/postgre/postgre_driver.php 242
ERROR - 2020-12-12 21:05:52 --> Query error: ERROR:  invalid input syntax for integer: ""
LINE 9:      '',
             ^ - Invalid query: INSERT INTO frontmed.neural_appointment (id, appointment_date, appointment_time, user_id, comment, component_id, visit_id, patient_id, created_by, select_option)
					SELECT (id + 1) AS last_id,
					'2020-12-18',
					'10:00',
					'127',
					'เข้ากลุ่ม MT',
					'10',
					'2012450',
					'',
					'201',
					NULL
					FROM frontmed.neural_appointment ORDER BY id DESC LIMIT 1 RETURNING id AS last_id
ERROR - 2020-12-12 21:05:53 --> Severity: Warning --> pg_query() [<a href='function.pg-query'>function.pg-query</a>]: Query failed: ERROR:  invalid input syntax for integer: &quot;&quot;
LINE 9:      '',
             ^ /home/miracle/public_html/ci3_cgi/system/database/drivers/postgre/postgre_driver.php 242
ERROR - 2020-12-12 21:05:53 --> Query error: ERROR:  invalid input syntax for integer: ""
LINE 9:      '',
             ^ - Invalid query: INSERT INTO frontmed.neural_appointment (id, appointment_date, appointment_time, user_id, comment, component_id, visit_id, patient_id, created_by, select_option)
					SELECT (id + 1) AS last_id,
					'2020-12-18',
					'10:00',
					'127',
					'เข้ากลุ่ม MT',
					'10',
					'2012450',
					'',
					'201',
					NULL
					FROM frontmed.neural_appointment ORDER BY id DESC LIMIT 1 RETURNING id AS last_id
ERROR - 2020-12-12 21:05:53 --> Severity: Warning --> pg_query() [<a href='function.pg-query'>function.pg-query</a>]: Query failed: ERROR:  invalid input syntax for integer: &quot;&quot;
LINE 9:      '',
             ^ /home/miracle/public_html/ci3_cgi/system/database/drivers/postgre/postgre_driver.php 242
ERROR - 2020-12-12 21:05:53 --> Query error: ERROR:  invalid input syntax for integer: ""
LINE 9:      '',
             ^ - Invalid query: INSERT INTO frontmed.neural_appointment (id, appointment_date, appointment_time, user_id, comment, component_id, visit_id, patient_id, created_by, select_option)
					SELECT (id + 1) AS last_id,
					'2020-12-18',
					'10:00',
					'127',
					'เข้ากลุ่ม MT',
					'10',
					'2012450',
					'',
					'201',
					NULL
					FROM frontmed.neural_appointment ORDER BY id DESC LIMIT 1 RETURNING id AS last_id
ERROR - 2020-12-12 21:05:53 --> Severity: Warning --> pg_query() [<a href='function.pg-query'>function.pg-query</a>]: Query failed: ERROR:  invalid input syntax for integer: &quot;&quot;
LINE 9:      '',
             ^ /home/miracle/public_html/ci3_cgi/system/database/drivers/postgre/postgre_driver.php 242
ERROR - 2020-12-12 21:05:53 --> Query error: ERROR:  invalid input syntax for integer: ""
LINE 9:      '',
             ^ - Invalid query: INSERT INTO frontmed.neural_appointment (id, appointment_date, appointment_time, user_id, comment, component_id, visit_id, patient_id, created_by, select_option)
					SELECT (id + 1) AS last_id,
					'2020-12-18',
					'10:00',
					'127',
					'เข้ากลุ่ม MT',
					'10',
					'2012450',
					'',
					'201',
					NULL
					FROM frontmed.neural_appointment ORDER BY id DESC LIMIT 1 RETURNING id AS last_id
ERROR - 2020-12-12 21:05:54 --> Severity: Warning --> pg_query() [<a href='function.pg-query'>function.pg-query</a>]: Query failed: ERROR:  invalid input syntax for integer: &quot;&quot;
LINE 9:      '',
             ^ /home/miracle/public_html/ci3_cgi/system/database/drivers/postgre/postgre_driver.php 242
ERROR - 2020-12-12 21:05:54 --> Query error: ERROR:  invalid input syntax for integer: ""
LINE 9:      '',
             ^ - Invalid query: INSERT INTO frontmed.neural_appointment (id, appointment_date, appointment_time, user_id, comment, component_id, visit_id, patient_id, created_by, select_option)
					SELECT (id + 1) AS last_id,
					'2020-12-18',
					'10:00',
					'127',
					'เข้ากลุ่ม MT',
					'10',
					'2012450',
					'',
					'201',
					NULL
					FROM frontmed.neural_appointment ORDER BY id DESC LIMIT 1 RETURNING id AS last_id
ERROR - 2020-12-12 21:05:54 --> Severity: Warning --> pg_query() [<a href='function.pg-query'>function.pg-query</a>]: Query failed: ERROR:  invalid input syntax for integer: &quot;&quot;
LINE 9:      '',
             ^ /home/miracle/public_html/ci3_cgi/system/database/drivers/postgre/postgre_driver.php 242
ERROR - 2020-12-12 21:05:54 --> Query error: ERROR:  invalid input syntax for integer: ""
LINE 9:      '',
             ^ - Invalid query: INSERT INTO frontmed.neural_appointment (id, appointment_date, appointment_time, user_id, comment, component_id, visit_id, patient_id, created_by, select_option)
					SELECT (id + 1) AS last_id,
					'2020-12-18',
					'10:00',
					'127',
					'เข้ากลุ่ม MT',
					'10',
					'2012450',
					'',
					'201',
					NULL
					FROM frontmed.neural_appointment ORDER BY id DESC LIMIT 1 RETURNING id AS last_id
ERROR - 2020-12-12 21:05:54 --> Severity: Warning --> pg_query() [<a href='function.pg-query'>function.pg-query</a>]: Query failed: ERROR:  invalid input syntax for integer: &quot;&quot;
LINE 9:      '',
             ^ /home/miracle/public_html/ci3_cgi/system/database/drivers/postgre/postgre_driver.php 242
ERROR - 2020-12-12 21:05:54 --> Query error: ERROR:  invalid input syntax for integer: ""
LINE 9:      '',
             ^ - Invalid query: INSERT INTO frontmed.neural_appointment (id, appointment_date, appointment_time, user_id, comment, component_id, visit_id, patient_id, created_by, select_option)
					SELECT (id + 1) AS last_id,
					'2020-12-18',
					'10:00',
					'127',
					'เข้ากลุ่ม MT',
					'10',
					'2012450',
					'',
					'201',
					NULL
					FROM frontmed.neural_appointment ORDER BY id DESC LIMIT 1 RETURNING id AS last_id
ERROR - 2020-12-12 21:05:54 --> Severity: Warning --> pg_query() [<a href='function.pg-query'>function.pg-query</a>]: Query failed: ERROR:  invalid input syntax for integer: &quot;&quot;
LINE 9:      '',
             ^ /home/miracle/public_html/ci3_cgi/system/database/drivers/postgre/postgre_driver.php 242
ERROR - 2020-12-12 21:05:54 --> Query error: ERROR:  invalid input syntax for integer: ""
LINE 9:      '',
             ^ - Invalid query: INSERT INTO frontmed.neural_appointment (id, appointment_date, appointment_time, user_id, comment, component_id, visit_id, patient_id, created_by, select_option)
					SELECT (id + 1) AS last_id,
					'2020-12-18',
					'10:00',
					'127',
					'เข้ากลุ่ม MT',
					'10',
					'2012450',
					'',
					'201',
					NULL
					FROM frontmed.neural_appointment ORDER BY id DESC LIMIT 1 RETURNING id AS last_id
ERROR - 2020-12-12 21:06:13 --> Severity: Warning --> pg_query() [<a href='function.pg-query'>function.pg-query</a>]: Query failed: ERROR:  invalid input syntax for integer: &quot;&quot;
LINE 9:      '',
             ^ /home/miracle/public_html/ci3_cgi/system/database/drivers/postgre/postgre_driver.php 242
ERROR - 2020-12-12 21:06:13 --> Query error: ERROR:  invalid input syntax for integer: ""
LINE 9:      '',
             ^ - Invalid query: INSERT INTO frontmed.neural_appointment (id, appointment_date, appointment_time, user_id, comment, component_id, visit_id, patient_id, created_by, select_option)
					SELECT (id + 1) AS last_id,
					'2020-12-18',
					'10:00',
					'127',
					'เข้ากลุ่ม MT',
					'10',
					'2012450',
					'',
					'201',
					NULL
					FROM frontmed.neural_appointment ORDER BY id DESC LIMIT 1 RETURNING id AS last_id
ERROR - 2020-12-12 21:13:03 --> Could not find the language line "admin dashboard jsi18n-sample"
ERROR - 2020-12-12 21:39:40 --> Could not find the language line "admin dashboard jsi18n-sample"
