ERROR - 2021-02-15 08:22:38 --> Could not find the language line "admin dashboard jsi18n-sample"
ERROR - 2021-02-15 08:22:46 --> Could not find the language line "admin dashboard jsi18n-sample"
ERROR - 2021-02-15 08:36:05 --> Could not find the language line "admin dashboard jsi18n-sample"
ERROR - 2021-02-15 08:58:14 --> Could not find the language line "admin dashboard jsi18n-sample"
ERROR - 2021-02-15 09:27:58 --> Could not find the language line "admin dashboard jsi18n-sample"
ERROR - 2021-02-15 09:48:01 --> Could not find the language line "admin dashboard jsi18n-sample"
ERROR - 2021-02-15 10:01:20 --> Could not find the language line "admin dashboard jsi18n-sample"
ERROR - 2021-02-15 10:02:22 --> Could not find the language line "admin dashboard jsi18n-sample"
ERROR - 2021-02-15 10:17:02 --> Could not find the language line "admin dashboard jsi18n-sample"
ERROR - 2021-02-15 10:42:27 --> Could not find the language line "admin dashboard jsi18n-sample"
ERROR - 2021-02-15 10:51:49 --> Could not find the language line "admin dashboard jsi18n-sample"
ERROR - 2021-02-15 10:52:41 --> Could not find the language line "admin dashboard jsi18n-sample"
ERROR - 2021-02-15 11:06:44 --> Could not find the language line "admin dashboard jsi18n-sample"
ERROR - 2021-02-15 11:08:23 --> Could not find the language line "admin dashboard jsi18n-sample"
ERROR - 2021-02-15 11:10:17 --> 404 Page Not Found: 
ERROR - 2021-02-15 11:10:20 --> Could not find the language line "admin dashboard jsi18n-sample"
ERROR - 2021-02-15 11:10:40 --> Could not find the language line "admin dashboard jsi18n-sample"
ERROR - 2021-02-15 11:21:32 --> Severity: Warning --> pg_query() [<a href='function.pg-query'>function.pg-query</a>]: Query failed: ERROR:  invalid input syntax for integer: &quot;&quot;
LINE 9:      '',
             ^ /home/miracle/public_html/ci3_cgi/system/database/drivers/postgre/postgre_driver.php 242
ERROR - 2021-02-15 11:21:32 --> Query error: ERROR:  invalid input syntax for integer: ""
LINE 9:      '',
             ^ - Invalid query: INSERT INTO frontmed.neural_appointment (id, appointment_date, appointment_time, user_id, comment, component_id, visit_id, patient_id, created_by, select_option)
					SELECT (id + 1) AS last_id,
					'2021-03-17',
					'09:00',
					'73',
					'ฟังผลตรววจจิตวิทยา',
					'19',
					'2028992',
					'',
					'73',
					NULL
					FROM frontmed.neural_appointment ORDER BY id DESC LIMIT 1 RETURNING id AS last_id
ERROR - 2021-02-15 11:35:13 --> Could not find the language line "admin dashboard jsi18n-sample"
ERROR - 2021-02-15 12:15:26 --> Could not find the language line "admin dashboard jsi18n-sample"
ERROR - 2021-02-15 12:18:25 --> Could not find the language line "admin dashboard jsi18n-sample"
ERROR - 2021-02-15 13:06:23 --> Could not find the language line "admin dashboard jsi18n-sample"
ERROR - 2021-02-15 13:10:06 --> Could not find the language line "admin dashboard jsi18n-sample"
ERROR - 2021-02-15 13:43:36 --> Could not find the language line "admin dashboard jsi18n-sample"
ERROR - 2021-02-15 14:25:11 --> Could not find the language line "admin dashboard jsi18n-sample"
ERROR - 2021-02-15 14:46:41 --> Could not find the language line "admin dashboard jsi18n-sample"
ERROR - 2021-02-15 14:46:44 --> Could not find the language line "admin dashboard jsi18n-sample"
ERROR - 2021-02-15 16:41:00 --> Could not find the language line "admin dashboard jsi18n-sample"
ERROR - 2021-02-15 17:26:50 --> Could not find the language line "admin dashboard jsi18n-sample"
ERROR - 2021-02-15 17:48:42 --> Could not find the language line "admin dashboard jsi18n-sample"
