ERROR - 2021-03-01 08:06:39 --> Could not find the language line "admin dashboard jsi18n-sample"
ERROR - 2021-03-01 08:07:31 --> Could not find the language line "admin dashboard jsi18n-sample"
ERROR - 2021-03-01 08:12:06 --> Could not find the language line "admin dashboard jsi18n-sample"
ERROR - 2021-03-01 08:12:10 --> Could not find the language line "admin dashboard jsi18n-sample"
ERROR - 2021-03-01 08:15:44 --> Could not find the language line "admin dashboard jsi18n-sample"
ERROR - 2021-03-01 08:16:46 --> Could not find the language line "admin dashboard jsi18n-sample"
ERROR - 2021-03-01 08:38:26 --> Could not find the language line "admin dashboard jsi18n-sample"
ERROR - 2021-03-01 08:49:02 --> Could not find the language line "admin dashboard jsi18n-sample"
ERROR - 2021-03-01 09:08:26 --> Could not find the language line "admin dashboard jsi18n-sample"
ERROR - 2021-03-01 09:08:38 --> Could not find the language line "admin dashboard jsi18n-sample"
ERROR - 2021-03-01 09:08:43 --> Could not find the language line "admin dashboard jsi18n-sample"
ERROR - 2021-03-01 09:08:47 --> Could not find the language line "admin dashboard jsi18n-sample"
ERROR - 2021-03-01 09:08:49 --> Could not find the language line "admin dashboard jsi18n-sample"
ERROR - 2021-03-01 09:08:53 --> Could not find the language line "admin dashboard jsi18n-sample"
ERROR - 2021-03-01 09:08:56 --> Could not find the language line "admin dashboard jsi18n-sample"
ERROR - 2021-03-01 09:08:57 --> Could not find the language line "admin dashboard jsi18n-sample"
ERROR - 2021-03-01 09:09:13 --> Could not find the language line "admin dashboard jsi18n-sample"
ERROR - 2021-03-01 09:09:17 --> Could not find the language line "admin dashboard jsi18n-sample"
ERROR - 2021-03-01 09:42:25 --> Could not find the language line "admin dashboard jsi18n-sample"
ERROR - 2021-03-01 10:21:52 --> Could not find the language line "admin dashboard jsi18n-sample"
ERROR - 2021-03-01 10:30:37 --> Could not find the language line "admin dashboard jsi18n-sample"
ERROR - 2021-03-01 10:35:03 --> Could not find the language line "admin dashboard jsi18n-sample"
ERROR - 2021-03-01 11:02:12 --> Could not find the language line "admin dashboard jsi18n-sample"
ERROR - 2021-03-01 11:03:03 --> Severity: Warning --> pg_query() [<a href='function.pg-query'>function.pg-query</a>]: Query failed: ERROR:  invalid input syntax for integer: &quot;&quot;
LINE 5:      '',
             ^ /home/miracle/public_html/ci3_cgi/system/database/drivers/postgre/postgre_driver.php 242
ERROR - 2021-03-01 11:03:03 --> Query error: ERROR:  invalid input syntax for integer: ""
LINE 5:      '',
             ^ - Invalid query: INSERT INTO frontmed.neural_appointment (id, appointment_date, appointment_time, user_id, comment, component_id, visit_id, patient_id, created_by, select_option)
					SELECT (id + 1) AS last_id,
					'2021-03-29',
					'10:00',
					'',
					'',
					'10',
					'2032735',
					'54835',
					'460',
					NULL
					FROM frontmed.neural_appointment ORDER BY id DESC LIMIT 1 RETURNING id AS last_id
ERROR - 2021-03-01 11:04:05 --> Could not find the language line "admin dashboard jsi18n-sample"
ERROR - 2021-03-01 11:04:08 --> Could not find the language line "admin dashboard jsi18n-sample"
ERROR - 2021-03-01 11:05:42 --> Could not find the language line "admin dashboard jsi18n-sample"
ERROR - 2021-03-01 11:09:32 --> Could not find the language line "admin dashboard jsi18n-sample"
ERROR - 2021-03-01 11:10:15 --> Could not find the language line "admin dashboard jsi18n-sample"
ERROR - 2021-03-01 11:15:49 --> Could not find the language line "admin dashboard jsi18n-sample"
ERROR - 2021-03-01 11:38:11 --> Could not find the language line "admin dashboard jsi18n-sample"
ERROR - 2021-03-01 11:40:42 --> Could not find the language line "admin dashboard jsi18n-sample"
ERROR - 2021-03-01 14:00:53 --> Could not find the language line "admin dashboard jsi18n-sample"
ERROR - 2021-03-01 14:02:41 --> Could not find the language line "admin dashboard jsi18n-sample"
ERROR - 2021-03-01 14:34:00 --> Could not find the language line "admin dashboard jsi18n-sample"
ERROR - 2021-03-01 15:01:56 --> Could not find the language line "admin dashboard jsi18n-sample"
ERROR - 2021-03-01 15:08:34 --> Could not find the language line "admin dashboard jsi18n-sample"
ERROR - 2021-03-01 15:10:04 --> Could not find the language line "admin dashboard jsi18n-sample"
ERROR - 2021-03-01 15:26:01 --> Could not find the language line "admin dashboard jsi18n-sample"
ERROR - 2021-03-01 15:30:12 --> Could not find the language line "admin dashboard jsi18n-sample"
ERROR - 2021-03-01 15:48:45 --> Could not find the language line "admin dashboard jsi18n-sample"
ERROR - 2021-03-01 16:53:01 --> Could not find the language line "admin dashboard jsi18n-sample"
ERROR - 2021-03-01 17:09:55 --> Could not find the language line "admin dashboard jsi18n-sample"
ERROR - 2021-03-01 17:15:35 --> Could not find the language line "admin dashboard jsi18n-sample"
ERROR - 2021-03-01 17:17:00 --> Could not find the language line "admin dashboard jsi18n-sample"
ERROR - 2021-03-01 17:20:39 --> Could not find the language line "admin dashboard jsi18n-sample"
ERROR - 2021-03-01 17:21:07 --> Could not find the language line "admin dashboard jsi18n-sample"
ERROR - 2021-03-01 18:21:50 --> Could not find the language line "admin dashboard jsi18n-sample"
ERROR - 2021-03-01 18:25:16 --> Could not find the language line "admin dashboard jsi18n-sample"
ERROR - 2021-03-01 18:40:31 --> Could not find the language line "admin dashboard jsi18n-sample"
